ERROR - 2022-09-19 05:28:07 --> Illegal parameter data types int and row for operation '='
CRITICAL - 2022-09-19 05:28:07 --> Illegal parameter data types int and row for operation '='
#0 /home/dinxstud/public_html/chandani/system/Database/MySQLi/Connection.php(280): mysqli->query()
#1 /home/dinxstud/public_html/chandani/system/Database/BaseConnection.php(663): CodeIgniter\Database\MySQLi\Connection->execute()
#2 /home/dinxstud/public_html/chandani/system/Database/BaseConnection.php(591): CodeIgniter\Database\BaseConnection->simpleQuery()
#3 /home/dinxstud/public_html/chandani/system/Database/BaseBuilder.php(1428): CodeIgniter\Database\BaseConnection->query()
#4 /home/dinxstud/public_html/chandani/system/Model.php(720): CodeIgniter\Database\BaseBuilder->get()
#5 /home/dinxstud/public_html/chandani/app/Controllers/Events.php(675): CodeIgniter\Model->__call()
#6 /home/dinxstud/public_html/chandani/system/CodeIgniter.php(803): App\Controllers\Events->napkin()
#7 /home/dinxstud/public_html/chandani/system/CodeIgniter.php(400): CodeIgniter\CodeIgniter->runController()
#8 /home/dinxstud/public_html/chandani/system/CodeIgniter.php(318): CodeIgniter\CodeIgniter->handleRequest()
#9 /home/dinxstud/public_html/chandani/public/index.php(38): CodeIgniter\CodeIgniter->run()
#10 {main}
ERROR - 2022-09-19 05:29:49 --> Illegal parameter data types int and row for operation '='
CRITICAL - 2022-09-19 05:29:49 --> Illegal parameter data types int and row for operation '='
#0 /home/dinxstud/public_html/chandani/system/Database/MySQLi/Connection.php(280): mysqli->query()
#1 /home/dinxstud/public_html/chandani/system/Database/BaseConnection.php(663): CodeIgniter\Database\MySQLi\Connection->execute()
#2 /home/dinxstud/public_html/chandani/system/Database/BaseConnection.php(591): CodeIgniter\Database\BaseConnection->simpleQuery()
#3 /home/dinxstud/public_html/chandani/system/Database/BaseBuilder.php(1428): CodeIgniter\Database\BaseConnection->query()
#4 /home/dinxstud/public_html/chandani/system/Model.php(720): CodeIgniter\Database\BaseBuilder->get()
#5 /home/dinxstud/public_html/chandani/app/Controllers/Events.php(675): CodeIgniter\Model->__call()
#6 /home/dinxstud/public_html/chandani/system/CodeIgniter.php(803): App\Controllers\Events->napkin()
#7 /home/dinxstud/public_html/chandani/system/CodeIgniter.php(400): CodeIgniter\CodeIgniter->runController()
#8 /home/dinxstud/public_html/chandani/system/CodeIgniter.php(318): CodeIgniter\CodeIgniter->handleRequest()
#9 /home/dinxstud/public_html/chandani/public/index.php(38): CodeIgniter\CodeIgniter->run()
#10 {main}
ERROR - 2022-09-19 05:34:35 --> Illegal parameter data types int and row for operation '='
CRITICAL - 2022-09-19 05:34:35 --> Illegal parameter data types int and row for operation '='
#0 /home/dinxstud/public_html/chandani/system/Database/MySQLi/Connection.php(280): mysqli->query()
#1 /home/dinxstud/public_html/chandani/system/Database/BaseConnection.php(663): CodeIgniter\Database\MySQLi\Connection->execute()
#2 /home/dinxstud/public_html/chandani/system/Database/BaseConnection.php(591): CodeIgniter\Database\BaseConnection->simpleQuery()
#3 /home/dinxstud/public_html/chandani/system/Database/BaseBuilder.php(1428): CodeIgniter\Database\BaseConnection->query()
#4 /home/dinxstud/public_html/chandani/system/Model.php(720): CodeIgniter\Database\BaseBuilder->get()
#5 /home/dinxstud/public_html/chandani/app/Controllers/Events.php(675): CodeIgniter\Model->__call()
#6 /home/dinxstud/public_html/chandani/system/CodeIgniter.php(803): App\Controllers\Events->napkin()
#7 /home/dinxstud/public_html/chandani/system/CodeIgniter.php(400): CodeIgniter\CodeIgniter->runController()
#8 /home/dinxstud/public_html/chandani/system/CodeIgniter.php(318): CodeIgniter\CodeIgniter->handleRequest()
#9 /home/dinxstud/public_html/chandani/public/index.php(38): CodeIgniter\CodeIgniter->run()
#10 {main}
CRITICAL - 2022-09-19 05:37:53 --> Call to undefined method App\Models\CompanyVenueNapkinsModel::where_in
#0 /home/dinxstud/public_html/chandani/app/Controllers/Events.php(674): CodeIgniter\Model->__call()
#1 /home/dinxstud/public_html/chandani/system/CodeIgniter.php(803): App\Controllers\Events->napkin()
#2 /home/dinxstud/public_html/chandani/system/CodeIgniter.php(400): CodeIgniter\CodeIgniter->runController()
#3 /home/dinxstud/public_html/chandani/system/CodeIgniter.php(318): CodeIgniter\CodeIgniter->handleRequest()
#4 /home/dinxstud/public_html/chandani/public/index.php(38): CodeIgniter\CodeIgniter->run()
#5 {main}
CRITICAL - 2022-09-19 05:50:44 --> Undefined variable $napkin
#0 /home/dinxstud/public_html/chandani/app/Controllers/Events.php(689): CodeIgniter\Debug\Exceptions->errorHandler()
#1 /home/dinxstud/public_html/chandani/system/CodeIgniter.php(803): App\Controllers\Events->napkin()
#2 /home/dinxstud/public_html/chandani/system/CodeIgniter.php(400): CodeIgniter\CodeIgniter->runController()
#3 /home/dinxstud/public_html/chandani/system/CodeIgniter.php(318): CodeIgniter\CodeIgniter->handleRequest()
#4 /home/dinxstud/public_html/chandani/public/index.php(38): CodeIgniter\CodeIgniter->run()
#5 {main}
CRITICAL - 2022-09-19 05:51:17 --> Call to undefined method App\Models\CompanyVenueNapkinsModel::where_in
#0 /home/dinxstud/public_html/chandani/app/Controllers/Events.php(677): CodeIgniter\Model->__call()
#1 /home/dinxstud/public_html/chandani/system/CodeIgniter.php(803): App\Controllers\Events->napkin()
#2 /home/dinxstud/public_html/chandani/system/CodeIgniter.php(400): CodeIgniter\CodeIgniter->runController()
#3 /home/dinxstud/public_html/chandani/system/CodeIgniter.php(318): CodeIgniter\CodeIgniter->handleRequest()
#4 /home/dinxstud/public_html/chandani/public/index.php(38): CodeIgniter\CodeIgniter->run()
#5 {main}
CRITICAL - 2022-09-19 05:55:21 --> Call to undefined method App\Models\CompanyVenueNapkinsModel::where_in
#0 /home/dinxstud/public_html/chandani/app/Controllers/Events.php(676): CodeIgniter\Model->__call()
#1 /home/dinxstud/public_html/chandani/system/CodeIgniter.php(803): App\Controllers\Events->napkin()
#2 /home/dinxstud/public_html/chandani/system/CodeIgniter.php(400): CodeIgniter\CodeIgniter->runController()
#3 /home/dinxstud/public_html/chandani/system/CodeIgniter.php(318): CodeIgniter\CodeIgniter->handleRequest()
#4 /home/dinxstud/public_html/chandani/public/index.php(38): CodeIgniter\CodeIgniter->run()
#5 {main}
CRITICAL - 2022-09-19 06:02:38 --> Undefined variable $builder
#0 /home/dinxstud/public_html/chandani/app/Controllers/Events.php(677): CodeIgniter\Debug\Exceptions->errorHandler()
#1 /home/dinxstud/public_html/chandani/system/CodeIgniter.php(803): App\Controllers\Events->napkin()
#2 /home/dinxstud/public_html/chandani/system/CodeIgniter.php(400): CodeIgniter\CodeIgniter->runController()
#3 /home/dinxstud/public_html/chandani/system/CodeIgniter.php(318): CodeIgniter\CodeIgniter->handleRequest()
#4 /home/dinxstud/public_html/chandani/public/index.php(38): CodeIgniter\CodeIgniter->run()
#5 {main}
CRITICAL - 2022-09-19 06:04:00 --> Call to undefined method CodeIgniter\Database\MySQLi\Builder::where_in()
#0 /home/dinxstud/public_html/chandani/system/CodeIgniter.php(803): App\Controllers\Events->napkin()
#1 /home/dinxstud/public_html/chandani/system/CodeIgniter.php(400): CodeIgniter\CodeIgniter->runController()
#2 /home/dinxstud/public_html/chandani/system/CodeIgniter.php(318): CodeIgniter\CodeIgniter->handleRequest()
#3 /home/dinxstud/public_html/chandani/public/index.php(38): CodeIgniter\CodeIgniter->run()
#4 {main}
CRITICAL - 2022-09-19 06:07:33 --> Call to undefined method CodeIgniter\Database\MySQLi\Builder::where_in()
#0 /home/dinxstud/public_html/chandani/system/CodeIgniter.php(803): App\Controllers\Events->napkin()
#1 /home/dinxstud/public_html/chandani/system/CodeIgniter.php(400): CodeIgniter\CodeIgniter->runController()
#2 /home/dinxstud/public_html/chandani/system/CodeIgniter.php(318): CodeIgniter\CodeIgniter->handleRequest()
#3 /home/dinxstud/public_html/chandani/public/index.php(38): CodeIgniter\CodeIgniter->run()
#4 {main}
CRITICAL - 2022-09-19 06:08:50 --> Call to undefined method CodeIgniter\Database\MySQLi\Builder::where_in()
#0 /home/dinxstud/public_html/chandani/system/CodeIgniter.php(803): App\Controllers\Events->napkin()
#1 /home/dinxstud/public_html/chandani/system/CodeIgniter.php(400): CodeIgniter\CodeIgniter->runController()
#2 /home/dinxstud/public_html/chandani/system/CodeIgniter.php(318): CodeIgniter\CodeIgniter->handleRequest()
#3 /home/dinxstud/public_html/chandani/public/index.php(38): CodeIgniter\CodeIgniter->run()
#4 {main}
CRITICAL - 2022-09-19 06:24:00 --> Object of class stdClass could not be converted to string
#0 /home/dinxstud/public_html/chandani/app/Controllers/Events.php(680): array_intersect()
#1 /home/dinxstud/public_html/chandani/system/CodeIgniter.php(803): App\Controllers\Events->napkin()
#2 /home/dinxstud/public_html/chandani/system/CodeIgniter.php(400): CodeIgniter\CodeIgniter->runController()
#3 /home/dinxstud/public_html/chandani/system/CodeIgniter.php(318): CodeIgniter\CodeIgniter->handleRequest()
#4 /home/dinxstud/public_html/chandani/public/index.php(38): CodeIgniter\CodeIgniter->run()
#5 {main}
CRITICAL - 2022-09-19 06:24:58 --> Object of class stdClass could not be converted to string
#0 /home/dinxstud/public_html/chandani/app/Controllers/Events.php(680): array_intersect()
#1 /home/dinxstud/public_html/chandani/system/CodeIgniter.php(803): App\Controllers\Events->napkin()
#2 /home/dinxstud/public_html/chandani/system/CodeIgniter.php(400): CodeIgniter\CodeIgniter->runController()
#3 /home/dinxstud/public_html/chandani/system/CodeIgniter.php(318): CodeIgniter\CodeIgniter->handleRequest()
#4 /home/dinxstud/public_html/chandani/public/index.php(38): CodeIgniter\CodeIgniter->run()
#5 {main}
CRITICAL - 2022-09-19 06:27:00 --> Object of class stdClass could not be converted to string
#0 /home/dinxstud/public_html/chandani/app/Controllers/Events.php(680): array_intersect()
#1 /home/dinxstud/public_html/chandani/system/CodeIgniter.php(803): App\Controllers\Events->napkin()
#2 /home/dinxstud/public_html/chandani/system/CodeIgniter.php(400): CodeIgniter\CodeIgniter->runController()
#3 /home/dinxstud/public_html/chandani/system/CodeIgniter.php(318): CodeIgniter\CodeIgniter->handleRequest()
#4 /home/dinxstud/public_html/chandani/public/index.php(38): CodeIgniter\CodeIgniter->run()
#5 {main}
CRITICAL - 2022-09-19 09:21:11 --> Undefined array key 0
#0 /home/dinxstud/public_html/chandani/app/Controllers/Events.php(1226): CodeIgniter\Debug\Exceptions->errorHandler()
#1 /home/dinxstud/public_html/chandani/system/CodeIgniter.php(803): App\Controllers\Events->orderConfirmation()
#2 /home/dinxstud/public_html/chandani/system/CodeIgniter.php(400): CodeIgniter\CodeIgniter->runController()
#3 /home/dinxstud/public_html/chandani/system/CodeIgniter.php(318): CodeIgniter\CodeIgniter->handleRequest()
#4 /home/dinxstud/public_html/chandani/public/index.php(38): CodeIgniter\CodeIgniter->run()
#5 {main}
CRITICAL - 2022-09-19 09:33:59 --> Undefined array key 0
#0 /home/dinxstud/public_html/chandani/app/Controllers/Events.php(1226): CodeIgniter\Debug\Exceptions->errorHandler()
#1 /home/dinxstud/public_html/chandani/system/CodeIgniter.php(803): App\Controllers\Events->orderConfirmation()
#2 /home/dinxstud/public_html/chandani/system/CodeIgniter.php(400): CodeIgniter\CodeIgniter->runController()
#3 /home/dinxstud/public_html/chandani/system/CodeIgniter.php(318): CodeIgniter\CodeIgniter->handleRequest()
#4 /home/dinxstud/public_html/chandani/public/index.php(38): CodeIgniter\CodeIgniter->run()
#5 {main}
CRITICAL - 2022-09-19 10:11:23 --> Unsupported operand types: string * string
#0 /home/dinxstud/public_html/chandani/system/CodeIgniter.php(803): App\Controllers\Events->orderConfirmation()
#1 /home/dinxstud/public_html/chandani/system/CodeIgniter.php(400): CodeIgniter\CodeIgniter->runController()
#2 /home/dinxstud/public_html/chandani/system/CodeIgniter.php(318): CodeIgniter\CodeIgniter->handleRequest()
#3 /home/dinxstud/public_html/chandani/public/index.php(38): CodeIgniter\CodeIgniter->run()
#4 {main}
CRITICAL - 2022-09-19 10:15:40 --> Unsupported operand types: string * string
#0 /home/dinxstud/public_html/chandani/system/CodeIgniter.php(803): App\Controllers\Events->orderConfirmation()
#1 /home/dinxstud/public_html/chandani/system/CodeIgniter.php(400): CodeIgniter\CodeIgniter->runController()
#2 /home/dinxstud/public_html/chandani/system/CodeIgniter.php(318): CodeIgniter\CodeIgniter->handleRequest()
#3 /home/dinxstud/public_html/chandani/public/index.php(38): CodeIgniter\CodeIgniter->run()
#4 {main}
CRITICAL - 2022-09-19 10:16:58 --> Undefined variable $misc_price
#0 /home/dinxstud/public_html/chandani/app/Controllers/Events.php(1364): CodeIgniter\Debug\Exceptions->errorHandler()
#1 /home/dinxstud/public_html/chandani/system/CodeIgniter.php(803): App\Controllers\Events->orderConfirmation()
#2 /home/dinxstud/public_html/chandani/system/CodeIgniter.php(400): CodeIgniter\CodeIgniter->runController()
#3 /home/dinxstud/public_html/chandani/system/CodeIgniter.php(318): CodeIgniter\CodeIgniter->handleRequest()
#4 /home/dinxstud/public_html/chandani/public/index.php(38): CodeIgniter\CodeIgniter->run()
#5 {main}
CRITICAL - 2022-09-19 10:18:43 --> foreach() argument must be of type array|object, int given
#0 /home/dinxstud/public_html/chandani/app/Views/orderConfirmation.php(462): CodeIgniter\Debug\Exceptions->errorHandler()
#1 /home/dinxstud/public_html/chandani/system/View/View.php(214): include('/home/dinxstud/...')
#2 /home/dinxstud/public_html/chandani/system/View/View.php(217): CodeIgniter\View\View->CodeIgniter\View\{closure}()
#3 /home/dinxstud/public_html/chandani/system/Common.php(1092): CodeIgniter\View\View->render()
#4 /home/dinxstud/public_html/chandani/app/Controllers/Events.php(1374): view()
#5 /home/dinxstud/public_html/chandani/system/CodeIgniter.php(803): App\Controllers\Events->orderConfirmation()
#6 /home/dinxstud/public_html/chandani/system/CodeIgniter.php(400): CodeIgniter\CodeIgniter->runController()
#7 /home/dinxstud/public_html/chandani/system/CodeIgniter.php(318): CodeIgniter\CodeIgniter->handleRequest()
#8 /home/dinxstud/public_html/chandani/public/index.php(38): CodeIgniter\CodeIgniter->run()
#9 {main}
CRITICAL - 2022-09-19 10:31:33 --> Cannot use a scalar value as an array
#0 /home/dinxstud/public_html/chandani/system/CodeIgniter.php(803): App\Controllers\Events->orderConfirmation()
#1 /home/dinxstud/public_html/chandani/system/CodeIgniter.php(400): CodeIgniter\CodeIgniter->runController()
#2 /home/dinxstud/public_html/chandani/system/CodeIgniter.php(318): CodeIgniter\CodeIgniter->handleRequest()
#3 /home/dinxstud/public_html/chandani/public/index.php(38): CodeIgniter\CodeIgniter->run()
#4 {main}
CRITICAL - 2022-09-19 10:32:54 --> Unsupported operand types: string * string
#0 /home/dinxstud/public_html/chandani/system/CodeIgniter.php(803): App\Controllers\Events->orderConfirmation()
#1 /home/dinxstud/public_html/chandani/system/CodeIgniter.php(400): CodeIgniter\CodeIgniter->runController()
#2 /home/dinxstud/public_html/chandani/system/CodeIgniter.php(318): CodeIgniter\CodeIgniter->handleRequest()
#3 /home/dinxstud/public_html/chandani/public/index.php(38): CodeIgniter\CodeIgniter->run()
#4 {main}
CRITICAL - 2022-09-19 10:48:48 --> Unsupported operand types: string * string
#0 /home/dinxstud/public_html/chandani/system/CodeIgniter.php(803): App\Controllers\Events->orderConfirmation()
#1 /home/dinxstud/public_html/chandani/system/CodeIgniter.php(400): CodeIgniter\CodeIgniter->runController()
#2 /home/dinxstud/public_html/chandani/system/CodeIgniter.php(318): CodeIgniter\CodeIgniter->handleRequest()
#3 /home/dinxstud/public_html/chandani/public/index.php(38): CodeIgniter\CodeIgniter->run()
#4 {main}
CRITICAL - 2022-09-19 10:54:40 --> Unsupported operand types: string * string
#0 /home/dinxstud/public_html/chandani/system/CodeIgniter.php(803): App\Controllers\Events->orderConfirmation()
#1 /home/dinxstud/public_html/chandani/system/CodeIgniter.php(400): CodeIgniter\CodeIgniter->runController()
#2 /home/dinxstud/public_html/chandani/system/CodeIgniter.php(318): CodeIgniter\CodeIgniter->handleRequest()
#3 /home/dinxstud/public_html/chandani/public/index.php(38): CodeIgniter\CodeIgniter->run()
#4 {main}
CRITICAL - 2022-09-19 10:56:03 --> Cannot use a scalar value as an array
#0 /home/dinxstud/public_html/chandani/system/CodeIgniter.php(803): App\Controllers\Events->orderConfirmation()
#1 /home/dinxstud/public_html/chandani/system/CodeIgniter.php(400): CodeIgniter\CodeIgniter->runController()
#2 /home/dinxstud/public_html/chandani/system/CodeIgniter.php(318): CodeIgniter\CodeIgniter->handleRequest()
#3 /home/dinxstud/public_html/chandani/public/index.php(38): CodeIgniter\CodeIgniter->run()
#4 {main}
CRITICAL - 2022-09-19 11:22:50 --> Undefined array key "STEP-10"
#0 /home/dinxstud/public_html/chandani/app/Controllers/Events.php(1127): CodeIgniter\Debug\Exceptions->errorHandler()
#1 /home/dinxstud/public_html/chandani/system/CodeIgniter.php(803): App\Controllers\Events->orderConfirmation()
#2 /home/dinxstud/public_html/chandani/system/CodeIgniter.php(400): CodeIgniter\CodeIgniter->runController()
#3 /home/dinxstud/public_html/chandani/system/CodeIgniter.php(318): CodeIgniter\CodeIgniter->handleRequest()
#4 /home/dinxstud/public_html/chandani/public/index.php(38): CodeIgniter\CodeIgniter->run()
#5 {main}
CRITICAL - 2022-09-19 11:41:02 --> Undefined array key "STEP-7"
#0 /home/dinxstud/public_html/chandani/app/Controllers/Events.php(1183): CodeIgniter\Debug\Exceptions->errorHandler()
#1 /home/dinxstud/public_html/chandani/system/CodeIgniter.php(803): App\Controllers\Events->orderConfirmation()
#2 /home/dinxstud/public_html/chandani/system/CodeIgniter.php(400): CodeIgniter\CodeIgniter->runController()
#3 /home/dinxstud/public_html/chandani/system/CodeIgniter.php(318): CodeIgniter\CodeIgniter->handleRequest()
#4 /home/dinxstud/public_html/chandani/public/index.php(38): CodeIgniter\CodeIgniter->run()
#5 {main}
CRITICAL - 2022-09-19 11:42:51 --> Trying to access array offset on value of type int
#0 /home/dinxstud/public_html/chandani/app/Controllers/Events.php(1248): CodeIgniter\Debug\Exceptions->errorHandler()
#1 /home/dinxstud/public_html/chandani/system/CodeIgniter.php(803): App\Controllers\Events->orderConfirmation()
#2 /home/dinxstud/public_html/chandani/system/CodeIgniter.php(400): CodeIgniter\CodeIgniter->runController()
#3 /home/dinxstud/public_html/chandani/system/CodeIgniter.php(318): CodeIgniter\CodeIgniter->handleRequest()
#4 /home/dinxstud/public_html/chandani/public/index.php(38): CodeIgniter\CodeIgniter->run()
#5 {main}
CRITICAL - 2022-09-19 11:44:02 --> Unsupported operand types: string * string
#0 /home/dinxstud/public_html/chandani/system/CodeIgniter.php(803): App\Controllers\Events->orderConfirmation()
#1 /home/dinxstud/public_html/chandani/system/CodeIgniter.php(400): CodeIgniter\CodeIgniter->runController()
#2 /home/dinxstud/public_html/chandani/system/CodeIgniter.php(318): CodeIgniter\CodeIgniter->handleRequest()
#3 /home/dinxstud/public_html/chandani/public/index.php(38): CodeIgniter\CodeIgniter->run()
#4 {main}
CRITICAL - 2022-09-19 12:16:42 --> Cannot use a scalar value as an array
#0 /home/dinxstud/public_html/chandani/system/CodeIgniter.php(803): App\Controllers\Events->orderConfirmation()
#1 /home/dinxstud/public_html/chandani/system/CodeIgniter.php(400): CodeIgniter\CodeIgniter->runController()
#2 /home/dinxstud/public_html/chandani/system/CodeIgniter.php(318): CodeIgniter\CodeIgniter->handleRequest()
#3 /home/dinxstud/public_html/chandani/public/index.php(38): CodeIgniter\CodeIgniter->run()
#4 {main}
CRITICAL - 2022-09-19 12:18:01 --> Unsupported operand types: string * string
#0 /home/dinxstud/public_html/chandani/system/CodeIgniter.php(803): App\Controllers\Events->orderConfirmation()
#1 /home/dinxstud/public_html/chandani/system/CodeIgniter.php(400): CodeIgniter\CodeIgniter->runController()
#2 /home/dinxstud/public_html/chandani/system/CodeIgniter.php(318): CodeIgniter\CodeIgniter->handleRequest()
#3 /home/dinxstud/public_html/chandani/public/index.php(38): CodeIgniter\CodeIgniter->run()
#4 {main}
CRITICAL - 2022-09-19 13:34:08 --> implode(): Argument #2 ($array) must be of type ?array, int given
#0 /home/dinxstud/public_html/chandani/app/Controllers/Events.php(1083): implode()
#1 /home/dinxstud/public_html/chandani/system/CodeIgniter.php(803): App\Controllers\Events->orderConfirmation()
#2 /home/dinxstud/public_html/chandani/system/CodeIgniter.php(400): CodeIgniter\CodeIgniter->runController()
#3 /home/dinxstud/public_html/chandani/system/CodeIgniter.php(318): CodeIgniter\CodeIgniter->handleRequest()
#4 /home/dinxstud/public_html/chandani/public/index.php(38): CodeIgniter\CodeIgniter->run()
#5 {main}
CRITICAL - 2022-09-19 13:47:45 --> Undefined array key "STEP-7"
#0 /home/dinxstud/public_html/chandani/app/Controllers/Events.php(1092): CodeIgniter\Debug\Exceptions->errorHandler()
#1 /home/dinxstud/public_html/chandani/system/CodeIgniter.php(803): App\Controllers\Events->orderConfirmation()
#2 /home/dinxstud/public_html/chandani/system/CodeIgniter.php(400): CodeIgniter\CodeIgniter->runController()
#3 /home/dinxstud/public_html/chandani/system/CodeIgniter.php(318): CodeIgniter\CodeIgniter->handleRequest()
#4 /home/dinxstud/public_html/chandani/public/index.php(38): CodeIgniter\CodeIgniter->run()
#5 {main}
CRITICAL - 2022-09-19 13:51:56 --> Undefined array key "STEP-7"
#0 /home/dinxstud/public_html/chandani/app/Controllers/Events.php(1101): CodeIgniter\Debug\Exceptions->errorHandler()
#1 /home/dinxstud/public_html/chandani/system/CodeIgniter.php(803): App\Controllers\Events->orderConfirmation()
#2 /home/dinxstud/public_html/chandani/system/CodeIgniter.php(400): CodeIgniter\CodeIgniter->runController()
#3 /home/dinxstud/public_html/chandani/system/CodeIgniter.php(318): CodeIgniter\CodeIgniter->handleRequest()
#4 /home/dinxstud/public_html/chandani/public/index.php(38): CodeIgniter\CodeIgniter->run()
#5 {main}
CRITICAL - 2022-09-19 13:53:15 --> Undefined array key "STEP-10"
#0 /home/dinxstud/public_html/chandani/app/Controllers/Events.php(1102): CodeIgniter\Debug\Exceptions->errorHandler()
#1 /home/dinxstud/public_html/chandani/system/CodeIgniter.php(803): App\Controllers\Events->orderConfirmation()
#2 /home/dinxstud/public_html/chandani/system/CodeIgniter.php(400): CodeIgniter\CodeIgniter->runController()
#3 /home/dinxstud/public_html/chandani/system/CodeIgniter.php(318): CodeIgniter\CodeIgniter->handleRequest()
#4 /home/dinxstud/public_html/chandani/public/index.php(38): CodeIgniter\CodeIgniter->run()
#5 {main}
CRITICAL - 2022-09-19 14:15:52 --> Trying to access array offset on value of type int
#0 /home/dinxstud/public_html/chandani/app/Controllers/Events.php(1317): CodeIgniter\Debug\Exceptions->errorHandler()
#1 /home/dinxstud/public_html/chandani/system/CodeIgniter.php(803): App\Controllers\Events->orderConfirmation()
#2 /home/dinxstud/public_html/chandani/system/CodeIgniter.php(400): CodeIgniter\CodeIgniter->runController()
#3 /home/dinxstud/public_html/chandani/system/CodeIgniter.php(318): CodeIgniter\CodeIgniter->handleRequest()
#4 /home/dinxstud/public_html/chandani/public/index.php(38): CodeIgniter\CodeIgniter->run()
#5 {main}
CRITICAL - 2022-09-19 14:20:10 --> Undefined array key "groom_driver_license_filepath"
#0 /home/dinxstud/public_html/chandani/app/Controllers/Events.php(1108): CodeIgniter\Debug\Exceptions->errorHandler()
#1 /home/dinxstud/public_html/chandani/system/CodeIgniter.php(803): App\Controllers\Events->orderConfirmation()
#2 /home/dinxstud/public_html/chandani/system/CodeIgniter.php(400): CodeIgniter\CodeIgniter->runController()
#3 /home/dinxstud/public_html/chandani/system/CodeIgniter.php(318): CodeIgniter\CodeIgniter->handleRequest()
#4 /home/dinxstud/public_html/chandani/public/index.php(38): CodeIgniter\CodeIgniter->run()
#5 {main}
CRITICAL - 2022-09-19 21:41:29 --> Undefined array key 0
#0 /home/dinxstud/public_html/chandani/app/Controllers/Administration.php(306): CodeIgniter\Debug\Exceptions->errorHandler()
#1 /home/dinxstud/public_html/chandani/system/CodeIgniter.php(803): App\Controllers\Administration->home()
#2 /home/dinxstud/public_html/chandani/system/CodeIgniter.php(400): CodeIgniter\CodeIgniter->runController()
#3 /home/dinxstud/public_html/chandani/system/CodeIgniter.php(318): CodeIgniter\CodeIgniter->handleRequest()
#4 /home/dinxstud/public_html/chandani/public/index.php(38): CodeIgniter\CodeIgniter->run()
#5 {main}
CRITICAL - 2022-09-19 21:41:34 --> Undefined array key 0
#0 /home/dinxstud/public_html/chandani/app/Controllers/Administration.php(306): CodeIgniter\Debug\Exceptions->errorHandler()
#1 /home/dinxstud/public_html/chandani/system/CodeIgniter.php(803): App\Controllers\Administration->home()
#2 /home/dinxstud/public_html/chandani/system/CodeIgniter.php(400): CodeIgniter\CodeIgniter->runController()
#3 /home/dinxstud/public_html/chandani/system/CodeIgniter.php(318): CodeIgniter\CodeIgniter->handleRequest()
#4 /home/dinxstud/public_html/chandani/public/index.php(38): CodeIgniter\CodeIgniter->run()
#5 {main}
