ERROR - 2022-04-13 18:52:21 --> Table 'dinxstud_marriagehallsmanagementDB.users' doesn't exist
CRITICAL - 2022-04-13 18:52:21 --> Table 'dinxstud_marriagehallsmanagementDB.users' doesn't exist
#0 /home/dinxstud/public_html/chandani/system/Database/MySQLi/Connection.php(280): mysqli->query()
#1 /home/dinxstud/public_html/chandani/system/Database/BaseConnection.php(663): CodeIgniter\Database\MySQLi\Connection->execute()
#2 /home/dinxstud/public_html/chandani/system/Database/BaseConnection.php(591): CodeIgniter\Database\BaseConnection->simpleQuery()
#3 /home/dinxstud/public_html/chandani/system/Database/BaseBuilder.php(1428): CodeIgniter\Database\BaseConnection->query()
#4 /home/dinxstud/public_html/chandani/system/Validation/Rules.php(161): CodeIgniter\Database\BaseBuilder->get()
#5 /home/dinxstud/public_html/chandani/system/Validation/Validation.php(277): CodeIgniter\Validation\Rules->is_unique()
#6 /home/dinxstud/public_html/chandani/system/Validation/Validation.php(151): CodeIgniter\Validation\Validation->processRules()
#7 /home/dinxstud/public_html/chandani/system/Controller.php(160): CodeIgniter\Validation\Validation->run()
#8 /home/dinxstud/public_html/chandani/app/Controllers/Register.php(30): CodeIgniter\Controller->validate()
#9 /home/dinxstud/public_html/chandani/system/CodeIgniter.php(803): App\Controllers\Register->save()
#10 /home/dinxstud/public_html/chandani/system/CodeIgniter.php(400): CodeIgniter\CodeIgniter->runController()
#11 /home/dinxstud/public_html/chandani/system/CodeIgniter.php(318): CodeIgniter\CodeIgniter->handleRequest()
#12 /home/dinxstud/public_html/chandani/public/index.php(38): CodeIgniter\CodeIgniter->run()
#13 {main}
ERROR - 2022-04-13 18:57:01 --> Unknown column 'user_email' in 'where clause'
CRITICAL - 2022-04-13 18:57:01 --> Unknown column 'user_email' in 'where clause'
#0 /home/dinxstud/public_html/chandani/system/Database/MySQLi/Connection.php(280): mysqli->query()
#1 /home/dinxstud/public_html/chandani/system/Database/BaseConnection.php(663): CodeIgniter\Database\MySQLi\Connection->execute()
#2 /home/dinxstud/public_html/chandani/system/Database/BaseConnection.php(591): CodeIgniter\Database\BaseConnection->simpleQuery()
#3 /home/dinxstud/public_html/chandani/system/Database/BaseBuilder.php(1428): CodeIgniter\Database\BaseConnection->query()
#4 /home/dinxstud/public_html/chandani/system/Validation/Rules.php(161): CodeIgniter\Database\BaseBuilder->get()
#5 /home/dinxstud/public_html/chandani/system/Validation/Validation.php(277): CodeIgniter\Validation\Rules->is_unique()
#6 /home/dinxstud/public_html/chandani/system/Validation/Validation.php(151): CodeIgniter\Validation\Validation->processRules()
#7 /home/dinxstud/public_html/chandani/system/Controller.php(160): CodeIgniter\Validation\Validation->run()
#8 /home/dinxstud/public_html/chandani/app/Controllers/Register.php(30): CodeIgniter\Controller->validate()
#9 /home/dinxstud/public_html/chandani/system/CodeIgniter.php(803): App\Controllers\Register->save()
#10 /home/dinxstud/public_html/chandani/system/CodeIgniter.php(400): CodeIgniter\CodeIgniter->runController()
#11 /home/dinxstud/public_html/chandani/system/CodeIgniter.php(318): CodeIgniter\CodeIgniter->handleRequest()
#12 /home/dinxstud/public_html/chandani/public/index.php(38): CodeIgniter\CodeIgniter->run()
#13 {main}
CRITICAL - 2022-04-13 18:57:24 --> Class "App\Controllers\CompanyClientModel" not found
#0 /home/dinxstud/public_html/chandani/system/CodeIgniter.php(803): App\Controllers\Register->save()
#1 /home/dinxstud/public_html/chandani/system/CodeIgniter.php(400): CodeIgniter\CodeIgniter->runController()
#2 /home/dinxstud/public_html/chandani/system/CodeIgniter.php(318): CodeIgniter\CodeIgniter->handleRequest()
#3 /home/dinxstud/public_html/chandani/public/index.php(38): CodeIgniter\CodeIgniter->run()
#4 {main}
CRITICAL - 2022-04-13 18:58:04 --> Class "App\Controllers\CompanyClientModel" not found
#0 /home/dinxstud/public_html/chandani/system/CodeIgniter.php(803): App\Controllers\Register->save()
#1 /home/dinxstud/public_html/chandani/system/CodeIgniter.php(400): CodeIgniter\CodeIgniter->runController()
#2 /home/dinxstud/public_html/chandani/system/CodeIgniter.php(318): CodeIgniter\CodeIgniter->handleRequest()
#3 /home/dinxstud/public_html/chandani/public/index.php(38): CodeIgniter\CodeIgniter->run()
#4 {main}
CRITICAL - 2022-04-13 18:59:40 --> syntax error, unexpected variable "$set"
#0 /home/dinxstud/public_html/chandani/system/Router/Router.php(160): CodeIgniter\Router\Router->autoRoute()
#1 /home/dinxstud/public_html/chandani/system/CodeIgniter.php(703): CodeIgniter\Router\Router->handle()
#2 /home/dinxstud/public_html/chandani/system/CodeIgniter.php(359): CodeIgniter\CodeIgniter->tryToRouteIt()
#3 /home/dinxstud/public_html/chandani/system/CodeIgniter.php(318): CodeIgniter\CodeIgniter->handleRequest()
#4 /home/dinxstud/public_html/chandani/public/index.php(38): CodeIgniter\CodeIgniter->run()
#5 {main}
CRITICAL - 2022-04-13 19:00:21 --> syntax error, unexpected variable "$s"
#0 /home/dinxstud/public_html/chandani/system/Router/Router.php(160): CodeIgniter\Router\Router->autoRoute()
#1 /home/dinxstud/public_html/chandani/system/CodeIgniter.php(703): CodeIgniter\Router\Router->handle()
#2 /home/dinxstud/public_html/chandani/system/CodeIgniter.php(359): CodeIgniter\CodeIgniter->tryToRouteIt()
#3 /home/dinxstud/public_html/chandani/system/CodeIgniter.php(318): CodeIgniter\CodeIgniter->handleRequest()
#4 /home/dinxstud/public_html/chandani/public/index.php(38): CodeIgniter\CodeIgniter->run()
#5 {main}
ERROR - 2022-04-13 19:00:47 --> Unknown column 'tblcompany_clients.deleted_at' in 'where clause'
CRITICAL - 2022-04-13 19:00:47 --> Unknown column 'tblcompany_clients.deleted_at' in 'where clause'
#0 /home/dinxstud/public_html/chandani/system/Database/MySQLi/Connection.php(280): mysqli->query()
#1 /home/dinxstud/public_html/chandani/system/Database/BaseConnection.php(663): CodeIgniter\Database\MySQLi\Connection->execute()
#2 /home/dinxstud/public_html/chandani/system/Database/BaseConnection.php(591): CodeIgniter\Database\BaseConnection->simpleQuery()
#3 /home/dinxstud/public_html/chandani/system/Database/BaseBuilder.php(1512): CodeIgniter\Database\BaseConnection->query()
#4 /home/dinxstud/public_html/chandani/system/Model.php(509): CodeIgniter\Database\BaseBuilder->countAllResults()
#5 /home/dinxstud/public_html/chandani/system/Model.php(592): CodeIgniter\Model->countAllResults()
#6 /home/dinxstud/public_html/chandani/system/BaseModel.php(654): CodeIgniter\Model->shouldUpdate()
#7 /home/dinxstud/public_html/chandani/app/Controllers/Register.php(52): CodeIgniter\BaseModel->save()
#8 /home/dinxstud/public_html/chandani/system/CodeIgniter.php(803): App\Controllers\Register->save()
#9 /home/dinxstud/public_html/chandani/system/CodeIgniter.php(400): CodeIgniter\CodeIgniter->runController()
#10 /home/dinxstud/public_html/chandani/system/CodeIgniter.php(318): CodeIgniter\CodeIgniter->handleRequest()
#11 /home/dinxstud/public_html/chandani/public/index.php(38): CodeIgniter\CodeIgniter->run()
#12 {main}
CRITICAL - 2022-04-13 20:13:02 --> syntax error, unexpected token "->", expecting identifier or variable or "{" or "$"
#0 /home/dinxstud/public_html/chandani/system/Router/Router.php(160): CodeIgniter\Router\Router->autoRoute()
#1 /home/dinxstud/public_html/chandani/system/CodeIgniter.php(703): CodeIgniter\Router\Router->handle()
#2 /home/dinxstud/public_html/chandani/system/CodeIgniter.php(359): CodeIgniter\CodeIgniter->tryToRouteIt()
#3 /home/dinxstud/public_html/chandani/system/CodeIgniter.php(318): CodeIgniter\CodeIgniter->handleRequest()
#4 /home/dinxstud/public_html/chandani/public/index.php(38): CodeIgniter\CodeIgniter->run()
#5 {main}
CRITICAL - 2022-04-13 20:13:59 --> Undefined variable $email
#0 /home/dinxstud/public_html/chandani/app/Controllers/Register.php(75): CodeIgniter\Debug\Exceptions->errorHandler()
#1 /home/dinxstud/public_html/chandani/system/CodeIgniter.php(803): App\Controllers\Register->save()
#2 /home/dinxstud/public_html/chandani/system/CodeIgniter.php(400): CodeIgniter\CodeIgniter->runController()
#3 /home/dinxstud/public_html/chandani/system/CodeIgniter.php(318): CodeIgniter\CodeIgniter->handleRequest()
#4 /home/dinxstud/public_html/chandani/public/index.php(38): CodeIgniter\CodeIgniter->run()
#5 {main}
CRITICAL - 2022-04-13 20:14:48 --> Undefined variable $id
#0 /home/dinxstud/public_html/chandani/app/Controllers/Register.php(78): CodeIgniter\Debug\Exceptions->errorHandler()
#1 /home/dinxstud/public_html/chandani/system/CodeIgniter.php(803): App\Controllers\Register->save()
#2 /home/dinxstud/public_html/chandani/system/CodeIgniter.php(400): CodeIgniter\CodeIgniter->runController()
#3 /home/dinxstud/public_html/chandani/system/CodeIgniter.php(318): CodeIgniter\CodeIgniter->handleRequest()
#4 /home/dinxstud/public_html/chandani/public/index.php(38): CodeIgniter\CodeIgniter->run()
#5 {main}
CRITICAL - 2022-04-13 20:20:44 --> Undefined variable $email
#0 /home/dinxstud/public_html/chandani/app/Controllers/Register.php(57): CodeIgniter\Debug\Exceptions->errorHandler()
#1 /home/dinxstud/public_html/chandani/system/CodeIgniter.php(803): App\Controllers\Register->save()
#2 /home/dinxstud/public_html/chandani/system/CodeIgniter.php(400): CodeIgniter\CodeIgniter->runController()
#3 /home/dinxstud/public_html/chandani/system/CodeIgniter.php(318): CodeIgniter\CodeIgniter->handleRequest()
#4 /home/dinxstud/public_html/chandani/public/index.php(38): CodeIgniter\CodeIgniter->run()
#5 {main}
CRITICAL - 2022-04-13 20:22:08 --> Call to undefined method CodeIgniter\Database\MySQLi\Result::find()
#0 /home/dinxstud/public_html/chandani/system/CodeIgniter.php(803): App\Controllers\Register->save()
#1 /home/dinxstud/public_html/chandani/system/CodeIgniter.php(400): CodeIgniter\CodeIgniter->runController()
#2 /home/dinxstud/public_html/chandani/system/CodeIgniter.php(318): CodeIgniter\CodeIgniter->handleRequest()
#3 /home/dinxstud/public_html/chandani/public/index.php(38): CodeIgniter\CodeIgniter->run()
#4 {main}
CRITICAL - 2022-04-13 20:28:40 --> Undefined variable $code
#0 /home/dinxstud/public_html/chandani/app/Controllers/Register.php(79): CodeIgniter\Debug\Exceptions->errorHandler()
#1 /home/dinxstud/public_html/chandani/system/CodeIgniter.php(803): App\Controllers\Register->save()
#2 /home/dinxstud/public_html/chandani/system/CodeIgniter.php(400): CodeIgniter\CodeIgniter->runController()
#3 /home/dinxstud/public_html/chandani/system/CodeIgniter.php(318): CodeIgniter\CodeIgniter->handleRequest()
#4 /home/dinxstud/public_html/chandani/public/index.php(38): CodeIgniter\CodeIgniter->run()
#5 {main}
CRITICAL - 2022-04-13 20:29:37 --> Undefined property: App\Controllers\Register::$load
#0 /home/dinxstud/public_html/chandani/app/Controllers/Register.php(84): CodeIgniter\Debug\Exceptions->errorHandler()
#1 /home/dinxstud/public_html/chandani/system/CodeIgniter.php(803): App\Controllers\Register->save()
#2 /home/dinxstud/public_html/chandani/system/CodeIgniter.php(400): CodeIgniter\CodeIgniter->runController()
#3 /home/dinxstud/public_html/chandani/system/CodeIgniter.php(318): CodeIgniter\CodeIgniter->handleRequest()
#4 /home/dinxstud/public_html/chandani/public/index.php(38): CodeIgniter\CodeIgniter->run()
#5 {main}
CRITICAL - 2022-04-13 20:33:57 --> Undefined property: App\Controllers\Register::$ci
#0 /home/dinxstud/public_html/chandani/app/Controllers/Register.php(85): CodeIgniter\Debug\Exceptions->errorHandler()
#1 /home/dinxstud/public_html/chandani/system/CodeIgniter.php(803): App\Controllers\Register->save()
#2 /home/dinxstud/public_html/chandani/system/CodeIgniter.php(400): CodeIgniter\CodeIgniter->runController()
#3 /home/dinxstud/public_html/chandani/system/CodeIgniter.php(318): CodeIgniter\CodeIgniter->handleRequest()
#4 /home/dinxstud/public_html/chandani/public/index.php(38): CodeIgniter\CodeIgniter->run()
#5 {main}
CRITICAL - 2022-04-13 20:47:36 --> Call to undefined method CodeIgniter\Session\Session::set_flashdata()
#0 /home/dinxstud/public_html/chandani/system/CodeIgniter.php(803): App\Controllers\Register->save()
#1 /home/dinxstud/public_html/chandani/system/CodeIgniter.php(400): CodeIgniter\CodeIgniter->runController()
#2 /home/dinxstud/public_html/chandani/system/CodeIgniter.php(318): CodeIgniter\CodeIgniter->handleRequest()
#3 /home/dinxstud/public_html/chandani/public/index.php(38): CodeIgniter\CodeIgniter->run()
#4 {main}
CRITICAL - 2022-04-13 20:56:42 --> Undefined property: App\Controllers\Register::$email
#0 /home/dinxstud/public_html/chandani/app/Controllers/Register.php(82): CodeIgniter\Debug\Exceptions->errorHandler()
#1 /home/dinxstud/public_html/chandani/system/CodeIgniter.php(803): App\Controllers\Register->save()
#2 /home/dinxstud/public_html/chandani/system/CodeIgniter.php(400): CodeIgniter\CodeIgniter->runController()
#3 /home/dinxstud/public_html/chandani/system/CodeIgniter.php(318): CodeIgniter\CodeIgniter->handleRequest()
#4 /home/dinxstud/public_html/chandani/public/index.php(38): CodeIgniter\CodeIgniter->run()
#5 {main}
CRITICAL - 2022-04-13 20:57:08 --> Call to undefined method CodeIgniter\Email\Email::print_debugger()
#0 /home/dinxstud/public_html/chandani/system/CodeIgniter.php(803): App\Controllers\Register->save()
#1 /home/dinxstud/public_html/chandani/system/CodeIgniter.php(400): CodeIgniter\CodeIgniter->runController()
#2 /home/dinxstud/public_html/chandani/system/CodeIgniter.php(318): CodeIgniter\CodeIgniter->handleRequest()
#3 /home/dinxstud/public_html/chandani/public/index.php(38): CodeIgniter\CodeIgniter->run()
#4 {main}
ERROR - 2022-04-13 21:22:50 --> Email: sendWithSmtp throwed fsockopen(): Peer certificate CN=`h9.hostnext.net' did not match expected CN=`smtp.googlemail.com'
ERROR - 2022-04-13 21:27:32 --> Email: sendWithSmtp throwed fsockopen(): Peer certificate CN=`h9.hostnext.net' did not match expected CN=`smtp.gmail.com'
CRITICAL - 2022-04-13 21:31:52 --> Undefined property: App\Controllers\Register::$uri
#0 /home/dinxstud/public_html/chandani/app/Controllers/Register.php(95): CodeIgniter\Debug\Exceptions->errorHandler()
#1 /home/dinxstud/public_html/chandani/system/CodeIgniter.php(803): App\Controllers\Register->activate()
#2 /home/dinxstud/public_html/chandani/system/CodeIgniter.php(400): CodeIgniter\CodeIgniter->runController()
#3 /home/dinxstud/public_html/chandani/system/CodeIgniter.php(318): CodeIgniter\CodeIgniter->handleRequest()
#4 /home/dinxstud/public_html/chandani/public/index.php(38): CodeIgniter\CodeIgniter->run()
#5 {main}
CRITICAL - 2022-04-13 21:34:41 --> Undefined property: App\Controllers\Register::$load
#0 /home/dinxstud/public_html/chandani/app/Controllers/Register.php(95): CodeIgniter\Debug\Exceptions->errorHandler()
#1 /home/dinxstud/public_html/chandani/system/CodeIgniter.php(803): App\Controllers\Register->activate()
#2 /home/dinxstud/public_html/chandani/system/CodeIgniter.php(400): CodeIgniter\CodeIgniter->runController()
#3 /home/dinxstud/public_html/chandani/system/CodeIgniter.php(318): CodeIgniter\CodeIgniter->handleRequest()
#4 /home/dinxstud/public_html/chandani/public/index.php(38): CodeIgniter\CodeIgniter->run()
#5 {main}
CRITICAL - 2022-04-13 21:36:57 --> Undefined variable $request
#0 /home/dinxstud/public_html/chandani/app/Controllers/Register.php(95): CodeIgniter\Debug\Exceptions->errorHandler()
#1 /home/dinxstud/public_html/chandani/system/CodeIgniter.php(803): App\Controllers\Register->activate()
#2 /home/dinxstud/public_html/chandani/system/CodeIgniter.php(400): CodeIgniter\CodeIgniter->runController()
#3 /home/dinxstud/public_html/chandani/system/CodeIgniter.php(318): CodeIgniter\CodeIgniter->handleRequest()
#4 /home/dinxstud/public_html/chandani/public/index.php(38): CodeIgniter\CodeIgniter->run()
#5 {main}
CRITICAL - 2022-04-13 21:37:44 --> Undefined array key 4
#0 /home/dinxstud/public_html/chandani/app/Controllers/Register.php(96): CodeIgniter\Debug\Exceptions->errorHandler()
#1 /home/dinxstud/public_html/chandani/system/CodeIgniter.php(803): App\Controllers\Register->activate()
#2 /home/dinxstud/public_html/chandani/system/CodeIgniter.php(400): CodeIgniter\CodeIgniter->runController()
#3 /home/dinxstud/public_html/chandani/system/CodeIgniter.php(318): CodeIgniter\CodeIgniter->handleRequest()
#4 /home/dinxstud/public_html/chandani/public/index.php(38): CodeIgniter\CodeIgniter->run()
#5 {main}
CRITICAL - 2022-04-13 21:38:11 -->  route cannot be found while reverse-routing.
#0 /home/dinxstud/public_html/chandani/system/HTTP/RedirectResponse.php(56): CodeIgniter\HTTP\Exceptions\HTTPException::forInvalidRedirectRoute()
#1 /home/dinxstud/public_html/chandani/system/Common.php(835): CodeIgniter\HTTP\RedirectResponse->route()
#2 /home/dinxstud/public_html/chandani/app/Controllers/Register.php(119): redirect()
#3 /home/dinxstud/public_html/chandani/system/CodeIgniter.php(803): App\Controllers\Register->activate()
#4 /home/dinxstud/public_html/chandani/system/CodeIgniter.php(400): CodeIgniter\CodeIgniter->runController()
#5 /home/dinxstud/public_html/chandani/system/CodeIgniter.php(318): CodeIgniter\CodeIgniter->handleRequest()
#6 /home/dinxstud/public_html/chandani/public/index.php(38): CodeIgniter\CodeIgniter->run()
#7 {main}
CRITICAL - 2022-04-13 21:39:47 -->  route cannot be found while reverse-routing.
#0 /home/dinxstud/public_html/chandani/system/HTTP/RedirectResponse.php(56): CodeIgniter\HTTP\Exceptions\HTTPException::forInvalidRedirectRoute()
#1 /home/dinxstud/public_html/chandani/system/Common.php(835): CodeIgniter\HTTP\RedirectResponse->route()
#2 /home/dinxstud/public_html/chandani/app/Controllers/Register.php(120): redirect()
#3 /home/dinxstud/public_html/chandani/system/CodeIgniter.php(803): App\Controllers\Register->activate()
#4 /home/dinxstud/public_html/chandani/system/CodeIgniter.php(400): CodeIgniter\CodeIgniter->runController()
#5 /home/dinxstud/public_html/chandani/system/CodeIgniter.php(318): CodeIgniter\CodeIgniter->handleRequest()
#6 /home/dinxstud/public_html/chandani/public/index.php(38): CodeIgniter\CodeIgniter->run()
#7 {main}
