CRITICAL - 2022-04-30 08:06:55 --> Undefined array key "logo"
#0 /home/dinxstud/public_html/chandani/app/Views/clientHeader.php(41): CodeIgniter\Debug\Exceptions->errorHandler()
#1 /home/dinxstud/public_html/chandani/system/View/View.php(214): include('/home/dinxstud/...')
#2 /home/dinxstud/public_html/chandani/system/View/View.php(217): CodeIgniter\View\View->CodeIgniter\View\{closure}()
#3 /home/dinxstud/public_html/chandani/system/Common.php(1092): CodeIgniter\View\View->render()
#4 /home/dinxstud/public_html/chandani/app/Controllers/Events.php(143): view()
#5 /home/dinxstud/public_html/chandani/system/CodeIgniter.php(803): App\Controllers\Events->chooseHall()
#6 /home/dinxstud/public_html/chandani/system/CodeIgniter.php(400): CodeIgniter\CodeIgniter->runController()
#7 /home/dinxstud/public_html/chandani/system/CodeIgniter.php(318): CodeIgniter\CodeIgniter->handleRequest()
#8 /home/dinxstud/public_html/chandani/public/index.php(38): CodeIgniter\CodeIgniter->run()
#9 {main}
CRITICAL - 2022-04-30 08:36:07 --> greater_than(0) is not a valid rule.
#0 /home/dinxstud/public_html/chandani/system/Validation/Validation.php(285): CodeIgniter\Validation\Exceptions\ValidationException::forRuleNotFound()
#1 /home/dinxstud/public_html/chandani/system/Validation/Validation.php(151): CodeIgniter\Validation\Validation->processRules()
#2 /home/dinxstud/public_html/chandani/system/Controller.php(160): CodeIgniter\Validation\Validation->run()
#3 /home/dinxstud/public_html/chandani/app/Controllers/Events.php(151): CodeIgniter\Controller->validate()
#4 /home/dinxstud/public_html/chandani/system/CodeIgniter.php(803): App\Controllers\Events->chooseHall()
#5 /home/dinxstud/public_html/chandani/system/CodeIgniter.php(400): CodeIgniter\CodeIgniter->runController()
#6 /home/dinxstud/public_html/chandani/system/CodeIgniter.php(318): CodeIgniter\CodeIgniter->handleRequest()
#7 /home/dinxstud/public_html/chandani/public/index.php(38): CodeIgniter\CodeIgniter->run()
#8 {main}
CRITICAL - 2022-04-30 08:41:01 --> syntax error, unexpected token ","
#0 /home/dinxstud/public_html/chandani/system/Router/Router.php(160): CodeIgniter\Router\Router->autoRoute()
#1 /home/dinxstud/public_html/chandani/system/CodeIgniter.php(703): CodeIgniter\Router\Router->handle()
#2 /home/dinxstud/public_html/chandani/system/CodeIgniter.php(359): CodeIgniter\CodeIgniter->tryToRouteIt()
#3 /home/dinxstud/public_html/chandani/system/CodeIgniter.php(318): CodeIgniter\CodeIgniter->handleRequest()
#4 /home/dinxstud/public_html/chandani/public/index.php(38): CodeIgniter\CodeIgniter->run()
#5 {main}
CRITICAL - 2022-04-30 08:42:06 --> required|is_natural is not a valid rule.
#0 /home/dinxstud/public_html/chandani/system/Validation/Validation.php(285): CodeIgniter\Validation\Exceptions\ValidationException::forRuleNotFound()
#1 /home/dinxstud/public_html/chandani/system/Validation/Validation.php(151): CodeIgniter\Validation\Validation->processRules()
#2 /home/dinxstud/public_html/chandani/system/Controller.php(160): CodeIgniter\Validation\Validation->run()
#3 /home/dinxstud/public_html/chandani/app/Controllers/Events.php(161): CodeIgniter\Controller->validate()
#4 /home/dinxstud/public_html/chandani/system/CodeIgniter.php(803): App\Controllers\Events->chooseHall()
#5 /home/dinxstud/public_html/chandani/system/CodeIgniter.php(400): CodeIgniter\CodeIgniter->runController()
#6 /home/dinxstud/public_html/chandani/system/CodeIgniter.php(318): CodeIgniter\CodeIgniter->handleRequest()
#7 /home/dinxstud/public_html/chandani/public/index.php(38): CodeIgniter\CodeIgniter->run()
#8 {main}
CRITICAL - 2022-04-30 08:42:40 --> required|is_natural is not a valid rule.
#0 /home/dinxstud/public_html/chandani/system/Validation/Validation.php(285): CodeIgniter\Validation\Exceptions\ValidationException::forRuleNotFound()
#1 /home/dinxstud/public_html/chandani/system/Validation/Validation.php(151): CodeIgniter\Validation\Validation->processRules()
#2 /home/dinxstud/public_html/chandani/system/Controller.php(160): CodeIgniter\Validation\Validation->run()
#3 /home/dinxstud/public_html/chandani/app/Controllers/Events.php(161): CodeIgniter\Controller->validate()
#4 /home/dinxstud/public_html/chandani/system/CodeIgniter.php(803): App\Controllers\Events->chooseHall()
#5 /home/dinxstud/public_html/chandani/system/CodeIgniter.php(400): CodeIgniter\CodeIgniter->runController()
#6 /home/dinxstud/public_html/chandani/system/CodeIgniter.php(318): CodeIgniter\CodeIgniter->handleRequest()
#7 /home/dinxstud/public_html/chandani/public/index.php(38): CodeIgniter\CodeIgniter->run()
#8 {main}
CRITICAL - 2022-04-30 08:44:35 -->  is not a valid rule.
#0 /home/dinxstud/public_html/chandani/system/Validation/Validation.php(285): CodeIgniter\Validation\Exceptions\ValidationException::forRuleNotFound()
#1 /home/dinxstud/public_html/chandani/system/Validation/Validation.php(151): CodeIgniter\Validation\Validation->processRules()
#2 /home/dinxstud/public_html/chandani/system/Controller.php(160): CodeIgniter\Validation\Validation->run()
#3 /home/dinxstud/public_html/chandani/app/Controllers/Events.php(159): CodeIgniter\Controller->validate()
#4 /home/dinxstud/public_html/chandani/system/CodeIgniter.php(803): App\Controllers\Events->chooseHall()
#5 /home/dinxstud/public_html/chandani/system/CodeIgniter.php(400): CodeIgniter\CodeIgniter->runController()
#6 /home/dinxstud/public_html/chandani/system/CodeIgniter.php(318): CodeIgniter\CodeIgniter->handleRequest()
#7 /home/dinxstud/public_html/chandani/public/index.php(38): CodeIgniter\CodeIgniter->run()
#8 {main}
CRITICAL - 2022-04-30 08:45:38 -->  is not a valid rule.
#0 /home/dinxstud/public_html/chandani/system/Validation/Validation.php(285): CodeIgniter\Validation\Exceptions\ValidationException::forRuleNotFound()
#1 /home/dinxstud/public_html/chandani/system/Validation/Validation.php(151): CodeIgniter\Validation\Validation->processRules()
#2 /home/dinxstud/public_html/chandani/system/Controller.php(160): CodeIgniter\Validation\Validation->run()
#3 /home/dinxstud/public_html/chandani/app/Controllers/Events.php(159): CodeIgniter\Controller->validate()
#4 /home/dinxstud/public_html/chandani/system/CodeIgniter.php(803): App\Controllers\Events->chooseHall()
#5 /home/dinxstud/public_html/chandani/system/CodeIgniter.php(400): CodeIgniter\CodeIgniter->runController()
#6 /home/dinxstud/public_html/chandani/system/CodeIgniter.php(318): CodeIgniter\CodeIgniter->handleRequest()
#7 /home/dinxstud/public_html/chandani/public/index.php(38): CodeIgniter\CodeIgniter->run()
#8 {main}
CRITICAL - 2022-04-30 08:45:59 -->  is not a valid rule.
#0 /home/dinxstud/public_html/chandani/system/Validation/Validation.php(285): CodeIgniter\Validation\Exceptions\ValidationException::forRuleNotFound()
#1 /home/dinxstud/public_html/chandani/system/Validation/Validation.php(151): CodeIgniter\Validation\Validation->processRules()
#2 /home/dinxstud/public_html/chandani/system/Controller.php(160): CodeIgniter\Validation\Validation->run()
#3 /home/dinxstud/public_html/chandani/app/Controllers/Events.php(159): CodeIgniter\Controller->validate()
#4 /home/dinxstud/public_html/chandani/system/CodeIgniter.php(803): App\Controllers\Events->chooseHall()
#5 /home/dinxstud/public_html/chandani/system/CodeIgniter.php(400): CodeIgniter\CodeIgniter->runController()
#6 /home/dinxstud/public_html/chandani/system/CodeIgniter.php(318): CodeIgniter\CodeIgniter->handleRequest()
#7 /home/dinxstud/public_html/chandani/public/index.php(38): CodeIgniter\CodeIgniter->run()
#8 {main}
CRITICAL - 2022-04-30 08:52:35 --> Undefined variable $venues
#0 /home/dinxstud/public_html/chandani/app/Views/clientChooseHall.php(29): CodeIgniter\Debug\Exceptions->errorHandler()
#1 /home/dinxstud/public_html/chandani/system/View/View.php(214): include('/home/dinxstud/...')
#2 /home/dinxstud/public_html/chandani/system/View/View.php(217): CodeIgniter\View\View->CodeIgniter\View\{closure}()
#3 /home/dinxstud/public_html/chandani/system/Common.php(1092): CodeIgniter\View\View->render()
#4 /home/dinxstud/public_html/chandani/app/Controllers/Events.php(182): view()
#5 /home/dinxstud/public_html/chandani/system/CodeIgniter.php(803): App\Controllers\Events->chooseHall()
#6 /home/dinxstud/public_html/chandani/system/CodeIgniter.php(400): CodeIgniter\CodeIgniter->runController()
#7 /home/dinxstud/public_html/chandani/system/CodeIgniter.php(318): CodeIgniter\CodeIgniter->handleRequest()
#8 /home/dinxstud/public_html/chandani/public/index.php(38): CodeIgniter\CodeIgniter->run()
#9 {main}
