CRITICAL - 2022-09-13 12:15:08 --> Undefined array key 0
#0 /home/dinxstud/public_html/chandani/app/Controllers/Events.php(1281): CodeIgniter\Debug\Exceptions->errorHandler()
#1 /home/dinxstud/public_html/chandani/system/CodeIgniter.php(803): App\Controllers\Events->modify()
#2 /home/dinxstud/public_html/chandani/system/CodeIgniter.php(400): CodeIgniter\CodeIgniter->runController()
#3 /home/dinxstud/public_html/chandani/system/CodeIgniter.php(318): CodeIgniter\CodeIgniter->handleRequest()
#4 /home/dinxstud/public_html/chandani/public/index.php(38): CodeIgniter\CodeIgniter->run()
#5 {main}
ERROR - 2022-09-13 13:10:35 --> Column 'tblcompany_id' in where clause is ambiguous
CRITICAL - 2022-09-13 13:10:35 --> Column 'tblcompany_id' in where clause is ambiguous
#0 /home/dinxstud/public_html/chandani/system/Database/MySQLi/Connection.php(280): mysqli->query()
#1 /home/dinxstud/public_html/chandani/system/Database/BaseConnection.php(663): CodeIgniter\Database\MySQLi\Connection->execute()
#2 /home/dinxstud/public_html/chandani/system/Database/BaseConnection.php(591): CodeIgniter\Database\BaseConnection->simpleQuery()
#3 /home/dinxstud/public_html/chandani/system/Database/BaseBuilder.php(1512): CodeIgniter\Database\BaseConnection->query()
#4 /home/dinxstud/public_html/chandani/app/Models/GroceryCrudModel.php(182): CodeIgniter\Database\BaseBuilder->countAllResults()
#5 /home/dinxstud/public_html/chandani/app/Libraries/GroceryCrud.php(485): App\Models\GroceryCrudModel->get_total_results()
#6 /home/dinxstud/public_html/chandani/app/Libraries/GroceryCrud.php(1706): App\Libraries\grocery_CRUD_Model_Driver->get_total_results()
#7 /home/dinxstud/public_html/chandani/app/Libraries/GroceryCrud.php(4607): App\Libraries\grocery_CRUD_Layout->showListInfo()
#8 /home/dinxstud/public_html/chandani/app/Controllers/ManageBuffet.php(751): App\Libraries\GroceryCrud->render()
#9 /home/dinxstud/public_html/chandani/system/CodeIgniter.php(803): App\Controllers\ManageBuffet->menuItems()
#10 /home/dinxstud/public_html/chandani/system/CodeIgniter.php(400): CodeIgniter\CodeIgniter->runController()
#11 /home/dinxstud/public_html/chandani/system/CodeIgniter.php(318): CodeIgniter\CodeIgniter->handleRequest()
#12 /home/dinxstud/public_html/chandani/public/index.php(38): CodeIgniter\CodeIgniter->run()
#13 {main}
ERROR - 2022-09-13 13:10:42 --> Column 'tblcompany_id' in where clause is ambiguous
CRITICAL - 2022-09-13 13:10:42 --> Column 'tblcompany_id' in where clause is ambiguous
#0 /home/dinxstud/public_html/chandani/system/Database/MySQLi/Connection.php(280): mysqli->query()
#1 /home/dinxstud/public_html/chandani/system/Database/BaseConnection.php(663): CodeIgniter\Database\MySQLi\Connection->execute()
#2 /home/dinxstud/public_html/chandani/system/Database/BaseConnection.php(591): CodeIgniter\Database\BaseConnection->simpleQuery()
#3 /home/dinxstud/public_html/chandani/system/Database/BaseBuilder.php(1512): CodeIgniter\Database\BaseConnection->query()
#4 /home/dinxstud/public_html/chandani/app/Models/GroceryCrudModel.php(182): CodeIgniter\Database\BaseBuilder->countAllResults()
#5 /home/dinxstud/public_html/chandani/app/Libraries/GroceryCrud.php(485): App\Models\GroceryCrudModel->get_total_results()
#6 /home/dinxstud/public_html/chandani/app/Libraries/GroceryCrud.php(1706): App\Libraries\grocery_CRUD_Model_Driver->get_total_results()
#7 /home/dinxstud/public_html/chandani/app/Libraries/GroceryCrud.php(4607): App\Libraries\grocery_CRUD_Layout->showListInfo()
#8 /home/dinxstud/public_html/chandani/app/Controllers/ManageBuffet.php(751): App\Libraries\GroceryCrud->render()
#9 /home/dinxstud/public_html/chandani/system/CodeIgniter.php(803): App\Controllers\ManageBuffet->menuItems()
#10 /home/dinxstud/public_html/chandani/system/CodeIgniter.php(400): CodeIgniter\CodeIgniter->runController()
#11 /home/dinxstud/public_html/chandani/system/CodeIgniter.php(318): CodeIgniter\CodeIgniter->handleRequest()
#12 /home/dinxstud/public_html/chandani/public/index.php(38): CodeIgniter\CodeIgniter->run()
#13 {main}
ERROR - 2022-09-13 13:10:44 --> Column 'tblcompany_id' in where clause is ambiguous
CRITICAL - 2022-09-13 13:10:44 --> Column 'tblcompany_id' in where clause is ambiguous
#0 /home/dinxstud/public_html/chandani/system/Database/MySQLi/Connection.php(280): mysqli->query()
#1 /home/dinxstud/public_html/chandani/system/Database/BaseConnection.php(663): CodeIgniter\Database\MySQLi\Connection->execute()
#2 /home/dinxstud/public_html/chandani/system/Database/BaseConnection.php(591): CodeIgniter\Database\BaseConnection->simpleQuery()
#3 /home/dinxstud/public_html/chandani/system/Database/BaseBuilder.php(1512): CodeIgniter\Database\BaseConnection->query()
#4 /home/dinxstud/public_html/chandani/app/Models/GroceryCrudModel.php(182): CodeIgniter\Database\BaseBuilder->countAllResults()
#5 /home/dinxstud/public_html/chandani/app/Libraries/GroceryCrud.php(485): App\Models\GroceryCrudModel->get_total_results()
#6 /home/dinxstud/public_html/chandani/app/Libraries/GroceryCrud.php(1706): App\Libraries\grocery_CRUD_Model_Driver->get_total_results()
#7 /home/dinxstud/public_html/chandani/app/Libraries/GroceryCrud.php(4607): App\Libraries\grocery_CRUD_Layout->showListInfo()
#8 /home/dinxstud/public_html/chandani/app/Controllers/ManageBuffet.php(751): App\Libraries\GroceryCrud->render()
#9 /home/dinxstud/public_html/chandani/system/CodeIgniter.php(803): App\Controllers\ManageBuffet->menuItems()
#10 /home/dinxstud/public_html/chandani/system/CodeIgniter.php(400): CodeIgniter\CodeIgniter->runController()
#11 /home/dinxstud/public_html/chandani/system/CodeIgniter.php(318): CodeIgniter\CodeIgniter->handleRequest()
#12 /home/dinxstud/public_html/chandani/public/index.php(38): CodeIgniter\CodeIgniter->run()
#13 {main}
ERROR - 2022-09-13 13:10:47 --> Column 'tblcompany_id' in where clause is ambiguous
CRITICAL - 2022-09-13 13:10:47 --> Column 'tblcompany_id' in where clause is ambiguous
#0 /home/dinxstud/public_html/chandani/system/Database/MySQLi/Connection.php(280): mysqli->query()
#1 /home/dinxstud/public_html/chandani/system/Database/BaseConnection.php(663): CodeIgniter\Database\MySQLi\Connection->execute()
#2 /home/dinxstud/public_html/chandani/system/Database/BaseConnection.php(591): CodeIgniter\Database\BaseConnection->simpleQuery()
#3 /home/dinxstud/public_html/chandani/system/Database/BaseBuilder.php(1512): CodeIgniter\Database\BaseConnection->query()
#4 /home/dinxstud/public_html/chandani/app/Models/GroceryCrudModel.php(182): CodeIgniter\Database\BaseBuilder->countAllResults()
#5 /home/dinxstud/public_html/chandani/app/Libraries/GroceryCrud.php(485): App\Models\GroceryCrudModel->get_total_results()
#6 /home/dinxstud/public_html/chandani/app/Libraries/GroceryCrud.php(1706): App\Libraries\grocery_CRUD_Model_Driver->get_total_results()
#7 /home/dinxstud/public_html/chandani/app/Libraries/GroceryCrud.php(4607): App\Libraries\grocery_CRUD_Layout->showListInfo()
#8 /home/dinxstud/public_html/chandani/app/Controllers/ManageBuffet.php(751): App\Libraries\GroceryCrud->render()
#9 /home/dinxstud/public_html/chandani/system/CodeIgniter.php(803): App\Controllers\ManageBuffet->menuItems()
#10 /home/dinxstud/public_html/chandani/system/CodeIgniter.php(400): CodeIgniter\CodeIgniter->runController()
#11 /home/dinxstud/public_html/chandani/system/CodeIgniter.php(318): CodeIgniter\CodeIgniter->handleRequest()
#12 /home/dinxstud/public_html/chandani/public/index.php(38): CodeIgniter\CodeIgniter->run()
#13 {main}
ERROR - 2022-09-13 13:10:50 --> Column 'tblcompany_id' in where clause is ambiguous
CRITICAL - 2022-09-13 13:10:50 --> Column 'tblcompany_id' in where clause is ambiguous
#0 /home/dinxstud/public_html/chandani/system/Database/MySQLi/Connection.php(280): mysqli->query()
#1 /home/dinxstud/public_html/chandani/system/Database/BaseConnection.php(663): CodeIgniter\Database\MySQLi\Connection->execute()
#2 /home/dinxstud/public_html/chandani/system/Database/BaseConnection.php(591): CodeIgniter\Database\BaseConnection->simpleQuery()
#3 /home/dinxstud/public_html/chandani/system/Database/BaseBuilder.php(1512): CodeIgniter\Database\BaseConnection->query()
#4 /home/dinxstud/public_html/chandani/app/Models/GroceryCrudModel.php(182): CodeIgniter\Database\BaseBuilder->countAllResults()
#5 /home/dinxstud/public_html/chandani/app/Libraries/GroceryCrud.php(485): App\Models\GroceryCrudModel->get_total_results()
#6 /home/dinxstud/public_html/chandani/app/Libraries/GroceryCrud.php(1706): App\Libraries\grocery_CRUD_Model_Driver->get_total_results()
#7 /home/dinxstud/public_html/chandani/app/Libraries/GroceryCrud.php(4607): App\Libraries\grocery_CRUD_Layout->showListInfo()
#8 /home/dinxstud/public_html/chandani/app/Controllers/ManageBuffet.php(751): App\Libraries\GroceryCrud->render()
#9 /home/dinxstud/public_html/chandani/system/CodeIgniter.php(803): App\Controllers\ManageBuffet->menuItems()
#10 /home/dinxstud/public_html/chandani/system/CodeIgniter.php(400): CodeIgniter\CodeIgniter->runController()
#11 /home/dinxstud/public_html/chandani/system/CodeIgniter.php(318): CodeIgniter\CodeIgniter->handleRequest()
#12 /home/dinxstud/public_html/chandani/public/index.php(38): CodeIgniter\CodeIgniter->run()
#13 {main}
ERROR - 2022-09-13 13:10:52 --> Column 'tblcompany_id' in where clause is ambiguous
CRITICAL - 2022-09-13 13:10:52 --> Column 'tblcompany_id' in where clause is ambiguous
#0 /home/dinxstud/public_html/chandani/system/Database/MySQLi/Connection.php(280): mysqli->query()
#1 /home/dinxstud/public_html/chandani/system/Database/BaseConnection.php(663): CodeIgniter\Database\MySQLi\Connection->execute()
#2 /home/dinxstud/public_html/chandani/system/Database/BaseConnection.php(591): CodeIgniter\Database\BaseConnection->simpleQuery()
#3 /home/dinxstud/public_html/chandani/system/Database/BaseBuilder.php(1512): CodeIgniter\Database\BaseConnection->query()
#4 /home/dinxstud/public_html/chandani/app/Models/GroceryCrudModel.php(182): CodeIgniter\Database\BaseBuilder->countAllResults()
#5 /home/dinxstud/public_html/chandani/app/Libraries/GroceryCrud.php(485): App\Models\GroceryCrudModel->get_total_results()
#6 /home/dinxstud/public_html/chandani/app/Libraries/GroceryCrud.php(1706): App\Libraries\grocery_CRUD_Model_Driver->get_total_results()
#7 /home/dinxstud/public_html/chandani/app/Libraries/GroceryCrud.php(4607): App\Libraries\grocery_CRUD_Layout->showListInfo()
#8 /home/dinxstud/public_html/chandani/app/Controllers/ManageBuffet.php(751): App\Libraries\GroceryCrud->render()
#9 /home/dinxstud/public_html/chandani/system/CodeIgniter.php(803): App\Controllers\ManageBuffet->menuItems()
#10 /home/dinxstud/public_html/chandani/system/CodeIgniter.php(400): CodeIgniter\CodeIgniter->runController()
#11 /home/dinxstud/public_html/chandani/system/CodeIgniter.php(318): CodeIgniter\CodeIgniter->handleRequest()
#12 /home/dinxstud/public_html/chandani/public/index.php(38): CodeIgniter\CodeIgniter->run()
#13 {main}
ERROR - 2022-09-13 13:10:55 --> Column 'tblcompany_id' in where clause is ambiguous
CRITICAL - 2022-09-13 13:10:55 --> Column 'tblcompany_id' in where clause is ambiguous
#0 /home/dinxstud/public_html/chandani/system/Database/MySQLi/Connection.php(280): mysqli->query()
#1 /home/dinxstud/public_html/chandani/system/Database/BaseConnection.php(663): CodeIgniter\Database\MySQLi\Connection->execute()
#2 /home/dinxstud/public_html/chandani/system/Database/BaseConnection.php(591): CodeIgniter\Database\BaseConnection->simpleQuery()
#3 /home/dinxstud/public_html/chandani/system/Database/BaseBuilder.php(1512): CodeIgniter\Database\BaseConnection->query()
#4 /home/dinxstud/public_html/chandani/app/Models/GroceryCrudModel.php(182): CodeIgniter\Database\BaseBuilder->countAllResults()
#5 /home/dinxstud/public_html/chandani/app/Libraries/GroceryCrud.php(485): App\Models\GroceryCrudModel->get_total_results()
#6 /home/dinxstud/public_html/chandani/app/Libraries/GroceryCrud.php(1706): App\Libraries\grocery_CRUD_Model_Driver->get_total_results()
#7 /home/dinxstud/public_html/chandani/app/Libraries/GroceryCrud.php(4607): App\Libraries\grocery_CRUD_Layout->showListInfo()
#8 /home/dinxstud/public_html/chandani/app/Controllers/ManageBuffet.php(751): App\Libraries\GroceryCrud->render()
#9 /home/dinxstud/public_html/chandani/system/CodeIgniter.php(803): App\Controllers\ManageBuffet->menuItems()
#10 /home/dinxstud/public_html/chandani/system/CodeIgniter.php(400): CodeIgniter\CodeIgniter->runController()
#11 /home/dinxstud/public_html/chandani/system/CodeIgniter.php(318): CodeIgniter\CodeIgniter->handleRequest()
#12 /home/dinxstud/public_html/chandani/public/index.php(38): CodeIgniter\CodeIgniter->run()
#13 {main}
ERROR - 2022-09-13 13:11:00 --> Column 'tblcompany_id' in where clause is ambiguous
CRITICAL - 2022-09-13 13:11:00 --> Column 'tblcompany_id' in where clause is ambiguous
#0 /home/dinxstud/public_html/chandani/system/Database/MySQLi/Connection.php(280): mysqli->query()
#1 /home/dinxstud/public_html/chandani/system/Database/BaseConnection.php(663): CodeIgniter\Database\MySQLi\Connection->execute()
#2 /home/dinxstud/public_html/chandani/system/Database/BaseConnection.php(591): CodeIgniter\Database\BaseConnection->simpleQuery()
#3 /home/dinxstud/public_html/chandani/system/Database/BaseBuilder.php(1512): CodeIgniter\Database\BaseConnection->query()
#4 /home/dinxstud/public_html/chandani/app/Models/GroceryCrudModel.php(182): CodeIgniter\Database\BaseBuilder->countAllResults()
#5 /home/dinxstud/public_html/chandani/app/Libraries/GroceryCrud.php(485): App\Models\GroceryCrudModel->get_total_results()
#6 /home/dinxstud/public_html/chandani/app/Libraries/GroceryCrud.php(1706): App\Libraries\grocery_CRUD_Model_Driver->get_total_results()
#7 /home/dinxstud/public_html/chandani/app/Libraries/GroceryCrud.php(4607): App\Libraries\grocery_CRUD_Layout->showListInfo()
#8 /home/dinxstud/public_html/chandani/app/Controllers/ManageBuffet.php(751): App\Libraries\GroceryCrud->render()
#9 /home/dinxstud/public_html/chandani/system/CodeIgniter.php(803): App\Controllers\ManageBuffet->menuItems()
#10 /home/dinxstud/public_html/chandani/system/CodeIgniter.php(400): CodeIgniter\CodeIgniter->runController()
#11 /home/dinxstud/public_html/chandani/system/CodeIgniter.php(318): CodeIgniter\CodeIgniter->handleRequest()
#12 /home/dinxstud/public_html/chandani/public/index.php(38): CodeIgniter\CodeIgniter->run()
#13 {main}
ERROR - 2022-09-13 13:11:05 --> Column 'tblcompany_id' in where clause is ambiguous
CRITICAL - 2022-09-13 13:11:05 --> Column 'tblcompany_id' in where clause is ambiguous
#0 /home/dinxstud/public_html/chandani/system/Database/MySQLi/Connection.php(280): mysqli->query()
#1 /home/dinxstud/public_html/chandani/system/Database/BaseConnection.php(663): CodeIgniter\Database\MySQLi\Connection->execute()
#2 /home/dinxstud/public_html/chandani/system/Database/BaseConnection.php(591): CodeIgniter\Database\BaseConnection->simpleQuery()
#3 /home/dinxstud/public_html/chandani/system/Database/BaseBuilder.php(1512): CodeIgniter\Database\BaseConnection->query()
#4 /home/dinxstud/public_html/chandani/app/Models/GroceryCrudModel.php(182): CodeIgniter\Database\BaseBuilder->countAllResults()
#5 /home/dinxstud/public_html/chandani/app/Libraries/GroceryCrud.php(485): App\Models\GroceryCrudModel->get_total_results()
#6 /home/dinxstud/public_html/chandani/app/Libraries/GroceryCrud.php(1706): App\Libraries\grocery_CRUD_Model_Driver->get_total_results()
#7 /home/dinxstud/public_html/chandani/app/Libraries/GroceryCrud.php(4607): App\Libraries\grocery_CRUD_Layout->showListInfo()
#8 /home/dinxstud/public_html/chandani/app/Controllers/ManageBuffet.php(751): App\Libraries\GroceryCrud->render()
#9 /home/dinxstud/public_html/chandani/system/CodeIgniter.php(803): App\Controllers\ManageBuffet->menuItems()
#10 /home/dinxstud/public_html/chandani/system/CodeIgniter.php(400): CodeIgniter\CodeIgniter->runController()
#11 /home/dinxstud/public_html/chandani/system/CodeIgniter.php(318): CodeIgniter\CodeIgniter->handleRequest()
#12 /home/dinxstud/public_html/chandani/public/index.php(38): CodeIgniter\CodeIgniter->run()
#13 {main}
ERROR - 2022-09-13 13:11:08 --> Column 'tblcompany_id' in where clause is ambiguous
CRITICAL - 2022-09-13 13:11:08 --> Column 'tblcompany_id' in where clause is ambiguous
#0 /home/dinxstud/public_html/chandani/system/Database/MySQLi/Connection.php(280): mysqli->query()
#1 /home/dinxstud/public_html/chandani/system/Database/BaseConnection.php(663): CodeIgniter\Database\MySQLi\Connection->execute()
#2 /home/dinxstud/public_html/chandani/system/Database/BaseConnection.php(591): CodeIgniter\Database\BaseConnection->simpleQuery()
#3 /home/dinxstud/public_html/chandani/system/Database/BaseBuilder.php(1512): CodeIgniter\Database\BaseConnection->query()
#4 /home/dinxstud/public_html/chandani/app/Models/GroceryCrudModel.php(182): CodeIgniter\Database\BaseBuilder->countAllResults()
#5 /home/dinxstud/public_html/chandani/app/Libraries/GroceryCrud.php(485): App\Models\GroceryCrudModel->get_total_results()
#6 /home/dinxstud/public_html/chandani/app/Libraries/GroceryCrud.php(1706): App\Libraries\grocery_CRUD_Model_Driver->get_total_results()
#7 /home/dinxstud/public_html/chandani/app/Libraries/GroceryCrud.php(4607): App\Libraries\grocery_CRUD_Layout->showListInfo()
#8 /home/dinxstud/public_html/chandani/app/Controllers/ManageBuffet.php(751): App\Libraries\GroceryCrud->render()
#9 /home/dinxstud/public_html/chandani/system/CodeIgniter.php(803): App\Controllers\ManageBuffet->menuItems()
#10 /home/dinxstud/public_html/chandani/system/CodeIgniter.php(400): CodeIgniter\CodeIgniter->runController()
#11 /home/dinxstud/public_html/chandani/system/CodeIgniter.php(318): CodeIgniter\CodeIgniter->handleRequest()
#12 /home/dinxstud/public_html/chandani/public/index.php(38): CodeIgniter\CodeIgniter->run()
#13 {main}
ERROR - 2022-09-13 13:11:10 --> Column 'tblcompany_id' in where clause is ambiguous
CRITICAL - 2022-09-13 13:11:10 --> Column 'tblcompany_id' in where clause is ambiguous
#0 /home/dinxstud/public_html/chandani/system/Database/MySQLi/Connection.php(280): mysqli->query()
#1 /home/dinxstud/public_html/chandani/system/Database/BaseConnection.php(663): CodeIgniter\Database\MySQLi\Connection->execute()
#2 /home/dinxstud/public_html/chandani/system/Database/BaseConnection.php(591): CodeIgniter\Database\BaseConnection->simpleQuery()
#3 /home/dinxstud/public_html/chandani/system/Database/BaseBuilder.php(1512): CodeIgniter\Database\BaseConnection->query()
#4 /home/dinxstud/public_html/chandani/app/Models/GroceryCrudModel.php(182): CodeIgniter\Database\BaseBuilder->countAllResults()
#5 /home/dinxstud/public_html/chandani/app/Libraries/GroceryCrud.php(485): App\Models\GroceryCrudModel->get_total_results()
#6 /home/dinxstud/public_html/chandani/app/Libraries/GroceryCrud.php(1706): App\Libraries\grocery_CRUD_Model_Driver->get_total_results()
#7 /home/dinxstud/public_html/chandani/app/Libraries/GroceryCrud.php(4607): App\Libraries\grocery_CRUD_Layout->showListInfo()
#8 /home/dinxstud/public_html/chandani/app/Controllers/ManageBuffet.php(751): App\Libraries\GroceryCrud->render()
#9 /home/dinxstud/public_html/chandani/system/CodeIgniter.php(803): App\Controllers\ManageBuffet->menuItems()
#10 /home/dinxstud/public_html/chandani/system/CodeIgniter.php(400): CodeIgniter\CodeIgniter->runController()
#11 /home/dinxstud/public_html/chandani/system/CodeIgniter.php(318): CodeIgniter\CodeIgniter->handleRequest()
#12 /home/dinxstud/public_html/chandani/public/index.php(38): CodeIgniter\CodeIgniter->run()
#13 {main}
ERROR - 2022-09-13 13:11:13 --> Column 'tblcompany_id' in where clause is ambiguous
CRITICAL - 2022-09-13 13:11:13 --> Column 'tblcompany_id' in where clause is ambiguous
#0 /home/dinxstud/public_html/chandani/system/Database/MySQLi/Connection.php(280): mysqli->query()
#1 /home/dinxstud/public_html/chandani/system/Database/BaseConnection.php(663): CodeIgniter\Database\MySQLi\Connection->execute()
#2 /home/dinxstud/public_html/chandani/system/Database/BaseConnection.php(591): CodeIgniter\Database\BaseConnection->simpleQuery()
#3 /home/dinxstud/public_html/chandani/system/Database/BaseBuilder.php(1512): CodeIgniter\Database\BaseConnection->query()
#4 /home/dinxstud/public_html/chandani/app/Models/GroceryCrudModel.php(182): CodeIgniter\Database\BaseBuilder->countAllResults()
#5 /home/dinxstud/public_html/chandani/app/Libraries/GroceryCrud.php(485): App\Models\GroceryCrudModel->get_total_results()
#6 /home/dinxstud/public_html/chandani/app/Libraries/GroceryCrud.php(1706): App\Libraries\grocery_CRUD_Model_Driver->get_total_results()
#7 /home/dinxstud/public_html/chandani/app/Libraries/GroceryCrud.php(4607): App\Libraries\grocery_CRUD_Layout->showListInfo()
#8 /home/dinxstud/public_html/chandani/app/Controllers/ManageBuffet.php(751): App\Libraries\GroceryCrud->render()
#9 /home/dinxstud/public_html/chandani/system/CodeIgniter.php(803): App\Controllers\ManageBuffet->menuItems()
#10 /home/dinxstud/public_html/chandani/system/CodeIgniter.php(400): CodeIgniter\CodeIgniter->runController()
#11 /home/dinxstud/public_html/chandani/system/CodeIgniter.php(318): CodeIgniter\CodeIgniter->handleRequest()
#12 /home/dinxstud/public_html/chandani/public/index.php(38): CodeIgniter\CodeIgniter->run()
#13 {main}
ERROR - 2022-09-13 13:11:15 --> Column 'tblcompany_id' in where clause is ambiguous
CRITICAL - 2022-09-13 13:11:15 --> Column 'tblcompany_id' in where clause is ambiguous
#0 /home/dinxstud/public_html/chandani/system/Database/MySQLi/Connection.php(280): mysqli->query()
#1 /home/dinxstud/public_html/chandani/system/Database/BaseConnection.php(663): CodeIgniter\Database\MySQLi\Connection->execute()
#2 /home/dinxstud/public_html/chandani/system/Database/BaseConnection.php(591): CodeIgniter\Database\BaseConnection->simpleQuery()
#3 /home/dinxstud/public_html/chandani/system/Database/BaseBuilder.php(1512): CodeIgniter\Database\BaseConnection->query()
#4 /home/dinxstud/public_html/chandani/app/Models/GroceryCrudModel.php(182): CodeIgniter\Database\BaseBuilder->countAllResults()
#5 /home/dinxstud/public_html/chandani/app/Libraries/GroceryCrud.php(485): App\Models\GroceryCrudModel->get_total_results()
#6 /home/dinxstud/public_html/chandani/app/Libraries/GroceryCrud.php(1706): App\Libraries\grocery_CRUD_Model_Driver->get_total_results()
#7 /home/dinxstud/public_html/chandani/app/Libraries/GroceryCrud.php(4607): App\Libraries\grocery_CRUD_Layout->showListInfo()
#8 /home/dinxstud/public_html/chandani/app/Controllers/ManageBuffet.php(751): App\Libraries\GroceryCrud->render()
#9 /home/dinxstud/public_html/chandani/system/CodeIgniter.php(803): App\Controllers\ManageBuffet->menuItems()
#10 /home/dinxstud/public_html/chandani/system/CodeIgniter.php(400): CodeIgniter\CodeIgniter->runController()
#11 /home/dinxstud/public_html/chandani/system/CodeIgniter.php(318): CodeIgniter\CodeIgniter->handleRequest()
#12 /home/dinxstud/public_html/chandani/public/index.php(38): CodeIgniter\CodeIgniter->run()
#13 {main}
ERROR - 2022-09-13 13:11:16 --> Column 'tblcompany_id' in where clause is ambiguous
CRITICAL - 2022-09-13 13:11:16 --> Column 'tblcompany_id' in where clause is ambiguous
#0 /home/dinxstud/public_html/chandani/system/Database/MySQLi/Connection.php(280): mysqli->query()
#1 /home/dinxstud/public_html/chandani/system/Database/BaseConnection.php(663): CodeIgniter\Database\MySQLi\Connection->execute()
#2 /home/dinxstud/public_html/chandani/system/Database/BaseConnection.php(591): CodeIgniter\Database\BaseConnection->simpleQuery()
#3 /home/dinxstud/public_html/chandani/system/Database/BaseBuilder.php(1512): CodeIgniter\Database\BaseConnection->query()
#4 /home/dinxstud/public_html/chandani/app/Models/GroceryCrudModel.php(182): CodeIgniter\Database\BaseBuilder->countAllResults()
#5 /home/dinxstud/public_html/chandani/app/Libraries/GroceryCrud.php(485): App\Models\GroceryCrudModel->get_total_results()
#6 /home/dinxstud/public_html/chandani/app/Libraries/GroceryCrud.php(1706): App\Libraries\grocery_CRUD_Model_Driver->get_total_results()
#7 /home/dinxstud/public_html/chandani/app/Libraries/GroceryCrud.php(4607): App\Libraries\grocery_CRUD_Layout->showListInfo()
#8 /home/dinxstud/public_html/chandani/app/Controllers/ManageBuffet.php(751): App\Libraries\GroceryCrud->render()
#9 /home/dinxstud/public_html/chandani/system/CodeIgniter.php(803): App\Controllers\ManageBuffet->menuItems()
#10 /home/dinxstud/public_html/chandani/system/CodeIgniter.php(400): CodeIgniter\CodeIgniter->runController()
#11 /home/dinxstud/public_html/chandani/system/CodeIgniter.php(318): CodeIgniter\CodeIgniter->handleRequest()
#12 /home/dinxstud/public_html/chandani/public/index.php(38): CodeIgniter\CodeIgniter->run()
#13 {main}
ERROR - 2022-09-13 13:11:17 --> Column 'tblcompany_id' in where clause is ambiguous
CRITICAL - 2022-09-13 13:11:17 --> Column 'tblcompany_id' in where clause is ambiguous
#0 /home/dinxstud/public_html/chandani/system/Database/MySQLi/Connection.php(280): mysqli->query()
#1 /home/dinxstud/public_html/chandani/system/Database/BaseConnection.php(663): CodeIgniter\Database\MySQLi\Connection->execute()
#2 /home/dinxstud/public_html/chandani/system/Database/BaseConnection.php(591): CodeIgniter\Database\BaseConnection->simpleQuery()
#3 /home/dinxstud/public_html/chandani/system/Database/BaseBuilder.php(1512): CodeIgniter\Database\BaseConnection->query()
#4 /home/dinxstud/public_html/chandani/app/Models/GroceryCrudModel.php(182): CodeIgniter\Database\BaseBuilder->countAllResults()
#5 /home/dinxstud/public_html/chandani/app/Libraries/GroceryCrud.php(485): App\Models\GroceryCrudModel->get_total_results()
#6 /home/dinxstud/public_html/chandani/app/Libraries/GroceryCrud.php(1706): App\Libraries\grocery_CRUD_Model_Driver->get_total_results()
#7 /home/dinxstud/public_html/chandani/app/Libraries/GroceryCrud.php(4607): App\Libraries\grocery_CRUD_Layout->showListInfo()
#8 /home/dinxstud/public_html/chandani/app/Controllers/ManageBuffet.php(751): App\Libraries\GroceryCrud->render()
#9 /home/dinxstud/public_html/chandani/system/CodeIgniter.php(803): App\Controllers\ManageBuffet->menuItems()
#10 /home/dinxstud/public_html/chandani/system/CodeIgniter.php(400): CodeIgniter\CodeIgniter->runController()
#11 /home/dinxstud/public_html/chandani/system/CodeIgniter.php(318): CodeIgniter\CodeIgniter->handleRequest()
#12 /home/dinxstud/public_html/chandani/public/index.php(38): CodeIgniter\CodeIgniter->run()
#13 {main}
ERROR - 2022-09-13 13:11:19 --> Column 'tblcompany_id' in where clause is ambiguous
CRITICAL - 2022-09-13 13:11:19 --> Column 'tblcompany_id' in where clause is ambiguous
#0 /home/dinxstud/public_html/chandani/system/Database/MySQLi/Connection.php(280): mysqli->query()
#1 /home/dinxstud/public_html/chandani/system/Database/BaseConnection.php(663): CodeIgniter\Database\MySQLi\Connection->execute()
#2 /home/dinxstud/public_html/chandani/system/Database/BaseConnection.php(591): CodeIgniter\Database\BaseConnection->simpleQuery()
#3 /home/dinxstud/public_html/chandani/system/Database/BaseBuilder.php(1512): CodeIgniter\Database\BaseConnection->query()
#4 /home/dinxstud/public_html/chandani/app/Models/GroceryCrudModel.php(182): CodeIgniter\Database\BaseBuilder->countAllResults()
#5 /home/dinxstud/public_html/chandani/app/Libraries/GroceryCrud.php(485): App\Models\GroceryCrudModel->get_total_results()
#6 /home/dinxstud/public_html/chandani/app/Libraries/GroceryCrud.php(1706): App\Libraries\grocery_CRUD_Model_Driver->get_total_results()
#7 /home/dinxstud/public_html/chandani/app/Libraries/GroceryCrud.php(4607): App\Libraries\grocery_CRUD_Layout->showListInfo()
#8 /home/dinxstud/public_html/chandani/app/Controllers/ManageBuffet.php(751): App\Libraries\GroceryCrud->render()
#9 /home/dinxstud/public_html/chandani/system/CodeIgniter.php(803): App\Controllers\ManageBuffet->menuItems()
#10 /home/dinxstud/public_html/chandani/system/CodeIgniter.php(400): CodeIgniter\CodeIgniter->runController()
#11 /home/dinxstud/public_html/chandani/system/CodeIgniter.php(318): CodeIgniter\CodeIgniter->handleRequest()
#12 /home/dinxstud/public_html/chandani/public/index.php(38): CodeIgniter\CodeIgniter->run()
#13 {main}
ERROR - 2022-09-13 13:11:20 --> Column 'tblcompany_id' in where clause is ambiguous
CRITICAL - 2022-09-13 13:11:20 --> Column 'tblcompany_id' in where clause is ambiguous
#0 /home/dinxstud/public_html/chandani/system/Database/MySQLi/Connection.php(280): mysqli->query()
#1 /home/dinxstud/public_html/chandani/system/Database/BaseConnection.php(663): CodeIgniter\Database\MySQLi\Connection->execute()
#2 /home/dinxstud/public_html/chandani/system/Database/BaseConnection.php(591): CodeIgniter\Database\BaseConnection->simpleQuery()
#3 /home/dinxstud/public_html/chandani/system/Database/BaseBuilder.php(1512): CodeIgniter\Database\BaseConnection->query()
#4 /home/dinxstud/public_html/chandani/app/Models/GroceryCrudModel.php(182): CodeIgniter\Database\BaseBuilder->countAllResults()
#5 /home/dinxstud/public_html/chandani/app/Libraries/GroceryCrud.php(485): App\Models\GroceryCrudModel->get_total_results()
#6 /home/dinxstud/public_html/chandani/app/Libraries/GroceryCrud.php(1706): App\Libraries\grocery_CRUD_Model_Driver->get_total_results()
#7 /home/dinxstud/public_html/chandani/app/Libraries/GroceryCrud.php(4607): App\Libraries\grocery_CRUD_Layout->showListInfo()
#8 /home/dinxstud/public_html/chandani/app/Controllers/ManageBuffet.php(751): App\Libraries\GroceryCrud->render()
#9 /home/dinxstud/public_html/chandani/system/CodeIgniter.php(803): App\Controllers\ManageBuffet->menuItems()
#10 /home/dinxstud/public_html/chandani/system/CodeIgniter.php(400): CodeIgniter\CodeIgniter->runController()
#11 /home/dinxstud/public_html/chandani/system/CodeIgniter.php(318): CodeIgniter\CodeIgniter->handleRequest()
#12 /home/dinxstud/public_html/chandani/public/index.php(38): CodeIgniter\CodeIgniter->run()
#13 {main}
CRITICAL - 2022-09-13 13:40:07 --> Undefined array key 0
#0 /home/dinxstud/public_html/chandani/app/Controllers/Events.php(1281): CodeIgniter\Debug\Exceptions->errorHandler()
#1 /home/dinxstud/public_html/chandani/system/CodeIgniter.php(803): App\Controllers\Events->modify()
#2 /home/dinxstud/public_html/chandani/system/CodeIgniter.php(400): CodeIgniter\CodeIgniter->runController()
#3 /home/dinxstud/public_html/chandani/system/CodeIgniter.php(318): CodeIgniter\CodeIgniter->handleRequest()
#4 /home/dinxstud/public_html/chandani/public/index.php(38): CodeIgniter\CodeIgniter->run()
#5 {main}
CRITICAL - 2022-09-13 13:40:13 --> Undefined array key 0
#0 /home/dinxstud/public_html/chandani/app/Controllers/Events.php(1281): CodeIgniter\Debug\Exceptions->errorHandler()
#1 /home/dinxstud/public_html/chandani/system/CodeIgniter.php(803): App\Controllers\Events->modify()
#2 /home/dinxstud/public_html/chandani/system/CodeIgniter.php(400): CodeIgniter\CodeIgniter->runController()
#3 /home/dinxstud/public_html/chandani/system/CodeIgniter.php(318): CodeIgniter\CodeIgniter->handleRequest()
#4 /home/dinxstud/public_html/chandani/public/index.php(38): CodeIgniter\CodeIgniter->run()
#5 {main}
CRITICAL - 2022-09-13 13:40:15 --> Undefined array key 0
#0 /home/dinxstud/public_html/chandani/app/Controllers/Events.php(1281): CodeIgniter\Debug\Exceptions->errorHandler()
#1 /home/dinxstud/public_html/chandani/system/CodeIgniter.php(803): App\Controllers\Events->modify()
#2 /home/dinxstud/public_html/chandani/system/CodeIgniter.php(400): CodeIgniter\CodeIgniter->runController()
#3 /home/dinxstud/public_html/chandani/system/CodeIgniter.php(318): CodeIgniter\CodeIgniter->handleRequest()
#4 /home/dinxstud/public_html/chandani/public/index.php(38): CodeIgniter\CodeIgniter->run()
#5 {main}
CRITICAL - 2022-09-13 13:40:19 --> Undefined array key 0
#0 /home/dinxstud/public_html/chandani/app/Controllers/Events.php(1281): CodeIgniter\Debug\Exceptions->errorHandler()
#1 /home/dinxstud/public_html/chandani/system/CodeIgniter.php(803): App\Controllers\Events->modify()
#2 /home/dinxstud/public_html/chandani/system/CodeIgniter.php(400): CodeIgniter\CodeIgniter->runController()
#3 /home/dinxstud/public_html/chandani/system/CodeIgniter.php(318): CodeIgniter\CodeIgniter->handleRequest()
#4 /home/dinxstud/public_html/chandani/public/index.php(38): CodeIgniter\CodeIgniter->run()
#5 {main}
CRITICAL - 2022-09-13 13:40:29 --> Undefined array key 0
#0 /home/dinxstud/public_html/chandani/app/Controllers/Events.php(1281): CodeIgniter\Debug\Exceptions->errorHandler()
#1 /home/dinxstud/public_html/chandani/system/CodeIgniter.php(803): App\Controllers\Events->modify()
#2 /home/dinxstud/public_html/chandani/system/CodeIgniter.php(400): CodeIgniter\CodeIgniter->runController()
#3 /home/dinxstud/public_html/chandani/system/CodeIgniter.php(318): CodeIgniter\CodeIgniter->handleRequest()
#4 /home/dinxstud/public_html/chandani/public/index.php(38): CodeIgniter\CodeIgniter->run()
#5 {main}
CRITICAL - 2022-09-13 13:40:32 --> Undefined array key 0
#0 /home/dinxstud/public_html/chandani/app/Controllers/Events.php(1281): CodeIgniter\Debug\Exceptions->errorHandler()
#1 /home/dinxstud/public_html/chandani/system/CodeIgniter.php(803): App\Controllers\Events->modify()
#2 /home/dinxstud/public_html/chandani/system/CodeIgniter.php(400): CodeIgniter\CodeIgniter->runController()
#3 /home/dinxstud/public_html/chandani/system/CodeIgniter.php(318): CodeIgniter\CodeIgniter->handleRequest()
#4 /home/dinxstud/public_html/chandani/public/index.php(38): CodeIgniter\CodeIgniter->run()
#5 {main}
CRITICAL - 2022-09-13 13:44:30 --> Undefined array key 0
#0 /home/dinxstud/public_html/chandani/app/Controllers/Events.php(1281): CodeIgniter\Debug\Exceptions->errorHandler()
#1 /home/dinxstud/public_html/chandani/system/CodeIgniter.php(803): App\Controllers\Events->modify()
#2 /home/dinxstud/public_html/chandani/system/CodeIgniter.php(400): CodeIgniter\CodeIgniter->runController()
#3 /home/dinxstud/public_html/chandani/system/CodeIgniter.php(318): CodeIgniter\CodeIgniter->handleRequest()
#4 /home/dinxstud/public_html/chandani/public/index.php(38): CodeIgniter\CodeIgniter->run()
#5 {main}
CRITICAL - 2022-09-13 13:44:59 --> Undefined array key 0
#0 /home/dinxstud/public_html/chandani/app/Controllers/Events.php(1281): CodeIgniter\Debug\Exceptions->errorHandler()
#1 /home/dinxstud/public_html/chandani/system/CodeIgniter.php(803): App\Controllers\Events->modify()
#2 /home/dinxstud/public_html/chandani/system/CodeIgniter.php(400): CodeIgniter\CodeIgniter->runController()
#3 /home/dinxstud/public_html/chandani/system/CodeIgniter.php(318): CodeIgniter\CodeIgniter->handleRequest()
#4 /home/dinxstud/public_html/chandani/public/index.php(38): CodeIgniter\CodeIgniter->run()
#5 {main}
CRITICAL - 2022-09-13 13:45:12 --> Undefined array key 0
#0 /home/dinxstud/public_html/chandani/app/Controllers/Events.php(1281): CodeIgniter\Debug\Exceptions->errorHandler()
#1 /home/dinxstud/public_html/chandani/system/CodeIgniter.php(803): App\Controllers\Events->modify()
#2 /home/dinxstud/public_html/chandani/system/CodeIgniter.php(400): CodeIgniter\CodeIgniter->runController()
#3 /home/dinxstud/public_html/chandani/system/CodeIgniter.php(318): CodeIgniter\CodeIgniter->handleRequest()
#4 /home/dinxstud/public_html/chandani/public/index.php(38): CodeIgniter\CodeIgniter->run()
#5 {main}
CRITICAL - 2022-09-13 13:45:25 --> Undefined array key 0
#0 /home/dinxstud/public_html/chandani/app/Controllers/Events.php(1281): CodeIgniter\Debug\Exceptions->errorHandler()
#1 /home/dinxstud/public_html/chandani/system/CodeIgniter.php(803): App\Controllers\Events->modify()
#2 /home/dinxstud/public_html/chandani/system/CodeIgniter.php(400): CodeIgniter\CodeIgniter->runController()
#3 /home/dinxstud/public_html/chandani/system/CodeIgniter.php(318): CodeIgniter\CodeIgniter->handleRequest()
#4 /home/dinxstud/public_html/chandani/public/index.php(38): CodeIgniter\CodeIgniter->run()
#5 {main}
CRITICAL - 2022-09-13 14:03:07 --> implode(): Argument #1 ($pieces) must be of type array, string given
#0 /home/dinxstud/public_html/chandani/app/Controllers/Events.php(335): implode()
#1 /home/dinxstud/public_html/chandani/system/CodeIgniter.php(803): App\Controllers\Events->menuItems()
#2 /home/dinxstud/public_html/chandani/system/CodeIgniter.php(400): CodeIgniter\CodeIgniter->runController()
#3 /home/dinxstud/public_html/chandani/system/CodeIgniter.php(318): CodeIgniter\CodeIgniter->handleRequest()
#4 /home/dinxstud/public_html/chandani/public/index.php(38): CodeIgniter\CodeIgniter->run()
#5 {main}
CRITICAL - 2022-09-13 14:03:11 --> implode(): Argument #1 ($pieces) must be of type array, string given
#0 /home/dinxstud/public_html/chandani/app/Controllers/Events.php(335): implode()
#1 /home/dinxstud/public_html/chandani/system/CodeIgniter.php(803): App\Controllers\Events->menuItems()
#2 /home/dinxstud/public_html/chandani/system/CodeIgniter.php(400): CodeIgniter\CodeIgniter->runController()
#3 /home/dinxstud/public_html/chandani/system/CodeIgniter.php(318): CodeIgniter\CodeIgniter->handleRequest()
#4 /home/dinxstud/public_html/chandani/public/index.php(38): CodeIgniter\CodeIgniter->run()
#5 {main}
CRITICAL - 2022-09-13 14:03:15 --> implode(): Argument #1 ($pieces) must be of type array, string given
#0 /home/dinxstud/public_html/chandani/app/Controllers/Events.php(335): implode()
#1 /home/dinxstud/public_html/chandani/system/CodeIgniter.php(803): App\Controllers\Events->menuItems()
#2 /home/dinxstud/public_html/chandani/system/CodeIgniter.php(400): CodeIgniter\CodeIgniter->runController()
#3 /home/dinxstud/public_html/chandani/system/CodeIgniter.php(318): CodeIgniter\CodeIgniter->handleRequest()
#4 /home/dinxstud/public_html/chandani/public/index.php(38): CodeIgniter\CodeIgniter->run()
#5 {main}
CRITICAL - 2022-09-13 14:21:20 --> Uninitialized string offset 0
#0 /home/dinxstud/public_html/chandani/app/Controllers/Events.php(667): CodeIgniter\Debug\Exceptions->errorHandler()
#1 /home/dinxstud/public_html/chandani/system/CodeIgniter.php(803): App\Controllers\Events->sound()
#2 /home/dinxstud/public_html/chandani/system/CodeIgniter.php(400): CodeIgniter\CodeIgniter->runController()
#3 /home/dinxstud/public_html/chandani/system/CodeIgniter.php(318): CodeIgniter\CodeIgniter->handleRequest()
#4 /home/dinxstud/public_html/chandani/public/index.php(38): CodeIgniter\CodeIgniter->run()
#5 {main}
