CRITICAL - 2022-05-31 13:18:06 --> Undefined array key "password"
#0 /home/dinxstud/public_html/chandani/app/Controllers/Home.php(40): CodeIgniter\Debug\Exceptions->errorHandler()
#1 /home/dinxstud/public_html/chandani/system/CodeIgniter.php(803): App\Controllers\Home->index()
#2 /home/dinxstud/public_html/chandani/system/CodeIgniter.php(400): CodeIgniter\CodeIgniter->runController()
#3 /home/dinxstud/public_html/chandani/system/CodeIgniter.php(318): CodeIgniter\CodeIgniter->handleRequest()
#4 /home/dinxstud/public_html/chandani/public/index.php(38): CodeIgniter\CodeIgniter->run()
#5 {main}
CRITICAL - 2022-05-31 13:18:17 --> Undefined variable $data_menu
#0 /home/dinxstud/public_html/chandani/app/Controllers/Home.php(103): CodeIgniter\Debug\Exceptions->errorHandler()
#1 /home/dinxstud/public_html/chandani/system/CodeIgniter.php(803): App\Controllers\Home->index()
#2 /home/dinxstud/public_html/chandani/system/CodeIgniter.php(400): CodeIgniter\CodeIgniter->runController()
#3 /home/dinxstud/public_html/chandani/system/CodeIgniter.php(318): CodeIgniter\CodeIgniter->handleRequest()
#4 /home/dinxstud/public_html/chandani/public/index.php(38): CodeIgniter\CodeIgniter->run()
#5 {main}
CRITICAL - 2022-05-31 13:18:46 --> Undefined variable $data_menu
#0 /home/dinxstud/public_html/chandani/app/Controllers/Home.php(103): CodeIgniter\Debug\Exceptions->errorHandler()
#1 /home/dinxstud/public_html/chandani/system/CodeIgniter.php(803): App\Controllers\Home->index()
#2 /home/dinxstud/public_html/chandani/system/CodeIgniter.php(400): CodeIgniter\CodeIgniter->runController()
#3 /home/dinxstud/public_html/chandani/system/CodeIgniter.php(318): CodeIgniter\CodeIgniter->handleRequest()
#4 /home/dinxstud/public_html/chandani/public/index.php(38): CodeIgniter\CodeIgniter->run()
#5 {main}
CRITICAL - 2022-05-31 13:18:56 --> Undefined variable $data_menu
#0 /home/dinxstud/public_html/chandani/app/Controllers/Home.php(103): CodeIgniter\Debug\Exceptions->errorHandler()
#1 /home/dinxstud/public_html/chandani/system/CodeIgniter.php(803): App\Controllers\Home->index()
#2 /home/dinxstud/public_html/chandani/system/CodeIgniter.php(400): CodeIgniter\CodeIgniter->runController()
#3 /home/dinxstud/public_html/chandani/system/CodeIgniter.php(318): CodeIgniter\CodeIgniter->handleRequest()
#4 /home/dinxstud/public_html/chandani/public/index.php(38): CodeIgniter\CodeIgniter->run()
#5 {main}
CRITICAL - 2022-05-31 15:34:25 --> Undefined variable $data_menu
#0 /home/dinxstud/public_html/chandani/app/Controllers/Home.php(103): CodeIgniter\Debug\Exceptions->errorHandler()
#1 /home/dinxstud/public_html/chandani/system/CodeIgniter.php(803): App\Controllers\Home->index()
#2 /home/dinxstud/public_html/chandani/system/CodeIgniter.php(400): CodeIgniter\CodeIgniter->runController()
#3 /home/dinxstud/public_html/chandani/system/CodeIgniter.php(318): CodeIgniter\CodeIgniter->handleRequest()
#4 /home/dinxstud/public_html/chandani/public/index.php(38): CodeIgniter\CodeIgniter->run()
#5 {main}
CRITICAL - 2022-05-31 15:35:28 --> Undefined variable $data_menu
#0 /home/dinxstud/public_html/chandani/app/Controllers/Home.php(103): CodeIgniter\Debug\Exceptions->errorHandler()
#1 /home/dinxstud/public_html/chandani/system/CodeIgniter.php(803): App\Controllers\Home->index()
#2 /home/dinxstud/public_html/chandani/system/CodeIgniter.php(400): CodeIgniter\CodeIgniter->runController()
#3 /home/dinxstud/public_html/chandani/system/CodeIgniter.php(318): CodeIgniter\CodeIgniter->handleRequest()
#4 /home/dinxstud/public_html/chandani/public/index.php(38): CodeIgniter\CodeIgniter->run()
#5 {main}
CRITICAL - 2022-05-31 15:35:33 --> Undefined variable $data_menu
#0 /home/dinxstud/public_html/chandani/app/Controllers/Home.php(103): CodeIgniter\Debug\Exceptions->errorHandler()
#1 /home/dinxstud/public_html/chandani/system/CodeIgniter.php(803): App\Controllers\Home->index()
#2 /home/dinxstud/public_html/chandani/system/CodeIgniter.php(400): CodeIgniter\CodeIgniter->runController()
#3 /home/dinxstud/public_html/chandani/system/CodeIgniter.php(318): CodeIgniter\CodeIgniter->handleRequest()
#4 /home/dinxstud/public_html/chandani/public/index.php(38): CodeIgniter\CodeIgniter->run()
#5 {main}
CRITICAL - 2022-05-31 15:35:50 --> Undefined variable $data_menu
#0 /home/dinxstud/public_html/chandani/app/Controllers/Home.php(103): CodeIgniter\Debug\Exceptions->errorHandler()
#1 /home/dinxstud/public_html/chandani/system/CodeIgniter.php(803): App\Controllers\Home->index()
#2 /home/dinxstud/public_html/chandani/system/CodeIgniter.php(400): CodeIgniter\CodeIgniter->runController()
#3 /home/dinxstud/public_html/chandani/system/CodeIgniter.php(318): CodeIgniter\CodeIgniter->handleRequest()
#4 /home/dinxstud/public_html/chandani/public/index.php(38): CodeIgniter\CodeIgniter->run()
#5 {main}
CRITICAL - 2022-05-31 15:36:12 --> Undefined variable $data_menu
#0 /home/dinxstud/public_html/chandani/app/Controllers/Home.php(103): CodeIgniter\Debug\Exceptions->errorHandler()
#1 /home/dinxstud/public_html/chandani/system/CodeIgniter.php(803): App\Controllers\Home->index()
#2 /home/dinxstud/public_html/chandani/system/CodeIgniter.php(400): CodeIgniter\CodeIgniter->runController()
#3 /home/dinxstud/public_html/chandani/system/CodeIgniter.php(318): CodeIgniter\CodeIgniter->handleRequest()
#4 /home/dinxstud/public_html/chandani/public/index.php(38): CodeIgniter\CodeIgniter->run()
#5 {main}
CRITICAL - 2022-05-31 15:36:25 --> Undefined array key "password"
#0 /home/dinxstud/public_html/chandani/app/Controllers/Home.php(40): CodeIgniter\Debug\Exceptions->errorHandler()
#1 /home/dinxstud/public_html/chandani/system/CodeIgniter.php(803): App\Controllers\Home->index()
#2 /home/dinxstud/public_html/chandani/system/CodeIgniter.php(400): CodeIgniter\CodeIgniter->runController()
#3 /home/dinxstud/public_html/chandani/system/CodeIgniter.php(318): CodeIgniter\CodeIgniter->handleRequest()
#4 /home/dinxstud/public_html/chandani/public/index.php(38): CodeIgniter\CodeIgniter->run()
#5 {main}
CRITICAL - 2022-05-31 15:37:08 --> Undefined variable $data_menu
#0 /home/dinxstud/public_html/chandani/app/Controllers/Home.php(103): CodeIgniter\Debug\Exceptions->errorHandler()
#1 /home/dinxstud/public_html/chandani/system/CodeIgniter.php(803): App\Controllers\Home->index()
#2 /home/dinxstud/public_html/chandani/system/CodeIgniter.php(400): CodeIgniter\CodeIgniter->runController()
#3 /home/dinxstud/public_html/chandani/system/CodeIgniter.php(318): CodeIgniter\CodeIgniter->handleRequest()
#4 /home/dinxstud/public_html/chandani/public/index.php(38): CodeIgniter\CodeIgniter->run()
#5 {main}
CRITICAL - 2022-05-31 15:37:15 --> Undefined variable $data_menu
#0 /home/dinxstud/public_html/chandani/app/Controllers/Home.php(103): CodeIgniter\Debug\Exceptions->errorHandler()
#1 /home/dinxstud/public_html/chandani/system/CodeIgniter.php(803): App\Controllers\Home->index()
#2 /home/dinxstud/public_html/chandani/system/CodeIgniter.php(400): CodeIgniter\CodeIgniter->runController()
#3 /home/dinxstud/public_html/chandani/system/CodeIgniter.php(318): CodeIgniter\CodeIgniter->handleRequest()
#4 /home/dinxstud/public_html/chandani/public/index.php(38): CodeIgniter\CodeIgniter->run()
#5 {main}
ERROR - 2022-05-31 16:28:46 --> Not unique table/alias: 'tblcompany_menuOptions'
CRITICAL - 2022-05-31 16:28:46 --> Not unique table/alias: 'tblcompany_menuOptions'
#0 /home/dinxstud/public_html/chandani/system/Database/MySQLi/Connection.php(280): mysqli->query()
#1 /home/dinxstud/public_html/chandani/system/Database/BaseConnection.php(663): CodeIgniter\Database\MySQLi\Connection->execute()
#2 /home/dinxstud/public_html/chandani/system/Database/BaseConnection.php(591): CodeIgniter\Database\BaseConnection->simpleQuery()
#3 /home/dinxstud/public_html/chandani/system/Database/BaseBuilder.php(1428): CodeIgniter\Database\BaseConnection->query()
#4 /home/dinxstud/public_html/chandani/system/Model.php(720): CodeIgniter\Database\BaseBuilder->get()
#5 /home/dinxstud/public_html/chandani/app/Controllers/Events.php(171): CodeIgniter\Model->__call()
#6 /home/dinxstud/public_html/chandani/system/CodeIgniter.php(803): App\Controllers\Events->chooseHall()
#7 /home/dinxstud/public_html/chandani/system/CodeIgniter.php(400): CodeIgniter\CodeIgniter->runController()
#8 /home/dinxstud/public_html/chandani/system/CodeIgniter.php(318): CodeIgniter\CodeIgniter->handleRequest()
#9 /home/dinxstud/public_html/chandani/public/index.php(38): CodeIgniter\CodeIgniter->run()
#10 {main}
ERROR - 2022-05-31 16:30:59 --> Not unique table/alias: 'tblcompany_menuOptions'
CRITICAL - 2022-05-31 16:30:59 --> Not unique table/alias: 'tblcompany_menuOptions'
#0 /home/dinxstud/public_html/chandani/system/Database/MySQLi/Connection.php(280): mysqli->query()
#1 /home/dinxstud/public_html/chandani/system/Database/BaseConnection.php(663): CodeIgniter\Database\MySQLi\Connection->execute()
#2 /home/dinxstud/public_html/chandani/system/Database/BaseConnection.php(591): CodeIgniter\Database\BaseConnection->simpleQuery()
#3 /home/dinxstud/public_html/chandani/system/Database/BaseBuilder.php(1428): CodeIgniter\Database\BaseConnection->query()
#4 /home/dinxstud/public_html/chandani/system/Model.php(720): CodeIgniter\Database\BaseBuilder->get()
#5 /home/dinxstud/public_html/chandani/app/Controllers/Events.php(172): CodeIgniter\Model->__call()
#6 /home/dinxstud/public_html/chandani/system/CodeIgniter.php(803): App\Controllers\Events->chooseHall()
#7 /home/dinxstud/public_html/chandani/system/CodeIgniter.php(400): CodeIgniter\CodeIgniter->runController()
#8 /home/dinxstud/public_html/chandani/system/CodeIgniter.php(318): CodeIgniter\CodeIgniter->handleRequest()
#9 /home/dinxstud/public_html/chandani/public/index.php(38): CodeIgniter\CodeIgniter->run()
#10 {main}
ERROR - 2022-05-31 16:31:52 --> Not unique table/alias: 'tblcompany_menuOptions'
CRITICAL - 2022-05-31 16:31:52 --> Not unique table/alias: 'tblcompany_menuOptions'
#0 /home/dinxstud/public_html/chandani/system/Database/MySQLi/Connection.php(280): mysqli->query()
#1 /home/dinxstud/public_html/chandani/system/Database/BaseConnection.php(663): CodeIgniter\Database\MySQLi\Connection->execute()
#2 /home/dinxstud/public_html/chandani/system/Database/BaseConnection.php(591): CodeIgniter\Database\BaseConnection->simpleQuery()
#3 /home/dinxstud/public_html/chandani/system/Database/BaseBuilder.php(1428): CodeIgniter\Database\BaseConnection->query()
#4 /home/dinxstud/public_html/chandani/system/Model.php(720): CodeIgniter\Database\BaseBuilder->get()
#5 /home/dinxstud/public_html/chandani/app/Controllers/Events.php(172): CodeIgniter\Model->__call()
#6 /home/dinxstud/public_html/chandani/system/CodeIgniter.php(803): App\Controllers\Events->chooseHall()
#7 /home/dinxstud/public_html/chandani/system/CodeIgniter.php(400): CodeIgniter\CodeIgniter->runController()
#8 /home/dinxstud/public_html/chandani/system/CodeIgniter.php(318): CodeIgniter\CodeIgniter->handleRequest()
#9 /home/dinxstud/public_html/chandani/public/index.php(38): CodeIgniter\CodeIgniter->run()
#10 {main}
ERROR - 2022-05-31 16:33:33 --> Unknown column 'tblcompany_buffetPricing.tblcompany_buffetPricing' in 'where clause'
CRITICAL - 2022-05-31 16:33:33 --> Unknown column 'tblcompany_buffetPricing.tblcompany_buffetPricing' in 'where clause'
#0 /home/dinxstud/public_html/chandani/system/Database/MySQLi/Connection.php(280): mysqli->query()
#1 /home/dinxstud/public_html/chandani/system/Database/BaseConnection.php(663): CodeIgniter\Database\MySQLi\Connection->execute()
#2 /home/dinxstud/public_html/chandani/system/Database/BaseConnection.php(591): CodeIgniter\Database\BaseConnection->simpleQuery()
#3 /home/dinxstud/public_html/chandani/system/Database/BaseBuilder.php(1428): CodeIgniter\Database\BaseConnection->query()
#4 /home/dinxstud/public_html/chandani/system/Model.php(720): CodeIgniter\Database\BaseBuilder->get()
#5 /home/dinxstud/public_html/chandani/app/Controllers/Events.php(173): CodeIgniter\Model->__call()
#6 /home/dinxstud/public_html/chandani/system/CodeIgniter.php(803): App\Controllers\Events->chooseHall()
#7 /home/dinxstud/public_html/chandani/system/CodeIgniter.php(400): CodeIgniter\CodeIgniter->runController()
#8 /home/dinxstud/public_html/chandani/system/CodeIgniter.php(318): CodeIgniter\CodeIgniter->handleRequest()
#9 /home/dinxstud/public_html/chandani/public/index.php(38): CodeIgniter\CodeIgniter->run()
#10 {main}
CRITICAL - 2022-05-31 16:49:48 --> syntax error, unexpected string content "clientLe"
#0 /home/dinxstud/public_html/chandani/system/Router/Router.php(160): CodeIgniter\Router\Router->autoRoute()
#1 /home/dinxstud/public_html/chandani/system/CodeIgniter.php(703): CodeIgniter\Router\Router->handle()
#2 /home/dinxstud/public_html/chandani/system/CodeIgniter.php(359): CodeIgniter\CodeIgniter->tryToRouteIt()
#3 /home/dinxstud/public_html/chandani/system/CodeIgniter.php(318): CodeIgniter\CodeIgniter->handleRequest()
#4 /home/dinxstud/public_html/chandani/public/index.php(38): CodeIgniter\CodeIgniter->run()
#5 {main}
CRITICAL - 2022-05-31 17:02:18 --> Unclosed '{' on line 704
#0 /home/dinxstud/public_html/chandani/system/Router/Router.php(160): CodeIgniter\Router\Router->autoRoute()
#1 /home/dinxstud/public_html/chandani/system/CodeIgniter.php(703): CodeIgniter\Router\Router->handle()
#2 /home/dinxstud/public_html/chandani/system/CodeIgniter.php(359): CodeIgniter\CodeIgniter->tryToRouteIt()
#3 /home/dinxstud/public_html/chandani/system/CodeIgniter.php(318): CodeIgniter\CodeIgniter->handleRequest()
#4 /home/dinxstud/public_html/chandani/public/index.php(38): CodeIgniter\CodeIgniter->run()
#5 {main}
CRITICAL - 2022-05-31 17:18:13 --> Unclosed '{' on line 908 does not match ']'
#0 /home/dinxstud/public_html/chandani/system/Router/Router.php(160): CodeIgniter\Router\Router->autoRoute()
#1 /home/dinxstud/public_html/chandani/system/CodeIgniter.php(703): CodeIgniter\Router\Router->handle()
#2 /home/dinxstud/public_html/chandani/system/CodeIgniter.php(359): CodeIgniter\CodeIgniter->tryToRouteIt()
#3 /home/dinxstud/public_html/chandani/system/CodeIgniter.php(318): CodeIgniter\CodeIgniter->handleRequest()
#4 /home/dinxstud/public_html/chandani/public/index.php(38): CodeIgniter\CodeIgniter->run()
#5 {main}
CRITICAL - 2022-05-31 17:18:33 --> Undefined variable $companyVenueHallsModel
#0 /home/dinxstud/public_html/chandani/app/Controllers/Events.php(1005): CodeIgniter\Debug\Exceptions->errorHandler()
#1 /home/dinxstud/public_html/chandani/system/CodeIgniter.php(803): App\Controllers\Events->modify()
#2 /home/dinxstud/public_html/chandani/system/CodeIgniter.php(400): CodeIgniter\CodeIgniter->runController()
#3 /home/dinxstud/public_html/chandani/system/CodeIgniter.php(318): CodeIgniter\CodeIgniter->handleRequest()
#4 /home/dinxstud/public_html/chandani/public/index.php(38): CodeIgniter\CodeIgniter->run()
#5 {main}
CRITICAL - 2022-05-31 17:40:05 --> Unclosed '('
#0 /home/dinxstud/public_html/chandani/system/Router/Router.php(160): CodeIgniter\Router\Router->autoRoute()
#1 /home/dinxstud/public_html/chandani/system/CodeIgniter.php(703): CodeIgniter\Router\Router->handle()
#2 /home/dinxstud/public_html/chandani/system/CodeIgniter.php(359): CodeIgniter\CodeIgniter->tryToRouteIt()
#3 /home/dinxstud/public_html/chandani/system/CodeIgniter.php(318): CodeIgniter\CodeIgniter->handleRequest()
#4 /home/dinxstud/public_html/chandani/public/index.php(38): CodeIgniter\CodeIgniter->run()
#5 {main}
CRITICAL - 2022-05-31 17:40:58 --> Unclosed '{' on line 247
#0 /home/dinxstud/public_html/chandani/system/Router/Router.php(160): CodeIgniter\Router\Router->autoRoute()
#1 /home/dinxstud/public_html/chandani/system/CodeIgniter.php(703): CodeIgniter\Router\Router->handle()
#2 /home/dinxstud/public_html/chandani/system/CodeIgniter.php(359): CodeIgniter\CodeIgniter->tryToRouteIt()
#3 /home/dinxstud/public_html/chandani/system/CodeIgniter.php(318): CodeIgniter\CodeIgniter->handleRequest()
#4 /home/dinxstud/public_html/chandani/public/index.php(38): CodeIgniter\CodeIgniter->run()
#5 {main}
CRITICAL - 2022-05-31 18:01:55 --> There is no data to update.
#0 /home/dinxstud/public_html/chandani/system/BaseModel.php(853): CodeIgniter\Database\Exceptions\DataException::forEmptyDataset()
#1 /home/dinxstud/public_html/chandani/system/Model.php(646): CodeIgniter\BaseModel->update()
#2 /home/dinxstud/public_html/chandani/app/Controllers/Events.php(874): CodeIgniter\Model->update()
#3 /home/dinxstud/public_html/chandani/system/CodeIgniter.php(803): App\Controllers\Events->orderConfirmation()
#4 /home/dinxstud/public_html/chandani/system/CodeIgniter.php(400): CodeIgniter\CodeIgniter->runController()
#5 /home/dinxstud/public_html/chandani/system/CodeIgniter.php(318): CodeIgniter\CodeIgniter->handleRequest()
#6 /home/dinxstud/public_html/chandani/public/index.php(38): CodeIgniter\CodeIgniter->run()
#7 {main}
CRITICAL - 2022-05-31 18:04:20 --> There is no data to update.
#0 /home/dinxstud/public_html/chandani/system/BaseModel.php(853): CodeIgniter\Database\Exceptions\DataException::forEmptyDataset()
#1 /home/dinxstud/public_html/chandani/system/Model.php(646): CodeIgniter\BaseModel->update()
#2 /home/dinxstud/public_html/chandani/app/Controllers/Events.php(874): CodeIgniter\Model->update()
#3 /home/dinxstud/public_html/chandani/system/CodeIgniter.php(803): App\Controllers\Events->orderConfirmation()
#4 /home/dinxstud/public_html/chandani/system/CodeIgniter.php(400): CodeIgniter\CodeIgniter->runController()
#5 /home/dinxstud/public_html/chandani/system/CodeIgniter.php(318): CodeIgniter\CodeIgniter->handleRequest()
#6 /home/dinxstud/public_html/chandani/public/index.php(38): CodeIgniter\CodeIgniter->run()
#7 {main}
CRITICAL - 2022-05-31 18:04:21 --> syntax error, unexpected token "echo"
#0 /home/dinxstud/public_html/chandani/system/View/View.php(217): CodeIgniter\View\View->CodeIgniter\View\{closure}()
#1 /home/dinxstud/public_html/chandani/system/Common.php(1092): CodeIgniter\View\View->render()
#2 /home/dinxstud/public_html/chandani/app/Controllers/Events.php(887): view()
#3 /home/dinxstud/public_html/chandani/system/CodeIgniter.php(803): App\Controllers\Events->orderConfirmation()
#4 /home/dinxstud/public_html/chandani/system/CodeIgniter.php(400): CodeIgniter\CodeIgniter->runController()
#5 /home/dinxstud/public_html/chandani/system/CodeIgniter.php(318): CodeIgniter\CodeIgniter->handleRequest()
#6 /home/dinxstud/public_html/chandani/public/index.php(38): CodeIgniter\CodeIgniter->run()
#7 {main}
CRITICAL - 2022-05-31 18:05:10 --> syntax error, unexpected token "echo"
#0 /home/dinxstud/public_html/chandani/system/View/View.php(217): CodeIgniter\View\View->CodeIgniter\View\{closure}()
#1 /home/dinxstud/public_html/chandani/system/Common.php(1092): CodeIgniter\View\View->render()
#2 /home/dinxstud/public_html/chandani/app/Controllers/Events.php(887): view()
#3 /home/dinxstud/public_html/chandani/system/CodeIgniter.php(803): App\Controllers\Events->orderConfirmation()
#4 /home/dinxstud/public_html/chandani/system/CodeIgniter.php(400): CodeIgniter\CodeIgniter->runController()
#5 /home/dinxstud/public_html/chandani/system/CodeIgniter.php(318): CodeIgniter\CodeIgniter->handleRequest()
#6 /home/dinxstud/public_html/chandani/public/index.php(38): CodeIgniter\CodeIgniter->run()
#7 {main}
CRITICAL - 2022-05-31 18:05:59 --> syntax error, unexpected token "echo"
#0 /home/dinxstud/public_html/chandani/system/View/View.php(217): CodeIgniter\View\View->CodeIgniter\View\{closure}()
#1 /home/dinxstud/public_html/chandani/system/Common.php(1092): CodeIgniter\View\View->render()
#2 /home/dinxstud/public_html/chandani/app/Controllers/Events.php(887): view()
#3 /home/dinxstud/public_html/chandani/system/CodeIgniter.php(803): App\Controllers\Events->orderConfirmation()
#4 /home/dinxstud/public_html/chandani/system/CodeIgniter.php(400): CodeIgniter\CodeIgniter->runController()
#5 /home/dinxstud/public_html/chandani/system/CodeIgniter.php(318): CodeIgniter\CodeIgniter->handleRequest()
#6 /home/dinxstud/public_html/chandani/public/index.php(38): CodeIgniter\CodeIgniter->run()
#7 {main}
CRITICAL - 2022-05-31 18:06:57 --> There is no data to update.
#0 /home/dinxstud/public_html/chandani/system/BaseModel.php(853): CodeIgniter\Database\Exceptions\DataException::forEmptyDataset()
#1 /home/dinxstud/public_html/chandani/system/Model.php(646): CodeIgniter\BaseModel->update()
#2 /home/dinxstud/public_html/chandani/app/Controllers/Events.php(874): CodeIgniter\Model->update()
#3 /home/dinxstud/public_html/chandani/system/CodeIgniter.php(803): App\Controllers\Events->orderConfirmation()
#4 /home/dinxstud/public_html/chandani/system/CodeIgniter.php(400): CodeIgniter\CodeIgniter->runController()
#5 /home/dinxstud/public_html/chandani/system/CodeIgniter.php(318): CodeIgniter\CodeIgniter->handleRequest()
#6 /home/dinxstud/public_html/chandani/public/index.php(38): CodeIgniter\CodeIgniter->run()
#7 {main}
CRITICAL - 2022-05-31 18:08:03 --> There is no data to update.
#0 /home/dinxstud/public_html/chandani/system/BaseModel.php(1577): CodeIgniter\Database\Exceptions\DataException::forEmptyDataset()
#1 /home/dinxstud/public_html/chandani/system/BaseModel.php(833): CodeIgniter\BaseModel->transformDataToArray()
#2 /home/dinxstud/public_html/chandani/system/Model.php(646): CodeIgniter\BaseModel->update()
#3 /home/dinxstud/public_html/chandani/app/Controllers/Events.php(874): CodeIgniter\Model->update()
#4 /home/dinxstud/public_html/chandani/system/CodeIgniter.php(803): App\Controllers\Events->orderConfirmation()
#5 /home/dinxstud/public_html/chandani/system/CodeIgniter.php(400): CodeIgniter\CodeIgniter->runController()
#6 /home/dinxstud/public_html/chandani/system/CodeIgniter.php(318): CodeIgniter\CodeIgniter->handleRequest()
#7 /home/dinxstud/public_html/chandani/public/index.php(38): CodeIgniter\CodeIgniter->run()
#8 {main}
CRITICAL - 2022-05-31 18:09:59 --> Undefined variable $menu
#0 /home/dinxstud/public_html/chandani/app/Controllers/Events.php(323): CodeIgniter\Debug\Exceptions->errorHandler()
#1 /home/dinxstud/public_html/chandani/system/CodeIgniter.php(803): App\Controllers\Events->menuItems()
#2 /home/dinxstud/public_html/chandani/system/CodeIgniter.php(400): CodeIgniter\CodeIgniter->runController()
#3 /home/dinxstud/public_html/chandani/system/CodeIgniter.php(318): CodeIgniter\CodeIgniter->handleRequest()
#4 /home/dinxstud/public_html/chandani/public/index.php(38): CodeIgniter\CodeIgniter->run()
#5 {main}
CRITICAL - 2022-05-31 19:16:16 --> implode(): Argument #1 ($pieces) must be of type array, string given
#0 /home/dinxstud/public_html/chandani/app/Controllers/Events.php(328): implode()
#1 /home/dinxstud/public_html/chandani/system/CodeIgniter.php(803): App\Controllers\Events->menuItems()
#2 /home/dinxstud/public_html/chandani/system/CodeIgniter.php(400): CodeIgniter\CodeIgniter->runController()
#3 /home/dinxstud/public_html/chandani/system/CodeIgniter.php(318): CodeIgniter\CodeIgniter->handleRequest()
#4 /home/dinxstud/public_html/chandani/public/index.php(38): CodeIgniter\CodeIgniter->run()
#5 {main}
CRITICAL - 2022-05-31 19:16:23 --> implode(): Argument #1 ($pieces) must be of type array, string given
#0 /home/dinxstud/public_html/chandani/app/Controllers/Events.php(328): implode()
#1 /home/dinxstud/public_html/chandani/system/CodeIgniter.php(803): App\Controllers\Events->menuItems()
#2 /home/dinxstud/public_html/chandani/system/CodeIgniter.php(400): CodeIgniter\CodeIgniter->runController()
#3 /home/dinxstud/public_html/chandani/system/CodeIgniter.php(318): CodeIgniter\CodeIgniter->handleRequest()
#4 /home/dinxstud/public_html/chandani/public/index.php(38): CodeIgniter\CodeIgniter->run()
#5 {main}
CRITICAL - 2022-05-31 19:16:51 --> implode(): Argument #1 ($pieces) must be of type array, string given
#0 /home/dinxstud/public_html/chandani/app/Controllers/Events.php(328): implode()
#1 /home/dinxstud/public_html/chandani/system/CodeIgniter.php(803): App\Controllers\Events->menuItems()
#2 /home/dinxstud/public_html/chandani/system/CodeIgniter.php(400): CodeIgniter\CodeIgniter->runController()
#3 /home/dinxstud/public_html/chandani/system/CodeIgniter.php(318): CodeIgniter\CodeIgniter->handleRequest()
#4 /home/dinxstud/public_html/chandani/public/index.php(38): CodeIgniter\CodeIgniter->run()
#5 {main}
ERROR - 2022-05-31 20:08:27 --> Column 'tblcompany_id' in where clause is ambiguous
CRITICAL - 2022-05-31 20:08:27 --> Column 'tblcompany_id' in where clause is ambiguous
#0 /home/dinxstud/public_html/chandani/system/Database/MySQLi/Connection.php(280): mysqli->query()
#1 /home/dinxstud/public_html/chandani/system/Database/BaseConnection.php(663): CodeIgniter\Database\MySQLi\Connection->execute()
#2 /home/dinxstud/public_html/chandani/system/Database/BaseConnection.php(591): CodeIgniter\Database\BaseConnection->simpleQuery()
#3 /home/dinxstud/public_html/chandani/system/Database/BaseBuilder.php(1512): CodeIgniter\Database\BaseConnection->query()
#4 /home/dinxstud/public_html/chandani/app/Models/GroceryCrudModel.php(182): CodeIgniter\Database\BaseBuilder->countAllResults()
#5 /home/dinxstud/public_html/chandani/app/Libraries/GroceryCrud.php(485): App\Models\GroceryCrudModel->get_total_results()
#6 /home/dinxstud/public_html/chandani/app/Libraries/GroceryCrud.php(1706): App\Libraries\grocery_CRUD_Model_Driver->get_total_results()
#7 /home/dinxstud/public_html/chandani/app/Libraries/GroceryCrud.php(4607): App\Libraries\grocery_CRUD_Layout->showListInfo()
#8 /home/dinxstud/public_html/chandani/app/Controllers/ManageBuffet.php(645): App\Libraries\GroceryCrud->render()
#9 /home/dinxstud/public_html/chandani/system/CodeIgniter.php(803): App\Controllers\ManageBuffet->menuItems()
#10 /home/dinxstud/public_html/chandani/system/CodeIgniter.php(400): CodeIgniter\CodeIgniter->runController()
#11 /home/dinxstud/public_html/chandani/system/CodeIgniter.php(318): CodeIgniter\CodeIgniter->handleRequest()
#12 /home/dinxstud/public_html/chandani/public/index.php(38): CodeIgniter\CodeIgniter->run()
#13 {main}
ERROR - 2022-05-31 20:08:31 --> Column 'tblcompany_id' in where clause is ambiguous
CRITICAL - 2022-05-31 20:08:31 --> Column 'tblcompany_id' in where clause is ambiguous
#0 /home/dinxstud/public_html/chandani/system/Database/MySQLi/Connection.php(280): mysqli->query()
#1 /home/dinxstud/public_html/chandani/system/Database/BaseConnection.php(663): CodeIgniter\Database\MySQLi\Connection->execute()
#2 /home/dinxstud/public_html/chandani/system/Database/BaseConnection.php(591): CodeIgniter\Database\BaseConnection->simpleQuery()
#3 /home/dinxstud/public_html/chandani/system/Database/BaseBuilder.php(1512): CodeIgniter\Database\BaseConnection->query()
#4 /home/dinxstud/public_html/chandani/app/Models/GroceryCrudModel.php(182): CodeIgniter\Database\BaseBuilder->countAllResults()
#5 /home/dinxstud/public_html/chandani/app/Libraries/GroceryCrud.php(485): App\Models\GroceryCrudModel->get_total_results()
#6 /home/dinxstud/public_html/chandani/app/Libraries/GroceryCrud.php(1706): App\Libraries\grocery_CRUD_Model_Driver->get_total_results()
#7 /home/dinxstud/public_html/chandani/app/Libraries/GroceryCrud.php(4607): App\Libraries\grocery_CRUD_Layout->showListInfo()
#8 /home/dinxstud/public_html/chandani/app/Controllers/ManageBuffet.php(645): App\Libraries\GroceryCrud->render()
#9 /home/dinxstud/public_html/chandani/system/CodeIgniter.php(803): App\Controllers\ManageBuffet->menuItems()
#10 /home/dinxstud/public_html/chandani/system/CodeIgniter.php(400): CodeIgniter\CodeIgniter->runController()
#11 /home/dinxstud/public_html/chandani/system/CodeIgniter.php(318): CodeIgniter\CodeIgniter->handleRequest()
#12 /home/dinxstud/public_html/chandani/public/index.php(38): CodeIgniter\CodeIgniter->run()
#13 {main}
ERROR - 2022-05-31 20:08:57 --> Column 'tblcompany_id' in where clause is ambiguous
CRITICAL - 2022-05-31 20:08:57 --> Column 'tblcompany_id' in where clause is ambiguous
#0 /home/dinxstud/public_html/chandani/system/Database/MySQLi/Connection.php(280): mysqli->query()
#1 /home/dinxstud/public_html/chandani/system/Database/BaseConnection.php(663): CodeIgniter\Database\MySQLi\Connection->execute()
#2 /home/dinxstud/public_html/chandani/system/Database/BaseConnection.php(591): CodeIgniter\Database\BaseConnection->simpleQuery()
#3 /home/dinxstud/public_html/chandani/system/Database/BaseBuilder.php(1512): CodeIgniter\Database\BaseConnection->query()
#4 /home/dinxstud/public_html/chandani/app/Models/GroceryCrudModel.php(182): CodeIgniter\Database\BaseBuilder->countAllResults()
#5 /home/dinxstud/public_html/chandani/app/Libraries/GroceryCrud.php(485): App\Models\GroceryCrudModel->get_total_results()
#6 /home/dinxstud/public_html/chandani/app/Libraries/GroceryCrud.php(1706): App\Libraries\grocery_CRUD_Model_Driver->get_total_results()
#7 /home/dinxstud/public_html/chandani/app/Libraries/GroceryCrud.php(4607): App\Libraries\grocery_CRUD_Layout->showListInfo()
#8 /home/dinxstud/public_html/chandani/app/Controllers/ManageBuffet.php(645): App\Libraries\GroceryCrud->render()
#9 /home/dinxstud/public_html/chandani/system/CodeIgniter.php(803): App\Controllers\ManageBuffet->menuItems()
#10 /home/dinxstud/public_html/chandani/system/CodeIgniter.php(400): CodeIgniter\CodeIgniter->runController()
#11 /home/dinxstud/public_html/chandani/system/CodeIgniter.php(318): CodeIgniter\CodeIgniter->handleRequest()
#12 /home/dinxstud/public_html/chandani/public/index.php(38): CodeIgniter\CodeIgniter->run()
#13 {main}
ERROR - 2022-05-31 20:09:03 --> Column 'tblcompany_id' in where clause is ambiguous
CRITICAL - 2022-05-31 20:09:03 --> Column 'tblcompany_id' in where clause is ambiguous
#0 /home/dinxstud/public_html/chandani/system/Database/MySQLi/Connection.php(280): mysqli->query()
#1 /home/dinxstud/public_html/chandani/system/Database/BaseConnection.php(663): CodeIgniter\Database\MySQLi\Connection->execute()
#2 /home/dinxstud/public_html/chandani/system/Database/BaseConnection.php(591): CodeIgniter\Database\BaseConnection->simpleQuery()
#3 /home/dinxstud/public_html/chandani/system/Database/BaseBuilder.php(1512): CodeIgniter\Database\BaseConnection->query()
#4 /home/dinxstud/public_html/chandani/app/Models/GroceryCrudModel.php(182): CodeIgniter\Database\BaseBuilder->countAllResults()
#5 /home/dinxstud/public_html/chandani/app/Libraries/GroceryCrud.php(485): App\Models\GroceryCrudModel->get_total_results()
#6 /home/dinxstud/public_html/chandani/app/Libraries/GroceryCrud.php(1706): App\Libraries\grocery_CRUD_Model_Driver->get_total_results()
#7 /home/dinxstud/public_html/chandani/app/Libraries/GroceryCrud.php(4607): App\Libraries\grocery_CRUD_Layout->showListInfo()
#8 /home/dinxstud/public_html/chandani/app/Controllers/ManageBuffet.php(645): App\Libraries\GroceryCrud->render()
#9 /home/dinxstud/public_html/chandani/system/CodeIgniter.php(803): App\Controllers\ManageBuffet->menuItems()
#10 /home/dinxstud/public_html/chandani/system/CodeIgniter.php(400): CodeIgniter\CodeIgniter->runController()
#11 /home/dinxstud/public_html/chandani/system/CodeIgniter.php(318): CodeIgniter\CodeIgniter->handleRequest()
#12 /home/dinxstud/public_html/chandani/public/index.php(38): CodeIgniter\CodeIgniter->run()
#13 {main}
ERROR - 2022-05-31 20:09:34 --> Column 'tblcompany_id' in where clause is ambiguous
CRITICAL - 2022-05-31 20:09:34 --> Column 'tblcompany_id' in where clause is ambiguous
#0 /home/dinxstud/public_html/chandani/system/Database/MySQLi/Connection.php(280): mysqli->query()
#1 /home/dinxstud/public_html/chandani/system/Database/BaseConnection.php(663): CodeIgniter\Database\MySQLi\Connection->execute()
#2 /home/dinxstud/public_html/chandani/system/Database/BaseConnection.php(591): CodeIgniter\Database\BaseConnection->simpleQuery()
#3 /home/dinxstud/public_html/chandani/system/Database/BaseBuilder.php(1512): CodeIgniter\Database\BaseConnection->query()
#4 /home/dinxstud/public_html/chandani/app/Models/GroceryCrudModel.php(182): CodeIgniter\Database\BaseBuilder->countAllResults()
#5 /home/dinxstud/public_html/chandani/app/Libraries/GroceryCrud.php(485): App\Models\GroceryCrudModel->get_total_results()
#6 /home/dinxstud/public_html/chandani/app/Libraries/GroceryCrud.php(1706): App\Libraries\grocery_CRUD_Model_Driver->get_total_results()
#7 /home/dinxstud/public_html/chandani/app/Libraries/GroceryCrud.php(4607): App\Libraries\grocery_CRUD_Layout->showListInfo()
#8 /home/dinxstud/public_html/chandani/app/Controllers/ManageBuffet.php(645): App\Libraries\GroceryCrud->render()
#9 /home/dinxstud/public_html/chandani/system/CodeIgniter.php(803): App\Controllers\ManageBuffet->menuItems()
#10 /home/dinxstud/public_html/chandani/system/CodeIgniter.php(400): CodeIgniter\CodeIgniter->runController()
#11 /home/dinxstud/public_html/chandani/system/CodeIgniter.php(318): CodeIgniter\CodeIgniter->handleRequest()
#12 /home/dinxstud/public_html/chandani/public/index.php(38): CodeIgniter\CodeIgniter->run()
#13 {main}
ERROR - 2022-05-31 20:09:38 --> Column 'tblcompany_id' in where clause is ambiguous
CRITICAL - 2022-05-31 20:09:38 --> Column 'tblcompany_id' in where clause is ambiguous
#0 /home/dinxstud/public_html/chandani/system/Database/MySQLi/Connection.php(280): mysqli->query()
#1 /home/dinxstud/public_html/chandani/system/Database/BaseConnection.php(663): CodeIgniter\Database\MySQLi\Connection->execute()
#2 /home/dinxstud/public_html/chandani/system/Database/BaseConnection.php(591): CodeIgniter\Database\BaseConnection->simpleQuery()
#3 /home/dinxstud/public_html/chandani/system/Database/BaseBuilder.php(1512): CodeIgniter\Database\BaseConnection->query()
#4 /home/dinxstud/public_html/chandani/app/Models/GroceryCrudModel.php(182): CodeIgniter\Database\BaseBuilder->countAllResults()
#5 /home/dinxstud/public_html/chandani/app/Libraries/GroceryCrud.php(485): App\Models\GroceryCrudModel->get_total_results()
#6 /home/dinxstud/public_html/chandani/app/Libraries/GroceryCrud.php(1706): App\Libraries\grocery_CRUD_Model_Driver->get_total_results()
#7 /home/dinxstud/public_html/chandani/app/Libraries/GroceryCrud.php(4607): App\Libraries\grocery_CRUD_Layout->showListInfo()
#8 /home/dinxstud/public_html/chandani/app/Controllers/ManageBuffet.php(645): App\Libraries\GroceryCrud->render()
#9 /home/dinxstud/public_html/chandani/system/CodeIgniter.php(803): App\Controllers\ManageBuffet->menuItems()
#10 /home/dinxstud/public_html/chandani/system/CodeIgniter.php(400): CodeIgniter\CodeIgniter->runController()
#11 /home/dinxstud/public_html/chandani/system/CodeIgniter.php(318): CodeIgniter\CodeIgniter->handleRequest()
#12 /home/dinxstud/public_html/chandani/public/index.php(38): CodeIgniter\CodeIgniter->run()
#13 {main}
ERROR - 2022-05-31 20:09:40 --> Column 'tblcompany_id' in where clause is ambiguous
CRITICAL - 2022-05-31 20:09:40 --> Column 'tblcompany_id' in where clause is ambiguous
#0 /home/dinxstud/public_html/chandani/system/Database/MySQLi/Connection.php(280): mysqli->query()
#1 /home/dinxstud/public_html/chandani/system/Database/BaseConnection.php(663): CodeIgniter\Database\MySQLi\Connection->execute()
#2 /home/dinxstud/public_html/chandani/system/Database/BaseConnection.php(591): CodeIgniter\Database\BaseConnection->simpleQuery()
#3 /home/dinxstud/public_html/chandani/system/Database/BaseBuilder.php(1512): CodeIgniter\Database\BaseConnection->query()
#4 /home/dinxstud/public_html/chandani/app/Models/GroceryCrudModel.php(182): CodeIgniter\Database\BaseBuilder->countAllResults()
#5 /home/dinxstud/public_html/chandani/app/Libraries/GroceryCrud.php(485): App\Models\GroceryCrudModel->get_total_results()
#6 /home/dinxstud/public_html/chandani/app/Libraries/GroceryCrud.php(1706): App\Libraries\grocery_CRUD_Model_Driver->get_total_results()
#7 /home/dinxstud/public_html/chandani/app/Libraries/GroceryCrud.php(4607): App\Libraries\grocery_CRUD_Layout->showListInfo()
#8 /home/dinxstud/public_html/chandani/app/Controllers/ManageBuffet.php(645): App\Libraries\GroceryCrud->render()
#9 /home/dinxstud/public_html/chandani/system/CodeIgniter.php(803): App\Controllers\ManageBuffet->menuItems()
#10 /home/dinxstud/public_html/chandani/system/CodeIgniter.php(400): CodeIgniter\CodeIgniter->runController()
#11 /home/dinxstud/public_html/chandani/system/CodeIgniter.php(318): CodeIgniter\CodeIgniter->handleRequest()
#12 /home/dinxstud/public_html/chandani/public/index.php(38): CodeIgniter\CodeIgniter->run()
#13 {main}
ERROR - 2022-05-31 20:09:43 --> Column 'tblcompany_id' in where clause is ambiguous
CRITICAL - 2022-05-31 20:09:43 --> Column 'tblcompany_id' in where clause is ambiguous
#0 /home/dinxstud/public_html/chandani/system/Database/MySQLi/Connection.php(280): mysqli->query()
#1 /home/dinxstud/public_html/chandani/system/Database/BaseConnection.php(663): CodeIgniter\Database\MySQLi\Connection->execute()
#2 /home/dinxstud/public_html/chandani/system/Database/BaseConnection.php(591): CodeIgniter\Database\BaseConnection->simpleQuery()
#3 /home/dinxstud/public_html/chandani/system/Database/BaseBuilder.php(1512): CodeIgniter\Database\BaseConnection->query()
#4 /home/dinxstud/public_html/chandani/app/Models/GroceryCrudModel.php(182): CodeIgniter\Database\BaseBuilder->countAllResults()
#5 /home/dinxstud/public_html/chandani/app/Libraries/GroceryCrud.php(485): App\Models\GroceryCrudModel->get_total_results()
#6 /home/dinxstud/public_html/chandani/app/Libraries/GroceryCrud.php(1706): App\Libraries\grocery_CRUD_Model_Driver->get_total_results()
#7 /home/dinxstud/public_html/chandani/app/Libraries/GroceryCrud.php(4607): App\Libraries\grocery_CRUD_Layout->showListInfo()
#8 /home/dinxstud/public_html/chandani/app/Controllers/ManageBuffet.php(645): App\Libraries\GroceryCrud->render()
#9 /home/dinxstud/public_html/chandani/system/CodeIgniter.php(803): App\Controllers\ManageBuffet->menuItems()
#10 /home/dinxstud/public_html/chandani/system/CodeIgniter.php(400): CodeIgniter\CodeIgniter->runController()
#11 /home/dinxstud/public_html/chandani/system/CodeIgniter.php(318): CodeIgniter\CodeIgniter->handleRequest()
#12 /home/dinxstud/public_html/chandani/public/index.php(38): CodeIgniter\CodeIgniter->run()
#13 {main}
ERROR - 2022-05-31 20:09:48 --> Column 'tblcompany_id' in where clause is ambiguous
CRITICAL - 2022-05-31 20:09:48 --> Column 'tblcompany_id' in where clause is ambiguous
#0 /home/dinxstud/public_html/chandani/system/Database/MySQLi/Connection.php(280): mysqli->query()
#1 /home/dinxstud/public_html/chandani/system/Database/BaseConnection.php(663): CodeIgniter\Database\MySQLi\Connection->execute()
#2 /home/dinxstud/public_html/chandani/system/Database/BaseConnection.php(591): CodeIgniter\Database\BaseConnection->simpleQuery()
#3 /home/dinxstud/public_html/chandani/system/Database/BaseBuilder.php(1512): CodeIgniter\Database\BaseConnection->query()
#4 /home/dinxstud/public_html/chandani/app/Models/GroceryCrudModel.php(182): CodeIgniter\Database\BaseBuilder->countAllResults()
#5 /home/dinxstud/public_html/chandani/app/Libraries/GroceryCrud.php(485): App\Models\GroceryCrudModel->get_total_results()
#6 /home/dinxstud/public_html/chandani/app/Libraries/GroceryCrud.php(1706): App\Libraries\grocery_CRUD_Model_Driver->get_total_results()
#7 /home/dinxstud/public_html/chandani/app/Libraries/GroceryCrud.php(4607): App\Libraries\grocery_CRUD_Layout->showListInfo()
#8 /home/dinxstud/public_html/chandani/app/Controllers/ManageBuffet.php(645): App\Libraries\GroceryCrud->render()
#9 /home/dinxstud/public_html/chandani/system/CodeIgniter.php(803): App\Controllers\ManageBuffet->menuItems()
#10 /home/dinxstud/public_html/chandani/system/CodeIgniter.php(400): CodeIgniter\CodeIgniter->runController()
#11 /home/dinxstud/public_html/chandani/system/CodeIgniter.php(318): CodeIgniter\CodeIgniter->handleRequest()
#12 /home/dinxstud/public_html/chandani/public/index.php(38): CodeIgniter\CodeIgniter->run()
#13 {main}
ERROR - 2022-05-31 20:09:50 --> Column 'tblcompany_id' in where clause is ambiguous
CRITICAL - 2022-05-31 20:09:50 --> Column 'tblcompany_id' in where clause is ambiguous
#0 /home/dinxstud/public_html/chandani/system/Database/MySQLi/Connection.php(280): mysqli->query()
#1 /home/dinxstud/public_html/chandani/system/Database/BaseConnection.php(663): CodeIgniter\Database\MySQLi\Connection->execute()
#2 /home/dinxstud/public_html/chandani/system/Database/BaseConnection.php(591): CodeIgniter\Database\BaseConnection->simpleQuery()
#3 /home/dinxstud/public_html/chandani/system/Database/BaseBuilder.php(1512): CodeIgniter\Database\BaseConnection->query()
#4 /home/dinxstud/public_html/chandani/app/Models/GroceryCrudModel.php(182): CodeIgniter\Database\BaseBuilder->countAllResults()
#5 /home/dinxstud/public_html/chandani/app/Libraries/GroceryCrud.php(485): App\Models\GroceryCrudModel->get_total_results()
#6 /home/dinxstud/public_html/chandani/app/Libraries/GroceryCrud.php(1706): App\Libraries\grocery_CRUD_Model_Driver->get_total_results()
#7 /home/dinxstud/public_html/chandani/app/Libraries/GroceryCrud.php(4607): App\Libraries\grocery_CRUD_Layout->showListInfo()
#8 /home/dinxstud/public_html/chandani/app/Controllers/ManageBuffet.php(645): App\Libraries\GroceryCrud->render()
#9 /home/dinxstud/public_html/chandani/system/CodeIgniter.php(803): App\Controllers\ManageBuffet->menuItems()
#10 /home/dinxstud/public_html/chandani/system/CodeIgniter.php(400): CodeIgniter\CodeIgniter->runController()
#11 /home/dinxstud/public_html/chandani/system/CodeIgniter.php(318): CodeIgniter\CodeIgniter->handleRequest()
#12 /home/dinxstud/public_html/chandani/public/index.php(38): CodeIgniter\CodeIgniter->run()
#13 {main}
ERROR - 2022-05-31 20:09:56 --> Column 'tblcompany_id' in where clause is ambiguous
CRITICAL - 2022-05-31 20:09:56 --> Column 'tblcompany_id' in where clause is ambiguous
#0 /home/dinxstud/public_html/chandani/system/Database/MySQLi/Connection.php(280): mysqli->query()
#1 /home/dinxstud/public_html/chandani/system/Database/BaseConnection.php(663): CodeIgniter\Database\MySQLi\Connection->execute()
#2 /home/dinxstud/public_html/chandani/system/Database/BaseConnection.php(591): CodeIgniter\Database\BaseConnection->simpleQuery()
#3 /home/dinxstud/public_html/chandani/system/Database/BaseBuilder.php(1512): CodeIgniter\Database\BaseConnection->query()
#4 /home/dinxstud/public_html/chandani/app/Models/GroceryCrudModel.php(182): CodeIgniter\Database\BaseBuilder->countAllResults()
#5 /home/dinxstud/public_html/chandani/app/Libraries/GroceryCrud.php(485): App\Models\GroceryCrudModel->get_total_results()
#6 /home/dinxstud/public_html/chandani/app/Libraries/GroceryCrud.php(1706): App\Libraries\grocery_CRUD_Model_Driver->get_total_results()
#7 /home/dinxstud/public_html/chandani/app/Libraries/GroceryCrud.php(4607): App\Libraries\grocery_CRUD_Layout->showListInfo()
#8 /home/dinxstud/public_html/chandani/app/Controllers/ManageBuffet.php(645): App\Libraries\GroceryCrud->render()
#9 /home/dinxstud/public_html/chandani/system/CodeIgniter.php(803): App\Controllers\ManageBuffet->menuItems()
#10 /home/dinxstud/public_html/chandani/system/CodeIgniter.php(400): CodeIgniter\CodeIgniter->runController()
#11 /home/dinxstud/public_html/chandani/system/CodeIgniter.php(318): CodeIgniter\CodeIgniter->handleRequest()
#12 /home/dinxstud/public_html/chandani/public/index.php(38): CodeIgniter\CodeIgniter->run()
#13 {main}
ERROR - 2022-05-31 20:16:49 --> Column 'tblcompany_id' in where clause is ambiguous
CRITICAL - 2022-05-31 20:16:49 --> Column 'tblcompany_id' in where clause is ambiguous
#0 /home/dinxstud/public_html/chandani/system/Database/MySQLi/Connection.php(280): mysqli->query()
#1 /home/dinxstud/public_html/chandani/system/Database/BaseConnection.php(663): CodeIgniter\Database\MySQLi\Connection->execute()
#2 /home/dinxstud/public_html/chandani/system/Database/BaseConnection.php(591): CodeIgniter\Database\BaseConnection->simpleQuery()
#3 /home/dinxstud/public_html/chandani/system/Database/BaseBuilder.php(1512): CodeIgniter\Database\BaseConnection->query()
#4 /home/dinxstud/public_html/chandani/app/Models/GroceryCrudModel.php(182): CodeIgniter\Database\BaseBuilder->countAllResults()
#5 /home/dinxstud/public_html/chandani/app/Libraries/GroceryCrud.php(485): App\Models\GroceryCrudModel->get_total_results()
#6 /home/dinxstud/public_html/chandani/app/Libraries/GroceryCrud.php(1706): App\Libraries\grocery_CRUD_Model_Driver->get_total_results()
#7 /home/dinxstud/public_html/chandani/app/Libraries/GroceryCrud.php(4607): App\Libraries\grocery_CRUD_Layout->showListInfo()
#8 /home/dinxstud/public_html/chandani/app/Controllers/ManageBuffet.php(645): App\Libraries\GroceryCrud->render()
#9 /home/dinxstud/public_html/chandani/system/CodeIgniter.php(803): App\Controllers\ManageBuffet->menuItems()
#10 /home/dinxstud/public_html/chandani/system/CodeIgniter.php(400): CodeIgniter\CodeIgniter->runController()
#11 /home/dinxstud/public_html/chandani/system/CodeIgniter.php(318): CodeIgniter\CodeIgniter->handleRequest()
#12 /home/dinxstud/public_html/chandani/public/index.php(38): CodeIgniter\CodeIgniter->run()
#13 {main}
ERROR - 2022-05-31 20:16:53 --> Column 'tblcompany_id' in where clause is ambiguous
CRITICAL - 2022-05-31 20:16:53 --> Column 'tblcompany_id' in where clause is ambiguous
#0 /home/dinxstud/public_html/chandani/system/Database/MySQLi/Connection.php(280): mysqli->query()
#1 /home/dinxstud/public_html/chandani/system/Database/BaseConnection.php(663): CodeIgniter\Database\MySQLi\Connection->execute()
#2 /home/dinxstud/public_html/chandani/system/Database/BaseConnection.php(591): CodeIgniter\Database\BaseConnection->simpleQuery()
#3 /home/dinxstud/public_html/chandani/system/Database/BaseBuilder.php(1512): CodeIgniter\Database\BaseConnection->query()
#4 /home/dinxstud/public_html/chandani/app/Models/GroceryCrudModel.php(182): CodeIgniter\Database\BaseBuilder->countAllResults()
#5 /home/dinxstud/public_html/chandani/app/Libraries/GroceryCrud.php(485): App\Models\GroceryCrudModel->get_total_results()
#6 /home/dinxstud/public_html/chandani/app/Libraries/GroceryCrud.php(1706): App\Libraries\grocery_CRUD_Model_Driver->get_total_results()
#7 /home/dinxstud/public_html/chandani/app/Libraries/GroceryCrud.php(4607): App\Libraries\grocery_CRUD_Layout->showListInfo()
#8 /home/dinxstud/public_html/chandani/app/Controllers/ManageBuffet.php(645): App\Libraries\GroceryCrud->render()
#9 /home/dinxstud/public_html/chandani/system/CodeIgniter.php(803): App\Controllers\ManageBuffet->menuItems()
#10 /home/dinxstud/public_html/chandani/system/CodeIgniter.php(400): CodeIgniter\CodeIgniter->runController()
#11 /home/dinxstud/public_html/chandani/system/CodeIgniter.php(318): CodeIgniter\CodeIgniter->handleRequest()
#12 /home/dinxstud/public_html/chandani/public/index.php(38): CodeIgniter\CodeIgniter->run()
#13 {main}
ERROR - 2022-05-31 23:38:39 --> Column 'tblcompany_id' in where clause is ambiguous
CRITICAL - 2022-05-31 23:38:39 --> Column 'tblcompany_id' in where clause is ambiguous
#0 /home/dinxstud/public_html/chandani/system/Database/MySQLi/Connection.php(280): mysqli->query()
#1 /home/dinxstud/public_html/chandani/system/Database/BaseConnection.php(663): CodeIgniter\Database\MySQLi\Connection->execute()
#2 /home/dinxstud/public_html/chandani/system/Database/BaseConnection.php(591): CodeIgniter\Database\BaseConnection->simpleQuery()
#3 /home/dinxstud/public_html/chandani/system/Database/BaseBuilder.php(1512): CodeIgniter\Database\BaseConnection->query()
#4 /home/dinxstud/public_html/chandani/app/Models/GroceryCrudModel.php(182): CodeIgniter\Database\BaseBuilder->countAllResults()
#5 /home/dinxstud/public_html/chandani/app/Libraries/GroceryCrud.php(485): App\Models\GroceryCrudModel->get_total_results()
#6 /home/dinxstud/public_html/chandani/app/Libraries/GroceryCrud.php(1706): App\Libraries\grocery_CRUD_Model_Driver->get_total_results()
#7 /home/dinxstud/public_html/chandani/app/Libraries/GroceryCrud.php(4607): App\Libraries\grocery_CRUD_Layout->showListInfo()
#8 /home/dinxstud/public_html/chandani/app/Controllers/ManageBuffet.php(645): App\Libraries\GroceryCrud->render()
#9 /home/dinxstud/public_html/chandani/system/CodeIgniter.php(803): App\Controllers\ManageBuffet->menuItems()
#10 /home/dinxstud/public_html/chandani/system/CodeIgniter.php(400): CodeIgniter\CodeIgniter->runController()
#11 /home/dinxstud/public_html/chandani/system/CodeIgniter.php(318): CodeIgniter\CodeIgniter->handleRequest()
#12 /home/dinxstud/public_html/chandani/public/index.php(38): CodeIgniter\CodeIgniter->run()
#13 {main}
ERROR - 2022-05-31 23:38:42 --> Column 'tblcompany_id' in where clause is ambiguous
CRITICAL - 2022-05-31 23:38:42 --> Column 'tblcompany_id' in where clause is ambiguous
#0 /home/dinxstud/public_html/chandani/system/Database/MySQLi/Connection.php(280): mysqli->query()
#1 /home/dinxstud/public_html/chandani/system/Database/BaseConnection.php(663): CodeIgniter\Database\MySQLi\Connection->execute()
#2 /home/dinxstud/public_html/chandani/system/Database/BaseConnection.php(591): CodeIgniter\Database\BaseConnection->simpleQuery()
#3 /home/dinxstud/public_html/chandani/system/Database/BaseBuilder.php(1512): CodeIgniter\Database\BaseConnection->query()
#4 /home/dinxstud/public_html/chandani/app/Models/GroceryCrudModel.php(182): CodeIgniter\Database\BaseBuilder->countAllResults()
#5 /home/dinxstud/public_html/chandani/app/Libraries/GroceryCrud.php(485): App\Models\GroceryCrudModel->get_total_results()
#6 /home/dinxstud/public_html/chandani/app/Libraries/GroceryCrud.php(1706): App\Libraries\grocery_CRUD_Model_Driver->get_total_results()
#7 /home/dinxstud/public_html/chandani/app/Libraries/GroceryCrud.php(4607): App\Libraries\grocery_CRUD_Layout->showListInfo()
#8 /home/dinxstud/public_html/chandani/app/Controllers/ManageBuffet.php(645): App\Libraries\GroceryCrud->render()
#9 /home/dinxstud/public_html/chandani/system/CodeIgniter.php(803): App\Controllers\ManageBuffet->menuItems()
#10 /home/dinxstud/public_html/chandani/system/CodeIgniter.php(400): CodeIgniter\CodeIgniter->runController()
#11 /home/dinxstud/public_html/chandani/system/CodeIgniter.php(318): CodeIgniter\CodeIgniter->handleRequest()
#12 /home/dinxstud/public_html/chandani/public/index.php(38): CodeIgniter\CodeIgniter->run()
#13 {main}
ERROR - 2022-05-31 23:38:45 --> Column 'tblcompany_id' in where clause is ambiguous
CRITICAL - 2022-05-31 23:38:45 --> Column 'tblcompany_id' in where clause is ambiguous
#0 /home/dinxstud/public_html/chandani/system/Database/MySQLi/Connection.php(280): mysqli->query()
#1 /home/dinxstud/public_html/chandani/system/Database/BaseConnection.php(663): CodeIgniter\Database\MySQLi\Connection->execute()
#2 /home/dinxstud/public_html/chandani/system/Database/BaseConnection.php(591): CodeIgniter\Database\BaseConnection->simpleQuery()
#3 /home/dinxstud/public_html/chandani/system/Database/BaseBuilder.php(1512): CodeIgniter\Database\BaseConnection->query()
#4 /home/dinxstud/public_html/chandani/app/Models/GroceryCrudModel.php(182): CodeIgniter\Database\BaseBuilder->countAllResults()
#5 /home/dinxstud/public_html/chandani/app/Libraries/GroceryCrud.php(485): App\Models\GroceryCrudModel->get_total_results()
#6 /home/dinxstud/public_html/chandani/app/Libraries/GroceryCrud.php(1706): App\Libraries\grocery_CRUD_Model_Driver->get_total_results()
#7 /home/dinxstud/public_html/chandani/app/Libraries/GroceryCrud.php(4607): App\Libraries\grocery_CRUD_Layout->showListInfo()
#8 /home/dinxstud/public_html/chandani/app/Controllers/ManageBuffet.php(645): App\Libraries\GroceryCrud->render()
#9 /home/dinxstud/public_html/chandani/system/CodeIgniter.php(803): App\Controllers\ManageBuffet->menuItems()
#10 /home/dinxstud/public_html/chandani/system/CodeIgniter.php(400): CodeIgniter\CodeIgniter->runController()
#11 /home/dinxstud/public_html/chandani/system/CodeIgniter.php(318): CodeIgniter\CodeIgniter->handleRequest()
#12 /home/dinxstud/public_html/chandani/public/index.php(38): CodeIgniter\CodeIgniter->run()
#13 {main}
ERROR - 2022-05-31 23:38:52 --> Column 'tblcompany_id' in where clause is ambiguous
CRITICAL - 2022-05-31 23:38:52 --> Column 'tblcompany_id' in where clause is ambiguous
#0 /home/dinxstud/public_html/chandani/system/Database/MySQLi/Connection.php(280): mysqli->query()
#1 /home/dinxstud/public_html/chandani/system/Database/BaseConnection.php(663): CodeIgniter\Database\MySQLi\Connection->execute()
#2 /home/dinxstud/public_html/chandani/system/Database/BaseConnection.php(591): CodeIgniter\Database\BaseConnection->simpleQuery()
#3 /home/dinxstud/public_html/chandani/system/Database/BaseBuilder.php(1512): CodeIgniter\Database\BaseConnection->query()
#4 /home/dinxstud/public_html/chandani/app/Models/GroceryCrudModel.php(182): CodeIgniter\Database\BaseBuilder->countAllResults()
#5 /home/dinxstud/public_html/chandani/app/Libraries/GroceryCrud.php(485): App\Models\GroceryCrudModel->get_total_results()
#6 /home/dinxstud/public_html/chandani/app/Libraries/GroceryCrud.php(1706): App\Libraries\grocery_CRUD_Model_Driver->get_total_results()
#7 /home/dinxstud/public_html/chandani/app/Libraries/GroceryCrud.php(4607): App\Libraries\grocery_CRUD_Layout->showListInfo()
#8 /home/dinxstud/public_html/chandani/app/Controllers/ManageBuffet.php(645): App\Libraries\GroceryCrud->render()
#9 /home/dinxstud/public_html/chandani/system/CodeIgniter.php(803): App\Controllers\ManageBuffet->menuItems()
#10 /home/dinxstud/public_html/chandani/system/CodeIgniter.php(400): CodeIgniter\CodeIgniter->runController()
#11 /home/dinxstud/public_html/chandani/system/CodeIgniter.php(318): CodeIgniter\CodeIgniter->handleRequest()
#12 /home/dinxstud/public_html/chandani/public/index.php(38): CodeIgniter\CodeIgniter->run()
#13 {main}
ERROR - 2022-05-31 23:38:55 --> Column 'tblcompany_id' in where clause is ambiguous
CRITICAL - 2022-05-31 23:38:55 --> Column 'tblcompany_id' in where clause is ambiguous
#0 /home/dinxstud/public_html/chandani/system/Database/MySQLi/Connection.php(280): mysqli->query()
#1 /home/dinxstud/public_html/chandani/system/Database/BaseConnection.php(663): CodeIgniter\Database\MySQLi\Connection->execute()
#2 /home/dinxstud/public_html/chandani/system/Database/BaseConnection.php(591): CodeIgniter\Database\BaseConnection->simpleQuery()
#3 /home/dinxstud/public_html/chandani/system/Database/BaseBuilder.php(1512): CodeIgniter\Database\BaseConnection->query()
#4 /home/dinxstud/public_html/chandani/app/Models/GroceryCrudModel.php(182): CodeIgniter\Database\BaseBuilder->countAllResults()
#5 /home/dinxstud/public_html/chandani/app/Libraries/GroceryCrud.php(485): App\Models\GroceryCrudModel->get_total_results()
#6 /home/dinxstud/public_html/chandani/app/Libraries/GroceryCrud.php(1706): App\Libraries\grocery_CRUD_Model_Driver->get_total_results()
#7 /home/dinxstud/public_html/chandani/app/Libraries/GroceryCrud.php(4607): App\Libraries\grocery_CRUD_Layout->showListInfo()
#8 /home/dinxstud/public_html/chandani/app/Controllers/ManageBuffet.php(645): App\Libraries\GroceryCrud->render()
#9 /home/dinxstud/public_html/chandani/system/CodeIgniter.php(803): App\Controllers\ManageBuffet->menuItems()
#10 /home/dinxstud/public_html/chandani/system/CodeIgniter.php(400): CodeIgniter\CodeIgniter->runController()
#11 /home/dinxstud/public_html/chandani/system/CodeIgniter.php(318): CodeIgniter\CodeIgniter->handleRequest()
#12 /home/dinxstud/public_html/chandani/public/index.php(38): CodeIgniter\CodeIgniter->run()
#13 {main}
ERROR - 2022-05-31 23:38:56 --> Column 'tblcompany_id' in where clause is ambiguous
CRITICAL - 2022-05-31 23:38:56 --> Column 'tblcompany_id' in where clause is ambiguous
#0 /home/dinxstud/public_html/chandani/system/Database/MySQLi/Connection.php(280): mysqli->query()
#1 /home/dinxstud/public_html/chandani/system/Database/BaseConnection.php(663): CodeIgniter\Database\MySQLi\Connection->execute()
#2 /home/dinxstud/public_html/chandani/system/Database/BaseConnection.php(591): CodeIgniter\Database\BaseConnection->simpleQuery()
#3 /home/dinxstud/public_html/chandani/system/Database/BaseBuilder.php(1512): CodeIgniter\Database\BaseConnection->query()
#4 /home/dinxstud/public_html/chandani/app/Models/GroceryCrudModel.php(182): CodeIgniter\Database\BaseBuilder->countAllResults()
#5 /home/dinxstud/public_html/chandani/app/Libraries/GroceryCrud.php(485): App\Models\GroceryCrudModel->get_total_results()
#6 /home/dinxstud/public_html/chandani/app/Libraries/GroceryCrud.php(1706): App\Libraries\grocery_CRUD_Model_Driver->get_total_results()
#7 /home/dinxstud/public_html/chandani/app/Libraries/GroceryCrud.php(4607): App\Libraries\grocery_CRUD_Layout->showListInfo()
#8 /home/dinxstud/public_html/chandani/app/Controllers/ManageBuffet.php(645): App\Libraries\GroceryCrud->render()
#9 /home/dinxstud/public_html/chandani/system/CodeIgniter.php(803): App\Controllers\ManageBuffet->menuItems()
#10 /home/dinxstud/public_html/chandani/system/CodeIgniter.php(400): CodeIgniter\CodeIgniter->runController()
#11 /home/dinxstud/public_html/chandani/system/CodeIgniter.php(318): CodeIgniter\CodeIgniter->handleRequest()
#12 /home/dinxstud/public_html/chandani/public/index.php(38): CodeIgniter\CodeIgniter->run()
#13 {main}
ERROR - 2022-05-31 23:38:57 --> Column 'tblcompany_id' in where clause is ambiguous
CRITICAL - 2022-05-31 23:38:57 --> Column 'tblcompany_id' in where clause is ambiguous
#0 /home/dinxstud/public_html/chandani/system/Database/MySQLi/Connection.php(280): mysqli->query()
#1 /home/dinxstud/public_html/chandani/system/Database/BaseConnection.php(663): CodeIgniter\Database\MySQLi\Connection->execute()
#2 /home/dinxstud/public_html/chandani/system/Database/BaseConnection.php(591): CodeIgniter\Database\BaseConnection->simpleQuery()
#3 /home/dinxstud/public_html/chandani/system/Database/BaseBuilder.php(1512): CodeIgniter\Database\BaseConnection->query()
#4 /home/dinxstud/public_html/chandani/app/Models/GroceryCrudModel.php(182): CodeIgniter\Database\BaseBuilder->countAllResults()
#5 /home/dinxstud/public_html/chandani/app/Libraries/GroceryCrud.php(485): App\Models\GroceryCrudModel->get_total_results()
#6 /home/dinxstud/public_html/chandani/app/Libraries/GroceryCrud.php(1706): App\Libraries\grocery_CRUD_Model_Driver->get_total_results()
#7 /home/dinxstud/public_html/chandani/app/Libraries/GroceryCrud.php(4607): App\Libraries\grocery_CRUD_Layout->showListInfo()
#8 /home/dinxstud/public_html/chandani/app/Controllers/ManageBuffet.php(645): App\Libraries\GroceryCrud->render()
#9 /home/dinxstud/public_html/chandani/system/CodeIgniter.php(803): App\Controllers\ManageBuffet->menuItems()
#10 /home/dinxstud/public_html/chandani/system/CodeIgniter.php(400): CodeIgniter\CodeIgniter->runController()
#11 /home/dinxstud/public_html/chandani/system/CodeIgniter.php(318): CodeIgniter\CodeIgniter->handleRequest()
#12 /home/dinxstud/public_html/chandani/public/index.php(38): CodeIgniter\CodeIgniter->run()
#13 {main}
ERROR - 2022-05-31 23:38:59 --> Column 'tblcompany_id' in where clause is ambiguous
CRITICAL - 2022-05-31 23:38:59 --> Column 'tblcompany_id' in where clause is ambiguous
#0 /home/dinxstud/public_html/chandani/system/Database/MySQLi/Connection.php(280): mysqli->query()
#1 /home/dinxstud/public_html/chandani/system/Database/BaseConnection.php(663): CodeIgniter\Database\MySQLi\Connection->execute()
#2 /home/dinxstud/public_html/chandani/system/Database/BaseConnection.php(591): CodeIgniter\Database\BaseConnection->simpleQuery()
#3 /home/dinxstud/public_html/chandani/system/Database/BaseBuilder.php(1512): CodeIgniter\Database\BaseConnection->query()
#4 /home/dinxstud/public_html/chandani/app/Models/GroceryCrudModel.php(182): CodeIgniter\Database\BaseBuilder->countAllResults()
#5 /home/dinxstud/public_html/chandani/app/Libraries/GroceryCrud.php(485): App\Models\GroceryCrudModel->get_total_results()
#6 /home/dinxstud/public_html/chandani/app/Libraries/GroceryCrud.php(1706): App\Libraries\grocery_CRUD_Model_Driver->get_total_results()
#7 /home/dinxstud/public_html/chandani/app/Libraries/GroceryCrud.php(4607): App\Libraries\grocery_CRUD_Layout->showListInfo()
#8 /home/dinxstud/public_html/chandani/app/Controllers/ManageBuffet.php(645): App\Libraries\GroceryCrud->render()
#9 /home/dinxstud/public_html/chandani/system/CodeIgniter.php(803): App\Controllers\ManageBuffet->menuItems()
#10 /home/dinxstud/public_html/chandani/system/CodeIgniter.php(400): CodeIgniter\CodeIgniter->runController()
#11 /home/dinxstud/public_html/chandani/system/CodeIgniter.php(318): CodeIgniter\CodeIgniter->handleRequest()
#12 /home/dinxstud/public_html/chandani/public/index.php(38): CodeIgniter\CodeIgniter->run()
#13 {main}
ERROR - 2022-05-31 23:39:04 --> Column 'tblcompany_id' in where clause is ambiguous
CRITICAL - 2022-05-31 23:39:04 --> Column 'tblcompany_id' in where clause is ambiguous
#0 /home/dinxstud/public_html/chandani/system/Database/MySQLi/Connection.php(280): mysqli->query()
#1 /home/dinxstud/public_html/chandani/system/Database/BaseConnection.php(663): CodeIgniter\Database\MySQLi\Connection->execute()
#2 /home/dinxstud/public_html/chandani/system/Database/BaseConnection.php(591): CodeIgniter\Database\BaseConnection->simpleQuery()
#3 /home/dinxstud/public_html/chandani/system/Database/BaseBuilder.php(1512): CodeIgniter\Database\BaseConnection->query()
#4 /home/dinxstud/public_html/chandani/app/Models/GroceryCrudModel.php(182): CodeIgniter\Database\BaseBuilder->countAllResults()
#5 /home/dinxstud/public_html/chandani/app/Libraries/GroceryCrud.php(485): App\Models\GroceryCrudModel->get_total_results()
#6 /home/dinxstud/public_html/chandani/app/Libraries/GroceryCrud.php(1706): App\Libraries\grocery_CRUD_Model_Driver->get_total_results()
#7 /home/dinxstud/public_html/chandani/app/Libraries/GroceryCrud.php(4607): App\Libraries\grocery_CRUD_Layout->showListInfo()
#8 /home/dinxstud/public_html/chandani/app/Controllers/ManageBuffet.php(645): App\Libraries\GroceryCrud->render()
#9 /home/dinxstud/public_html/chandani/system/CodeIgniter.php(803): App\Controllers\ManageBuffet->menuItems()
#10 /home/dinxstud/public_html/chandani/system/CodeIgniter.php(400): CodeIgniter\CodeIgniter->runController()
#11 /home/dinxstud/public_html/chandani/system/CodeIgniter.php(318): CodeIgniter\CodeIgniter->handleRequest()
#12 /home/dinxstud/public_html/chandani/public/index.php(38): CodeIgniter\CodeIgniter->run()
#13 {main}
ERROR - 2022-05-31 23:42:55 --> Column 'tblcompany_id' in where clause is ambiguous
CRITICAL - 2022-05-31 23:42:55 --> Column 'tblcompany_id' in where clause is ambiguous
#0 /home/dinxstud/public_html/chandani/system/Database/MySQLi/Connection.php(280): mysqli->query()
#1 /home/dinxstud/public_html/chandani/system/Database/BaseConnection.php(663): CodeIgniter\Database\MySQLi\Connection->execute()
#2 /home/dinxstud/public_html/chandani/system/Database/BaseConnection.php(591): CodeIgniter\Database\BaseConnection->simpleQuery()
#3 /home/dinxstud/public_html/chandani/system/Database/BaseBuilder.php(1512): CodeIgniter\Database\BaseConnection->query()
#4 /home/dinxstud/public_html/chandani/app/Models/GroceryCrudModel.php(182): CodeIgniter\Database\BaseBuilder->countAllResults()
#5 /home/dinxstud/public_html/chandani/app/Libraries/GroceryCrud.php(485): App\Models\GroceryCrudModel->get_total_results()
#6 /home/dinxstud/public_html/chandani/app/Libraries/GroceryCrud.php(1706): App\Libraries\grocery_CRUD_Model_Driver->get_total_results()
#7 /home/dinxstud/public_html/chandani/app/Libraries/GroceryCrud.php(4607): App\Libraries\grocery_CRUD_Layout->showListInfo()
#8 /home/dinxstud/public_html/chandani/app/Controllers/ManageBuffet.php(645): App\Libraries\GroceryCrud->render()
#9 /home/dinxstud/public_html/chandani/system/CodeIgniter.php(803): App\Controllers\ManageBuffet->menuItems()
#10 /home/dinxstud/public_html/chandani/system/CodeIgniter.php(400): CodeIgniter\CodeIgniter->runController()
#11 /home/dinxstud/public_html/chandani/system/CodeIgniter.php(318): CodeIgniter\CodeIgniter->handleRequest()
#12 /home/dinxstud/public_html/chandani/public/index.php(38): CodeIgniter\CodeIgniter->run()
#13 {main}
ERROR - 2022-05-31 23:42:57 --> Column 'tblcompany_id' in where clause is ambiguous
CRITICAL - 2022-05-31 23:42:57 --> Column 'tblcompany_id' in where clause is ambiguous
#0 /home/dinxstud/public_html/chandani/system/Database/MySQLi/Connection.php(280): mysqli->query()
#1 /home/dinxstud/public_html/chandani/system/Database/BaseConnection.php(663): CodeIgniter\Database\MySQLi\Connection->execute()
#2 /home/dinxstud/public_html/chandani/system/Database/BaseConnection.php(591): CodeIgniter\Database\BaseConnection->simpleQuery()
#3 /home/dinxstud/public_html/chandani/system/Database/BaseBuilder.php(1512): CodeIgniter\Database\BaseConnection->query()
#4 /home/dinxstud/public_html/chandani/app/Models/GroceryCrudModel.php(182): CodeIgniter\Database\BaseBuilder->countAllResults()
#5 /home/dinxstud/public_html/chandani/app/Libraries/GroceryCrud.php(485): App\Models\GroceryCrudModel->get_total_results()
#6 /home/dinxstud/public_html/chandani/app/Libraries/GroceryCrud.php(1706): App\Libraries\grocery_CRUD_Model_Driver->get_total_results()
#7 /home/dinxstud/public_html/chandani/app/Libraries/GroceryCrud.php(4607): App\Libraries\grocery_CRUD_Layout->showListInfo()
#8 /home/dinxstud/public_html/chandani/app/Controllers/ManageBuffet.php(645): App\Libraries\GroceryCrud->render()
#9 /home/dinxstud/public_html/chandani/system/CodeIgniter.php(803): App\Controllers\ManageBuffet->menuItems()
#10 /home/dinxstud/public_html/chandani/system/CodeIgniter.php(400): CodeIgniter\CodeIgniter->runController()
#11 /home/dinxstud/public_html/chandani/system/CodeIgniter.php(318): CodeIgniter\CodeIgniter->handleRequest()
#12 /home/dinxstud/public_html/chandani/public/index.php(38): CodeIgniter\CodeIgniter->run()
#13 {main}
ERROR - 2022-05-31 23:43:02 --> Column 'tblcompany_id' in where clause is ambiguous
CRITICAL - 2022-05-31 23:43:02 --> Column 'tblcompany_id' in where clause is ambiguous
#0 /home/dinxstud/public_html/chandani/system/Database/MySQLi/Connection.php(280): mysqli->query()
#1 /home/dinxstud/public_html/chandani/system/Database/BaseConnection.php(663): CodeIgniter\Database\MySQLi\Connection->execute()
#2 /home/dinxstud/public_html/chandani/system/Database/BaseConnection.php(591): CodeIgniter\Database\BaseConnection->simpleQuery()
#3 /home/dinxstud/public_html/chandani/system/Database/BaseBuilder.php(1512): CodeIgniter\Database\BaseConnection->query()
#4 /home/dinxstud/public_html/chandani/app/Models/GroceryCrudModel.php(182): CodeIgniter\Database\BaseBuilder->countAllResults()
#5 /home/dinxstud/public_html/chandani/app/Libraries/GroceryCrud.php(485): App\Models\GroceryCrudModel->get_total_results()
#6 /home/dinxstud/public_html/chandani/app/Libraries/GroceryCrud.php(1706): App\Libraries\grocery_CRUD_Model_Driver->get_total_results()
#7 /home/dinxstud/public_html/chandani/app/Libraries/GroceryCrud.php(4607): App\Libraries\grocery_CRUD_Layout->showListInfo()
#8 /home/dinxstud/public_html/chandani/app/Controllers/ManageBuffet.php(645): App\Libraries\GroceryCrud->render()
#9 /home/dinxstud/public_html/chandani/system/CodeIgniter.php(803): App\Controllers\ManageBuffet->menuItems()
#10 /home/dinxstud/public_html/chandani/system/CodeIgniter.php(400): CodeIgniter\CodeIgniter->runController()
#11 /home/dinxstud/public_html/chandani/system/CodeIgniter.php(318): CodeIgniter\CodeIgniter->handleRequest()
#12 /home/dinxstud/public_html/chandani/public/index.php(38): CodeIgniter\CodeIgniter->run()
#13 {main}
ERROR - 2022-05-31 23:43:07 --> Column 'tblcompany_id' in where clause is ambiguous
CRITICAL - 2022-05-31 23:43:07 --> Column 'tblcompany_id' in where clause is ambiguous
#0 /home/dinxstud/public_html/chandani/system/Database/MySQLi/Connection.php(280): mysqli->query()
#1 /home/dinxstud/public_html/chandani/system/Database/BaseConnection.php(663): CodeIgniter\Database\MySQLi\Connection->execute()
#2 /home/dinxstud/public_html/chandani/system/Database/BaseConnection.php(591): CodeIgniter\Database\BaseConnection->simpleQuery()
#3 /home/dinxstud/public_html/chandani/system/Database/BaseBuilder.php(1512): CodeIgniter\Database\BaseConnection->query()
#4 /home/dinxstud/public_html/chandani/app/Models/GroceryCrudModel.php(182): CodeIgniter\Database\BaseBuilder->countAllResults()
#5 /home/dinxstud/public_html/chandani/app/Libraries/GroceryCrud.php(485): App\Models\GroceryCrudModel->get_total_results()
#6 /home/dinxstud/public_html/chandani/app/Libraries/GroceryCrud.php(1706): App\Libraries\grocery_CRUD_Model_Driver->get_total_results()
#7 /home/dinxstud/public_html/chandani/app/Libraries/GroceryCrud.php(4607): App\Libraries\grocery_CRUD_Layout->showListInfo()
#8 /home/dinxstud/public_html/chandani/app/Controllers/ManageBuffet.php(645): App\Libraries\GroceryCrud->render()
#9 /home/dinxstud/public_html/chandani/system/CodeIgniter.php(803): App\Controllers\ManageBuffet->menuItems()
#10 /home/dinxstud/public_html/chandani/system/CodeIgniter.php(400): CodeIgniter\CodeIgniter->runController()
#11 /home/dinxstud/public_html/chandani/system/CodeIgniter.php(318): CodeIgniter\CodeIgniter->handleRequest()
#12 /home/dinxstud/public_html/chandani/public/index.php(38): CodeIgniter\CodeIgniter->run()
#13 {main}
ERROR - 2022-05-31 23:43:10 --> Column 'tblcompany_id' in where clause is ambiguous
CRITICAL - 2022-05-31 23:43:10 --> Column 'tblcompany_id' in where clause is ambiguous
#0 /home/dinxstud/public_html/chandani/system/Database/MySQLi/Connection.php(280): mysqli->query()
#1 /home/dinxstud/public_html/chandani/system/Database/BaseConnection.php(663): CodeIgniter\Database\MySQLi\Connection->execute()
#2 /home/dinxstud/public_html/chandani/system/Database/BaseConnection.php(591): CodeIgniter\Database\BaseConnection->simpleQuery()
#3 /home/dinxstud/public_html/chandani/system/Database/BaseBuilder.php(1512): CodeIgniter\Database\BaseConnection->query()
#4 /home/dinxstud/public_html/chandani/app/Models/GroceryCrudModel.php(182): CodeIgniter\Database\BaseBuilder->countAllResults()
#5 /home/dinxstud/public_html/chandani/app/Libraries/GroceryCrud.php(485): App\Models\GroceryCrudModel->get_total_results()
#6 /home/dinxstud/public_html/chandani/app/Libraries/GroceryCrud.php(1706): App\Libraries\grocery_CRUD_Model_Driver->get_total_results()
#7 /home/dinxstud/public_html/chandani/app/Libraries/GroceryCrud.php(4607): App\Libraries\grocery_CRUD_Layout->showListInfo()
#8 /home/dinxstud/public_html/chandani/app/Controllers/ManageBuffet.php(645): App\Libraries\GroceryCrud->render()
#9 /home/dinxstud/public_html/chandani/system/CodeIgniter.php(803): App\Controllers\ManageBuffet->menuItems()
#10 /home/dinxstud/public_html/chandani/system/CodeIgniter.php(400): CodeIgniter\CodeIgniter->runController()
#11 /home/dinxstud/public_html/chandani/system/CodeIgniter.php(318): CodeIgniter\CodeIgniter->handleRequest()
#12 /home/dinxstud/public_html/chandani/public/index.php(38): CodeIgniter\CodeIgniter->run()
#13 {main}
ERROR - 2022-05-31 23:43:14 --> Column 'tblcompany_id' in where clause is ambiguous
CRITICAL - 2022-05-31 23:43:14 --> Column 'tblcompany_id' in where clause is ambiguous
#0 /home/dinxstud/public_html/chandani/system/Database/MySQLi/Connection.php(280): mysqli->query()
#1 /home/dinxstud/public_html/chandani/system/Database/BaseConnection.php(663): CodeIgniter\Database\MySQLi\Connection->execute()
#2 /home/dinxstud/public_html/chandani/system/Database/BaseConnection.php(591): CodeIgniter\Database\BaseConnection->simpleQuery()
#3 /home/dinxstud/public_html/chandani/system/Database/BaseBuilder.php(1512): CodeIgniter\Database\BaseConnection->query()
#4 /home/dinxstud/public_html/chandani/app/Models/GroceryCrudModel.php(182): CodeIgniter\Database\BaseBuilder->countAllResults()
#5 /home/dinxstud/public_html/chandani/app/Libraries/GroceryCrud.php(485): App\Models\GroceryCrudModel->get_total_results()
#6 /home/dinxstud/public_html/chandani/app/Libraries/GroceryCrud.php(1706): App\Libraries\grocery_CRUD_Model_Driver->get_total_results()
#7 /home/dinxstud/public_html/chandani/app/Libraries/GroceryCrud.php(4607): App\Libraries\grocery_CRUD_Layout->showListInfo()
#8 /home/dinxstud/public_html/chandani/app/Controllers/ManageBuffet.php(645): App\Libraries\GroceryCrud->render()
#9 /home/dinxstud/public_html/chandani/system/CodeIgniter.php(803): App\Controllers\ManageBuffet->menuItems()
#10 /home/dinxstud/public_html/chandani/system/CodeIgniter.php(400): CodeIgniter\CodeIgniter->runController()
#11 /home/dinxstud/public_html/chandani/system/CodeIgniter.php(318): CodeIgniter\CodeIgniter->handleRequest()
#12 /home/dinxstud/public_html/chandani/public/index.php(38): CodeIgniter\CodeIgniter->run()
#13 {main}
ERROR - 2022-05-31 23:43:18 --> Column 'tblcompany_id' in where clause is ambiguous
CRITICAL - 2022-05-31 23:43:18 --> Column 'tblcompany_id' in where clause is ambiguous
#0 /home/dinxstud/public_html/chandani/system/Database/MySQLi/Connection.php(280): mysqli->query()
#1 /home/dinxstud/public_html/chandani/system/Database/BaseConnection.php(663): CodeIgniter\Database\MySQLi\Connection->execute()
#2 /home/dinxstud/public_html/chandani/system/Database/BaseConnection.php(591): CodeIgniter\Database\BaseConnection->simpleQuery()
#3 /home/dinxstud/public_html/chandani/system/Database/BaseBuilder.php(1512): CodeIgniter\Database\BaseConnection->query()
#4 /home/dinxstud/public_html/chandani/app/Models/GroceryCrudModel.php(182): CodeIgniter\Database\BaseBuilder->countAllResults()
#5 /home/dinxstud/public_html/chandani/app/Libraries/GroceryCrud.php(485): App\Models\GroceryCrudModel->get_total_results()
#6 /home/dinxstud/public_html/chandani/app/Libraries/GroceryCrud.php(1706): App\Libraries\grocery_CRUD_Model_Driver->get_total_results()
#7 /home/dinxstud/public_html/chandani/app/Libraries/GroceryCrud.php(4607): App\Libraries\grocery_CRUD_Layout->showListInfo()
#8 /home/dinxstud/public_html/chandani/app/Controllers/ManageBuffet.php(645): App\Libraries\GroceryCrud->render()
#9 /home/dinxstud/public_html/chandani/system/CodeIgniter.php(803): App\Controllers\ManageBuffet->menuItems()
#10 /home/dinxstud/public_html/chandani/system/CodeIgniter.php(400): CodeIgniter\CodeIgniter->runController()
#11 /home/dinxstud/public_html/chandani/system/CodeIgniter.php(318): CodeIgniter\CodeIgniter->handleRequest()
#12 /home/dinxstud/public_html/chandani/public/index.php(38): CodeIgniter\CodeIgniter->run()
#13 {main}
ERROR - 2022-05-31 23:43:21 --> Column 'tblcompany_id' in where clause is ambiguous
CRITICAL - 2022-05-31 23:43:21 --> Column 'tblcompany_id' in where clause is ambiguous
#0 /home/dinxstud/public_html/chandani/system/Database/MySQLi/Connection.php(280): mysqli->query()
#1 /home/dinxstud/public_html/chandani/system/Database/BaseConnection.php(663): CodeIgniter\Database\MySQLi\Connection->execute()
#2 /home/dinxstud/public_html/chandani/system/Database/BaseConnection.php(591): CodeIgniter\Database\BaseConnection->simpleQuery()
#3 /home/dinxstud/public_html/chandani/system/Database/BaseBuilder.php(1512): CodeIgniter\Database\BaseConnection->query()
#4 /home/dinxstud/public_html/chandani/app/Models/GroceryCrudModel.php(182): CodeIgniter\Database\BaseBuilder->countAllResults()
#5 /home/dinxstud/public_html/chandani/app/Libraries/GroceryCrud.php(485): App\Models\GroceryCrudModel->get_total_results()
#6 /home/dinxstud/public_html/chandani/app/Libraries/GroceryCrud.php(1706): App\Libraries\grocery_CRUD_Model_Driver->get_total_results()
#7 /home/dinxstud/public_html/chandani/app/Libraries/GroceryCrud.php(4607): App\Libraries\grocery_CRUD_Layout->showListInfo()
#8 /home/dinxstud/public_html/chandani/app/Controllers/ManageBuffet.php(645): App\Libraries\GroceryCrud->render()
#9 /home/dinxstud/public_html/chandani/system/CodeIgniter.php(803): App\Controllers\ManageBuffet->menuItems()
#10 /home/dinxstud/public_html/chandani/system/CodeIgniter.php(400): CodeIgniter\CodeIgniter->runController()
#11 /home/dinxstud/public_html/chandani/system/CodeIgniter.php(318): CodeIgniter\CodeIgniter->handleRequest()
#12 /home/dinxstud/public_html/chandani/public/index.php(38): CodeIgniter\CodeIgniter->run()
#13 {main}
ERROR - 2022-05-31 23:43:53 --> Column 'tblcompany_id' in where clause is ambiguous
CRITICAL - 2022-05-31 23:43:53 --> Column 'tblcompany_id' in where clause is ambiguous
#0 /home/dinxstud/public_html/chandani/system/Database/MySQLi/Connection.php(280): mysqli->query()
#1 /home/dinxstud/public_html/chandani/system/Database/BaseConnection.php(663): CodeIgniter\Database\MySQLi\Connection->execute()
#2 /home/dinxstud/public_html/chandani/system/Database/BaseConnection.php(591): CodeIgniter\Database\BaseConnection->simpleQuery()
#3 /home/dinxstud/public_html/chandani/system/Database/BaseBuilder.php(1512): CodeIgniter\Database\BaseConnection->query()
#4 /home/dinxstud/public_html/chandani/app/Models/GroceryCrudModel.php(182): CodeIgniter\Database\BaseBuilder->countAllResults()
#5 /home/dinxstud/public_html/chandani/app/Libraries/GroceryCrud.php(485): App\Models\GroceryCrudModel->get_total_results()
#6 /home/dinxstud/public_html/chandani/app/Libraries/GroceryCrud.php(1706): App\Libraries\grocery_CRUD_Model_Driver->get_total_results()
#7 /home/dinxstud/public_html/chandani/app/Libraries/GroceryCrud.php(4607): App\Libraries\grocery_CRUD_Layout->showListInfo()
#8 /home/dinxstud/public_html/chandani/app/Controllers/ManageBuffet.php(645): App\Libraries\GroceryCrud->render()
#9 /home/dinxstud/public_html/chandani/system/CodeIgniter.php(803): App\Controllers\ManageBuffet->menuItems()
#10 /home/dinxstud/public_html/chandani/system/CodeIgniter.php(400): CodeIgniter\CodeIgniter->runController()
#11 /home/dinxstud/public_html/chandani/system/CodeIgniter.php(318): CodeIgniter\CodeIgniter->handleRequest()
#12 /home/dinxstud/public_html/chandani/public/index.php(38): CodeIgniter\CodeIgniter->run()
#13 {main}
ERROR - 2022-05-31 23:59:15 --> Column 'tblcompany_id' in where clause is ambiguous
CRITICAL - 2022-05-31 23:59:15 --> Column 'tblcompany_id' in where clause is ambiguous
#0 /home/dinxstud/public_html/chandani/system/Database/MySQLi/Connection.php(280): mysqli->query()
#1 /home/dinxstud/public_html/chandani/system/Database/BaseConnection.php(663): CodeIgniter\Database\MySQLi\Connection->execute()
#2 /home/dinxstud/public_html/chandani/system/Database/BaseConnection.php(591): CodeIgniter\Database\BaseConnection->simpleQuery()
#3 /home/dinxstud/public_html/chandani/system/Database/BaseBuilder.php(1512): CodeIgniter\Database\BaseConnection->query()
#4 /home/dinxstud/public_html/chandani/app/Models/GroceryCrudModel.php(182): CodeIgniter\Database\BaseBuilder->countAllResults()
#5 /home/dinxstud/public_html/chandani/app/Libraries/GroceryCrud.php(485): App\Models\GroceryCrudModel->get_total_results()
#6 /home/dinxstud/public_html/chandani/app/Libraries/GroceryCrud.php(1706): App\Libraries\grocery_CRUD_Model_Driver->get_total_results()
#7 /home/dinxstud/public_html/chandani/app/Libraries/GroceryCrud.php(4607): App\Libraries\grocery_CRUD_Layout->showListInfo()
#8 /home/dinxstud/public_html/chandani/app/Controllers/ManageBuffet.php(645): App\Libraries\GroceryCrud->render()
#9 /home/dinxstud/public_html/chandani/system/CodeIgniter.php(803): App\Controllers\ManageBuffet->menuItems()
#10 /home/dinxstud/public_html/chandani/system/CodeIgniter.php(400): CodeIgniter\CodeIgniter->runController()
#11 /home/dinxstud/public_html/chandani/system/CodeIgniter.php(318): CodeIgniter\CodeIgniter->handleRequest()
#12 /home/dinxstud/public_html/chandani/public/index.php(38): CodeIgniter\CodeIgniter->run()
#13 {main}
ERROR - 2022-05-31 23:59:19 --> Column 'tblcompany_id' in where clause is ambiguous
CRITICAL - 2022-05-31 23:59:19 --> Column 'tblcompany_id' in where clause is ambiguous
#0 /home/dinxstud/public_html/chandani/system/Database/MySQLi/Connection.php(280): mysqli->query()
#1 /home/dinxstud/public_html/chandani/system/Database/BaseConnection.php(663): CodeIgniter\Database\MySQLi\Connection->execute()
#2 /home/dinxstud/public_html/chandani/system/Database/BaseConnection.php(591): CodeIgniter\Database\BaseConnection->simpleQuery()
#3 /home/dinxstud/public_html/chandani/system/Database/BaseBuilder.php(1512): CodeIgniter\Database\BaseConnection->query()
#4 /home/dinxstud/public_html/chandani/app/Models/GroceryCrudModel.php(182): CodeIgniter\Database\BaseBuilder->countAllResults()
#5 /home/dinxstud/public_html/chandani/app/Libraries/GroceryCrud.php(485): App\Models\GroceryCrudModel->get_total_results()
#6 /home/dinxstud/public_html/chandani/app/Libraries/GroceryCrud.php(1706): App\Libraries\grocery_CRUD_Model_Driver->get_total_results()
#7 /home/dinxstud/public_html/chandani/app/Libraries/GroceryCrud.php(4607): App\Libraries\grocery_CRUD_Layout->showListInfo()
#8 /home/dinxstud/public_html/chandani/app/Controllers/ManageBuffet.php(645): App\Libraries\GroceryCrud->render()
#9 /home/dinxstud/public_html/chandani/system/CodeIgniter.php(803): App\Controllers\ManageBuffet->menuItems()
#10 /home/dinxstud/public_html/chandani/system/CodeIgniter.php(400): CodeIgniter\CodeIgniter->runController()
#11 /home/dinxstud/public_html/chandani/system/CodeIgniter.php(318): CodeIgniter\CodeIgniter->handleRequest()
#12 /home/dinxstud/public_html/chandani/public/index.php(38): CodeIgniter\CodeIgniter->run()
#13 {main}
ERROR - 2022-05-31 23:59:22 --> Column 'tblcompany_id' in where clause is ambiguous
CRITICAL - 2022-05-31 23:59:22 --> Column 'tblcompany_id' in where clause is ambiguous
#0 /home/dinxstud/public_html/chandani/system/Database/MySQLi/Connection.php(280): mysqli->query()
#1 /home/dinxstud/public_html/chandani/system/Database/BaseConnection.php(663): CodeIgniter\Database\MySQLi\Connection->execute()
#2 /home/dinxstud/public_html/chandani/system/Database/BaseConnection.php(591): CodeIgniter\Database\BaseConnection->simpleQuery()
#3 /home/dinxstud/public_html/chandani/system/Database/BaseBuilder.php(1512): CodeIgniter\Database\BaseConnection->query()
#4 /home/dinxstud/public_html/chandani/app/Models/GroceryCrudModel.php(182): CodeIgniter\Database\BaseBuilder->countAllResults()
#5 /home/dinxstud/public_html/chandani/app/Libraries/GroceryCrud.php(485): App\Models\GroceryCrudModel->get_total_results()
#6 /home/dinxstud/public_html/chandani/app/Libraries/GroceryCrud.php(1706): App\Libraries\grocery_CRUD_Model_Driver->get_total_results()
#7 /home/dinxstud/public_html/chandani/app/Libraries/GroceryCrud.php(4607): App\Libraries\grocery_CRUD_Layout->showListInfo()
#8 /home/dinxstud/public_html/chandani/app/Controllers/ManageBuffet.php(645): App\Libraries\GroceryCrud->render()
#9 /home/dinxstud/public_html/chandani/system/CodeIgniter.php(803): App\Controllers\ManageBuffet->menuItems()
#10 /home/dinxstud/public_html/chandani/system/CodeIgniter.php(400): CodeIgniter\CodeIgniter->runController()
#11 /home/dinxstud/public_html/chandani/system/CodeIgniter.php(318): CodeIgniter\CodeIgniter->handleRequest()
#12 /home/dinxstud/public_html/chandani/public/index.php(38): CodeIgniter\CodeIgniter->run()
#13 {main}
ERROR - 2022-05-31 23:59:23 --> Column 'tblcompany_id' in where clause is ambiguous
CRITICAL - 2022-05-31 23:59:23 --> Column 'tblcompany_id' in where clause is ambiguous
#0 /home/dinxstud/public_html/chandani/system/Database/MySQLi/Connection.php(280): mysqli->query()
#1 /home/dinxstud/public_html/chandani/system/Database/BaseConnection.php(663): CodeIgniter\Database\MySQLi\Connection->execute()
#2 /home/dinxstud/public_html/chandani/system/Database/BaseConnection.php(591): CodeIgniter\Database\BaseConnection->simpleQuery()
#3 /home/dinxstud/public_html/chandani/system/Database/BaseBuilder.php(1512): CodeIgniter\Database\BaseConnection->query()
#4 /home/dinxstud/public_html/chandani/app/Models/GroceryCrudModel.php(182): CodeIgniter\Database\BaseBuilder->countAllResults()
#5 /home/dinxstud/public_html/chandani/app/Libraries/GroceryCrud.php(485): App\Models\GroceryCrudModel->get_total_results()
#6 /home/dinxstud/public_html/chandani/app/Libraries/GroceryCrud.php(1706): App\Libraries\grocery_CRUD_Model_Driver->get_total_results()
#7 /home/dinxstud/public_html/chandani/app/Libraries/GroceryCrud.php(4607): App\Libraries\grocery_CRUD_Layout->showListInfo()
#8 /home/dinxstud/public_html/chandani/app/Controllers/ManageBuffet.php(645): App\Libraries\GroceryCrud->render()
#9 /home/dinxstud/public_html/chandani/system/CodeIgniter.php(803): App\Controllers\ManageBuffet->menuItems()
#10 /home/dinxstud/public_html/chandani/system/CodeIgniter.php(400): CodeIgniter\CodeIgniter->runController()
#11 /home/dinxstud/public_html/chandani/system/CodeIgniter.php(318): CodeIgniter\CodeIgniter->handleRequest()
#12 /home/dinxstud/public_html/chandani/public/index.php(38): CodeIgniter\CodeIgniter->run()
#13 {main}
ERROR - 2022-05-31 23:59:25 --> Column 'tblcompany_id' in where clause is ambiguous
CRITICAL - 2022-05-31 23:59:25 --> Column 'tblcompany_id' in where clause is ambiguous
#0 /home/dinxstud/public_html/chandani/system/Database/MySQLi/Connection.php(280): mysqli->query()
#1 /home/dinxstud/public_html/chandani/system/Database/BaseConnection.php(663): CodeIgniter\Database\MySQLi\Connection->execute()
#2 /home/dinxstud/public_html/chandani/system/Database/BaseConnection.php(591): CodeIgniter\Database\BaseConnection->simpleQuery()
#3 /home/dinxstud/public_html/chandani/system/Database/BaseBuilder.php(1512): CodeIgniter\Database\BaseConnection->query()
#4 /home/dinxstud/public_html/chandani/app/Models/GroceryCrudModel.php(182): CodeIgniter\Database\BaseBuilder->countAllResults()
#5 /home/dinxstud/public_html/chandani/app/Libraries/GroceryCrud.php(485): App\Models\GroceryCrudModel->get_total_results()
#6 /home/dinxstud/public_html/chandani/app/Libraries/GroceryCrud.php(1706): App\Libraries\grocery_CRUD_Model_Driver->get_total_results()
#7 /home/dinxstud/public_html/chandani/app/Libraries/GroceryCrud.php(4607): App\Libraries\grocery_CRUD_Layout->showListInfo()
#8 /home/dinxstud/public_html/chandani/app/Controllers/ManageBuffet.php(645): App\Libraries\GroceryCrud->render()
#9 /home/dinxstud/public_html/chandani/system/CodeIgniter.php(803): App\Controllers\ManageBuffet->menuItems()
#10 /home/dinxstud/public_html/chandani/system/CodeIgniter.php(400): CodeIgniter\CodeIgniter->runController()
#11 /home/dinxstud/public_html/chandani/system/CodeIgniter.php(318): CodeIgniter\CodeIgniter->handleRequest()
#12 /home/dinxstud/public_html/chandani/public/index.php(38): CodeIgniter\CodeIgniter->run()
#13 {main}
