CRITICAL - 2022-11-23 06:18:42 --> Call to undefined method App\Controllers\Chef::getTemperature()
#0 /home/dinxstud/public_html/chandani/system/CodeIgniter.php(803): App\Controllers\Chef->index()
#1 /home/dinxstud/public_html/chandani/system/CodeIgniter.php(400): CodeIgniter\CodeIgniter->runController()
#2 /home/dinxstud/public_html/chandani/system/CodeIgniter.php(318): CodeIgniter\CodeIgniter->handleRequest()
#3 /home/dinxstud/public_html/chandani/public/index.php(38): CodeIgniter\CodeIgniter->run()
#4 {main}
CRITICAL - 2022-11-23 06:31:46 --> Call to undefined method App\Controllers\Chef::getTemperature()
#0 /home/dinxstud/public_html/chandani/system/CodeIgniter.php(803): App\Controllers\Chef->index()
#1 /home/dinxstud/public_html/chandani/system/CodeIgniter.php(400): CodeIgniter\CodeIgniter->runController()
#2 /home/dinxstud/public_html/chandani/system/CodeIgniter.php(318): CodeIgniter\CodeIgniter->handleRequest()
#3 /home/dinxstud/public_html/chandani/public/index.php(38): CodeIgniter\CodeIgniter->run()
#4 {main}
CRITICAL - 2022-11-23 14:49:00 --> Undefined array key "groom_title"
#0 /home/dinxstud/public_html/chandani/app/Views/summary.php(27): CodeIgniter\Debug\Exceptions->errorHandler()
#1 /home/dinxstud/public_html/chandani/system/View/View.php(214): include('/home/dinxstud/...')
#2 /home/dinxstud/public_html/chandani/system/View/View.php(217): CodeIgniter\View\View->CodeIgniter\View\{closure}()
#3 /home/dinxstud/public_html/chandani/system/View/View.php(432): CodeIgniter\View\View->render()
#4 /home/dinxstud/public_html/chandani/app/Views/clientEvent.php(238): CodeIgniter\View\View->include()
#5 /home/dinxstud/public_html/chandani/system/View/View.php(214): include('/home/dinxstud/...')
#6 /home/dinxstud/public_html/chandani/system/View/View.php(217): CodeIgniter\View\View->CodeIgniter\View\{closure}()
#7 /home/dinxstud/public_html/chandani/system/Common.php(1092): CodeIgniter\View\View->render()
#8 /home/dinxstud/public_html/chandani/app/Controllers/Events.php(313): view()
#9 /home/dinxstud/public_html/chandani/system/CodeIgniter.php(803): App\Controllers\Events->new()
#10 /home/dinxstud/public_html/chandani/system/CodeIgniter.php(400): CodeIgniter\CodeIgniter->runController()
#11 /home/dinxstud/public_html/chandani/system/CodeIgniter.php(318): CodeIgniter\CodeIgniter->handleRequest()
#12 /home/dinxstud/public_html/chandani/public/index.php(38): CodeIgniter\CodeIgniter->run()
#13 {main}
CRITICAL - 2022-11-23 14:49:19 --> Undefined array key "groom_title"
#0 /home/dinxstud/public_html/chandani/app/Views/summary.php(27): CodeIgniter\Debug\Exceptions->errorHandler()
#1 /home/dinxstud/public_html/chandani/system/View/View.php(214): include('/home/dinxstud/...')
#2 /home/dinxstud/public_html/chandani/system/View/View.php(217): CodeIgniter\View\View->CodeIgniter\View\{closure}()
#3 /home/dinxstud/public_html/chandani/system/View/View.php(432): CodeIgniter\View\View->render()
#4 /home/dinxstud/public_html/chandani/app/Views/clientEvent.php(238): CodeIgniter\View\View->include()
#5 /home/dinxstud/public_html/chandani/system/View/View.php(214): include('/home/dinxstud/...')
#6 /home/dinxstud/public_html/chandani/system/View/View.php(217): CodeIgniter\View\View->CodeIgniter\View\{closure}()
#7 /home/dinxstud/public_html/chandani/system/Common.php(1092): CodeIgniter\View\View->render()
#8 /home/dinxstud/public_html/chandani/app/Controllers/Events.php(313): view()
#9 /home/dinxstud/public_html/chandani/system/CodeIgniter.php(803): App\Controllers\Events->new()
#10 /home/dinxstud/public_html/chandani/system/CodeIgniter.php(400): CodeIgniter\CodeIgniter->runController()
#11 /home/dinxstud/public_html/chandani/system/CodeIgniter.php(318): CodeIgniter\CodeIgniter->handleRequest()
#12 /home/dinxstud/public_html/chandani/public/index.php(38): CodeIgniter\CodeIgniter->run()
#13 {main}
CRITICAL - 2022-11-23 14:49:32 --> Undefined array key "groom_title"
#0 /home/dinxstud/public_html/chandani/app/Views/summary.php(27): CodeIgniter\Debug\Exceptions->errorHandler()
#1 /home/dinxstud/public_html/chandani/system/View/View.php(214): include('/home/dinxstud/...')
#2 /home/dinxstud/public_html/chandani/system/View/View.php(217): CodeIgniter\View\View->CodeIgniter\View\{closure}()
#3 /home/dinxstud/public_html/chandani/system/View/View.php(432): CodeIgniter\View\View->render()
#4 /home/dinxstud/public_html/chandani/app/Views/clientEvent.php(238): CodeIgniter\View\View->include()
#5 /home/dinxstud/public_html/chandani/system/View/View.php(214): include('/home/dinxstud/...')
#6 /home/dinxstud/public_html/chandani/system/View/View.php(217): CodeIgniter\View\View->CodeIgniter\View\{closure}()
#7 /home/dinxstud/public_html/chandani/system/Common.php(1092): CodeIgniter\View\View->render()
#8 /home/dinxstud/public_html/chandani/app/Controllers/Events.php(313): view()
#9 /home/dinxstud/public_html/chandani/system/CodeIgniter.php(803): App\Controllers\Events->new()
#10 /home/dinxstud/public_html/chandani/system/CodeIgniter.php(400): CodeIgniter\CodeIgniter->runController()
#11 /home/dinxstud/public_html/chandani/system/CodeIgniter.php(318): CodeIgniter\CodeIgniter->handleRequest()
#12 /home/dinxstud/public_html/chandani/public/index.php(38): CodeIgniter\CodeIgniter->run()
#13 {main}
CRITICAL - 2022-11-23 14:53:11 --> implode(): Argument #1 ($pieces) must be of type array, string given
#0 /home/dinxstud/public_html/chandani/app/Controllers/Events.php(569): implode()
#1 /home/dinxstud/public_html/chandani/system/CodeIgniter.php(803): App\Controllers\Events->menuItems()
#2 /home/dinxstud/public_html/chandani/system/CodeIgniter.php(400): CodeIgniter\CodeIgniter->runController()
#3 /home/dinxstud/public_html/chandani/system/CodeIgniter.php(318): CodeIgniter\CodeIgniter->handleRequest()
#4 /home/dinxstud/public_html/chandani/public/index.php(38): CodeIgniter\CodeIgniter->run()
#5 {main}
CRITICAL - 2022-11-23 14:53:15 --> implode(): Argument #1 ($pieces) must be of type array, string given
#0 /home/dinxstud/public_html/chandani/app/Controllers/Events.php(569): implode()
#1 /home/dinxstud/public_html/chandani/system/CodeIgniter.php(803): App\Controllers\Events->menuItems()
#2 /home/dinxstud/public_html/chandani/system/CodeIgniter.php(400): CodeIgniter\CodeIgniter->runController()
#3 /home/dinxstud/public_html/chandani/system/CodeIgniter.php(318): CodeIgniter\CodeIgniter->handleRequest()
#4 /home/dinxstud/public_html/chandani/public/index.php(38): CodeIgniter\CodeIgniter->run()
#5 {main}
