CRITICAL - 2022-04-15 16:08:15 --> syntax error, unexpected identifier "Helvetica"
#0 /home/dinxstud/public_html/chandani/system/Router/Router.php(160): CodeIgniter\Router\Router->autoRoute()
#1 /home/dinxstud/public_html/chandani/system/CodeIgniter.php(703): CodeIgniter\Router\Router->handle()
#2 /home/dinxstud/public_html/chandani/system/CodeIgniter.php(359): CodeIgniter\CodeIgniter->tryToRouteIt()
#3 /home/dinxstud/public_html/chandani/system/CodeIgniter.php(318): CodeIgniter\CodeIgniter->handleRequest()
#4 /home/dinxstud/public_html/chandani/public/index.php(38): CodeIgniter\CodeIgniter->run()
#5 {main}
CRITICAL - 2022-04-15 16:13:55 --> Undefined array key "url"
#0 /home/dinxstud/public_html/chandani/app/Controllers/Register.php(331): CodeIgniter\Debug\Exceptions->errorHandler()
#1 /home/dinxstud/public_html/chandani/system/CodeIgniter.php(803): App\Controllers\Register->save()
#2 /home/dinxstud/public_html/chandani/system/CodeIgniter.php(400): CodeIgniter\CodeIgniter->runController()
#3 /home/dinxstud/public_html/chandani/system/CodeIgniter.php(318): CodeIgniter\CodeIgniter->handleRequest()
#4 /home/dinxstud/public_html/chandani/public/index.php(38): CodeIgniter\CodeIgniter->run()
#5 {main}
CRITICAL - 2022-04-15 16:18:45 --> syntax error, unexpected double-quoted string ".base_url()."
#0 /home/dinxstud/public_html/chandani/system/Router/Router.php(160): CodeIgniter\Router\Router->autoRoute()
#1 /home/dinxstud/public_html/chandani/system/CodeIgniter.php(703): CodeIgniter\Router\Router->handle()
#2 /home/dinxstud/public_html/chandani/system/CodeIgniter.php(359): CodeIgniter\CodeIgniter->tryToRouteIt()
#3 /home/dinxstud/public_html/chandani/system/CodeIgniter.php(318): CodeIgniter\CodeIgniter->handleRequest()
#4 /home/dinxstud/public_html/chandani/public/index.php(38): CodeIgniter\CodeIgniter->run()
#5 {main}
CRITICAL - 2022-04-15 16:20:25 -->  route cannot be found while reverse-routing.
#0 /home/dinxstud/public_html/chandani/system/HTTP/RedirectResponse.php(56): CodeIgniter\HTTP\Exceptions\HTTPException::forInvalidRedirectRoute()
#1 /home/dinxstud/public_html/chandani/system/Common.php(835): CodeIgniter\HTTP\RedirectResponse->route()
#2 /home/dinxstud/public_html/chandani/app/Controllers/Register.php(467): redirect()
#3 /home/dinxstud/public_html/chandani/system/CodeIgniter.php(803): App\Controllers\Register->activate()
#4 /home/dinxstud/public_html/chandani/system/CodeIgniter.php(400): CodeIgniter\CodeIgniter->runController()
#5 /home/dinxstud/public_html/chandani/system/CodeIgniter.php(318): CodeIgniter\CodeIgniter->handleRequest()
#6 /home/dinxstud/public_html/chandani/public/index.php(38): CodeIgniter\CodeIgniter->run()
#7 {main}
CRITICAL - 2022-04-15 16:48:29 -->  route cannot be found while reverse-routing.
#0 /home/dinxstud/public_html/chandani/system/HTTP/RedirectResponse.php(56): CodeIgniter\HTTP\Exceptions\HTTPException::forInvalidRedirectRoute()
#1 /home/dinxstud/public_html/chandani/system/Common.php(835): CodeIgniter\HTTP\RedirectResponse->route()
#2 /home/dinxstud/public_html/chandani/app/Controllers/Register.php(117): redirect()
#3 /home/dinxstud/public_html/chandani/system/CodeIgniter.php(803): App\Controllers\Register->activate()
#4 /home/dinxstud/public_html/chandani/system/CodeIgniter.php(400): CodeIgniter\CodeIgniter->runController()
#5 /home/dinxstud/public_html/chandani/system/CodeIgniter.php(318): CodeIgniter\CodeIgniter->handleRequest()
#6 /home/dinxstud/public_html/chandani/public/index.php(38): CodeIgniter\CodeIgniter->run()
#7 {main}
CRITICAL - 2022-04-15 16:48:34 -->  route cannot be found while reverse-routing.
#0 /home/dinxstud/public_html/chandani/system/HTTP/RedirectResponse.php(56): CodeIgniter\HTTP\Exceptions\HTTPException::forInvalidRedirectRoute()
#1 /home/dinxstud/public_html/chandani/system/Common.php(835): CodeIgniter\HTTP\RedirectResponse->route()
#2 /home/dinxstud/public_html/chandani/app/Controllers/Register.php(117): redirect()
#3 /home/dinxstud/public_html/chandani/system/CodeIgniter.php(803): App\Controllers\Register->activate()
#4 /home/dinxstud/public_html/chandani/system/CodeIgniter.php(400): CodeIgniter\CodeIgniter->runController()
#5 /home/dinxstud/public_html/chandani/system/CodeIgniter.php(318): CodeIgniter\CodeIgniter->handleRequest()
#6 /home/dinxstud/public_html/chandani/public/index.php(38): CodeIgniter\CodeIgniter->run()
#7 {main}
CRITICAL - 2022-04-15 16:49:49 -->  route cannot be found while reverse-routing.
#0 /home/dinxstud/public_html/chandani/system/HTTP/RedirectResponse.php(56): CodeIgniter\HTTP\Exceptions\HTTPException::forInvalidRedirectRoute()
#1 /home/dinxstud/public_html/chandani/system/Common.php(835): CodeIgniter\HTTP\RedirectResponse->route()
#2 /home/dinxstud/public_html/chandani/app/Controllers/Register.php(117): redirect()
#3 /home/dinxstud/public_html/chandani/system/CodeIgniter.php(803): App\Controllers\Register->activate()
#4 /home/dinxstud/public_html/chandani/system/CodeIgniter.php(400): CodeIgniter\CodeIgniter->runController()
#5 /home/dinxstud/public_html/chandani/system/CodeIgniter.php(318): CodeIgniter\CodeIgniter->handleRequest()
#6 /home/dinxstud/public_html/chandani/public/index.php(38): CodeIgniter\CodeIgniter->run()
#7 {main}
CRITICAL - 2022-04-15 16:49:54 -->  route cannot be found while reverse-routing.
#0 /home/dinxstud/public_html/chandani/system/HTTP/RedirectResponse.php(56): CodeIgniter\HTTP\Exceptions\HTTPException::forInvalidRedirectRoute()
#1 /home/dinxstud/public_html/chandani/system/Common.php(835): CodeIgniter\HTTP\RedirectResponse->route()
#2 /home/dinxstud/public_html/chandani/app/Controllers/Register.php(117): redirect()
#3 /home/dinxstud/public_html/chandani/system/CodeIgniter.php(803): App\Controllers\Register->activate()
#4 /home/dinxstud/public_html/chandani/system/CodeIgniter.php(400): CodeIgniter\CodeIgniter->runController()
#5 /home/dinxstud/public_html/chandani/system/CodeIgniter.php(318): CodeIgniter\CodeIgniter->handleRequest()
#6 /home/dinxstud/public_html/chandani/public/index.php(38): CodeIgniter\CodeIgniter->run()
#7 {main}
CRITICAL - 2022-04-15 16:53:14 -->  route cannot be found while reverse-routing.
#0 /home/dinxstud/public_html/chandani/system/HTTP/RedirectResponse.php(56): CodeIgniter\HTTP\Exceptions\HTTPException::forInvalidRedirectRoute()
#1 /home/dinxstud/public_html/chandani/system/Common.php(835): CodeIgniter\HTTP\RedirectResponse->route()
#2 /home/dinxstud/public_html/chandani/app/Controllers/Register.php(117): redirect()
#3 /home/dinxstud/public_html/chandani/system/CodeIgniter.php(803): App\Controllers\Register->activate()
#4 /home/dinxstud/public_html/chandani/system/CodeIgniter.php(400): CodeIgniter\CodeIgniter->runController()
#5 /home/dinxstud/public_html/chandani/system/CodeIgniter.php(318): CodeIgniter\CodeIgniter->handleRequest()
#6 /home/dinxstud/public_html/chandani/public/index.php(38): CodeIgniter\CodeIgniter->run()
#7 {main}
CRITICAL - 2022-04-15 16:53:26 -->  route cannot be found while reverse-routing.
#0 /home/dinxstud/public_html/chandani/system/HTTP/RedirectResponse.php(56): CodeIgniter\HTTP\Exceptions\HTTPException::forInvalidRedirectRoute()
#1 /home/dinxstud/public_html/chandani/system/Common.php(835): CodeIgniter\HTTP\RedirectResponse->route()
#2 /home/dinxstud/public_html/chandani/app/Controllers/Register.php(117): redirect()
#3 /home/dinxstud/public_html/chandani/system/CodeIgniter.php(803): App\Controllers\Register->activate()
#4 /home/dinxstud/public_html/chandani/system/CodeIgniter.php(400): CodeIgniter\CodeIgniter->runController()
#5 /home/dinxstud/public_html/chandani/system/CodeIgniter.php(318): CodeIgniter\CodeIgniter->handleRequest()
#6 /home/dinxstud/public_html/chandani/public/index.php(38): CodeIgniter\CodeIgniter->run()
#7 {main}
CRITICAL - 2022-04-15 17:01:50 --> syntax error, unexpected token "->", expecting identifier or variable or "{" or "$"
#0 /home/dinxstud/public_html/chandani/system/Router/Router.php(160): CodeIgniter\Router\Router->autoRoute()
#1 /home/dinxstud/public_html/chandani/system/CodeIgniter.php(703): CodeIgniter\Router\Router->handle()
#2 /home/dinxstud/public_html/chandani/system/CodeIgniter.php(359): CodeIgniter\CodeIgniter->tryToRouteIt()
#3 /home/dinxstud/public_html/chandani/system/CodeIgniter.php(318): CodeIgniter\CodeIgniter->handleRequest()
#4 /home/dinxstud/public_html/chandani/public/index.php(38): CodeIgniter\CodeIgniter->run()
#5 {main}
CRITICAL - 2022-04-15 17:02:58 --> Call to a member function where() on array
#0 /home/dinxstud/public_html/chandani/system/CodeIgniter.php(803): App\Controllers\Register->activate()
#1 /home/dinxstud/public_html/chandani/system/CodeIgniter.php(400): CodeIgniter\CodeIgniter->runController()
#2 /home/dinxstud/public_html/chandani/system/CodeIgniter.php(318): CodeIgniter\CodeIgniter->handleRequest()
#3 /home/dinxstud/public_html/chandani/public/index.php(38): CodeIgniter\CodeIgniter->run()
#4 {main}
CRITICAL - 2022-04-15 17:03:37 --> There is no data to update.
#0 /home/dinxstud/public_html/chandani/system/BaseModel.php(1577): CodeIgniter\Database\Exceptions\DataException::forEmptyDataset()
#1 /home/dinxstud/public_html/chandani/system/BaseModel.php(833): CodeIgniter\BaseModel->transformDataToArray()
#2 /home/dinxstud/public_html/chandani/system/Model.php(646): CodeIgniter\BaseModel->update()
#3 /home/dinxstud/public_html/chandani/app/Controllers/Register.php(105): CodeIgniter\Model->update()
#4 /home/dinxstud/public_html/chandani/system/CodeIgniter.php(803): App\Controllers\Register->activate()
#5 /home/dinxstud/public_html/chandani/system/CodeIgniter.php(400): CodeIgniter\CodeIgniter->runController()
#6 /home/dinxstud/public_html/chandani/system/CodeIgniter.php(318): CodeIgniter\CodeIgniter->handleRequest()
#7 /home/dinxstud/public_html/chandani/public/index.php(38): CodeIgniter\CodeIgniter->run()
#8 {main}
CRITICAL - 2022-04-15 17:05:56 --> syntax error, unexpected variable "$model"
#0 /home/dinxstud/public_html/chandani/system/Router/Router.php(160): CodeIgniter\Router\Router->autoRoute()
#1 /home/dinxstud/public_html/chandani/system/CodeIgniter.php(703): CodeIgniter\Router\Router->handle()
#2 /home/dinxstud/public_html/chandani/system/CodeIgniter.php(359): CodeIgniter\CodeIgniter->tryToRouteIt()
#3 /home/dinxstud/public_html/chandani/system/CodeIgniter.php(318): CodeIgniter\CodeIgniter->handleRequest()
#4 /home/dinxstud/public_html/chandani/public/index.php(38): CodeIgniter\CodeIgniter->run()
#5 {main}
CRITICAL - 2022-04-15 17:06:13 --> There is no data to update.
#0 /home/dinxstud/public_html/chandani/system/BaseModel.php(1577): CodeIgniter\Database\Exceptions\DataException::forEmptyDataset()
#1 /home/dinxstud/public_html/chandani/system/BaseModel.php(833): CodeIgniter\BaseModel->transformDataToArray()
#2 /home/dinxstud/public_html/chandani/system/Model.php(646): CodeIgniter\BaseModel->update()
#3 /home/dinxstud/public_html/chandani/app/Controllers/Register.php(106): CodeIgniter\Model->update()
#4 /home/dinxstud/public_html/chandani/system/CodeIgniter.php(803): App\Controllers\Register->activate()
#5 /home/dinxstud/public_html/chandani/system/CodeIgniter.php(400): CodeIgniter\CodeIgniter->runController()
#6 /home/dinxstud/public_html/chandani/system/CodeIgniter.php(318): CodeIgniter\CodeIgniter->handleRequest()
#7 /home/dinxstud/public_html/chandani/public/index.php(38): CodeIgniter\CodeIgniter->run()
#8 {main}
CRITICAL - 2022-04-15 17:09:12 --> Undefined variable $query
#0 /home/dinxstud/public_html/chandani/app/Controllers/Register.php(110): CodeIgniter\Debug\Exceptions->errorHandler()
#1 /home/dinxstud/public_html/chandani/system/CodeIgniter.php(803): App\Controllers\Register->activate()
#2 /home/dinxstud/public_html/chandani/system/CodeIgniter.php(400): CodeIgniter\CodeIgniter->runController()
#3 /home/dinxstud/public_html/chandani/system/CodeIgniter.php(318): CodeIgniter\CodeIgniter->handleRequest()
#4 /home/dinxstud/public_html/chandani/public/index.php(38): CodeIgniter\CodeIgniter->run()
#5 {main}
CRITICAL - 2022-04-15 17:10:23 --> There is no data to update.
#0 /home/dinxstud/public_html/chandani/system/BaseModel.php(1577): CodeIgniter\Database\Exceptions\DataException::forEmptyDataset()
#1 /home/dinxstud/public_html/chandani/system/BaseModel.php(833): CodeIgniter\BaseModel->transformDataToArray()
#2 /home/dinxstud/public_html/chandani/system/Model.php(646): CodeIgniter\BaseModel->update()
#3 /home/dinxstud/public_html/chandani/app/Controllers/Register.php(110): CodeIgniter\Model->update()
#4 /home/dinxstud/public_html/chandani/system/CodeIgniter.php(803): App\Controllers\Register->activate()
#5 /home/dinxstud/public_html/chandani/system/CodeIgniter.php(400): CodeIgniter\CodeIgniter->runController()
#6 /home/dinxstud/public_html/chandani/system/CodeIgniter.php(318): CodeIgniter\CodeIgniter->handleRequest()
#7 /home/dinxstud/public_html/chandani/public/index.php(38): CodeIgniter\CodeIgniter->run()
#8 {main}
CRITICAL - 2022-04-15 17:11:10 --> There is no data to update.
#0 /home/dinxstud/public_html/chandani/system/BaseModel.php(1577): CodeIgniter\Database\Exceptions\DataException::forEmptyDataset()
#1 /home/dinxstud/public_html/chandani/system/BaseModel.php(833): CodeIgniter\BaseModel->transformDataToArray()
#2 /home/dinxstud/public_html/chandani/system/Model.php(646): CodeIgniter\BaseModel->update()
#3 /home/dinxstud/public_html/chandani/app/Controllers/Register.php(110): CodeIgniter\Model->update()
#4 /home/dinxstud/public_html/chandani/system/CodeIgniter.php(803): App\Controllers\Register->activate()
#5 /home/dinxstud/public_html/chandani/system/CodeIgniter.php(400): CodeIgniter\CodeIgniter->runController()
#6 /home/dinxstud/public_html/chandani/system/CodeIgniter.php(318): CodeIgniter\CodeIgniter->handleRequest()
#7 /home/dinxstud/public_html/chandani/public/index.php(38): CodeIgniter\CodeIgniter->run()
#8 {main}
CRITICAL - 2022-04-15 17:11:57 -->  route cannot be found while reverse-routing.
#0 /home/dinxstud/public_html/chandani/system/HTTP/RedirectResponse.php(56): CodeIgniter\HTTP\Exceptions\HTTPException::forInvalidRedirectRoute()
#1 /home/dinxstud/public_html/chandani/system/Common.php(835): CodeIgniter\HTTP\RedirectResponse->route()
#2 /home/dinxstud/public_html/chandani/app/Controllers/Register.php(119): redirect()
#3 /home/dinxstud/public_html/chandani/system/CodeIgniter.php(803): App\Controllers\Register->activate()
#4 /home/dinxstud/public_html/chandani/system/CodeIgniter.php(400): CodeIgniter\CodeIgniter->runController()
#5 /home/dinxstud/public_html/chandani/system/CodeIgniter.php(318): CodeIgniter\CodeIgniter->handleRequest()
#6 /home/dinxstud/public_html/chandani/public/index.php(38): CodeIgniter\CodeIgniter->run()
#7 {main}
CRITICAL - 2022-04-15 17:13:10 --> Call to a member function listErrors() on string
#0 /home/dinxstud/public_html/chandani/system/View/View.php(214): include()
#1 /home/dinxstud/public_html/chandani/system/View/View.php(217): CodeIgniter\View\View->CodeIgniter\View\{closure}()
#2 /home/dinxstud/public_html/chandani/system/Common.php(1092): CodeIgniter\View\View->render()
#3 /home/dinxstud/public_html/chandani/app/Controllers/Register.php(119): view()
#4 /home/dinxstud/public_html/chandani/system/CodeIgniter.php(803): App\Controllers\Register->activate()
#5 /home/dinxstud/public_html/chandani/system/CodeIgniter.php(400): CodeIgniter\CodeIgniter->runController()
#6 /home/dinxstud/public_html/chandani/system/CodeIgniter.php(318): CodeIgniter\CodeIgniter->handleRequest()
#7 /home/dinxstud/public_html/chandani/public/index.php(38): CodeIgniter\CodeIgniter->run()
#8 {main}
CRITICAL - 2022-04-15 17:13:11 --> Call to a member function listErrors() on string
#0 /home/dinxstud/public_html/chandani/system/View/View.php(214): include()
#1 /home/dinxstud/public_html/chandani/system/View/View.php(217): CodeIgniter\View\View->CodeIgniter\View\{closure}()
#2 /home/dinxstud/public_html/chandani/system/Common.php(1092): CodeIgniter\View\View->render()
#3 /home/dinxstud/public_html/chandani/app/Controllers/Register.php(119): view()
#4 /home/dinxstud/public_html/chandani/system/CodeIgniter.php(803): App\Controllers\Register->activate()
#5 /home/dinxstud/public_html/chandani/system/CodeIgniter.php(400): CodeIgniter\CodeIgniter->runController()
#6 /home/dinxstud/public_html/chandani/system/CodeIgniter.php(318): CodeIgniter\CodeIgniter->handleRequest()
#7 /home/dinxstud/public_html/chandani/public/index.php(38): CodeIgniter\CodeIgniter->run()
#8 {main}
CRITICAL - 2022-04-15 17:14:00 --> Trying to access array offset on value of type null
#0 /home/dinxstud/public_html/chandani/app/Controllers/Register.php(102): CodeIgniter\Debug\Exceptions->errorHandler()
#1 /home/dinxstud/public_html/chandani/system/CodeIgniter.php(803): App\Controllers\Register->activate()
#2 /home/dinxstud/public_html/chandani/system/CodeIgniter.php(400): CodeIgniter\CodeIgniter->runController()
#3 /home/dinxstud/public_html/chandani/system/CodeIgniter.php(318): CodeIgniter\CodeIgniter->handleRequest()
#4 /home/dinxstud/public_html/chandani/public/index.php(38): CodeIgniter\CodeIgniter->run()
#5 {main}
CRITICAL - 2022-04-15 17:14:00 --> Trying to access array offset on value of type null
#0 /home/dinxstud/public_html/chandani/app/Controllers/Register.php(102): CodeIgniter\Debug\Exceptions->errorHandler()
#1 /home/dinxstud/public_html/chandani/system/CodeIgniter.php(803): App\Controllers\Register->activate()
#2 /home/dinxstud/public_html/chandani/system/CodeIgniter.php(400): CodeIgniter\CodeIgniter->runController()
#3 /home/dinxstud/public_html/chandani/system/CodeIgniter.php(318): CodeIgniter\CodeIgniter->handleRequest()
#4 /home/dinxstud/public_html/chandani/public/index.php(38): CodeIgniter\CodeIgniter->run()
#5 {main}
CRITICAL - 2022-04-15 17:14:01 --> Trying to access array offset on value of type null
#0 /home/dinxstud/public_html/chandani/app/Controllers/Register.php(102): CodeIgniter\Debug\Exceptions->errorHandler()
#1 /home/dinxstud/public_html/chandani/system/CodeIgniter.php(803): App\Controllers\Register->activate()
#2 /home/dinxstud/public_html/chandani/system/CodeIgniter.php(400): CodeIgniter\CodeIgniter->runController()
#3 /home/dinxstud/public_html/chandani/system/CodeIgniter.php(318): CodeIgniter\CodeIgniter->handleRequest()
#4 /home/dinxstud/public_html/chandani/public/index.php(38): CodeIgniter\CodeIgniter->run()
#5 {main}
CRITICAL - 2022-04-15 17:14:01 --> Trying to access array offset on value of type null
#0 /home/dinxstud/public_html/chandani/app/Controllers/Register.php(102): CodeIgniter\Debug\Exceptions->errorHandler()
#1 /home/dinxstud/public_html/chandani/system/CodeIgniter.php(803): App\Controllers\Register->activate()
#2 /home/dinxstud/public_html/chandani/system/CodeIgniter.php(400): CodeIgniter\CodeIgniter->runController()
#3 /home/dinxstud/public_html/chandani/system/CodeIgniter.php(318): CodeIgniter\CodeIgniter->handleRequest()
#4 /home/dinxstud/public_html/chandani/public/index.php(38): CodeIgniter\CodeIgniter->run()
#5 {main}
CRITICAL - 2022-04-15 17:14:01 --> Trying to access array offset on value of type null
#0 /home/dinxstud/public_html/chandani/app/Controllers/Register.php(102): CodeIgniter\Debug\Exceptions->errorHandler()
#1 /home/dinxstud/public_html/chandani/system/CodeIgniter.php(803): App\Controllers\Register->activate()
#2 /home/dinxstud/public_html/chandani/system/CodeIgniter.php(400): CodeIgniter\CodeIgniter->runController()
#3 /home/dinxstud/public_html/chandani/system/CodeIgniter.php(318): CodeIgniter\CodeIgniter->handleRequest()
#4 /home/dinxstud/public_html/chandani/public/index.php(38): CodeIgniter\CodeIgniter->run()
#5 {main}
CRITICAL - 2022-04-15 17:14:35 --> Trying to access array offset on value of type null
#0 /home/dinxstud/public_html/chandani/app/Controllers/Register.php(100): CodeIgniter\Debug\Exceptions->errorHandler()
#1 /home/dinxstud/public_html/chandani/system/CodeIgniter.php(803): App\Controllers\Register->activate()
#2 /home/dinxstud/public_html/chandani/system/CodeIgniter.php(400): CodeIgniter\CodeIgniter->runController()
#3 /home/dinxstud/public_html/chandani/system/CodeIgniter.php(318): CodeIgniter\CodeIgniter->handleRequest()
#4 /home/dinxstud/public_html/chandani/public/index.php(38): CodeIgniter\CodeIgniter->run()
#5 {main}
CRITICAL - 2022-04-15 17:14:35 --> Trying to access array offset on value of type null
#0 /home/dinxstud/public_html/chandani/app/Controllers/Register.php(100): CodeIgniter\Debug\Exceptions->errorHandler()
#1 /home/dinxstud/public_html/chandani/system/CodeIgniter.php(803): App\Controllers\Register->activate()
#2 /home/dinxstud/public_html/chandani/system/CodeIgniter.php(400): CodeIgniter\CodeIgniter->runController()
#3 /home/dinxstud/public_html/chandani/system/CodeIgniter.php(318): CodeIgniter\CodeIgniter->handleRequest()
#4 /home/dinxstud/public_html/chandani/public/index.php(38): CodeIgniter\CodeIgniter->run()
#5 {main}
CRITICAL - 2022-04-15 17:14:36 --> Trying to access array offset on value of type null
#0 /home/dinxstud/public_html/chandani/app/Controllers/Register.php(100): CodeIgniter\Debug\Exceptions->errorHandler()
#1 /home/dinxstud/public_html/chandani/system/CodeIgniter.php(803): App\Controllers\Register->activate()
#2 /home/dinxstud/public_html/chandani/system/CodeIgniter.php(400): CodeIgniter\CodeIgniter->runController()
#3 /home/dinxstud/public_html/chandani/system/CodeIgniter.php(318): CodeIgniter\CodeIgniter->handleRequest()
#4 /home/dinxstud/public_html/chandani/public/index.php(38): CodeIgniter\CodeIgniter->run()
#5 {main}
CRITICAL - 2022-04-15 17:14:36 --> Trying to access array offset on value of type null
#0 /home/dinxstud/public_html/chandani/app/Controllers/Register.php(100): CodeIgniter\Debug\Exceptions->errorHandler()
#1 /home/dinxstud/public_html/chandani/system/CodeIgniter.php(803): App\Controllers\Register->activate()
#2 /home/dinxstud/public_html/chandani/system/CodeIgniter.php(400): CodeIgniter\CodeIgniter->runController()
#3 /home/dinxstud/public_html/chandani/system/CodeIgniter.php(318): CodeIgniter\CodeIgniter->handleRequest()
#4 /home/dinxstud/public_html/chandani/public/index.php(38): CodeIgniter\CodeIgniter->run()
#5 {main}
CRITICAL - 2022-04-15 17:14:36 --> Trying to access array offset on value of type null
#0 /home/dinxstud/public_html/chandani/app/Controllers/Register.php(100): CodeIgniter\Debug\Exceptions->errorHandler()
#1 /home/dinxstud/public_html/chandani/system/CodeIgniter.php(803): App\Controllers\Register->activate()
#2 /home/dinxstud/public_html/chandani/system/CodeIgniter.php(400): CodeIgniter\CodeIgniter->runController()
#3 /home/dinxstud/public_html/chandani/system/CodeIgniter.php(318): CodeIgniter\CodeIgniter->handleRequest()
#4 /home/dinxstud/public_html/chandani/public/index.php(38): CodeIgniter\CodeIgniter->run()
#5 {main}
CRITICAL - 2022-04-15 17:14:56 --> CodeIgniter\HTTP\RedirectResponse::to(): Argument #2 ($code) must be of type ?int, array given, called in /home/dinxstud/public_html/chandani/app/Controllers/Register.php on line 116
#0 /home/dinxstud/public_html/chandani/app/Controllers/Register.php(116): CodeIgniter\HTTP\RedirectResponse->to()
#1 /home/dinxstud/public_html/chandani/system/CodeIgniter.php(803): App\Controllers\Register->activate()
#2 /home/dinxstud/public_html/chandani/system/CodeIgniter.php(400): CodeIgniter\CodeIgniter->runController()
#3 /home/dinxstud/public_html/chandani/system/CodeIgniter.php(318): CodeIgniter\CodeIgniter->handleRequest()
#4 /home/dinxstud/public_html/chandani/public/index.php(38): CodeIgniter\CodeIgniter->run()
#5 {main}
CRITICAL - 2022-04-15 17:16:05 --> CodeIgniter\HTTP\RedirectResponse::to(): Argument #2 ($code) must be of type ?int, array given, called in /home/dinxstud/public_html/chandani/app/Controllers/Register.php on line 83
#0 /home/dinxstud/public_html/chandani/app/Controllers/Register.php(83): CodeIgniter\HTTP\RedirectResponse->to()
#1 /home/dinxstud/public_html/chandani/system/CodeIgniter.php(803): App\Controllers\Register->save()
#2 /home/dinxstud/public_html/chandani/system/CodeIgniter.php(400): CodeIgniter\CodeIgniter->runController()
#3 /home/dinxstud/public_html/chandani/system/CodeIgniter.php(318): CodeIgniter\CodeIgniter->handleRequest()
#4 /home/dinxstud/public_html/chandani/public/index.php(38): CodeIgniter\CodeIgniter->run()
#5 {main}
CRITICAL - 2022-04-15 17:17:46 --> Trying to access array offset on value of type null
#0 /home/dinxstud/public_html/chandani/app/Controllers/Register.php(100): CodeIgniter\Debug\Exceptions->errorHandler()
#1 /home/dinxstud/public_html/chandani/system/CodeIgniter.php(803): App\Controllers\Register->activate()
#2 /home/dinxstud/public_html/chandani/system/CodeIgniter.php(400): CodeIgniter\CodeIgniter->runController()
#3 /home/dinxstud/public_html/chandani/system/CodeIgniter.php(318): CodeIgniter\CodeIgniter->handleRequest()
#4 /home/dinxstud/public_html/chandani/public/index.php(38): CodeIgniter\CodeIgniter->run()
#5 {main}
CRITICAL - 2022-04-15 17:17:46 --> Trying to access array offset on value of type null
#0 /home/dinxstud/public_html/chandani/app/Controllers/Register.php(100): CodeIgniter\Debug\Exceptions->errorHandler()
#1 /home/dinxstud/public_html/chandani/system/CodeIgniter.php(803): App\Controllers\Register->activate()
#2 /home/dinxstud/public_html/chandani/system/CodeIgniter.php(400): CodeIgniter\CodeIgniter->runController()
#3 /home/dinxstud/public_html/chandani/system/CodeIgniter.php(318): CodeIgniter\CodeIgniter->handleRequest()
#4 /home/dinxstud/public_html/chandani/public/index.php(38): CodeIgniter\CodeIgniter->run()
#5 {main}
CRITICAL - 2022-04-15 17:17:47 --> Trying to access array offset on value of type null
#0 /home/dinxstud/public_html/chandani/app/Controllers/Register.php(100): CodeIgniter\Debug\Exceptions->errorHandler()
#1 /home/dinxstud/public_html/chandani/system/CodeIgniter.php(803): App\Controllers\Register->activate()
#2 /home/dinxstud/public_html/chandani/system/CodeIgniter.php(400): CodeIgniter\CodeIgniter->runController()
#3 /home/dinxstud/public_html/chandani/system/CodeIgniter.php(318): CodeIgniter\CodeIgniter->handleRequest()
#4 /home/dinxstud/public_html/chandani/public/index.php(38): CodeIgniter\CodeIgniter->run()
#5 {main}
CRITICAL - 2022-04-15 17:17:47 --> Trying to access array offset on value of type null
#0 /home/dinxstud/public_html/chandani/app/Controllers/Register.php(100): CodeIgniter\Debug\Exceptions->errorHandler()
#1 /home/dinxstud/public_html/chandani/system/CodeIgniter.php(803): App\Controllers\Register->activate()
#2 /home/dinxstud/public_html/chandani/system/CodeIgniter.php(400): CodeIgniter\CodeIgniter->runController()
#3 /home/dinxstud/public_html/chandani/system/CodeIgniter.php(318): CodeIgniter\CodeIgniter->handleRequest()
#4 /home/dinxstud/public_html/chandani/public/index.php(38): CodeIgniter\CodeIgniter->run()
#5 {main}
CRITICAL - 2022-04-15 17:17:48 --> Trying to access array offset on value of type null
#0 /home/dinxstud/public_html/chandani/app/Controllers/Register.php(100): CodeIgniter\Debug\Exceptions->errorHandler()
#1 /home/dinxstud/public_html/chandani/system/CodeIgniter.php(803): App\Controllers\Register->activate()
#2 /home/dinxstud/public_html/chandani/system/CodeIgniter.php(400): CodeIgniter\CodeIgniter->runController()
#3 /home/dinxstud/public_html/chandani/system/CodeIgniter.php(318): CodeIgniter\CodeIgniter->handleRequest()
#4 /home/dinxstud/public_html/chandani/public/index.php(38): CodeIgniter\CodeIgniter->run()
#5 {main}
CRITICAL - 2022-04-15 17:32:00 --> Trying to access array offset on value of type null
#0 /home/dinxstud/public_html/chandani/app/Controllers/Register.php(100): CodeIgniter\Debug\Exceptions->errorHandler()
#1 /home/dinxstud/public_html/chandani/system/CodeIgniter.php(803): App\Controllers\Register->activate()
#2 /home/dinxstud/public_html/chandani/system/CodeIgniter.php(400): CodeIgniter\CodeIgniter->runController()
#3 /home/dinxstud/public_html/chandani/system/CodeIgniter.php(318): CodeIgniter\CodeIgniter->handleRequest()
#4 /home/dinxstud/public_html/chandani/public/index.php(38): CodeIgniter\CodeIgniter->run()
#5 {main}
CRITICAL - 2022-04-15 17:32:01 --> Trying to access array offset on value of type null
#0 /home/dinxstud/public_html/chandani/app/Controllers/Register.php(100): CodeIgniter\Debug\Exceptions->errorHandler()
#1 /home/dinxstud/public_html/chandani/system/CodeIgniter.php(803): App\Controllers\Register->activate()
#2 /home/dinxstud/public_html/chandani/system/CodeIgniter.php(400): CodeIgniter\CodeIgniter->runController()
#3 /home/dinxstud/public_html/chandani/system/CodeIgniter.php(318): CodeIgniter\CodeIgniter->handleRequest()
#4 /home/dinxstud/public_html/chandani/public/index.php(38): CodeIgniter\CodeIgniter->run()
#5 {main}
CRITICAL - 2022-04-15 17:32:01 --> Trying to access array offset on value of type null
#0 /home/dinxstud/public_html/chandani/app/Controllers/Register.php(100): CodeIgniter\Debug\Exceptions->errorHandler()
#1 /home/dinxstud/public_html/chandani/system/CodeIgniter.php(803): App\Controllers\Register->activate()
#2 /home/dinxstud/public_html/chandani/system/CodeIgniter.php(400): CodeIgniter\CodeIgniter->runController()
#3 /home/dinxstud/public_html/chandani/system/CodeIgniter.php(318): CodeIgniter\CodeIgniter->handleRequest()
#4 /home/dinxstud/public_html/chandani/public/index.php(38): CodeIgniter\CodeIgniter->run()
#5 {main}
CRITICAL - 2022-04-15 17:32:01 --> Trying to access array offset on value of type null
#0 /home/dinxstud/public_html/chandani/app/Controllers/Register.php(100): CodeIgniter\Debug\Exceptions->errorHandler()
#1 /home/dinxstud/public_html/chandani/system/CodeIgniter.php(803): App\Controllers\Register->activate()
#2 /home/dinxstud/public_html/chandani/system/CodeIgniter.php(400): CodeIgniter\CodeIgniter->runController()
#3 /home/dinxstud/public_html/chandani/system/CodeIgniter.php(318): CodeIgniter\CodeIgniter->handleRequest()
#4 /home/dinxstud/public_html/chandani/public/index.php(38): CodeIgniter\CodeIgniter->run()
#5 {main}
CRITICAL - 2022-04-15 17:32:01 --> Trying to access array offset on value of type null
#0 /home/dinxstud/public_html/chandani/app/Controllers/Register.php(100): CodeIgniter\Debug\Exceptions->errorHandler()
#1 /home/dinxstud/public_html/chandani/system/CodeIgniter.php(803): App\Controllers\Register->activate()
#2 /home/dinxstud/public_html/chandani/system/CodeIgniter.php(400): CodeIgniter\CodeIgniter->runController()
#3 /home/dinxstud/public_html/chandani/system/CodeIgniter.php(318): CodeIgniter\CodeIgniter->handleRequest()
#4 /home/dinxstud/public_html/chandani/public/index.php(38): CodeIgniter\CodeIgniter->run()
#5 {main}
CRITICAL - 2022-04-15 17:32:46 --> Undefined array key 2
#0 /home/dinxstud/public_html/chandani/app/Controllers/Register.php(92): CodeIgniter\Debug\Exceptions->errorHandler()
#1 /home/dinxstud/public_html/chandani/system/CodeIgniter.php(803): App\Controllers\Register->activate()
#2 /home/dinxstud/public_html/chandani/system/CodeIgniter.php(400): CodeIgniter\CodeIgniter->runController()
#3 /home/dinxstud/public_html/chandani/system/CodeIgniter.php(318): CodeIgniter\CodeIgniter->handleRequest()
#4 /home/dinxstud/public_html/chandani/public/index.php(38): CodeIgniter\CodeIgniter->run()
#5 {main}
CRITICAL - 2022-04-15 17:32:51 --> Trying to access array offset on value of type null
#0 /home/dinxstud/public_html/chandani/app/Controllers/Register.php(100): CodeIgniter\Debug\Exceptions->errorHandler()
#1 /home/dinxstud/public_html/chandani/system/CodeIgniter.php(803): App\Controllers\Register->activate()
#2 /home/dinxstud/public_html/chandani/system/CodeIgniter.php(400): CodeIgniter\CodeIgniter->runController()
#3 /home/dinxstud/public_html/chandani/system/CodeIgniter.php(318): CodeIgniter\CodeIgniter->handleRequest()
#4 /home/dinxstud/public_html/chandani/public/index.php(38): CodeIgniter\CodeIgniter->run()
#5 {main}
CRITICAL - 2022-04-15 17:32:51 --> Trying to access array offset on value of type null
#0 /home/dinxstud/public_html/chandani/app/Controllers/Register.php(100): CodeIgniter\Debug\Exceptions->errorHandler()
#1 /home/dinxstud/public_html/chandani/system/CodeIgniter.php(803): App\Controllers\Register->activate()
#2 /home/dinxstud/public_html/chandani/system/CodeIgniter.php(400): CodeIgniter\CodeIgniter->runController()
#3 /home/dinxstud/public_html/chandani/system/CodeIgniter.php(318): CodeIgniter\CodeIgniter->handleRequest()
#4 /home/dinxstud/public_html/chandani/public/index.php(38): CodeIgniter\CodeIgniter->run()
#5 {main}
CRITICAL - 2022-04-15 17:32:52 --> Trying to access array offset on value of type null
#0 /home/dinxstud/public_html/chandani/app/Controllers/Register.php(100): CodeIgniter\Debug\Exceptions->errorHandler()
#1 /home/dinxstud/public_html/chandani/system/CodeIgniter.php(803): App\Controllers\Register->activate()
#2 /home/dinxstud/public_html/chandani/system/CodeIgniter.php(400): CodeIgniter\CodeIgniter->runController()
#3 /home/dinxstud/public_html/chandani/system/CodeIgniter.php(318): CodeIgniter\CodeIgniter->handleRequest()
#4 /home/dinxstud/public_html/chandani/public/index.php(38): CodeIgniter\CodeIgniter->run()
#5 {main}
CRITICAL - 2022-04-15 17:32:52 --> Trying to access array offset on value of type null
#0 /home/dinxstud/public_html/chandani/app/Controllers/Register.php(100): CodeIgniter\Debug\Exceptions->errorHandler()
#1 /home/dinxstud/public_html/chandani/system/CodeIgniter.php(803): App\Controllers\Register->activate()
#2 /home/dinxstud/public_html/chandani/system/CodeIgniter.php(400): CodeIgniter\CodeIgniter->runController()
#3 /home/dinxstud/public_html/chandani/system/CodeIgniter.php(318): CodeIgniter\CodeIgniter->handleRequest()
#4 /home/dinxstud/public_html/chandani/public/index.php(38): CodeIgniter\CodeIgniter->run()
#5 {main}
CRITICAL - 2022-04-15 17:32:52 --> Trying to access array offset on value of type null
#0 /home/dinxstud/public_html/chandani/app/Controllers/Register.php(100): CodeIgniter\Debug\Exceptions->errorHandler()
#1 /home/dinxstud/public_html/chandani/system/CodeIgniter.php(803): App\Controllers\Register->activate()
#2 /home/dinxstud/public_html/chandani/system/CodeIgniter.php(400): CodeIgniter\CodeIgniter->runController()
#3 /home/dinxstud/public_html/chandani/system/CodeIgniter.php(318): CodeIgniter\CodeIgniter->handleRequest()
#4 /home/dinxstud/public_html/chandani/public/index.php(38): CodeIgniter\CodeIgniter->run()
#5 {main}
CRITICAL - 2022-04-15 17:33:00 --> Trying to access array offset on value of type null
#0 /home/dinxstud/public_html/chandani/app/Controllers/Register.php(100): CodeIgniter\Debug\Exceptions->errorHandler()
#1 /home/dinxstud/public_html/chandani/system/CodeIgniter.php(803): App\Controllers\Register->activate()
#2 /home/dinxstud/public_html/chandani/system/CodeIgniter.php(400): CodeIgniter\CodeIgniter->runController()
#3 /home/dinxstud/public_html/chandani/system/CodeIgniter.php(318): CodeIgniter\CodeIgniter->handleRequest()
#4 /home/dinxstud/public_html/chandani/public/index.php(38): CodeIgniter\CodeIgniter->run()
#5 {main}
CRITICAL - 2022-04-15 17:33:53 --> Trying to access array offset on value of type null
#0 /home/dinxstud/public_html/chandani/app/Controllers/Register.php(100): CodeIgniter\Debug\Exceptions->errorHandler()
#1 /home/dinxstud/public_html/chandani/system/CodeIgniter.php(803): App\Controllers\Register->activate()
#2 /home/dinxstud/public_html/chandani/system/CodeIgniter.php(400): CodeIgniter\CodeIgniter->runController()
#3 /home/dinxstud/public_html/chandani/system/CodeIgniter.php(318): CodeIgniter\CodeIgniter->handleRequest()
#4 /home/dinxstud/public_html/chandani/public/index.php(38): CodeIgniter\CodeIgniter->run()
#5 {main}
CRITICAL - 2022-04-15 17:47:20 --> There is no data to update.
#0 /home/dinxstud/public_html/chandani/system/BaseModel.php(1577): CodeIgniter\Database\Exceptions\DataException::forEmptyDataset()
#1 /home/dinxstud/public_html/chandani/system/BaseModel.php(833): CodeIgniter\BaseModel->transformDataToArray()
#2 /home/dinxstud/public_html/chandani/system/Model.php(646): CodeIgniter\BaseModel->update()
#3 /home/dinxstud/public_html/chandani/app/Controllers/Register.php(110): CodeIgniter\Model->update()
#4 /home/dinxstud/public_html/chandani/system/CodeIgniter.php(803): App\Controllers\Register->activate()
#5 /home/dinxstud/public_html/chandani/system/CodeIgniter.php(400): CodeIgniter\CodeIgniter->runController()
#6 /home/dinxstud/public_html/chandani/system/CodeIgniter.php(318): CodeIgniter\CodeIgniter->handleRequest()
#7 /home/dinxstud/public_html/chandani/public/index.php(38): CodeIgniter\CodeIgniter->run()
#8 {main}
CRITICAL - 2022-04-15 17:49:28 --> syntax error, unexpected token ",", expecting ")"
#0 /home/dinxstud/public_html/chandani/system/Router/Router.php(160): CodeIgniter\Router\Router->autoRoute()
#1 /home/dinxstud/public_html/chandani/system/CodeIgniter.php(703): CodeIgniter\Router\Router->handle()
#2 /home/dinxstud/public_html/chandani/system/CodeIgniter.php(359): CodeIgniter\CodeIgniter->tryToRouteIt()
#3 /home/dinxstud/public_html/chandani/system/CodeIgniter.php(318): CodeIgniter\CodeIgniter->handleRequest()
#4 /home/dinxstud/public_html/chandani/public/index.php(38): CodeIgniter\CodeIgniter->run()
#5 {main}
CRITICAL - 2022-04-15 17:49:44 --> CodeIgniter\BaseModel::transformDataToArray(): Return value must be of type array, string returned
#0 /home/dinxstud/public_html/chandani/system/BaseModel.php(833): CodeIgniter\BaseModel->transformDataToArray()
#1 /home/dinxstud/public_html/chandani/system/Model.php(646): CodeIgniter\BaseModel->update()
#2 /home/dinxstud/public_html/chandani/app/Controllers/Register.php(110): CodeIgniter\Model->update()
#3 /home/dinxstud/public_html/chandani/system/CodeIgniter.php(803): App\Controllers\Register->activate()
#4 /home/dinxstud/public_html/chandani/system/CodeIgniter.php(400): CodeIgniter\CodeIgniter->runController()
#5 /home/dinxstud/public_html/chandani/system/CodeIgniter.php(318): CodeIgniter\CodeIgniter->handleRequest()
#6 /home/dinxstud/public_html/chandani/public/index.php(38): CodeIgniter\CodeIgniter->run()
#7 {main}
CRITICAL - 2022-04-15 18:17:45 --> Undefined variable $company_name
#0 /home/dinxstud/public_html/chandani/app/Views/home.php(5): CodeIgniter\Debug\Exceptions->errorHandler()
#1 /home/dinxstud/public_html/chandani/system/View/View.php(214): include('/home/dinxstud/...')
#2 /home/dinxstud/public_html/chandani/system/View/View.php(217): CodeIgniter\View\View->CodeIgniter\View\{closure}()
#3 /home/dinxstud/public_html/chandani/system/Common.php(1092): CodeIgniter\View\View->render()
#4 /home/dinxstud/public_html/chandani/app/Controllers/Home.php(13): view()
#5 /home/dinxstud/public_html/chandani/system/CodeIgniter.php(803): App\Controllers\Home->index()
#6 /home/dinxstud/public_html/chandani/system/CodeIgniter.php(400): CodeIgniter\CodeIgniter->runController()
#7 /home/dinxstud/public_html/chandani/system/CodeIgniter.php(318): CodeIgniter\CodeIgniter->handleRequest()
#8 /home/dinxstud/public_html/chandani/public/index.php(38): CodeIgniter\CodeIgniter->run()
#9 {main}
CRITICAL - 2022-04-15 18:21:22 --> Undefined variable $company_name
#0 /home/dinxstud/public_html/chandani/app/Views/home.php(5): CodeIgniter\Debug\Exceptions->errorHandler()
#1 /home/dinxstud/public_html/chandani/system/View/View.php(214): include('/home/dinxstud/...')
#2 /home/dinxstud/public_html/chandani/system/View/View.php(217): CodeIgniter\View\View->CodeIgniter\View\{closure}()
#3 /home/dinxstud/public_html/chandani/system/Common.php(1092): CodeIgniter\View\View->render()
#4 /home/dinxstud/public_html/chandani/app/Controllers/Home.php(66): view()
#5 /home/dinxstud/public_html/chandani/system/CodeIgniter.php(803): App\Controllers\Home->index()
#6 /home/dinxstud/public_html/chandani/system/CodeIgniter.php(400): CodeIgniter\CodeIgniter->runController()
#7 /home/dinxstud/public_html/chandani/system/CodeIgniter.php(318): CodeIgniter\CodeIgniter->handleRequest()
#8 /home/dinxstud/public_html/chandani/public/index.php(38): CodeIgniter\CodeIgniter->run()
#9 {main}
