CRITICAL - 2022-09-30 03:51:58 --> Call to undefined method App\Models\EventsModel::deleterecords
#0 /home/dinxstud/public_html/chandani/app/Controllers/Events.php(2197): CodeIgniter\Model->__call()
#1 /home/dinxstud/public_html/chandani/system/CodeIgniter.php(803): App\Controllers\Events->delete()
#2 /home/dinxstud/public_html/chandani/system/CodeIgniter.php(400): CodeIgniter\CodeIgniter->runController()
#3 /home/dinxstud/public_html/chandani/system/CodeIgniter.php(318): CodeIgniter\CodeIgniter->handleRequest()
#4 /home/dinxstud/public_html/chandani/public/index.php(38): CodeIgniter\CodeIgniter->run()
#5 {main}
ERROR - 2022-09-30 03:53:09 --> Unknown column 'deleted_at' in 'field list'
CRITICAL - 2022-09-30 03:53:09 --> Unknown column 'deleted_at' in 'field list'
#0 /home/dinxstud/public_html/chandani/system/Database/MySQLi/Connection.php(280): mysqli->query()
#1 /home/dinxstud/public_html/chandani/system/Database/BaseConnection.php(663): CodeIgniter\Database\MySQLi\Connection->execute()
#2 /home/dinxstud/public_html/chandani/system/Database/BaseConnection.php(591): CodeIgniter\Database\BaseConnection->simpleQuery()
#3 /home/dinxstud/public_html/chandani/system/Database/BaseBuilder.php(1875): CodeIgniter\Database\BaseConnection->query()
#4 /home/dinxstud/public_html/chandani/system/Model.php(356): CodeIgniter\Database\BaseBuilder->update()
#5 /home/dinxstud/public_html/chandani/system/BaseModel.php(970): CodeIgniter\Model->doDelete()
#6 /home/dinxstud/public_html/chandani/app/Controllers/Events.php(2197): CodeIgniter\BaseModel->delete()
#7 /home/dinxstud/public_html/chandani/system/CodeIgniter.php(803): App\Controllers\Events->delete()
#8 /home/dinxstud/public_html/chandani/system/CodeIgniter.php(400): CodeIgniter\CodeIgniter->runController()
#9 /home/dinxstud/public_html/chandani/system/CodeIgniter.php(318): CodeIgniter\CodeIgniter->handleRequest()
#10 /home/dinxstud/public_html/chandani/public/index.php(38): CodeIgniter\CodeIgniter->run()
#11 {main}
