CRITICAL - 2023-01-10 04:18:34 --> Undefined variable $tblcompany_barOption_id
#0 /home/dinxstud/public_html/chandani/app/Views/clientChooseHall.php(107): CodeIgniter\Debug\Exceptions->errorHandler()
#1 /home/dinxstud/public_html/chandani/system/View/View.php(214): include('/home/dinxstud/...')
#2 /home/dinxstud/public_html/chandani/system/View/View.php(217): CodeIgniter\View\View->CodeIgniter\View\{closure}()
#3 /home/dinxstud/public_html/chandani/system/Common.php(1092): CodeIgniter\View\View->render()
#4 /home/dinxstud/public_html/chandani/app/Controllers/Events.php(448): view()
#5 /home/dinxstud/public_html/chandani/system/CodeIgniter.php(803): App\Controllers\Events->chooseHall()
#6 /home/dinxstud/public_html/chandani/system/CodeIgniter.php(400): CodeIgniter\CodeIgniter->runController()
#7 /home/dinxstud/public_html/chandani/system/CodeIgniter.php(318): CodeIgniter\CodeIgniter->handleRequest()
#8 /home/dinxstud/public_html/chandani/public/index.php(38): CodeIgniter\CodeIgniter->run()
#9 {main}
CRITICAL - 2023-01-10 07:29:10 --> implode(): Argument #1 ($pieces) must be of type array, string given
#0 /home/dinxstud/public_html/chandani/app/Controllers/Events.php(569): implode()
#1 /home/dinxstud/public_html/chandani/system/CodeIgniter.php(803): App\Controllers\Events->menuItems()
#2 /home/dinxstud/public_html/chandani/system/CodeIgniter.php(400): CodeIgniter\CodeIgniter->runController()
#3 /home/dinxstud/public_html/chandani/system/CodeIgniter.php(318): CodeIgniter\CodeIgniter->handleRequest()
#4 /home/dinxstud/public_html/chandani/public/index.php(38): CodeIgniter\CodeIgniter->run()
#5 {main}
CRITICAL - 2023-01-10 07:29:51 --> implode(): Argument #1 ($pieces) must be of type array, string given
#0 /home/dinxstud/public_html/chandani/app/Controllers/Events.php(569): implode()
#1 /home/dinxstud/public_html/chandani/system/CodeIgniter.php(803): App\Controllers\Events->menuItems()
#2 /home/dinxstud/public_html/chandani/system/CodeIgniter.php(400): CodeIgniter\CodeIgniter->runController()
#3 /home/dinxstud/public_html/chandani/system/CodeIgniter.php(318): CodeIgniter\CodeIgniter->handleRequest()
#4 /home/dinxstud/public_html/chandani/public/index.php(38): CodeIgniter\CodeIgniter->run()
#5 {main}
CRITICAL - 2023-01-10 18:06:54 --> implode(): Argument #1 ($pieces) must be of type array, string given
#0 /home/dinxstud/public_html/chandani/app/Controllers/Events.php(569): implode()
#1 /home/dinxstud/public_html/chandani/system/CodeIgniter.php(803): App\Controllers\Events->menuItems()
#2 /home/dinxstud/public_html/chandani/system/CodeIgniter.php(400): CodeIgniter\CodeIgniter->runController()
#3 /home/dinxstud/public_html/chandani/system/CodeIgniter.php(318): CodeIgniter\CodeIgniter->handleRequest()
#4 /home/dinxstud/public_html/chandani/public/index.php(38): CodeIgniter\CodeIgniter->run()
#5 {main}
CRITICAL - 2023-01-10 18:12:16 --> Undefined variable $selection
#0 /home/dinxstud/public_html/chandani/app/Controllers/Events.php(601): CodeIgniter\Debug\Exceptions->errorHandler()
#1 /home/dinxstud/public_html/chandani/system/CodeIgniter.php(803): App\Controllers\Events->menuItems()
#2 /home/dinxstud/public_html/chandani/system/CodeIgniter.php(400): CodeIgniter\CodeIgniter->runController()
#3 /home/dinxstud/public_html/chandani/system/CodeIgniter.php(318): CodeIgniter\CodeIgniter->handleRequest()
#4 /home/dinxstud/public_html/chandani/public/index.php(38): CodeIgniter\CodeIgniter->run()
#5 {main}
CRITICAL - 2023-01-10 19:14:13 --> foreach() argument must be of type array|object, string given
#0 /home/dinxstud/public_html/chandani/app/Views/summary.php(251): CodeIgniter\Debug\Exceptions->errorHandler()
#1 /home/dinxstud/public_html/chandani/system/View/View.php(214): include('/home/dinxstud/...')
#2 /home/dinxstud/public_html/chandani/system/View/View.php(217): CodeIgniter\View\View->CodeIgniter\View\{closure}()
#3 /home/dinxstud/public_html/chandani/system/View/View.php(432): CodeIgniter\View\View->render()
#4 /home/dinxstud/public_html/chandani/app/Views/floorplan.php(74): CodeIgniter\View\View->include()
#5 /home/dinxstud/public_html/chandani/system/View/View.php(214): include('/home/dinxstud/...')
#6 /home/dinxstud/public_html/chandani/system/View/View.php(217): CodeIgniter\View\View->CodeIgniter\View\{closure}()
#7 /home/dinxstud/public_html/chandani/system/Common.php(1092): CodeIgniter\View\View->render()
#8 /home/dinxstud/public_html/chandani/app/Controllers/Events.php(742): view()
#9 /home/dinxstud/public_html/chandani/system/CodeIgniter.php(803): App\Controllers\Events->floorplan()
#10 /home/dinxstud/public_html/chandani/system/CodeIgniter.php(400): CodeIgniter\CodeIgniter->runController()
#11 /home/dinxstud/public_html/chandani/system/CodeIgniter.php(318): CodeIgniter\CodeIgniter->handleRequest()
#12 /home/dinxstud/public_html/chandani/public/index.php(38): CodeIgniter\CodeIgniter->run()
#13 {main}
CRITICAL - 2023-01-10 19:21:37 --> foreach() argument must be of type array|object, string given
#0 /home/dinxstud/public_html/chandani/app/Views/summary.php(251): CodeIgniter\Debug\Exceptions->errorHandler()
#1 /home/dinxstud/public_html/chandani/system/View/View.php(214): include('/home/dinxstud/...')
#2 /home/dinxstud/public_html/chandani/system/View/View.php(217): CodeIgniter\View\View->CodeIgniter\View\{closure}()
#3 /home/dinxstud/public_html/chandani/system/View/View.php(432): CodeIgniter\View\View->render()
#4 /home/dinxstud/public_html/chandani/app/Views/floorplan.php(74): CodeIgniter\View\View->include()
#5 /home/dinxstud/public_html/chandani/system/View/View.php(214): include('/home/dinxstud/...')
#6 /home/dinxstud/public_html/chandani/system/View/View.php(217): CodeIgniter\View\View->CodeIgniter\View\{closure}()
#7 /home/dinxstud/public_html/chandani/system/Common.php(1092): CodeIgniter\View\View->render()
#8 /home/dinxstud/public_html/chandani/app/Controllers/Events.php(742): view()
#9 /home/dinxstud/public_html/chandani/system/CodeIgniter.php(803): App\Controllers\Events->floorplan()
#10 /home/dinxstud/public_html/chandani/system/CodeIgniter.php(400): CodeIgniter\CodeIgniter->runController()
#11 /home/dinxstud/public_html/chandani/system/CodeIgniter.php(318): CodeIgniter\CodeIgniter->handleRequest()
#12 /home/dinxstud/public_html/chandani/public/index.php(38): CodeIgniter\CodeIgniter->run()
#13 {main}
CRITICAL - 2023-01-10 19:22:15 --> Undefined array key "barLabel"
#0 /home/dinxstud/public_html/chandani/app/Views/summary.php(292): CodeIgniter\Debug\Exceptions->errorHandler()
#1 /home/dinxstud/public_html/chandani/system/View/View.php(214): include('/home/dinxstud/...')
#2 /home/dinxstud/public_html/chandani/system/View/View.php(217): CodeIgniter\View\View->CodeIgniter\View\{closure}()
#3 /home/dinxstud/public_html/chandani/system/View/View.php(432): CodeIgniter\View\View->render()
#4 /home/dinxstud/public_html/chandani/app/Views/floorplan.php(74): CodeIgniter\View\View->include()
#5 /home/dinxstud/public_html/chandani/system/View/View.php(214): include('/home/dinxstud/...')
#6 /home/dinxstud/public_html/chandani/system/View/View.php(217): CodeIgniter\View\View->CodeIgniter\View\{closure}()
#7 /home/dinxstud/public_html/chandani/system/Common.php(1092): CodeIgniter\View\View->render()
#8 /home/dinxstud/public_html/chandani/app/Controllers/Events.php(742): view()
#9 /home/dinxstud/public_html/chandani/system/CodeIgniter.php(803): App\Controllers\Events->floorplan()
#10 /home/dinxstud/public_html/chandani/system/CodeIgniter.php(400): CodeIgniter\CodeIgniter->runController()
#11 /home/dinxstud/public_html/chandani/system/CodeIgniter.php(318): CodeIgniter\CodeIgniter->handleRequest()
#12 /home/dinxstud/public_html/chandani/public/index.php(38): CodeIgniter\CodeIgniter->run()
#13 {main}
CRITICAL - 2023-01-10 19:42:47 --> Undefined array key 0
#0 /home/dinxstud/public_html/chandani/app/Controllers/Home.php(124): CodeIgniter\Debug\Exceptions->errorHandler()
#1 /home/dinxstud/public_html/chandani/system/CodeIgniter.php(803): App\Controllers\Home->index()
#2 /home/dinxstud/public_html/chandani/system/CodeIgniter.php(400): CodeIgniter\CodeIgniter->runController()
#3 /home/dinxstud/public_html/chandani/system/CodeIgniter.php(318): CodeIgniter\CodeIgniter->handleRequest()
#4 /home/dinxstud/public_html/chandani/public/index.php(38): CodeIgniter\CodeIgniter->run()
#5 {main}
CRITICAL - 2023-01-10 19:46:46 --> Undefined array key 0
#0 /home/dinxstud/public_html/chandani/app/Controllers/Home.php(125): CodeIgniter\Debug\Exceptions->errorHandler()
#1 /home/dinxstud/public_html/chandani/system/CodeIgniter.php(803): App\Controllers\Home->index()
#2 /home/dinxstud/public_html/chandani/system/CodeIgniter.php(400): CodeIgniter\CodeIgniter->runController()
#3 /home/dinxstud/public_html/chandani/system/CodeIgniter.php(318): CodeIgniter\CodeIgniter->handleRequest()
#4 /home/dinxstud/public_html/chandani/public/index.php(38): CodeIgniter\CodeIgniter->run()
#5 {main}
CRITICAL - 2023-01-10 19:55:50 --> Undefined array key 0
#0 /home/dinxstud/public_html/chandani/app/Controllers/Events.php(2376): CodeIgniter\Debug\Exceptions->errorHandler()
#1 /home/dinxstud/public_html/chandani/system/CodeIgniter.php(803): App\Controllers\Events->all()
#2 /home/dinxstud/public_html/chandani/system/CodeIgniter.php(400): CodeIgniter\CodeIgniter->runController()
#3 /home/dinxstud/public_html/chandani/system/CodeIgniter.php(318): CodeIgniter\CodeIgniter->handleRequest()
#4 /home/dinxstud/public_html/chandani/public/index.php(38): CodeIgniter\CodeIgniter->run()
#5 {main}
