CRITICAL - 2022-02-06 14:56:03 --> syntax error, unexpected token "}"
#0 /home/dinxstud/public_html/chandani/system/Router/Router.php(160): CodeIgniter\Router\Router->autoRoute()
#1 /home/dinxstud/public_html/chandani/system/CodeIgniter.php(703): CodeIgniter\Router\Router->handle()
#2 /home/dinxstud/public_html/chandani/system/CodeIgniter.php(359): CodeIgniter\CodeIgniter->tryToRouteIt()
#3 /home/dinxstud/public_html/chandani/system/CodeIgniter.php(318): CodeIgniter\CodeIgniter->handleRequest()
#4 /home/dinxstud/public_html/chandani/public/index.php(38): CodeIgniter\CodeIgniter->run()
#5 {main}
CRITICAL - 2022-02-06 15:31:53 --> Call to undefined method App\Libraries\GroceryCrud::new_multi_upload()
#0 /home/dinxstud/public_html/chandani/system/CodeIgniter.php(803): App\Controllers\ManageVenues->venueHalls()
#1 /home/dinxstud/public_html/chandani/system/CodeIgniter.php(400): CodeIgniter\CodeIgniter->runController()
#2 /home/dinxstud/public_html/chandani/system/CodeIgniter.php(318): CodeIgniter\CodeIgniter->handleRequest()
#3 /home/dinxstud/public_html/chandani/public/index.php(38): CodeIgniter\CodeIgniter->run()
#4 {main}
CRITICAL - 2022-02-06 15:33:03 --> Call to undefined method App\Libraries\GroceryCrud::new_multi_upload()
#0 /home/dinxstud/public_html/chandani/system/CodeIgniter.php(803): App\Controllers\ManageVenues->venueHalls()
#1 /home/dinxstud/public_html/chandani/system/CodeIgniter.php(400): CodeIgniter\CodeIgniter->runController()
#2 /home/dinxstud/public_html/chandani/system/CodeIgniter.php(318): CodeIgniter\CodeIgniter->handleRequest()
#3 /home/dinxstud/public_html/chandani/public/index.php(38): CodeIgniter\CodeIgniter->run()
#4 {main}
CRITICAL - 2022-02-06 15:36:34 --> Call to undefined method App\Libraries\GroceryCrud::new_multi_upload()
#0 /home/dinxstud/public_html/chandani/system/CodeIgniter.php(803): App\Controllers\ManageVenues->venueHalls()
#1 /home/dinxstud/public_html/chandani/system/CodeIgniter.php(400): CodeIgniter\CodeIgniter->runController()
#2 /home/dinxstud/public_html/chandani/system/CodeIgniter.php(318): CodeIgniter\CodeIgniter->handleRequest()
#3 /home/dinxstud/public_html/chandani/public/index.php(38): CodeIgniter\CodeIgniter->run()
#4 {main}
CRITICAL - 2022-02-06 15:45:00 --> Call to undefined method App\Libraries\GroceryCrud::new_multi_upload()
#0 /home/dinxstud/public_html/chandani/system/CodeIgniter.php(803): App\Controllers\ManageVenues->venueHalls()
#1 /home/dinxstud/public_html/chandani/system/CodeIgniter.php(400): CodeIgniter\CodeIgniter->runController()
#2 /home/dinxstud/public_html/chandani/system/CodeIgniter.php(318): CodeIgniter\CodeIgniter->handleRequest()
#3 /home/dinxstud/public_html/chandani/public/index.php(38): CodeIgniter\CodeIgniter->run()
#4 {main}
CRITICAL - 2022-02-06 17:56:31 --> Undefined variable $filepath
#0 /home/dinxstud/public_html/chandani/app/Controllers/ManageVenues.php(99): CodeIgniter\Debug\Exceptions->errorHandler()
#1 [internal function]: App\Controllers\ManageVenues->App\Controllers\{closure}()
#2 /home/dinxstud/public_html/chandani/app/Libraries/GroceryCrud.php(990): call_user_func()
#3 /home/dinxstud/public_html/chandani/app/Libraries/GroceryCrud.php(4557): App\Libraries\grocery_CRUD_Model_Driver->db_insert()
#4 /home/dinxstud/public_html/chandani/app/Controllers/ManageVenues.php(106): App\Libraries\GroceryCrud->render()
#5 /home/dinxstud/public_html/chandani/system/CodeIgniter.php(803): App\Controllers\ManageVenues->venueHalls()
#6 /home/dinxstud/public_html/chandani/system/CodeIgniter.php(400): CodeIgniter\CodeIgniter->runController()
#7 /home/dinxstud/public_html/chandani/system/CodeIgniter.php(318): CodeIgniter\CodeIgniter->handleRequest()
#8 /home/dinxstud/public_html/chandani/public/index.php(38): CodeIgniter\CodeIgniter->run()
#9 {main}
CRITICAL - 2022-02-06 17:58:15 --> Undefined variable $filepath
#0 /home/dinxstud/public_html/chandani/app/Controllers/ManageVenues.php(99): CodeIgniter\Debug\Exceptions->errorHandler()
#1 [internal function]: App\Controllers\ManageVenues->App\Controllers\{closure}()
#2 /home/dinxstud/public_html/chandani/app/Libraries/GroceryCrud.php(990): call_user_func()
#3 /home/dinxstud/public_html/chandani/app/Libraries/GroceryCrud.php(4557): App\Libraries\grocery_CRUD_Model_Driver->db_insert()
#4 /home/dinxstud/public_html/chandani/app/Controllers/ManageVenues.php(106): App\Libraries\GroceryCrud->render()
#5 /home/dinxstud/public_html/chandani/system/CodeIgniter.php(803): App\Controllers\ManageVenues->venueHalls()
#6 /home/dinxstud/public_html/chandani/system/CodeIgniter.php(400): CodeIgniter\CodeIgniter->runController()
#7 /home/dinxstud/public_html/chandani/system/CodeIgniter.php(318): CodeIgniter\CodeIgniter->handleRequest()
#8 /home/dinxstud/public_html/chandani/public/index.php(38): CodeIgniter\CodeIgniter->run()
#9 {main}
CRITICAL - 2022-02-06 18:00:12 --> Undefined variable $filepath
#0 /home/dinxstud/public_html/chandani/app/Controllers/ManageVenues.php(98): CodeIgniter\Debug\Exceptions->errorHandler()
#1 /home/dinxstud/public_html/chandani/system/CodeIgniter.php(803): App\Controllers\ManageVenues->venueHalls()
#2 /home/dinxstud/public_html/chandani/system/CodeIgniter.php(400): CodeIgniter\CodeIgniter->runController()
#3 /home/dinxstud/public_html/chandani/system/CodeIgniter.php(318): CodeIgniter\CodeIgniter->handleRequest()
#4 /home/dinxstud/public_html/chandani/public/index.php(38): CodeIgniter\CodeIgniter->run()
#5 {main}
CRITICAL - 2022-02-06 18:10:14 --> CodeIgniter\BaseModel::transformDataToArray(): Return value must be of type array, string returned
#0 /home/dinxstud/public_html/chandani/system/BaseModel.php(832): CodeIgniter\BaseModel->transformDataToArray()
#1 /home/dinxstud/public_html/chandani/system/Model.php(646): CodeIgniter\BaseModel->update()
#2 /home/dinxstud/public_html/chandani/app/Controllers/ManageVenues.php(106): CodeIgniter\Model->update()
#3 [internal function]: App\Controllers\ManageVenues->App\Controllers\{closure}()
#4 /home/dinxstud/public_html/chandani/app/Libraries/GroceryCrud.php(990): call_user_func()
#5 /home/dinxstud/public_html/chandani/app/Libraries/GroceryCrud.php(4557): App\Libraries\grocery_CRUD_Model_Driver->db_insert()
#6 /home/dinxstud/public_html/chandani/app/Controllers/ManageVenues.php(110): App\Libraries\GroceryCrud->render()
#7 /home/dinxstud/public_html/chandani/system/CodeIgniter.php(803): App\Controllers\ManageVenues->venueHalls()
#8 /home/dinxstud/public_html/chandani/system/CodeIgniter.php(400): CodeIgniter\CodeIgniter->runController()
#9 /home/dinxstud/public_html/chandani/system/CodeIgniter.php(318): CodeIgniter\CodeIgniter->handleRequest()
#10 /home/dinxstud/public_html/chandani/public/index.php(38): CodeIgniter\CodeIgniter->run()
#11 {main}
CRITICAL - 2022-02-06 18:10:50 --> CodeIgniter\BaseModel::transformDataToArray(): Return value must be of type array, string returned
#0 /home/dinxstud/public_html/chandani/system/BaseModel.php(832): CodeIgniter\BaseModel->transformDataToArray()
#1 /home/dinxstud/public_html/chandani/system/Model.php(646): CodeIgniter\BaseModel->update()
#2 /home/dinxstud/public_html/chandani/app/Controllers/ManageVenues.php(106): CodeIgniter\Model->update()
#3 [internal function]: App\Controllers\ManageVenues->App\Controllers\{closure}()
#4 /home/dinxstud/public_html/chandani/app/Libraries/GroceryCrud.php(990): call_user_func()
#5 /home/dinxstud/public_html/chandani/app/Libraries/GroceryCrud.php(4557): App\Libraries\grocery_CRUD_Model_Driver->db_insert()
#6 /home/dinxstud/public_html/chandani/app/Controllers/ManageVenues.php(110): App\Libraries\GroceryCrud->render()
#7 /home/dinxstud/public_html/chandani/system/CodeIgniter.php(803): App\Controllers\ManageVenues->venueHalls()
#8 /home/dinxstud/public_html/chandani/system/CodeIgniter.php(400): CodeIgniter\CodeIgniter->runController()
#9 /home/dinxstud/public_html/chandani/system/CodeIgniter.php(318): CodeIgniter\CodeIgniter->handleRequest()
#10 /home/dinxstud/public_html/chandani/public/index.php(38): CodeIgniter\CodeIgniter->run()
#11 {main}
CRITICAL - 2022-02-06 18:16:14 --> There is no data to update.
#0 /home/dinxstud/public_html/chandani/system/BaseModel.php(846): CodeIgniter\Database\Exceptions\DataException::forEmptyDataset()
#1 /home/dinxstud/public_html/chandani/system/Model.php(646): CodeIgniter\BaseModel->update()
#2 /home/dinxstud/public_html/chandani/app/Controllers/ManageVenues.php(107): CodeIgniter\Model->update()
#3 [internal function]: App\Controllers\ManageVenues->App\Controllers\{closure}()
#4 /home/dinxstud/public_html/chandani/app/Libraries/GroceryCrud.php(990): call_user_func()
#5 /home/dinxstud/public_html/chandani/app/Libraries/GroceryCrud.php(4557): App\Libraries\grocery_CRUD_Model_Driver->db_insert()
#6 /home/dinxstud/public_html/chandani/app/Controllers/ManageVenues.php(111): App\Libraries\GroceryCrud->render()
#7 /home/dinxstud/public_html/chandani/system/CodeIgniter.php(803): App\Controllers\ManageVenues->venueHalls()
#8 /home/dinxstud/public_html/chandani/system/CodeIgniter.php(400): CodeIgniter\CodeIgniter->runController()
#9 /home/dinxstud/public_html/chandani/system/CodeIgniter.php(318): CodeIgniter\CodeIgniter->handleRequest()
#10 /home/dinxstud/public_html/chandani/public/index.php(38): CodeIgniter\CodeIgniter->run()
#11 {main}
CRITICAL - 2022-02-06 18:18:46 --> There is no data to update.
#0 /home/dinxstud/public_html/chandani/system/BaseModel.php(1570): CodeIgniter\Database\Exceptions\DataException::forEmptyDataset()
#1 /home/dinxstud/public_html/chandani/system/BaseModel.php(832): CodeIgniter\BaseModel->transformDataToArray()
#2 /home/dinxstud/public_html/chandani/system/Model.php(646): CodeIgniter\BaseModel->update()
#3 /home/dinxstud/public_html/chandani/app/Controllers/ManageVenues.php(109): CodeIgniter\Model->update()
#4 [internal function]: App\Controllers\ManageVenues->App\Controllers\{closure}()
#5 /home/dinxstud/public_html/chandani/app/Libraries/GroceryCrud.php(990): call_user_func()
#6 /home/dinxstud/public_html/chandani/app/Libraries/GroceryCrud.php(4557): App\Libraries\grocery_CRUD_Model_Driver->db_insert()
#7 /home/dinxstud/public_html/chandani/app/Controllers/ManageVenues.php(113): App\Libraries\GroceryCrud->render()
#8 /home/dinxstud/public_html/chandani/system/CodeIgniter.php(803): App\Controllers\ManageVenues->venueHalls()
#9 /home/dinxstud/public_html/chandani/system/CodeIgniter.php(400): CodeIgniter\CodeIgniter->runController()
#10 /home/dinxstud/public_html/chandani/system/CodeIgniter.php(318): CodeIgniter\CodeIgniter->handleRequest()
#11 /home/dinxstud/public_html/chandani/public/index.php(38): CodeIgniter\CodeIgniter->run()
#12 {main}
CRITICAL - 2022-02-06 18:26:31 --> Too few arguments to function CodeIgniter\Database\BaseBuilder::where(), 0 passed in /home/dinxstud/public_html/chandani/system/Model.php on line 720 and at least 1 expected
#0 /home/dinxstud/public_html/chandani/system/Model.php(720): CodeIgniter\Database\BaseBuilder->where()
#1 /home/dinxstud/public_html/chandani/app/Controllers/ManageVenues.php(108): CodeIgniter\Model->__call()
#2 [internal function]: App\Controllers\ManageVenues->App\Controllers\{closure}()
#3 /home/dinxstud/public_html/chandani/app/Libraries/GroceryCrud.php(990): call_user_func()
#4 /home/dinxstud/public_html/chandani/app/Libraries/GroceryCrud.php(4557): App\Libraries\grocery_CRUD_Model_Driver->db_insert()
#5 /home/dinxstud/public_html/chandani/app/Controllers/ManageVenues.php(113): App\Libraries\GroceryCrud->render()
#6 /home/dinxstud/public_html/chandani/system/CodeIgniter.php(803): App\Controllers\ManageVenues->venueHalls()
#7 /home/dinxstud/public_html/chandani/system/CodeIgniter.php(400): CodeIgniter\CodeIgniter->runController()
#8 /home/dinxstud/public_html/chandani/system/CodeIgniter.php(318): CodeIgniter\CodeIgniter->handleRequest()
#9 /home/dinxstud/public_html/chandani/public/index.php(38): CodeIgniter\CodeIgniter->run()
#10 {main}
CRITICAL - 2022-02-06 18:27:19 --> There is no data to update.
#0 /home/dinxstud/public_html/chandani/system/BaseModel.php(846): CodeIgniter\Database\Exceptions\DataException::forEmptyDataset()
#1 /home/dinxstud/public_html/chandani/system/Model.php(646): CodeIgniter\BaseModel->update()
#2 /home/dinxstud/public_html/chandani/app/Controllers/ManageVenues.php(108): CodeIgniter\Model->update()
#3 [internal function]: App\Controllers\ManageVenues->App\Controllers\{closure}()
#4 /home/dinxstud/public_html/chandani/app/Libraries/GroceryCrud.php(990): call_user_func()
#5 /home/dinxstud/public_html/chandani/app/Libraries/GroceryCrud.php(4557): App\Libraries\grocery_CRUD_Model_Driver->db_insert()
#6 /home/dinxstud/public_html/chandani/app/Controllers/ManageVenues.php(112): App\Libraries\GroceryCrud->render()
#7 /home/dinxstud/public_html/chandani/system/CodeIgniter.php(803): App\Controllers\ManageVenues->venueHalls()
#8 /home/dinxstud/public_html/chandani/system/CodeIgniter.php(400): CodeIgniter\CodeIgniter->runController()
#9 /home/dinxstud/public_html/chandani/system/CodeIgniter.php(318): CodeIgniter\CodeIgniter->handleRequest()
#10 /home/dinxstud/public_html/chandani/public/index.php(38): CodeIgniter\CodeIgniter->run()
#11 {main}
CRITICAL - 2022-02-06 18:28:26 --> There is no data to update.
#0 /home/dinxstud/public_html/chandani/system/BaseModel.php(846): CodeIgniter\Database\Exceptions\DataException::forEmptyDataset()
#1 /home/dinxstud/public_html/chandani/system/Model.php(646): CodeIgniter\BaseModel->update()
#2 /home/dinxstud/public_html/chandani/app/Controllers/ManageVenues.php(108): CodeIgniter\Model->update()
#3 [internal function]: App\Controllers\ManageVenues->App\Controllers\{closure}()
#4 /home/dinxstud/public_html/chandani/app/Libraries/GroceryCrud.php(990): call_user_func()
#5 /home/dinxstud/public_html/chandani/app/Libraries/GroceryCrud.php(4557): App\Libraries\grocery_CRUD_Model_Driver->db_insert()
#6 /home/dinxstud/public_html/chandani/app/Controllers/ManageVenues.php(112): App\Libraries\GroceryCrud->render()
#7 /home/dinxstud/public_html/chandani/system/CodeIgniter.php(803): App\Controllers\ManageVenues->venueHalls()
#8 /home/dinxstud/public_html/chandani/system/CodeIgniter.php(400): CodeIgniter\CodeIgniter->runController()
#9 /home/dinxstud/public_html/chandani/system/CodeIgniter.php(318): CodeIgniter\CodeIgniter->handleRequest()
#10 /home/dinxstud/public_html/chandani/public/index.php(38): CodeIgniter\CodeIgniter->run()
#11 {main}
