CRITICAL - 2022-07-20 06:01:38 --> Undefined array key "id"
#0 /home/dinxstud/public_html/chandani/app/Views/adminHome.php(269): CodeIgniter\Debug\Exceptions->errorHandler()
#1 /home/dinxstud/public_html/chandani/system/View/View.php(214): include('/home/dinxstud/...')
#2 /home/dinxstud/public_html/chandani/system/View/View.php(217): CodeIgniter\View\View->CodeIgniter\View\{closure}()
#3 /home/dinxstud/public_html/chandani/system/Common.php(1092): CodeIgniter\View\View->render()
#4 /home/dinxstud/public_html/chandani/app/Controllers/Administration.php(430): view()
#5 /home/dinxstud/public_html/chandani/system/CodeIgniter.php(803): App\Controllers\Administration->home()
#6 /home/dinxstud/public_html/chandani/system/CodeIgniter.php(400): CodeIgniter\CodeIgniter->runController()
#7 /home/dinxstud/public_html/chandani/system/CodeIgniter.php(318): CodeIgniter\CodeIgniter->handleRequest()
#8 /home/dinxstud/public_html/chandani/public/index.php(38): CodeIgniter\CodeIgniter->run()
#9 {main}
CRITICAL - 2022-07-20 06:12:58 --> Undefined array key "EVENTS"
#0 /home/dinxstud/public_html/chandani/app/Controllers/Administration.php(447): CodeIgniter\Debug\Exceptions->errorHandler()
#1 /home/dinxstud/public_html/chandani/system/CodeIgniter.php(803): App\Controllers\Administration->payment()
#2 /home/dinxstud/public_html/chandani/system/CodeIgniter.php(400): CodeIgniter\CodeIgniter->runController()
#3 /home/dinxstud/public_html/chandani/system/CodeIgniter.php(318): CodeIgniter\CodeIgniter->handleRequest()
#4 /home/dinxstud/public_html/chandani/public/index.php(38): CodeIgniter\CodeIgniter->run()
#5 {main}
CRITICAL - 2022-07-20 06:16:42 --> syntax error, unexpected token "array"
#0 /home/dinxstud/public_html/chandani/system/Router/Router.php(160): CodeIgniter\Router\Router->autoRoute()
#1 /home/dinxstud/public_html/chandani/system/CodeIgniter.php(703): CodeIgniter\Router\Router->handle()
#2 /home/dinxstud/public_html/chandani/system/CodeIgniter.php(359): CodeIgniter\CodeIgniter->tryToRouteIt()
#3 /home/dinxstud/public_html/chandani/system/CodeIgniter.php(318): CodeIgniter\CodeIgniter->handleRequest()
#4 /home/dinxstud/public_html/chandani/public/index.php(38): CodeIgniter\CodeIgniter->run()
#5 {main}
CRITICAL - 2022-07-20 06:16:52 --> syntax error, unexpected token "array"
#0 /home/dinxstud/public_html/chandani/system/Router/Router.php(160): CodeIgniter\Router\Router->autoRoute()
#1 /home/dinxstud/public_html/chandani/system/CodeIgniter.php(703): CodeIgniter\Router\Router->handle()
#2 /home/dinxstud/public_html/chandani/system/CodeIgniter.php(359): CodeIgniter\CodeIgniter->tryToRouteIt()
#3 /home/dinxstud/public_html/chandani/system/CodeIgniter.php(318): CodeIgniter\CodeIgniter->handleRequest()
#4 /home/dinxstud/public_html/chandani/public/index.php(38): CodeIgniter\CodeIgniter->run()
#5 {main}
CRITICAL - 2022-07-20 06:17:22 --> There is no data to update.
#0 /home/dinxstud/public_html/chandani/system/BaseModel.php(853): CodeIgniter\Database\Exceptions\DataException::forEmptyDataset()
#1 /home/dinxstud/public_html/chandani/system/Model.php(646): CodeIgniter\BaseModel->update()
#2 /home/dinxstud/public_html/chandani/app/Controllers/Administration.php(449): CodeIgniter\Model->update()
#3 /home/dinxstud/public_html/chandani/system/CodeIgniter.php(803): App\Controllers\Administration->payment()
#4 /home/dinxstud/public_html/chandani/system/CodeIgniter.php(400): CodeIgniter\CodeIgniter->runController()
#5 /home/dinxstud/public_html/chandani/system/CodeIgniter.php(318): CodeIgniter\CodeIgniter->handleRequest()
#6 /home/dinxstud/public_html/chandani/public/index.php(38): CodeIgniter\CodeIgniter->run()
#7 {main}
CRITICAL - 2022-07-20 06:18:17 --> There is no data to update.
#0 /home/dinxstud/public_html/chandani/system/BaseModel.php(853): CodeIgniter\Database\Exceptions\DataException::forEmptyDataset()
#1 /home/dinxstud/public_html/chandani/system/Model.php(646): CodeIgniter\BaseModel->update()
#2 /home/dinxstud/public_html/chandani/app/Controllers/Administration.php(449): CodeIgniter\Model->update()
#3 /home/dinxstud/public_html/chandani/system/CodeIgniter.php(803): App\Controllers\Administration->payment()
#4 /home/dinxstud/public_html/chandani/system/CodeIgniter.php(400): CodeIgniter\CodeIgniter->runController()
#5 /home/dinxstud/public_html/chandani/system/CodeIgniter.php(318): CodeIgniter\CodeIgniter->handleRequest()
#6 /home/dinxstud/public_html/chandani/public/index.php(38): CodeIgniter\CodeIgniter->run()
#7 {main}
CRITICAL - 2022-07-20 06:22:49 --> There is no data to update.
#0 /home/dinxstud/public_html/chandani/system/BaseModel.php(853): CodeIgniter\Database\Exceptions\DataException::forEmptyDataset()
#1 /home/dinxstud/public_html/chandani/system/Model.php(646): CodeIgniter\BaseModel->update()
#2 /home/dinxstud/public_html/chandani/app/Controllers/Administration.php(449): CodeIgniter\Model->update()
#3 /home/dinxstud/public_html/chandani/system/CodeIgniter.php(803): App\Controllers\Administration->payment()
#4 /home/dinxstud/public_html/chandani/system/CodeIgniter.php(400): CodeIgniter\CodeIgniter->runController()
#5 /home/dinxstud/public_html/chandani/system/CodeIgniter.php(318): CodeIgniter\CodeIgniter->handleRequest()
#6 /home/dinxstud/public_html/chandani/public/index.php(38): CodeIgniter\CodeIgniter->run()
#7 {main}
CRITICAL - 2022-07-20 06:23:36 --> There is no data to update.
#0 /home/dinxstud/public_html/chandani/system/BaseModel.php(853): CodeIgniter\Database\Exceptions\DataException::forEmptyDataset()
#1 /home/dinxstud/public_html/chandani/system/Model.php(646): CodeIgniter\BaseModel->update()
#2 /home/dinxstud/public_html/chandani/app/Controllers/Administration.php(449): CodeIgniter\Model->update()
#3 /home/dinxstud/public_html/chandani/system/CodeIgniter.php(803): App\Controllers\Administration->payment()
#4 /home/dinxstud/public_html/chandani/system/CodeIgniter.php(400): CodeIgniter\CodeIgniter->runController()
#5 /home/dinxstud/public_html/chandani/system/CodeIgniter.php(318): CodeIgniter\CodeIgniter->handleRequest()
#6 /home/dinxstud/public_html/chandani/public/index.php(38): CodeIgniter\CodeIgniter->run()
#7 {main}
CRITICAL - 2022-07-20 06:27:56 --> There is no data to update.
#0 /home/dinxstud/public_html/chandani/system/BaseModel.php(853): CodeIgniter\Database\Exceptions\DataException::forEmptyDataset()
#1 /home/dinxstud/public_html/chandani/system/Model.php(646): CodeIgniter\BaseModel->update()
#2 /home/dinxstud/public_html/chandani/app/Controllers/Administration.php(449): CodeIgniter\Model->update()
#3 /home/dinxstud/public_html/chandani/system/CodeIgniter.php(803): App\Controllers\Administration->payment()
#4 /home/dinxstud/public_html/chandani/system/CodeIgniter.php(400): CodeIgniter\CodeIgniter->runController()
#5 /home/dinxstud/public_html/chandani/system/CodeIgniter.php(318): CodeIgniter\CodeIgniter->handleRequest()
#6 /home/dinxstud/public_html/chandani/public/index.php(38): CodeIgniter\CodeIgniter->run()
#7 {main}
CRITICAL - 2022-07-20 06:28:32 --> There is no data to update.
#0 /home/dinxstud/public_html/chandani/system/BaseModel.php(853): CodeIgniter\Database\Exceptions\DataException::forEmptyDataset()
#1 /home/dinxstud/public_html/chandani/system/Model.php(646): CodeIgniter\BaseModel->update()
#2 /home/dinxstud/public_html/chandani/app/Controllers/Administration.php(449): CodeIgniter\Model->update()
#3 /home/dinxstud/public_html/chandani/system/CodeIgniter.php(803): App\Controllers\Administration->payment()
#4 /home/dinxstud/public_html/chandani/system/CodeIgniter.php(400): CodeIgniter\CodeIgniter->runController()
#5 /home/dinxstud/public_html/chandani/system/CodeIgniter.php(318): CodeIgniter\CodeIgniter->handleRequest()
#6 /home/dinxstud/public_html/chandani/public/index.php(38): CodeIgniter\CodeIgniter->run()
#7 {main}
CRITICAL - 2022-07-20 16:51:15 --> There is no data to update.
#0 /home/dinxstud/public_html/chandani/system/BaseModel.php(853): CodeIgniter\Database\Exceptions\DataException::forEmptyDataset()
#1 /home/dinxstud/public_html/chandani/system/Model.php(646): CodeIgniter\BaseModel->update()
#2 /home/dinxstud/public_html/chandani/app/Controllers/Administration.php(451): CodeIgniter\Model->update()
#3 /home/dinxstud/public_html/chandani/system/CodeIgniter.php(803): App\Controllers\Administration->payment()
#4 /home/dinxstud/public_html/chandani/system/CodeIgniter.php(400): CodeIgniter\CodeIgniter->runController()
#5 /home/dinxstud/public_html/chandani/system/CodeIgniter.php(318): CodeIgniter\CodeIgniter->handleRequest()
#6 /home/dinxstud/public_html/chandani/public/index.php(38): CodeIgniter\CodeIgniter->run()
#7 {main}
CRITICAL - 2022-07-20 16:51:31 --> There is no data to update.
#0 /home/dinxstud/public_html/chandani/system/BaseModel.php(853): CodeIgniter\Database\Exceptions\DataException::forEmptyDataset()
#1 /home/dinxstud/public_html/chandani/system/Model.php(646): CodeIgniter\BaseModel->update()
#2 /home/dinxstud/public_html/chandani/app/Controllers/Administration.php(451): CodeIgniter\Model->update()
#3 /home/dinxstud/public_html/chandani/system/CodeIgniter.php(803): App\Controllers\Administration->payment()
#4 /home/dinxstud/public_html/chandani/system/CodeIgniter.php(400): CodeIgniter\CodeIgniter->runController()
#5 /home/dinxstud/public_html/chandani/system/CodeIgniter.php(318): CodeIgniter\CodeIgniter->handleRequest()
#6 /home/dinxstud/public_html/chandani/public/index.php(38): CodeIgniter\CodeIgniter->run()
#7 {main}
CRITICAL - 2022-07-20 16:52:13 --> There is no data to update.
#0 /home/dinxstud/public_html/chandani/system/BaseModel.php(853): CodeIgniter\Database\Exceptions\DataException::forEmptyDataset()
#1 /home/dinxstud/public_html/chandani/system/Model.php(646): CodeIgniter\BaseModel->update()
#2 /home/dinxstud/public_html/chandani/app/Controllers/Administration.php(451): CodeIgniter\Model->update()
#3 /home/dinxstud/public_html/chandani/system/CodeIgniter.php(803): App\Controllers\Administration->payment()
#4 /home/dinxstud/public_html/chandani/system/CodeIgniter.php(400): CodeIgniter\CodeIgniter->runController()
#5 /home/dinxstud/public_html/chandani/system/CodeIgniter.php(318): CodeIgniter\CodeIgniter->handleRequest()
#6 /home/dinxstud/public_html/chandani/public/index.php(38): CodeIgniter\CodeIgniter->run()
#7 {main}
CRITICAL - 2022-07-20 16:53:12 --> There is no data to update.
#0 /home/dinxstud/public_html/chandani/system/BaseModel.php(853): CodeIgniter\Database\Exceptions\DataException::forEmptyDataset()
#1 /home/dinxstud/public_html/chandani/system/Model.php(646): CodeIgniter\BaseModel->update()
#2 /home/dinxstud/public_html/chandani/app/Controllers/Administration.php(451): CodeIgniter\Model->update()
#3 /home/dinxstud/public_html/chandani/system/CodeIgniter.php(803): App\Controllers\Administration->payment()
#4 /home/dinxstud/public_html/chandani/system/CodeIgniter.php(400): CodeIgniter\CodeIgniter->runController()
#5 /home/dinxstud/public_html/chandani/system/CodeIgniter.php(318): CodeIgniter\CodeIgniter->handleRequest()
#6 /home/dinxstud/public_html/chandani/public/index.php(38): CodeIgniter\CodeIgniter->run()
#7 {main}
CRITICAL - 2022-07-20 16:54:39 --> There is no data to update.
#0 /home/dinxstud/public_html/chandani/system/BaseModel.php(853): CodeIgniter\Database\Exceptions\DataException::forEmptyDataset()
#1 /home/dinxstud/public_html/chandani/system/Model.php(646): CodeIgniter\BaseModel->update()
#2 /home/dinxstud/public_html/chandani/app/Controllers/Administration.php(451): CodeIgniter\Model->update()
#3 /home/dinxstud/public_html/chandani/system/CodeIgniter.php(803): App\Controllers\Administration->payment()
#4 /home/dinxstud/public_html/chandani/system/CodeIgniter.php(400): CodeIgniter\CodeIgniter->runController()
#5 /home/dinxstud/public_html/chandani/system/CodeIgniter.php(318): CodeIgniter\CodeIgniter->handleRequest()
#6 /home/dinxstud/public_html/chandani/public/index.php(38): CodeIgniter\CodeIgniter->run()
#7 {main}
CRITICAL - 2022-07-20 16:59:43 --> Allowed fields must be specified for model: App\Models\EventsModel
#0 /home/dinxstud/public_html/chandani/system/BaseModel.php(1141): CodeIgniter\Database\Exceptions\DataException::forInvalidAllowedFields()
#1 /home/dinxstud/public_html/chandani/system/BaseModel.php(846): CodeIgniter\BaseModel->doProtectFields()
#2 /home/dinxstud/public_html/chandani/system/Model.php(646): CodeIgniter\BaseModel->update()
#3 /home/dinxstud/public_html/chandani/app/Controllers/Administration.php(451): CodeIgniter\Model->update()
#4 /home/dinxstud/public_html/chandani/system/CodeIgniter.php(803): App\Controllers\Administration->payment()
#5 /home/dinxstud/public_html/chandani/system/CodeIgniter.php(400): CodeIgniter\CodeIgniter->runController()
#6 /home/dinxstud/public_html/chandani/system/CodeIgniter.php(318): CodeIgniter\CodeIgniter->handleRequest()
#7 /home/dinxstud/public_html/chandani/public/index.php(38): CodeIgniter\CodeIgniter->run()
#8 {main}
CRITICAL - 2022-07-20 17:00:24 --> There is no data to update.
#0 /home/dinxstud/public_html/chandani/system/BaseModel.php(853): CodeIgniter\Database\Exceptions\DataException::forEmptyDataset()
#1 /home/dinxstud/public_html/chandani/system/Model.php(646): CodeIgniter\BaseModel->update()
#2 /home/dinxstud/public_html/chandani/app/Controllers/Administration.php(451): CodeIgniter\Model->update()
#3 /home/dinxstud/public_html/chandani/system/CodeIgniter.php(803): App\Controllers\Administration->payment()
#4 /home/dinxstud/public_html/chandani/system/CodeIgniter.php(400): CodeIgniter\CodeIgniter->runController()
#5 /home/dinxstud/public_html/chandani/system/CodeIgniter.php(318): CodeIgniter\CodeIgniter->handleRequest()
#6 /home/dinxstud/public_html/chandani/public/index.php(38): CodeIgniter\CodeIgniter->run()
#7 {main}
CRITICAL - 2022-07-20 17:35:56 --> App\Libraries\GroceryCrud::columns(): Argument #1 ($columns) must be of type array, string given, called in /home/dinxstud/public_html/chandani/app/Controllers/ManageEventTypes.php on line 19
#0 /home/dinxstud/public_html/chandani/app/Controllers/ManageEventTypes.php(19): App\Libraries\GroceryCrud->columns()
#1 /home/dinxstud/public_html/chandani/system/CodeIgniter.php(803): App\Controllers\ManageEventTypes->eventTypes()
#2 /home/dinxstud/public_html/chandani/system/CodeIgniter.php(400): CodeIgniter\CodeIgniter->runController()
#3 /home/dinxstud/public_html/chandani/system/CodeIgniter.php(318): CodeIgniter\CodeIgniter->handleRequest()
#4 /home/dinxstud/public_html/chandani/public/index.php(38): CodeIgniter\CodeIgniter->run()
#5 {main}
