CRITICAL - 2022-04-21 13:34:13 --> Undefined array key "password"
#0 /home/dinxstud/public_html/chandani/app/Controllers/Home.php(39): CodeIgniter\Debug\Exceptions->errorHandler()
#1 /home/dinxstud/public_html/chandani/system/CodeIgniter.php(803): App\Controllers\Home->index()
#2 /home/dinxstud/public_html/chandani/system/CodeIgniter.php(400): CodeIgniter\CodeIgniter->runController()
#3 /home/dinxstud/public_html/chandani/system/CodeIgniter.php(318): CodeIgniter\CodeIgniter->handleRequest()
#4 /home/dinxstud/public_html/chandani/public/index.php(38): CodeIgniter\CodeIgniter->run()
#5 {main}
CRITICAL - 2022-04-21 13:34:44 --> Undefined array key "password"
#0 /home/dinxstud/public_html/chandani/app/Controllers/Home.php(39): CodeIgniter\Debug\Exceptions->errorHandler()
#1 /home/dinxstud/public_html/chandani/system/CodeIgniter.php(803): App\Controllers\Home->index()
#2 /home/dinxstud/public_html/chandani/system/CodeIgniter.php(400): CodeIgniter\CodeIgniter->runController()
#3 /home/dinxstud/public_html/chandani/system/CodeIgniter.php(318): CodeIgniter\CodeIgniter->handleRequest()
#4 /home/dinxstud/public_html/chandani/public/index.php(38): CodeIgniter\CodeIgniter->run()
#5 {main}
CRITICAL - 2022-04-21 13:36:40 --> Undefined array key "password"
#0 /home/dinxstud/public_html/chandani/app/Controllers/Home.php(39): CodeIgniter\Debug\Exceptions->errorHandler()
#1 /home/dinxstud/public_html/chandani/system/CodeIgniter.php(803): App\Controllers\Home->index()
#2 /home/dinxstud/public_html/chandani/system/CodeIgniter.php(400): CodeIgniter\CodeIgniter->runController()
#3 /home/dinxstud/public_html/chandani/system/CodeIgniter.php(318): CodeIgniter\CodeIgniter->handleRequest()
#4 /home/dinxstud/public_html/chandani/public/index.php(38): CodeIgniter\CodeIgniter->run()
#5 {main}
CRITICAL - 2022-04-21 13:40:00 --> Undefined array key "password"
#0 /home/dinxstud/public_html/chandani/app/Controllers/Home.php(39): CodeIgniter\Debug\Exceptions->errorHandler()
#1 /home/dinxstud/public_html/chandani/system/CodeIgniter.php(803): App\Controllers\Home->index()
#2 /home/dinxstud/public_html/chandani/system/CodeIgniter.php(400): CodeIgniter\CodeIgniter->runController()
#3 /home/dinxstud/public_html/chandani/system/CodeIgniter.php(318): CodeIgniter\CodeIgniter->handleRequest()
#4 /home/dinxstud/public_html/chandani/public/index.php(38): CodeIgniter\CodeIgniter->run()
#5 {main}
CRITICAL - 2022-04-21 13:48:51 --> syntax error, unexpected token "if"
#0 /home/dinxstud/public_html/chandani/system/View/View.php(217): CodeIgniter\View\View->CodeIgniter\View\{closure}()
#1 /home/dinxstud/public_html/chandani/system/View/View.php(432): CodeIgniter\View\View->render()
#2 /home/dinxstud/public_html/chandani/app/Views/clientDashboard.php(35): CodeIgniter\View\View->include()
#3 /home/dinxstud/public_html/chandani/system/View/View.php(214): include('/home/dinxstud/...')
#4 /home/dinxstud/public_html/chandani/system/View/View.php(217): CodeIgniter\View\View->CodeIgniter\View\{closure}()
#5 /home/dinxstud/public_html/chandani/system/Common.php(1092): CodeIgniter\View\View->render()
#6 /home/dinxstud/public_html/chandani/app/Controllers/Home.php(69): view()
#7 /home/dinxstud/public_html/chandani/system/CodeIgniter.php(803): App\Controllers\Home->index()
#8 /home/dinxstud/public_html/chandani/system/CodeIgniter.php(400): CodeIgniter\CodeIgniter->runController()
#9 /home/dinxstud/public_html/chandani/system/CodeIgniter.php(318): CodeIgniter\CodeIgniter->handleRequest()
#10 /home/dinxstud/public_html/chandani/public/index.php(38): CodeIgniter\CodeIgniter->run()
#11 {main}
CRITICAL - 2022-04-21 13:49:51 --> syntax error, unexpected token "if"
#0 /home/dinxstud/public_html/chandani/system/View/View.php(217): CodeIgniter\View\View->CodeIgniter\View\{closure}()
#1 /home/dinxstud/public_html/chandani/system/View/View.php(432): CodeIgniter\View\View->render()
#2 /home/dinxstud/public_html/chandani/app/Views/clientDashboard.php(35): CodeIgniter\View\View->include()
#3 /home/dinxstud/public_html/chandani/system/View/View.php(214): include('/home/dinxstud/...')
#4 /home/dinxstud/public_html/chandani/system/View/View.php(217): CodeIgniter\View\View->CodeIgniter\View\{closure}()
#5 /home/dinxstud/public_html/chandani/system/Common.php(1092): CodeIgniter\View\View->render()
#6 /home/dinxstud/public_html/chandani/app/Controllers/Home.php(69): view()
#7 /home/dinxstud/public_html/chandani/system/CodeIgniter.php(803): App\Controllers\Home->index()
#8 /home/dinxstud/public_html/chandani/system/CodeIgniter.php(400): CodeIgniter\CodeIgniter->runController()
#9 /home/dinxstud/public_html/chandani/system/CodeIgniter.php(318): CodeIgniter\CodeIgniter->handleRequest()
#10 /home/dinxstud/public_html/chandani/public/index.php(38): CodeIgniter\CodeIgniter->run()
#11 {main}
CRITICAL - 2022-04-21 15:22:24 --> syntax error, unexpected identifier "mdi"
#0 /home/dinxstud/public_html/chandani/system/View/View.php(217): CodeIgniter\View\View->CodeIgniter\View\{closure}()
#1 /home/dinxstud/public_html/chandani/system/View/View.php(432): CodeIgniter\View\View->render()
#2 /home/dinxstud/public_html/chandani/app/Views/clientDashboard.php(35): CodeIgniter\View\View->include()
#3 /home/dinxstud/public_html/chandani/system/View/View.php(214): include('/home/dinxstud/...')
#4 /home/dinxstud/public_html/chandani/system/View/View.php(217): CodeIgniter\View\View->CodeIgniter\View\{closure}()
#5 /home/dinxstud/public_html/chandani/system/Common.php(1092): CodeIgniter\View\View->render()
#6 /home/dinxstud/public_html/chandani/app/Controllers/Home.php(69): view()
#7 /home/dinxstud/public_html/chandani/system/CodeIgniter.php(803): App\Controllers\Home->index()
#8 /home/dinxstud/public_html/chandani/system/CodeIgniter.php(400): CodeIgniter\CodeIgniter->runController()
#9 /home/dinxstud/public_html/chandani/system/CodeIgniter.php(318): CodeIgniter\CodeIgniter->handleRequest()
#10 /home/dinxstud/public_html/chandani/public/index.php(38): CodeIgniter\CodeIgniter->run()
#11 {main}
CRITICAL - 2022-04-21 15:22:36 --> syntax error, unexpected identifier "mdi"
#0 /home/dinxstud/public_html/chandani/system/View/View.php(217): CodeIgniter\View\View->CodeIgniter\View\{closure}()
#1 /home/dinxstud/public_html/chandani/system/View/View.php(432): CodeIgniter\View\View->render()
#2 /home/dinxstud/public_html/chandani/app/Views/clientDashboard.php(35): CodeIgniter\View\View->include()
#3 /home/dinxstud/public_html/chandani/system/View/View.php(214): include('/home/dinxstud/...')
#4 /home/dinxstud/public_html/chandani/system/View/View.php(217): CodeIgniter\View\View->CodeIgniter\View\{closure}()
#5 /home/dinxstud/public_html/chandani/system/Common.php(1092): CodeIgniter\View\View->render()
#6 /home/dinxstud/public_html/chandani/app/Controllers/Home.php(69): view()
#7 /home/dinxstud/public_html/chandani/system/CodeIgniter.php(803): App\Controllers\Home->index()
#8 /home/dinxstud/public_html/chandani/system/CodeIgniter.php(400): CodeIgniter\CodeIgniter->runController()
#9 /home/dinxstud/public_html/chandani/system/CodeIgniter.php(318): CodeIgniter\CodeIgniter->handleRequest()
#10 /home/dinxstud/public_html/chandani/public/index.php(38): CodeIgniter\CodeIgniter->run()
#11 {main}
CRITICAL - 2022-04-21 16:32:29 --> Invalid file: clientEvent.php
#0 /home/dinxstud/public_html/chandani/system/View/View.php(198): CodeIgniter\Exceptions\FrameworkException::forInvalidFile()
#1 /home/dinxstud/public_html/chandani/system/Common.php(1092): CodeIgniter\View\View->render()
#2 /home/dinxstud/public_html/chandani/app/Controllers/Events.php(28): view()
#3 /home/dinxstud/public_html/chandani/system/CodeIgniter.php(803): App\Controllers\Events->new()
#4 /home/dinxstud/public_html/chandani/system/CodeIgniter.php(400): CodeIgniter\CodeIgniter->runController()
#5 /home/dinxstud/public_html/chandani/system/CodeIgniter.php(318): CodeIgniter\CodeIgniter->handleRequest()
#6 /home/dinxstud/public_html/chandani/public/index.php(38): CodeIgniter\CodeIgniter->run()
#7 {main}
CRITICAL - 2022-04-21 16:33:25 --> Invalid file: clientEvent.php
#0 /home/dinxstud/public_html/chandani/system/View/View.php(198): CodeIgniter\Exceptions\FrameworkException::forInvalidFile()
#1 /home/dinxstud/public_html/chandani/system/Common.php(1092): CodeIgniter\View\View->render()
#2 /home/dinxstud/public_html/chandani/app/Controllers/Events.php(28): view()
#3 /home/dinxstud/public_html/chandani/system/CodeIgniter.php(803): App\Controllers\Events->new()
#4 /home/dinxstud/public_html/chandani/system/CodeIgniter.php(400): CodeIgniter\CodeIgniter->runController()
#5 /home/dinxstud/public_html/chandani/system/CodeIgniter.php(318): CodeIgniter\CodeIgniter->handleRequest()
#6 /home/dinxstud/public_html/chandani/public/index.php(38): CodeIgniter\CodeIgniter->run()
#7 {main}
CRITICAL - 2022-04-21 16:33:49 --> Invalid file: clientEvent.php
#0 /home/dinxstud/public_html/chandani/system/View/View.php(198): CodeIgniter\Exceptions\FrameworkException::forInvalidFile()
#1 /home/dinxstud/public_html/chandani/system/Common.php(1092): CodeIgniter\View\View->render()
#2 /home/dinxstud/public_html/chandani/app/Controllers/Events.php(28): view()
#3 /home/dinxstud/public_html/chandani/system/CodeIgniter.php(803): App\Controllers\Events->new()
#4 /home/dinxstud/public_html/chandani/system/CodeIgniter.php(400): CodeIgniter\CodeIgniter->runController()
#5 /home/dinxstud/public_html/chandani/system/CodeIgniter.php(318): CodeIgniter\CodeIgniter->handleRequest()
#6 /home/dinxstud/public_html/chandani/public/index.php(38): CodeIgniter\CodeIgniter->run()
#7 {main}
