CRITICAL - 2022-02-09 14:49:26 --> Call to undefined method App\Libraries\GroceryCrud::callbacEditField()
#0 /home/dinxstud/public_html/chandani/system/CodeIgniter.php(803): App\Controllers\ManageVenues->venueHalls()
#1 /home/dinxstud/public_html/chandani/system/CodeIgniter.php(400): CodeIgniter\CodeIgniter->runController()
#2 /home/dinxstud/public_html/chandani/system/CodeIgniter.php(318): CodeIgniter\CodeIgniter->handleRequest()
#3 /home/dinxstud/public_html/chandani/public/index.php(38): CodeIgniter\CodeIgniter->run()
#4 {main}
CRITICAL - 2022-02-09 14:51:37 --> implode(): Argument #2 ($array) must be of type ?array, stdClass given
#0 /home/dinxstud/public_html/chandani/app/Controllers/ManageVenues.php(100): implode()
#1 [internal function]: App\Controllers\ManageVenues->App\Controllers\{closure}()
#2 /home/dinxstud/public_html/chandani/app/Libraries/GroceryCrud.php(2597): call_user_func()
#3 /home/dinxstud/public_html/chandani/app/Libraries/GroceryCrud.php(1832): App\Libraries\grocery_CRUD_Layout->get_edit_input_fields()
#4 /home/dinxstud/public_html/chandani/app/Libraries/GroceryCrud.php(4532): App\Libraries\grocery_CRUD_Layout->showEditForm()
#5 /home/dinxstud/public_html/chandani/app/Controllers/ManageVenues.php(116): App\Libraries\GroceryCrud->render()
#6 /home/dinxstud/public_html/chandani/system/CodeIgniter.php(803): App\Controllers\ManageVenues->venueHalls()
#7 /home/dinxstud/public_html/chandani/system/CodeIgniter.php(400): CodeIgniter\CodeIgniter->runController()
#8 /home/dinxstud/public_html/chandani/system/CodeIgniter.php(318): CodeIgniter\CodeIgniter->handleRequest()
#9 /home/dinxstud/public_html/chandani/public/index.php(38): CodeIgniter\CodeIgniter->run()
#10 {main}
CRITICAL - 2022-02-09 14:52:30 --> Call to undefined function App\Controllers\objectToArray()
#0 [internal function]: App\Controllers\ManageVenues->App\Controllers\{closure}()
#1 /home/dinxstud/public_html/chandani/app/Libraries/GroceryCrud.php(2597): call_user_func()
#2 /home/dinxstud/public_html/chandani/app/Libraries/GroceryCrud.php(1832): App\Libraries\grocery_CRUD_Layout->get_edit_input_fields()
#3 /home/dinxstud/public_html/chandani/app/Libraries/GroceryCrud.php(4532): App\Libraries\grocery_CRUD_Layout->showEditForm()
#4 /home/dinxstud/public_html/chandani/app/Controllers/ManageVenues.php(116): App\Libraries\GroceryCrud->render()
#5 /home/dinxstud/public_html/chandani/system/CodeIgniter.php(803): App\Controllers\ManageVenues->venueHalls()
#6 /home/dinxstud/public_html/chandani/system/CodeIgniter.php(400): CodeIgniter\CodeIgniter->runController()
#7 /home/dinxstud/public_html/chandani/system/CodeIgniter.php(318): CodeIgniter\CodeIgniter->handleRequest()
#8 /home/dinxstud/public_html/chandani/public/index.php(38): CodeIgniter\CodeIgniter->run()
#9 {main}
CRITICAL - 2022-02-09 15:33:56 --> Undefined property: stdClass::$insertId
#0 /home/dinxstud/public_html/chandani/app/Controllers/ManageVenues.php(119): CodeIgniter\Debug\Exceptions->errorHandler()
#1 [internal function]: App\Controllers\ManageVenues->App\Controllers\{closure}()
#2 /home/dinxstud/public_html/chandani/app/Libraries/GroceryCrud.php(1130): call_user_func()
#3 /home/dinxstud/public_html/chandani/app/Libraries/GroceryCrud.php(4570): App\Libraries\grocery_CRUD_Model_Driver->db_update()
#4 /home/dinxstud/public_html/chandani/app/Controllers/ManageVenues.php(129): App\Libraries\GroceryCrud->render()
#5 /home/dinxstud/public_html/chandani/system/CodeIgniter.php(803): App\Controllers\ManageVenues->venueHalls()
#6 /home/dinxstud/public_html/chandani/system/CodeIgniter.php(400): CodeIgniter\CodeIgniter->runController()
#7 /home/dinxstud/public_html/chandani/system/CodeIgniter.php(318): CodeIgniter\CodeIgniter->handleRequest()
#8 /home/dinxstud/public_html/chandani/public/index.php(38): CodeIgniter\CodeIgniter->run()
#9 {main}
CRITICAL - 2022-02-09 15:37:02 --> Undefined property: stdClass::$insertId
#0 /home/dinxstud/public_html/chandani/app/Controllers/ManageVenues.php(123): CodeIgniter\Debug\Exceptions->errorHandler()
#1 [internal function]: App\Controllers\ManageVenues->App\Controllers\{closure}()
#2 /home/dinxstud/public_html/chandani/app/Libraries/GroceryCrud.php(1130): call_user_func()
#3 /home/dinxstud/public_html/chandani/app/Libraries/GroceryCrud.php(4570): App\Libraries\grocery_CRUD_Model_Driver->db_update()
#4 /home/dinxstud/public_html/chandani/app/Controllers/ManageVenues.php(133): App\Libraries\GroceryCrud->render()
#5 /home/dinxstud/public_html/chandani/system/CodeIgniter.php(803): App\Controllers\ManageVenues->venueHalls()
#6 /home/dinxstud/public_html/chandani/system/CodeIgniter.php(400): CodeIgniter\CodeIgniter->runController()
#7 /home/dinxstud/public_html/chandani/system/CodeIgniter.php(318): CodeIgniter\CodeIgniter->handleRequest()
#8 /home/dinxstud/public_html/chandani/public/index.php(38): CodeIgniter\CodeIgniter->run()
#9 {main}
CRITICAL - 2022-02-09 15:40:20 --> Undefined property: stdClass::$insertId
#0 /home/dinxstud/public_html/chandani/app/Controllers/ManageVenues.php(123): CodeIgniter\Debug\Exceptions->errorHandler()
#1 [internal function]: App\Controllers\ManageVenues->App\Controllers\{closure}()
#2 /home/dinxstud/public_html/chandani/app/Libraries/GroceryCrud.php(1130): call_user_func()
#3 /home/dinxstud/public_html/chandani/app/Libraries/GroceryCrud.php(4570): App\Libraries\grocery_CRUD_Model_Driver->db_update()
#4 /home/dinxstud/public_html/chandani/app/Controllers/ManageVenues.php(133): App\Libraries\GroceryCrud->render()
#5 /home/dinxstud/public_html/chandani/system/CodeIgniter.php(803): App\Controllers\ManageVenues->venueHalls()
#6 /home/dinxstud/public_html/chandani/system/CodeIgniter.php(400): CodeIgniter\CodeIgniter->runController()
#7 /home/dinxstud/public_html/chandani/system/CodeIgniter.php(318): CodeIgniter\CodeIgniter->handleRequest()
#8 /home/dinxstud/public_html/chandani/public/index.php(38): CodeIgniter\CodeIgniter->run()
#9 {main}
CRITICAL - 2022-02-09 15:41:55 --> Undefined property: stdClass::$insertId
#0 /home/dinxstud/public_html/chandani/app/Controllers/ManageVenues.php(129): CodeIgniter\Debug\Exceptions->errorHandler()
#1 [internal function]: App\Controllers\ManageVenues->App\Controllers\{closure}()
#2 /home/dinxstud/public_html/chandani/app/Libraries/GroceryCrud.php(1130): call_user_func()
#3 /home/dinxstud/public_html/chandani/app/Libraries/GroceryCrud.php(4570): App\Libraries\grocery_CRUD_Model_Driver->db_update()
#4 /home/dinxstud/public_html/chandani/app/Controllers/ManageVenues.php(133): App\Libraries\GroceryCrud->render()
#5 /home/dinxstud/public_html/chandani/system/CodeIgniter.php(803): App\Controllers\ManageVenues->venueHalls()
#6 /home/dinxstud/public_html/chandani/system/CodeIgniter.php(400): CodeIgniter\CodeIgniter->runController()
#7 /home/dinxstud/public_html/chandani/system/CodeIgniter.php(318): CodeIgniter\CodeIgniter->handleRequest()
#8 /home/dinxstud/public_html/chandani/public/index.php(38): CodeIgniter\CodeIgniter->run()
#9 {main}
CRITICAL - 2022-02-09 16:00:41 --> Undefined property: stdClass::$insertId
#0 /home/dinxstud/public_html/chandani/app/Controllers/ManageVenues.php(129): CodeIgniter\Debug\Exceptions->errorHandler()
#1 [internal function]: App\Controllers\ManageVenues->App\Controllers\{closure}()
#2 /home/dinxstud/public_html/chandani/app/Libraries/GroceryCrud.php(1130): call_user_func()
#3 /home/dinxstud/public_html/chandani/app/Libraries/GroceryCrud.php(4570): App\Libraries\grocery_CRUD_Model_Driver->db_update()
#4 /home/dinxstud/public_html/chandani/app/Controllers/ManageVenues.php(133): App\Libraries\GroceryCrud->render()
#5 /home/dinxstud/public_html/chandani/system/CodeIgniter.php(803): App\Controllers\ManageVenues->venueHalls()
#6 /home/dinxstud/public_html/chandani/system/CodeIgniter.php(400): CodeIgniter\CodeIgniter->runController()
#7 /home/dinxstud/public_html/chandani/system/CodeIgniter.php(318): CodeIgniter\CodeIgniter->handleRequest()
#8 /home/dinxstud/public_html/chandani/public/index.php(38): CodeIgniter\CodeIgniter->run()
#9 {main}
CRITICAL - 2022-02-09 16:06:54 --> Undefined property: stdClass::$insertId
#0 /home/dinxstud/public_html/chandani/app/Controllers/ManageVenues.php(128): CodeIgniter\Debug\Exceptions->errorHandler()
#1 [internal function]: App\Controllers\ManageVenues->App\Controllers\{closure}()
#2 /home/dinxstud/public_html/chandani/app/Libraries/GroceryCrud.php(1130): call_user_func()
#3 /home/dinxstud/public_html/chandani/app/Libraries/GroceryCrud.php(4570): App\Libraries\grocery_CRUD_Model_Driver->db_update()
#4 /home/dinxstud/public_html/chandani/app/Controllers/ManageVenues.php(132): App\Libraries\GroceryCrud->render()
#5 /home/dinxstud/public_html/chandani/system/CodeIgniter.php(803): App\Controllers\ManageVenues->venueHalls()
#6 /home/dinxstud/public_html/chandani/system/CodeIgniter.php(400): CodeIgniter\CodeIgniter->runController()
#7 /home/dinxstud/public_html/chandani/system/CodeIgniter.php(318): CodeIgniter\CodeIgniter->handleRequest()
#8 /home/dinxstud/public_html/chandani/public/index.php(38): CodeIgniter\CodeIgniter->run()
#9 {main}
CRITICAL - 2022-02-09 16:07:42 --> Undefined property: stdClass::$insertId
#0 /home/dinxstud/public_html/chandani/app/Controllers/ManageVenues.php(128): CodeIgniter\Debug\Exceptions->errorHandler()
#1 [internal function]: App\Controllers\ManageVenues->App\Controllers\{closure}()
#2 /home/dinxstud/public_html/chandani/app/Libraries/GroceryCrud.php(1130): call_user_func()
#3 /home/dinxstud/public_html/chandani/app/Libraries/GroceryCrud.php(4570): App\Libraries\grocery_CRUD_Model_Driver->db_update()
#4 /home/dinxstud/public_html/chandani/app/Controllers/ManageVenues.php(132): App\Libraries\GroceryCrud->render()
#5 /home/dinxstud/public_html/chandani/system/CodeIgniter.php(803): App\Controllers\ManageVenues->venueHalls()
#6 /home/dinxstud/public_html/chandani/system/CodeIgniter.php(400): CodeIgniter\CodeIgniter->runController()
#7 /home/dinxstud/public_html/chandani/system/CodeIgniter.php(318): CodeIgniter\CodeIgniter->handleRequest()
#8 /home/dinxstud/public_html/chandani/public/index.php(38): CodeIgniter\CodeIgniter->run()
#9 {main}
CRITICAL - 2022-02-09 16:09:47 --> There is no data to update.
#0 /home/dinxstud/public_html/chandani/system/BaseModel.php(846): CodeIgniter\Database\Exceptions\DataException::forEmptyDataset()
#1 /home/dinxstud/public_html/chandani/system/Model.php(646): CodeIgniter\BaseModel->update()
#2 /home/dinxstud/public_html/chandani/app/Controllers/ManageVenues.php(128): CodeIgniter\Model->update()
#3 [internal function]: App\Controllers\ManageVenues->App\Controllers\{closure}()
#4 /home/dinxstud/public_html/chandani/app/Libraries/GroceryCrud.php(1130): call_user_func()
#5 /home/dinxstud/public_html/chandani/app/Libraries/GroceryCrud.php(4570): App\Libraries\grocery_CRUD_Model_Driver->db_update()
#6 /home/dinxstud/public_html/chandani/app/Controllers/ManageVenues.php(132): App\Libraries\GroceryCrud->render()
#7 /home/dinxstud/public_html/chandani/system/CodeIgniter.php(803): App\Controllers\ManageVenues->venueHalls()
#8 /home/dinxstud/public_html/chandani/system/CodeIgniter.php(400): CodeIgniter\CodeIgniter->runController()
#9 /home/dinxstud/public_html/chandani/system/CodeIgniter.php(318): CodeIgniter\CodeIgniter->handleRequest()
#10 /home/dinxstud/public_html/chandani/public/index.php(38): CodeIgniter\CodeIgniter->run()
#11 {main}
CRITICAL - 2022-02-09 16:11:22 --> There is no data to update.
#0 /home/dinxstud/public_html/chandani/system/BaseModel.php(846): CodeIgniter\Database\Exceptions\DataException::forEmptyDataset()
#1 /home/dinxstud/public_html/chandani/system/Model.php(646): CodeIgniter\BaseModel->update()
#2 /home/dinxstud/public_html/chandani/app/Controllers/ManageVenues.php(127): CodeIgniter\Model->update()
#3 [internal function]: App\Controllers\ManageVenues->App\Controllers\{closure}()
#4 /home/dinxstud/public_html/chandani/app/Libraries/GroceryCrud.php(1130): call_user_func()
#5 /home/dinxstud/public_html/chandani/app/Libraries/GroceryCrud.php(4570): App\Libraries\grocery_CRUD_Model_Driver->db_update()
#6 /home/dinxstud/public_html/chandani/app/Controllers/ManageVenues.php(131): App\Libraries\GroceryCrud->render()
#7 /home/dinxstud/public_html/chandani/system/CodeIgniter.php(803): App\Controllers\ManageVenues->venueHalls()
#8 /home/dinxstud/public_html/chandani/system/CodeIgniter.php(400): CodeIgniter\CodeIgniter->runController()
#9 /home/dinxstud/public_html/chandani/system/CodeIgniter.php(318): CodeIgniter\CodeIgniter->handleRequest()
#10 /home/dinxstud/public_html/chandani/public/index.php(38): CodeIgniter\CodeIgniter->run()
#11 {main}
CRITICAL - 2022-02-09 16:11:42 --> There is no data to update.
#0 /home/dinxstud/public_html/chandani/system/BaseModel.php(846): CodeIgniter\Database\Exceptions\DataException::forEmptyDataset()
#1 /home/dinxstud/public_html/chandani/system/Model.php(646): CodeIgniter\BaseModel->update()
#2 /home/dinxstud/public_html/chandani/app/Controllers/ManageVenues.php(127): CodeIgniter\Model->update()
#3 [internal function]: App\Controllers\ManageVenues->App\Controllers\{closure}()
#4 /home/dinxstud/public_html/chandani/app/Libraries/GroceryCrud.php(1130): call_user_func()
#5 /home/dinxstud/public_html/chandani/app/Libraries/GroceryCrud.php(4570): App\Libraries\grocery_CRUD_Model_Driver->db_update()
#6 /home/dinxstud/public_html/chandani/app/Controllers/ManageVenues.php(131): App\Libraries\GroceryCrud->render()
#7 /home/dinxstud/public_html/chandani/system/CodeIgniter.php(803): App\Controllers\ManageVenues->venueHalls()
#8 /home/dinxstud/public_html/chandani/system/CodeIgniter.php(400): CodeIgniter\CodeIgniter->runController()
#9 /home/dinxstud/public_html/chandani/system/CodeIgniter.php(318): CodeIgniter\CodeIgniter->handleRequest()
#10 /home/dinxstud/public_html/chandani/public/index.php(38): CodeIgniter\CodeIgniter->run()
#11 {main}
CRITICAL - 2022-02-09 16:19:40 --> Call to undefined method CodeIgniter\Database\MySQLi\Connection::update()
#0 /home/dinxstud/public_html/chandani/app/Controllers/ManageVenues.php(127): App\Models\CompanyVenueModel->updateFloorPlan()
#1 [internal function]: App\Controllers\ManageVenues->App\Controllers\{closure}()
#2 /home/dinxstud/public_html/chandani/app/Libraries/GroceryCrud.php(1130): call_user_func()
#3 /home/dinxstud/public_html/chandani/app/Libraries/GroceryCrud.php(4570): App\Libraries\grocery_CRUD_Model_Driver->db_update()
#4 /home/dinxstud/public_html/chandani/app/Controllers/ManageVenues.php(131): App\Libraries\GroceryCrud->render()
#5 /home/dinxstud/public_html/chandani/system/CodeIgniter.php(803): App\Controllers\ManageVenues->venueHalls()
#6 /home/dinxstud/public_html/chandani/system/CodeIgniter.php(400): CodeIgniter\CodeIgniter->runController()
#7 /home/dinxstud/public_html/chandani/system/CodeIgniter.php(318): CodeIgniter\CodeIgniter->handleRequest()
#8 /home/dinxstud/public_html/chandani/public/index.php(38): CodeIgniter\CodeIgniter->run()
#9 {main}
CRITICAL - 2022-02-09 16:20:34 --> There is no data to update.
#0 /home/dinxstud/public_html/chandani/system/BaseModel.php(846): CodeIgniter\Database\Exceptions\DataException::forEmptyDataset()
#1 /home/dinxstud/public_html/chandani/system/Model.php(646): CodeIgniter\BaseModel->update()
#2 /home/dinxstud/public_html/chandani/app/Models/CompanyVenueModel.php(36): CodeIgniter\Model->update()
#3 /home/dinxstud/public_html/chandani/app/Controllers/ManageVenues.php(127): App\Models\CompanyVenueModel->updateFloorPlan()
#4 [internal function]: App\Controllers\ManageVenues->App\Controllers\{closure}()
#5 /home/dinxstud/public_html/chandani/app/Libraries/GroceryCrud.php(1130): call_user_func()
#6 /home/dinxstud/public_html/chandani/app/Libraries/GroceryCrud.php(4570): App\Libraries\grocery_CRUD_Model_Driver->db_update()
#7 /home/dinxstud/public_html/chandani/app/Controllers/ManageVenues.php(131): App\Libraries\GroceryCrud->render()
#8 /home/dinxstud/public_html/chandani/system/CodeIgniter.php(803): App\Controllers\ManageVenues->venueHalls()
#9 /home/dinxstud/public_html/chandani/system/CodeIgniter.php(400): CodeIgniter\CodeIgniter->runController()
#10 /home/dinxstud/public_html/chandani/system/CodeIgniter.php(318): CodeIgniter\CodeIgniter->handleRequest()
#11 /home/dinxstud/public_html/chandani/public/index.php(38): CodeIgniter\CodeIgniter->run()
#12 {main}
CRITICAL - 2022-02-09 16:25:50 --> There is no data to update.
#0 /home/dinxstud/public_html/chandani/system/BaseModel.php(846): CodeIgniter\Database\Exceptions\DataException::forEmptyDataset()
#1 /home/dinxstud/public_html/chandani/system/Model.php(646): CodeIgniter\BaseModel->update()
#2 /home/dinxstud/public_html/chandani/app/Models/CompanyVenueModel.php(36): CodeIgniter\Model->update()
#3 /home/dinxstud/public_html/chandani/app/Controllers/ManageVenues.php(127): App\Models\CompanyVenueModel->updateFloorPlan()
#4 [internal function]: App\Controllers\ManageVenues->App\Controllers\{closure}()
#5 /home/dinxstud/public_html/chandani/app/Libraries/GroceryCrud.php(1130): call_user_func()
#6 /home/dinxstud/public_html/chandani/app/Libraries/GroceryCrud.php(4570): App\Libraries\grocery_CRUD_Model_Driver->db_update()
#7 /home/dinxstud/public_html/chandani/app/Controllers/ManageVenues.php(131): App\Libraries\GroceryCrud->render()
#8 /home/dinxstud/public_html/chandani/system/CodeIgniter.php(803): App\Controllers\ManageVenues->venueHalls()
#9 /home/dinxstud/public_html/chandani/system/CodeIgniter.php(400): CodeIgniter\CodeIgniter->runController()
#10 /home/dinxstud/public_html/chandani/system/CodeIgniter.php(318): CodeIgniter\CodeIgniter->handleRequest()
#11 /home/dinxstud/public_html/chandani/public/index.php(38): CodeIgniter\CodeIgniter->run()
#12 {main}
CRITICAL - 2022-02-09 16:34:47 --> There is no data to update.
#0 /home/dinxstud/public_html/chandani/system/BaseModel.php(845): CodeIgniter\Database\Exceptions\DataException::forEmptyDataset()
#1 /home/dinxstud/public_html/chandani/system/Model.php(646): CodeIgniter\BaseModel->update()
#2 /home/dinxstud/public_html/chandani/app/Models/CompanyVenueModel.php(36): CodeIgniter\Model->update()
#3 /home/dinxstud/public_html/chandani/app/Controllers/ManageVenues.php(127): App\Models\CompanyVenueModel->updateFloorPlan()
#4 [internal function]: App\Controllers\ManageVenues->App\Controllers\{closure}()
#5 /home/dinxstud/public_html/chandani/app/Libraries/GroceryCrud.php(1130): call_user_func()
#6 /home/dinxstud/public_html/chandani/app/Libraries/GroceryCrud.php(4570): App\Libraries\grocery_CRUD_Model_Driver->db_update()
#7 /home/dinxstud/public_html/chandani/app/Controllers/ManageVenues.php(131): App\Libraries\GroceryCrud->render()
#8 /home/dinxstud/public_html/chandani/system/CodeIgniter.php(803): App\Controllers\ManageVenues->venueHalls()
#9 /home/dinxstud/public_html/chandani/system/CodeIgniter.php(400): CodeIgniter\CodeIgniter->runController()
#10 /home/dinxstud/public_html/chandani/system/CodeIgniter.php(318): CodeIgniter\CodeIgniter->handleRequest()
#11 /home/dinxstud/public_html/chandani/public/index.php(38): CodeIgniter\CodeIgniter->run()
#12 {main}
ERROR - 2022-02-09 16:37:46 --> Unknown column 'floor_plan' in 'field list'
CRITICAL - 2022-02-09 16:37:46 --> Unknown column 'floor_plan' in 'field list'
#0 /home/dinxstud/public_html/chandani/system/Database/MySQLi/Connection.php(280): mysqli->query()
#1 /home/dinxstud/public_html/chandani/system/Database/BaseConnection.php(663): CodeIgniter\Database\MySQLi\Connection->execute()
#2 /home/dinxstud/public_html/chandani/system/Database/BaseConnection.php(591): CodeIgniter\Database\BaseConnection->simpleQuery()
#3 /home/dinxstud/public_html/chandani/system/Database/BaseBuilder.php(1875): CodeIgniter\Database\BaseConnection->query()
#4 /home/dinxstud/public_html/chandani/system/Model.php(298): CodeIgniter\Database\BaseBuilder->update()
#5 /home/dinxstud/public_html/chandani/system/BaseModel.php(866): CodeIgniter\Model->doUpdate()
#6 /home/dinxstud/public_html/chandani/system/Model.php(646): CodeIgniter\BaseModel->update()
#7 /home/dinxstud/public_html/chandani/app/Models/CompanyVenueModel.php(36): CodeIgniter\Model->update()
#8 /home/dinxstud/public_html/chandani/app/Controllers/ManageVenues.php(127): App\Models\CompanyVenueModel->updateFloorPlan()
#9 [internal function]: App\Controllers\ManageVenues->App\Controllers\{closure}()
#10 /home/dinxstud/public_html/chandani/app/Libraries/GroceryCrud.php(1130): call_user_func()
#11 /home/dinxstud/public_html/chandani/app/Libraries/GroceryCrud.php(4570): App\Libraries\grocery_CRUD_Model_Driver->db_update()
#12 /home/dinxstud/public_html/chandani/app/Controllers/ManageVenues.php(131): App\Libraries\GroceryCrud->render()
#13 /home/dinxstud/public_html/chandani/system/CodeIgniter.php(803): App\Controllers\ManageVenues->venueHalls()
#14 /home/dinxstud/public_html/chandani/system/CodeIgniter.php(400): CodeIgniter\CodeIgniter->runController()
#15 /home/dinxstud/public_html/chandani/system/CodeIgniter.php(318): CodeIgniter\CodeIgniter->handleRequest()
#16 /home/dinxstud/public_html/chandani/public/index.php(38): CodeIgniter\CodeIgniter->run()
#17 {main}
CRITICAL - 2022-02-09 16:43:03 --> Undefined variable $companyVenueModel
#0 /home/dinxstud/public_html/chandani/app/Controllers/ManageVenues.php(108): CodeIgniter\Debug\Exceptions->errorHandler()
#1 /home/dinxstud/public_html/chandani/system/CodeIgniter.php(803): App\Controllers\ManageVenues->venueHalls()
#2 /home/dinxstud/public_html/chandani/system/CodeIgniter.php(400): CodeIgniter\CodeIgniter->runController()
#3 /home/dinxstud/public_html/chandani/system/CodeIgniter.php(318): CodeIgniter\CodeIgniter->handleRequest()
#4 /home/dinxstud/public_html/chandani/public/index.php(38): CodeIgniter\CodeIgniter->run()
#5 {main}
CRITICAL - 2022-02-09 16:43:43 --> Call to undefined method App\Models\CompanyVenueHallsModel::updateFloorPlan
#0 /home/dinxstud/public_html/chandani/app/Controllers/ManageVenues.php(127): CodeIgniter\Model->__call()
#1 [internal function]: App\Controllers\ManageVenues->App\Controllers\{closure}()
#2 /home/dinxstud/public_html/chandani/app/Libraries/GroceryCrud.php(1130): call_user_func()
#3 /home/dinxstud/public_html/chandani/app/Libraries/GroceryCrud.php(4570): App\Libraries\grocery_CRUD_Model_Driver->db_update()
#4 /home/dinxstud/public_html/chandani/app/Controllers/ManageVenues.php(131): App\Libraries\GroceryCrud->render()
#5 /home/dinxstud/public_html/chandani/system/CodeIgniter.php(803): App\Controllers\ManageVenues->venueHalls()
#6 /home/dinxstud/public_html/chandani/system/CodeIgniter.php(400): CodeIgniter\CodeIgniter->runController()
#7 /home/dinxstud/public_html/chandani/system/CodeIgniter.php(318): CodeIgniter\CodeIgniter->handleRequest()
#8 /home/dinxstud/public_html/chandani/public/index.php(38): CodeIgniter\CodeIgniter->run()
#9 {main}
CRITICAL - 2022-02-09 16:44:23 --> There is no data to update.
#0 /home/dinxstud/public_html/chandani/system/BaseModel.php(847): CodeIgniter\Database\Exceptions\DataException::forEmptyDataset()
#1 /home/dinxstud/public_html/chandani/system/Model.php(646): CodeIgniter\BaseModel->update()
#2 /home/dinxstud/public_html/chandani/app/Controllers/ManageVenues.php(127): CodeIgniter\Model->update()
#3 [internal function]: App\Controllers\ManageVenues->App\Controllers\{closure}()
#4 /home/dinxstud/public_html/chandani/app/Libraries/GroceryCrud.php(1130): call_user_func()
#5 /home/dinxstud/public_html/chandani/app/Libraries/GroceryCrud.php(4570): App\Libraries\grocery_CRUD_Model_Driver->db_update()
#6 /home/dinxstud/public_html/chandani/app/Controllers/ManageVenues.php(131): App\Libraries\GroceryCrud->render()
#7 /home/dinxstud/public_html/chandani/system/CodeIgniter.php(803): App\Controllers\ManageVenues->venueHalls()
#8 /home/dinxstud/public_html/chandani/system/CodeIgniter.php(400): CodeIgniter\CodeIgniter->runController()
#9 /home/dinxstud/public_html/chandani/system/CodeIgniter.php(318): CodeIgniter\CodeIgniter->handleRequest()
#10 /home/dinxstud/public_html/chandani/public/index.php(38): CodeIgniter\CodeIgniter->run()
#11 {main}
CRITICAL - 2022-02-09 18:08:42 --> Allowed fields must be specified for model: App\Models\CompanyVenueNapkinsModel
#0 /home/dinxstud/public_html/chandani/system/BaseModel.php(1141): CodeIgniter\Database\Exceptions\DataException::forInvalidAllowedFields()
#1 /home/dinxstud/public_html/chandani/system/BaseModel.php(846): CodeIgniter\BaseModel->doProtectFields()
#2 /home/dinxstud/public_html/chandani/system/Model.php(646): CodeIgniter\BaseModel->update()
#3 /home/dinxstud/public_html/chandani/app/Controllers/ManageBuffet.php(316): CodeIgniter\Model->update()
#4 [internal function]: App\Controllers\ManageBuffet->App\Controllers\{closure}()
#5 /home/dinxstud/public_html/chandani/app/Libraries/GroceryCrud.php(990): call_user_func()
#6 /home/dinxstud/public_html/chandani/app/Libraries/GroceryCrud.php(4557): App\Libraries\grocery_CRUD_Model_Driver->db_insert()
#7 /home/dinxstud/public_html/chandani/app/Controllers/ManageBuffet.php(353): App\Libraries\GroceryCrud->render()
#8 /home/dinxstud/public_html/chandani/system/CodeIgniter.php(803): App\Controllers\ManageBuffet->napkins()
#9 /home/dinxstud/public_html/chandani/system/CodeIgniter.php(400): CodeIgniter\CodeIgniter->runController()
#10 /home/dinxstud/public_html/chandani/system/CodeIgniter.php(318): CodeIgniter\CodeIgniter->handleRequest()
#11 /home/dinxstud/public_html/chandani/public/index.php(38): CodeIgniter\CodeIgniter->run()
#12 {main}
CRITICAL - 2022-02-09 18:10:35 --> Allowed fields must be specified for model: App\Models\CompanyVenueNapkinsModel
#0 /home/dinxstud/public_html/chandani/system/BaseModel.php(1141): CodeIgniter\Database\Exceptions\DataException::forInvalidAllowedFields()
#1 /home/dinxstud/public_html/chandani/system/BaseModel.php(846): CodeIgniter\BaseModel->doProtectFields()
#2 /home/dinxstud/public_html/chandani/system/Model.php(646): CodeIgniter\BaseModel->update()
#3 /home/dinxstud/public_html/chandani/app/Controllers/ManageBuffet.php(316): CodeIgniter\Model->update()
#4 [internal function]: App\Controllers\ManageBuffet->App\Controllers\{closure}()
#5 /home/dinxstud/public_html/chandani/app/Libraries/GroceryCrud.php(990): call_user_func()
#6 /home/dinxstud/public_html/chandani/app/Libraries/GroceryCrud.php(4557): App\Libraries\grocery_CRUD_Model_Driver->db_insert()
#7 /home/dinxstud/public_html/chandani/app/Controllers/ManageBuffet.php(353): App\Libraries\GroceryCrud->render()
#8 /home/dinxstud/public_html/chandani/system/CodeIgniter.php(803): App\Controllers\ManageBuffet->napkins()
#9 /home/dinxstud/public_html/chandani/system/CodeIgniter.php(400): CodeIgniter\CodeIgniter->runController()
#10 /home/dinxstud/public_html/chandani/system/CodeIgniter.php(318): CodeIgniter\CodeIgniter->handleRequest()
#11 /home/dinxstud/public_html/chandani/public/index.php(38): CodeIgniter\CodeIgniter->run()
#12 {main}
CRITICAL - 2022-02-09 18:13:32 --> There is no data to update.
#0 /home/dinxstud/public_html/chandani/system/BaseModel.php(853): CodeIgniter\Database\Exceptions\DataException::forEmptyDataset()
#1 /home/dinxstud/public_html/chandani/system/Model.php(646): CodeIgniter\BaseModel->update()
#2 /home/dinxstud/public_html/chandani/app/Controllers/ManageBuffet.php(316): CodeIgniter\Model->update()
#3 [internal function]: App\Controllers\ManageBuffet->App\Controllers\{closure}()
#4 /home/dinxstud/public_html/chandani/app/Libraries/GroceryCrud.php(990): call_user_func()
#5 /home/dinxstud/public_html/chandani/app/Libraries/GroceryCrud.php(4557): App\Libraries\grocery_CRUD_Model_Driver->db_insert()
#6 /home/dinxstud/public_html/chandani/app/Controllers/ManageBuffet.php(353): App\Libraries\GroceryCrud->render()
#7 /home/dinxstud/public_html/chandani/system/CodeIgniter.php(803): App\Controllers\ManageBuffet->napkins()
#8 /home/dinxstud/public_html/chandani/system/CodeIgniter.php(400): CodeIgniter\CodeIgniter->runController()
#9 /home/dinxstud/public_html/chandani/system/CodeIgniter.php(318): CodeIgniter\CodeIgniter->handleRequest()
#10 /home/dinxstud/public_html/chandani/public/index.php(38): CodeIgniter\CodeIgniter->run()
#11 {main}
CRITICAL - 2022-02-09 18:13:59 --> There is no data to update.
#0 /home/dinxstud/public_html/chandani/system/BaseModel.php(853): CodeIgniter\Database\Exceptions\DataException::forEmptyDataset()
#1 /home/dinxstud/public_html/chandani/system/Model.php(646): CodeIgniter\BaseModel->update()
#2 /home/dinxstud/public_html/chandani/app/Controllers/ManageBuffet.php(316): CodeIgniter\Model->update()
#3 [internal function]: App\Controllers\ManageBuffet->App\Controllers\{closure}()
#4 /home/dinxstud/public_html/chandani/app/Libraries/GroceryCrud.php(990): call_user_func()
#5 /home/dinxstud/public_html/chandani/app/Libraries/GroceryCrud.php(4557): App\Libraries\grocery_CRUD_Model_Driver->db_insert()
#6 /home/dinxstud/public_html/chandani/app/Controllers/ManageBuffet.php(353): App\Libraries\GroceryCrud->render()
#7 /home/dinxstud/public_html/chandani/system/CodeIgniter.php(803): App\Controllers\ManageBuffet->napkins()
#8 /home/dinxstud/public_html/chandani/system/CodeIgniter.php(400): CodeIgniter\CodeIgniter->runController()
#9 /home/dinxstud/public_html/chandani/system/CodeIgniter.php(318): CodeIgniter\CodeIgniter->handleRequest()
#10 /home/dinxstud/public_html/chandani/public/index.php(38): CodeIgniter\CodeIgniter->run()
#11 {main}
CRITICAL - 2022-02-09 18:44:47 --> Undefined variable $companyVenueNapkinsModel
#0 /home/dinxstud/public_html/chandani/app/Controllers/ManageBuffet.php(444): CodeIgniter\Debug\Exceptions->errorHandler()
#1 /home/dinxstud/public_html/chandani/system/CodeIgniter.php(803): App\Controllers\ManageBuffet->table_cloth()
#2 /home/dinxstud/public_html/chandani/system/CodeIgniter.php(400): CodeIgniter\CodeIgniter->runController()
#3 /home/dinxstud/public_html/chandani/system/CodeIgniter.php(318): CodeIgniter\CodeIgniter->handleRequest()
#4 /home/dinxstud/public_html/chandani/public/index.php(38): CodeIgniter\CodeIgniter->run()
#5 {main}
CRITICAL - 2022-02-09 18:50:07 --> Call to a member function update() on null
#0 [internal function]: App\Controllers\ManageBuffet->App\Controllers\{closure}()
#1 /home/dinxstud/public_html/chandani/app/Libraries/GroceryCrud.php(990): call_user_func()
#2 /home/dinxstud/public_html/chandani/app/Libraries/GroceryCrud.php(4557): App\Libraries\grocery_CRUD_Model_Driver->db_insert()
#3 /home/dinxstud/public_html/chandani/app/Controllers/ManageBuffet.php(485): App\Libraries\GroceryCrud->render()
#4 /home/dinxstud/public_html/chandani/system/CodeIgniter.php(803): App\Controllers\ManageBuffet->table_cloth()
#5 /home/dinxstud/public_html/chandani/system/CodeIgniter.php(400): CodeIgniter\CodeIgniter->runController()
#6 /home/dinxstud/public_html/chandani/system/CodeIgniter.php(318): CodeIgniter\CodeIgniter->handleRequest()
#7 /home/dinxstud/public_html/chandani/public/index.php(38): CodeIgniter\CodeIgniter->run()
#8 {main}
CRITICAL - 2022-02-09 18:51:59 --> Call to a member function update() on null
#0 [internal function]: App\Controllers\ManageBuffet->App\Controllers\{closure}()
#1 /home/dinxstud/public_html/chandani/app/Libraries/GroceryCrud.php(990): call_user_func()
#2 /home/dinxstud/public_html/chandani/app/Libraries/GroceryCrud.php(4557): App\Libraries\grocery_CRUD_Model_Driver->db_insert()
#3 /home/dinxstud/public_html/chandani/app/Controllers/ManageBuffet.php(485): App\Libraries\GroceryCrud->render()
#4 /home/dinxstud/public_html/chandani/system/CodeIgniter.php(803): App\Controllers\ManageBuffet->table_cloth()
#5 /home/dinxstud/public_html/chandani/system/CodeIgniter.php(400): CodeIgniter\CodeIgniter->runController()
#6 /home/dinxstud/public_html/chandani/system/CodeIgniter.php(318): CodeIgniter\CodeIgniter->handleRequest()
#7 /home/dinxstud/public_html/chandani/public/index.php(38): CodeIgniter\CodeIgniter->run()
#8 {main}
CRITICAL - 2022-02-09 19:11:34 --> Cannot redeclare App\Controllers\ManageBuffet::flowers()
#0 [internal function]: CodeIgniter\Debug\Exceptions->shutdownHandler()
#1 {main}
CRITICAL - 2022-02-09 19:13:00 --> The table name does not exist. Please check you database and try again.
#0 /home/dinxstud/public_html/chandani/app/Libraries/GroceryCrud.php(4450): App\Libraries\GroceryCrud->get_table()
#1 /home/dinxstud/public_html/chandani/app/Libraries/GroceryCrud.php(4467): App\Libraries\GroceryCrud->pre_render()
#2 /home/dinxstud/public_html/chandani/app/Controllers/ManageBuffet.php(485): App\Libraries\GroceryCrud->render()
#3 /home/dinxstud/public_html/chandani/system/CodeIgniter.php(803): App\Controllers\ManageBuffet->flowers()
#4 /home/dinxstud/public_html/chandani/system/CodeIgniter.php(400): CodeIgniter\CodeIgniter->runController()
#5 /home/dinxstud/public_html/chandani/system/CodeIgniter.php(318): CodeIgniter\CodeIgniter->handleRequest()
#6 /home/dinxstud/public_html/chandani/public/index.php(38): CodeIgniter\CodeIgniter->run()
#7 {main}
CRITICAL - 2022-02-09 19:45:20 --> Undefined array key "logo"
#0 /home/dinxstud/public_html/chandani/app/Views/adminHeader.php(37): CodeIgniter\Debug\Exceptions->errorHandler()
#1 /home/dinxstud/public_html/chandani/system/View/View.php(214): include('/home/dinxstud/...')
#2 /home/dinxstud/public_html/chandani/system/View/View.php(217): CodeIgniter\View\View->CodeIgniter\View\{closure}()
#3 /home/dinxstud/public_html/chandani/system/Common.php(1092): CodeIgniter\View\View->render()
#4 /home/dinxstud/public_html/chandani/app/Controllers/Chef.php(12): view()
#5 /home/dinxstud/public_html/chandani/system/CodeIgniter.php(803): App\Controllers\Chef->index()
#6 /home/dinxstud/public_html/chandani/system/CodeIgniter.php(400): CodeIgniter\CodeIgniter->runController()
#7 /home/dinxstud/public_html/chandani/system/CodeIgniter.php(318): CodeIgniter\CodeIgniter->handleRequest()
#8 /home/dinxstud/public_html/chandani/public/index.php(38): CodeIgniter\CodeIgniter->run()
#9 {main}
CRITICAL - 2022-02-09 19:50:10 --> Undefined variable $data
#0 /home/dinxstud/public_html/chandani/app/Controllers/Chef.php(13): CodeIgniter\Debug\Exceptions->errorHandler()
#1 /home/dinxstud/public_html/chandani/system/CodeIgniter.php(803): App\Controllers\Chef->index()
#2 /home/dinxstud/public_html/chandani/system/CodeIgniter.php(400): CodeIgniter\CodeIgniter->runController()
#3 /home/dinxstud/public_html/chandani/system/CodeIgniter.php(318): CodeIgniter\CodeIgniter->handleRequest()
#4 /home/dinxstud/public_html/chandani/public/index.php(38): CodeIgniter\CodeIgniter->run()
#5 {main}
CRITICAL - 2022-02-09 19:50:57 --> Undefined variable $data
#0 /home/dinxstud/public_html/chandani/app/Controllers/Chef.php(13): CodeIgniter\Debug\Exceptions->errorHandler()
#1 /home/dinxstud/public_html/chandani/system/CodeIgniter.php(803): App\Controllers\Chef->index()
#2 /home/dinxstud/public_html/chandani/system/CodeIgniter.php(400): CodeIgniter\CodeIgniter->runController()
#3 /home/dinxstud/public_html/chandani/system/CodeIgniter.php(318): CodeIgniter\CodeIgniter->handleRequest()
#4 /home/dinxstud/public_html/chandani/public/index.php(38): CodeIgniter\CodeIgniter->run()
#5 {main}
CRITICAL - 2022-02-09 19:51:27 --> Invalid file: chefHome.php
#0 /home/dinxstud/public_html/chandani/system/View/View.php(198): CodeIgniter\Exceptions\FrameworkException::forInvalidFile()
#1 /home/dinxstud/public_html/chandani/system/Common.php(1092): CodeIgniter\View\View->render()
#2 /home/dinxstud/public_html/chandani/app/Controllers/Chef.php(14): view()
#3 /home/dinxstud/public_html/chandani/system/CodeIgniter.php(803): App\Controllers\Chef->index()
#4 /home/dinxstud/public_html/chandani/system/CodeIgniter.php(400): CodeIgniter\CodeIgniter->runController()
#5 /home/dinxstud/public_html/chandani/system/CodeIgniter.php(318): CodeIgniter\CodeIgniter->handleRequest()
#6 /home/dinxstud/public_html/chandani/public/index.php(38): CodeIgniter\CodeIgniter->run()
#7 {main}
