CRITICAL - 2022-06-01 13:21:47 --> Undefined array key "password"
#0 /home/dinxstud/public_html/chandani/app/Controllers/Home.php(40): CodeIgniter\Debug\Exceptions->errorHandler()
#1 /home/dinxstud/public_html/chandani/system/CodeIgniter.php(803): App\Controllers\Home->index()
#2 /home/dinxstud/public_html/chandani/system/CodeIgniter.php(400): CodeIgniter\CodeIgniter->runController()
#3 /home/dinxstud/public_html/chandani/system/CodeIgniter.php(318): CodeIgniter\CodeIgniter->handleRequest()
#4 /home/dinxstud/public_html/chandani/public/index.php(38): CodeIgniter\CodeIgniter->run()
#5 {main}
CRITICAL - 2022-06-01 13:25:33 --> App\Libraries\GroceryCrud::columns(): Argument #1 ($columns) must be of type array, string given, called in /home/dinxstud/public_html/chandani/app/Controllers/ManageEventTypes.php on line 19
#0 /home/dinxstud/public_html/chandani/app/Controllers/ManageEventTypes.php(19): App\Libraries\GroceryCrud->columns()
#1 /home/dinxstud/public_html/chandani/system/CodeIgniter.php(803): App\Controllers\ManageEventTypes->eventTypes()
#2 /home/dinxstud/public_html/chandani/system/CodeIgniter.php(400): CodeIgniter\CodeIgniter->runController()
#3 /home/dinxstud/public_html/chandani/system/CodeIgniter.php(318): CodeIgniter\CodeIgniter->handleRequest()
#4 /home/dinxstud/public_html/chandani/public/index.php(38): CodeIgniter\CodeIgniter->run()
#5 {main}
CRITICAL - 2022-06-01 13:25:42 --> Undefined array key 0
#0 /home/dinxstud/public_html/chandani/app/Controllers/ManageBuffet.php(105): CodeIgniter\Debug\Exceptions->errorHandler()
#1 /home/dinxstud/public_html/chandani/system/CodeIgniter.php(803): App\Controllers\ManageBuffet->buffetPricing()
#2 /home/dinxstud/public_html/chandani/system/CodeIgniter.php(400): CodeIgniter\CodeIgniter->runController()
#3 /home/dinxstud/public_html/chandani/system/CodeIgniter.php(318): CodeIgniter\CodeIgniter->handleRequest()
#4 /home/dinxstud/public_html/chandani/public/index.php(38): CodeIgniter\CodeIgniter->run()
#5 {main}
CRITICAL - 2022-06-01 13:26:12 --> Undefined array key 0
#0 /home/dinxstud/public_html/chandani/app/Controllers/ManageBuffet.php(105): CodeIgniter\Debug\Exceptions->errorHandler()
#1 /home/dinxstud/public_html/chandani/system/CodeIgniter.php(803): App\Controllers\ManageBuffet->buffetPricing()
#2 /home/dinxstud/public_html/chandani/system/CodeIgniter.php(400): CodeIgniter\CodeIgniter->runController()
#3 /home/dinxstud/public_html/chandani/system/CodeIgniter.php(318): CodeIgniter\CodeIgniter->handleRequest()
#4 /home/dinxstud/public_html/chandani/public/index.php(38): CodeIgniter\CodeIgniter->run()
#5 {main}
CRITICAL - 2022-06-01 13:26:35 --> Undefined array key 0
#0 /home/dinxstud/public_html/chandani/app/Controllers/ManageBuffet.php(105): CodeIgniter\Debug\Exceptions->errorHandler()
#1 /home/dinxstud/public_html/chandani/system/CodeIgniter.php(803): App\Controllers\ManageBuffet->buffetPricing()
#2 /home/dinxstud/public_html/chandani/system/CodeIgniter.php(400): CodeIgniter\CodeIgniter->runController()
#3 /home/dinxstud/public_html/chandani/system/CodeIgniter.php(318): CodeIgniter\CodeIgniter->handleRequest()
#4 /home/dinxstud/public_html/chandani/public/index.php(38): CodeIgniter\CodeIgniter->run()
#5 {main}
