CRITICAL - 2022-04-18 14:27:21 --> Undefined variable $company_name
#0 /home/dinxstud/public_html/chandani/app/Views/home.php(5): CodeIgniter\Debug\Exceptions->errorHandler()
#1 /home/dinxstud/public_html/chandani/system/View/View.php(214): include('/home/dinxstud/...')
#2 /home/dinxstud/public_html/chandani/system/View/View.php(217): CodeIgniter\View\View->CodeIgniter\View\{closure}()
#3 /home/dinxstud/public_html/chandani/system/Common.php(1092): CodeIgniter\View\View->render()
#4 /home/dinxstud/public_html/chandani/app/Controllers/Register.php(83): view()
#5 /home/dinxstud/public_html/chandani/system/CodeIgniter.php(803): App\Controllers\Register->save()
#6 /home/dinxstud/public_html/chandani/system/CodeIgniter.php(400): CodeIgniter\CodeIgniter->runController()
#7 /home/dinxstud/public_html/chandani/system/CodeIgniter.php(318): CodeIgniter\CodeIgniter->handleRequest()
#8 /home/dinxstud/public_html/chandani/public/index.php(38): CodeIgniter\CodeIgniter->run()
#9 {main}
CRITICAL - 2022-04-18 14:28:10 --> Undefined variable $company_name
#0 /home/dinxstud/public_html/chandani/app/Views/home.php(5): CodeIgniter\Debug\Exceptions->errorHandler()
#1 /home/dinxstud/public_html/chandani/system/View/View.php(214): include('/home/dinxstud/...')
#2 /home/dinxstud/public_html/chandani/system/View/View.php(217): CodeIgniter\View\View->CodeIgniter\View\{closure}()
#3 /home/dinxstud/public_html/chandani/system/Common.php(1092): CodeIgniter\View\View->render()
#4 /home/dinxstud/public_html/chandani/app/Controllers/Register.php(83): view()
#5 /home/dinxstud/public_html/chandani/system/CodeIgniter.php(803): App\Controllers\Register->save()
#6 /home/dinxstud/public_html/chandani/system/CodeIgniter.php(400): CodeIgniter\CodeIgniter->runController()
#7 /home/dinxstud/public_html/chandani/system/CodeIgniter.php(318): CodeIgniter\CodeIgniter->handleRequest()
#8 /home/dinxstud/public_html/chandani/public/index.php(38): CodeIgniter\CodeIgniter->run()
#9 {main}
CRITICAL - 2022-04-18 14:30:09 --> Undefined array key "fname"
#0 /home/dinxstud/public_html/chandani/app/Controllers/Home.php(41): CodeIgniter\Debug\Exceptions->errorHandler()
#1 /home/dinxstud/public_html/chandani/system/CodeIgniter.php(803): App\Controllers\Home->index()
#2 /home/dinxstud/public_html/chandani/system/CodeIgniter.php(400): CodeIgniter\CodeIgniter->runController()
#3 /home/dinxstud/public_html/chandani/system/CodeIgniter.php(318): CodeIgniter\CodeIgniter->handleRequest()
#4 /home/dinxstud/public_html/chandani/public/index.php(38): CodeIgniter\CodeIgniter->run()
#5 {main}
CRITICAL - 2022-04-18 14:54:54 --> Undefined array key "avatar"
#0 /home/dinxstud/public_html/chandani/app/Controllers/Home.php(44): CodeIgniter\Debug\Exceptions->errorHandler()
#1 /home/dinxstud/public_html/chandani/system/CodeIgniter.php(803): App\Controllers\Home->index()
#2 /home/dinxstud/public_html/chandani/system/CodeIgniter.php(400): CodeIgniter\CodeIgniter->runController()
#3 /home/dinxstud/public_html/chandani/system/CodeIgniter.php(318): CodeIgniter\CodeIgniter->handleRequest()
#4 /home/dinxstud/public_html/chandani/public/index.php(38): CodeIgniter\CodeIgniter->run()
#5 {main}
CRITICAL - 2022-04-18 15:00:35 --> Undefined variable $company_name
#0 /home/dinxstud/public_html/chandani/app/Views/home.php(5): CodeIgniter\Debug\Exceptions->errorHandler()
#1 /home/dinxstud/public_html/chandani/system/View/View.php(214): include('/home/dinxstud/...')
#2 /home/dinxstud/public_html/chandani/system/View/View.php(217): CodeIgniter\View\View->CodeIgniter\View\{closure}()
#3 /home/dinxstud/public_html/chandani/system/Common.php(1092): CodeIgniter\View\View->render()
#4 /home/dinxstud/public_html/chandani/app/Controllers/Home.php(48): view()
#5 /home/dinxstud/public_html/chandani/system/CodeIgniter.php(803): App\Controllers\Home->index()
#6 /home/dinxstud/public_html/chandani/system/CodeIgniter.php(400): CodeIgniter\CodeIgniter->runController()
#7 /home/dinxstud/public_html/chandani/system/CodeIgniter.php(318): CodeIgniter\CodeIgniter->handleRequest()
#8 /home/dinxstud/public_html/chandani/public/index.php(38): CodeIgniter\CodeIgniter->run()
#9 {main}
CRITICAL - 2022-04-18 15:04:50 --> Invalid file: clientDashboard.php
#0 /home/dinxstud/public_html/chandani/system/View/View.php(198): CodeIgniter\Exceptions\FrameworkException::forInvalidFile()
#1 /home/dinxstud/public_html/chandani/system/Common.php(1092): CodeIgniter\View\View->render()
#2 /home/dinxstud/public_html/chandani/app/Controllers/Home.php(65): view()
#3 /home/dinxstud/public_html/chandani/system/CodeIgniter.php(803): App\Controllers\Home->index()
#4 /home/dinxstud/public_html/chandani/system/CodeIgniter.php(400): CodeIgniter\CodeIgniter->runController()
#5 /home/dinxstud/public_html/chandani/system/CodeIgniter.php(318): CodeIgniter\CodeIgniter->handleRequest()
#6 /home/dinxstud/public_html/chandani/public/index.php(38): CodeIgniter\CodeIgniter->run()
#7 {main}
CRITICAL - 2022-04-18 15:12:34 --> Undefined array key "SCRIPT_URL"
#0 /home/dinxstud/public_html/chandani/app/Views/clientFooter.php(60): CodeIgniter\Debug\Exceptions->errorHandler()
#1 /home/dinxstud/public_html/chandani/system/View/View.php(214): include('/home/dinxstud/...')
#2 /home/dinxstud/public_html/chandani/system/View/View.php(217): CodeIgniter\View\View->CodeIgniter\View\{closure}()
#3 /home/dinxstud/public_html/chandani/system/Common.php(1092): CodeIgniter\View\View->render()
#4 /home/dinxstud/public_html/chandani/app/Controllers/Home.php(66): view()
#5 /home/dinxstud/public_html/chandani/system/CodeIgniter.php(803): App\Controllers\Home->index()
#6 /home/dinxstud/public_html/chandani/system/CodeIgniter.php(400): CodeIgniter\CodeIgniter->runController()
#7 /home/dinxstud/public_html/chandani/system/CodeIgniter.php(318): CodeIgniter\CodeIgniter->handleRequest()
#8 /home/dinxstud/public_html/chandani/public/index.php(38): CodeIgniter\CodeIgniter->run()
#9 {main}
CRITICAL - 2022-04-18 15:12:39 --> Undefined array key "SCRIPT_URL"
#0 /home/dinxstud/public_html/chandani/app/Views/clientFooter.php(60): CodeIgniter\Debug\Exceptions->errorHandler()
#1 /home/dinxstud/public_html/chandani/system/View/View.php(214): include('/home/dinxstud/...')
#2 /home/dinxstud/public_html/chandani/system/View/View.php(217): CodeIgniter\View\View->CodeIgniter\View\{closure}()
#3 /home/dinxstud/public_html/chandani/system/Common.php(1092): CodeIgniter\View\View->render()
#4 /home/dinxstud/public_html/chandani/app/Controllers/Home.php(66): view()
#5 /home/dinxstud/public_html/chandani/system/CodeIgniter.php(803): App\Controllers\Home->index()
#6 /home/dinxstud/public_html/chandani/system/CodeIgniter.php(400): CodeIgniter\CodeIgniter->runController()
#7 /home/dinxstud/public_html/chandani/system/CodeIgniter.php(318): CodeIgniter\CodeIgniter->handleRequest()
#8 /home/dinxstud/public_html/chandani/public/index.php(38): CodeIgniter\CodeIgniter->run()
#9 {main}
CRITICAL - 2022-04-18 15:12:52 --> Undefined array key "SCRIPT_URL"
#0 /home/dinxstud/public_html/chandani/app/Views/clientFooter.php(60): CodeIgniter\Debug\Exceptions->errorHandler()
#1 /home/dinxstud/public_html/chandani/system/View/View.php(214): include('/home/dinxstud/...')
#2 /home/dinxstud/public_html/chandani/system/View/View.php(217): CodeIgniter\View\View->CodeIgniter\View\{closure}()
#3 /home/dinxstud/public_html/chandani/system/Common.php(1092): CodeIgniter\View\View->render()
#4 /home/dinxstud/public_html/chandani/app/Controllers/Home.php(66): view()
#5 /home/dinxstud/public_html/chandani/system/CodeIgniter.php(803): App\Controllers\Home->index()
#6 /home/dinxstud/public_html/chandani/system/CodeIgniter.php(400): CodeIgniter\CodeIgniter->runController()
#7 /home/dinxstud/public_html/chandani/system/CodeIgniter.php(318): CodeIgniter\CodeIgniter->handleRequest()
#8 /home/dinxstud/public_html/chandani/public/index.php(38): CodeIgniter\CodeIgniter->run()
#9 {main}
CRITICAL - 2022-04-18 15:14:16 --> Invalid file: clientHeader.php
#0 /home/dinxstud/public_html/chandani/system/View/View.php(198): CodeIgniter\Exceptions\FrameworkException::forInvalidFile()
#1 /home/dinxstud/public_html/chandani/system/Common.php(1092): CodeIgniter\View\View->render()
#2 /home/dinxstud/public_html/chandani/app/Controllers/Home.php(65): view()
#3 /home/dinxstud/public_html/chandani/system/CodeIgniter.php(803): App\Controllers\Home->index()
#4 /home/dinxstud/public_html/chandani/system/CodeIgniter.php(400): CodeIgniter\CodeIgniter->runController()
#5 /home/dinxstud/public_html/chandani/system/CodeIgniter.php(318): CodeIgniter\CodeIgniter->handleRequest()
#6 /home/dinxstud/public_html/chandani/public/index.php(38): CodeIgniter\CodeIgniter->run()
#7 {main}
CRITICAL - 2022-04-18 15:15:46 --> Undefined array key "SCRIPT_URL"
#0 /home/dinxstud/public_html/chandani/app/Views/clientFooter.php(60): CodeIgniter\Debug\Exceptions->errorHandler()
#1 /home/dinxstud/public_html/chandani/system/View/View.php(214): include('/home/dinxstud/...')
#2 /home/dinxstud/public_html/chandani/system/View/View.php(217): CodeIgniter\View\View->CodeIgniter\View\{closure}()
#3 /home/dinxstud/public_html/chandani/system/Common.php(1092): CodeIgniter\View\View->render()
#4 /home/dinxstud/public_html/chandani/app/Controllers/Home.php(68): view()
#5 /home/dinxstud/public_html/chandani/system/CodeIgniter.php(803): App\Controllers\Home->index()
#6 /home/dinxstud/public_html/chandani/system/CodeIgniter.php(400): CodeIgniter\CodeIgniter->runController()
#7 /home/dinxstud/public_html/chandani/system/CodeIgniter.php(318): CodeIgniter\CodeIgniter->handleRequest()
#8 /home/dinxstud/public_html/chandani/public/index.php(38): CodeIgniter\CodeIgniter->run()
#9 {main}
CRITICAL - 2022-04-18 15:23:54 --> Undefined array key "SCRIPT_URL"
#0 /home/dinxstud/public_html/chandani/app/Views/clientFooter.php(60): CodeIgniter\Debug\Exceptions->errorHandler()
#1 /home/dinxstud/public_html/chandani/system/View/View.php(214): include('/home/dinxstud/...')
#2 /home/dinxstud/public_html/chandani/system/View/View.php(217): CodeIgniter\View\View->CodeIgniter\View\{closure}()
#3 /home/dinxstud/public_html/chandani/system/Common.php(1092): CodeIgniter\View\View->render()
#4 /home/dinxstud/public_html/chandani/app/Controllers/Home.php(68): view()
#5 /home/dinxstud/public_html/chandani/system/CodeIgniter.php(803): App\Controllers\Home->index()
#6 /home/dinxstud/public_html/chandani/system/CodeIgniter.php(400): CodeIgniter\CodeIgniter->runController()
#7 /home/dinxstud/public_html/chandani/system/CodeIgniter.php(318): CodeIgniter\CodeIgniter->handleRequest()
#8 /home/dinxstud/public_html/chandani/public/index.php(38): CodeIgniter\CodeIgniter->run()
#9 {main}
CRITICAL - 2022-04-18 15:23:54 --> Undefined array key "SCRIPT_URL"
#0 /home/dinxstud/public_html/chandani/app/Views/clientFooter.php(60): CodeIgniter\Debug\Exceptions->errorHandler()
#1 /home/dinxstud/public_html/chandani/system/View/View.php(214): include('/home/dinxstud/...')
#2 /home/dinxstud/public_html/chandani/system/View/View.php(217): CodeIgniter\View\View->CodeIgniter\View\{closure}()
#3 /home/dinxstud/public_html/chandani/system/Common.php(1092): CodeIgniter\View\View->render()
#4 /home/dinxstud/public_html/chandani/app/Controllers/Home.php(68): view()
#5 /home/dinxstud/public_html/chandani/system/CodeIgniter.php(803): App\Controllers\Home->index()
#6 /home/dinxstud/public_html/chandani/system/CodeIgniter.php(400): CodeIgniter\CodeIgniter->runController()
#7 /home/dinxstud/public_html/chandani/system/CodeIgniter.php(318): CodeIgniter\CodeIgniter->handleRequest()
#8 /home/dinxstud/public_html/chandani/public/index.php(38): CodeIgniter\CodeIgniter->run()
#9 {main}
CRITICAL - 2022-04-18 15:51:59 --> Undefined array key "SCRIPT_URL"
#0 /home/dinxstud/public_html/chandani/app/Views/clientFooter.php(60): CodeIgniter\Debug\Exceptions->errorHandler()
#1 /home/dinxstud/public_html/chandani/system/View/View.php(214): include('/home/dinxstud/...')
#2 /home/dinxstud/public_html/chandani/system/View/View.php(217): CodeIgniter\View\View->CodeIgniter\View\{closure}()
#3 /home/dinxstud/public_html/chandani/system/Common.php(1092): CodeIgniter\View\View->render()
#4 /home/dinxstud/public_html/chandani/app/Controllers/Home.php(68): view()
#5 /home/dinxstud/public_html/chandani/system/CodeIgniter.php(803): App\Controllers\Home->index()
#6 /home/dinxstud/public_html/chandani/system/CodeIgniter.php(400): CodeIgniter\CodeIgniter->runController()
#7 /home/dinxstud/public_html/chandani/system/CodeIgniter.php(318): CodeIgniter\CodeIgniter->handleRequest()
#8 /home/dinxstud/public_html/chandani/public/index.php(38): CodeIgniter\CodeIgniter->run()
#9 {main}
CRITICAL - 2022-04-18 15:52:39 --> file_get_contents(http://api.openweathermap.org/data/2.5/weather?q=Delhi,IN&amp;units=metric&amp;cnt=7&amp;lang=en&amp;appid=b6907d289e10d714a6e88b30761fae2288b30761fae22): Failed to open stream: HTTP request failed! HTTP/1.1 401 Unauthorized

#0 [internal function]: CodeIgniter\Debug\Exceptions->errorHandler()
#1 /home/dinxstud/public_html/chandani/app/Controllers/Home.php(67): file_get_contents()
#2 /home/dinxstud/public_html/chandani/system/CodeIgniter.php(803): App\Controllers\Home->index()
#3 /home/dinxstud/public_html/chandani/system/CodeIgniter.php(400): CodeIgniter\CodeIgniter->runController()
#4 /home/dinxstud/public_html/chandani/system/CodeIgniter.php(318): CodeIgniter\CodeIgniter->handleRequest()
#5 /home/dinxstud/public_html/chandani/public/index.php(38): CodeIgniter\CodeIgniter->run()
#6 {main}
CRITICAL - 2022-04-18 16:16:18 --> syntax error, unexpected variable "$this"
#0 /home/dinxstud/public_html/chandani/system/Router/Router.php(160): CodeIgniter\Router\Router->autoRoute()
#1 /home/dinxstud/public_html/chandani/system/CodeIgniter.php(703): CodeIgniter\Router\Router->handle()
#2 /home/dinxstud/public_html/chandani/system/CodeIgniter.php(359): CodeIgniter\CodeIgniter->tryToRouteIt()
#3 /home/dinxstud/public_html/chandani/system/CodeIgniter.php(318): CodeIgniter\CodeIgniter->handleRequest()
#4 /home/dinxstud/public_html/chandani/public/index.php(38): CodeIgniter\CodeIgniter->run()
#5 {main}
CRITICAL - 2022-04-18 16:34:36 --> str_replace() expects at least 3 arguments, 2 given
#0 /home/dinxstud/public_html/chandani/app/Controllers/Home.php(99): str_replace()
#1 /home/dinxstud/public_html/chandani/system/CodeIgniter.php(803): App\Controllers\Home->index()
#2 /home/dinxstud/public_html/chandani/system/CodeIgniter.php(400): CodeIgniter\CodeIgniter->runController()
#3 /home/dinxstud/public_html/chandani/system/CodeIgniter.php(318): CodeIgniter\CodeIgniter->handleRequest()
#4 /home/dinxstud/public_html/chandani/public/index.php(38): CodeIgniter\CodeIgniter->run()
#5 {main}
CRITICAL - 2022-04-18 16:45:00 --> Unclosed '{' on line 62 does not match ')'
#0 /home/dinxstud/public_html/chandani/system/Router/Router.php(160): CodeIgniter\Router\Router->autoRoute()
#1 /home/dinxstud/public_html/chandani/system/CodeIgniter.php(703): CodeIgniter\Router\Router->handle()
#2 /home/dinxstud/public_html/chandani/system/CodeIgniter.php(359): CodeIgniter\CodeIgniter->tryToRouteIt()
#3 /home/dinxstud/public_html/chandani/system/CodeIgniter.php(318): CodeIgniter\CodeIgniter->handleRequest()
#4 /home/dinxstud/public_html/chandani/public/index.php(38): CodeIgniter\CodeIgniter->run()
#5 {main}
CRITICAL - 2022-04-18 16:46:50 --> Undefined variable $tmp5
#0 /home/dinxstud/public_html/chandani/app/Controllers/Home.php(112): CodeIgniter\Debug\Exceptions->errorHandler()
#1 /home/dinxstud/public_html/chandani/system/CodeIgniter.php(803): App\Controllers\Home->index()
#2 /home/dinxstud/public_html/chandani/system/CodeIgniter.php(400): CodeIgniter\CodeIgniter->runController()
#3 /home/dinxstud/public_html/chandani/system/CodeIgniter.php(318): CodeIgniter\CodeIgniter->handleRequest()
#4 /home/dinxstud/public_html/chandani/public/index.php(38): CodeIgniter\CodeIgniter->run()
#5 {main}
CRITICAL - 2022-04-18 16:49:47 --> Undefined array key 2
#0 /home/dinxstud/public_html/chandani/app/Controllers/Home.php(103): CodeIgniter\Debug\Exceptions->errorHandler()
#1 /home/dinxstud/public_html/chandani/system/CodeIgniter.php(803): App\Controllers\Home->index()
#2 /home/dinxstud/public_html/chandani/system/CodeIgniter.php(400): CodeIgniter\CodeIgniter->runController()
#3 /home/dinxstud/public_html/chandani/system/CodeIgniter.php(318): CodeIgniter\CodeIgniter->handleRequest()
#4 /home/dinxstud/public_html/chandani/public/index.php(38): CodeIgniter\CodeIgniter->run()
#5 {main}
CRITICAL - 2022-04-18 17:03:45 --> Undefined array key "SCRIPT_URL"
#0 /home/dinxstud/public_html/chandani/app/Views/clientFooter.php(60): CodeIgniter\Debug\Exceptions->errorHandler()
#1 /home/dinxstud/public_html/chandani/system/View/View.php(214): include('/home/dinxstud/...')
#2 /home/dinxstud/public_html/chandani/system/View/View.php(217): CodeIgniter\View\View->CodeIgniter\View\{closure}()
#3 /home/dinxstud/public_html/chandani/system/Common.php(1092): CodeIgniter\View\View->render()
#4 /home/dinxstud/public_html/chandani/app/Controllers/Home.php(122): view()
#5 /home/dinxstud/public_html/chandani/system/CodeIgniter.php(803): App\Controllers\Home->index()
#6 /home/dinxstud/public_html/chandani/system/CodeIgniter.php(400): CodeIgniter\CodeIgniter->runController()
#7 /home/dinxstud/public_html/chandani/system/CodeIgniter.php(318): CodeIgniter\CodeIgniter->handleRequest()
#8 /home/dinxstud/public_html/chandani/public/index.php(38): CodeIgniter\CodeIgniter->run()
#9 {main}
CRITICAL - 2022-04-18 17:10:24 --> Undefined array key "SCRIPT_URL"
#0 /home/dinxstud/public_html/chandani/app/Views/clientFooter.php(60): CodeIgniter\Debug\Exceptions->errorHandler()
#1 /home/dinxstud/public_html/chandani/system/View/View.php(214): include('/home/dinxstud/...')
#2 /home/dinxstud/public_html/chandani/system/View/View.php(217): CodeIgniter\View\View->CodeIgniter\View\{closure}()
#3 /home/dinxstud/public_html/chandani/system/Common.php(1092): CodeIgniter\View\View->render()
#4 /home/dinxstud/public_html/chandani/app/Controllers/Home.php(122): view()
#5 /home/dinxstud/public_html/chandani/system/CodeIgniter.php(803): App\Controllers\Home->index()
#6 /home/dinxstud/public_html/chandani/system/CodeIgniter.php(400): CodeIgniter\CodeIgniter->runController()
#7 /home/dinxstud/public_html/chandani/system/CodeIgniter.php(318): CodeIgniter\CodeIgniter->handleRequest()
#8 /home/dinxstud/public_html/chandani/public/index.php(38): CodeIgniter\CodeIgniter->run()
#9 {main}
CRITICAL - 2022-04-18 17:10:33 --> Undefined array key "SCRIPT_URL"
#0 /home/dinxstud/public_html/chandani/app/Views/clientFooter.php(60): CodeIgniter\Debug\Exceptions->errorHandler()
#1 /home/dinxstud/public_html/chandani/system/View/View.php(214): include('/home/dinxstud/...')
#2 /home/dinxstud/public_html/chandani/system/View/View.php(217): CodeIgniter\View\View->CodeIgniter\View\{closure}()
#3 /home/dinxstud/public_html/chandani/system/Common.php(1092): CodeIgniter\View\View->render()
#4 /home/dinxstud/public_html/chandani/app/Controllers/Home.php(122): view()
#5 /home/dinxstud/public_html/chandani/system/CodeIgniter.php(803): App\Controllers\Home->index()
#6 /home/dinxstud/public_html/chandani/system/CodeIgniter.php(400): CodeIgniter\CodeIgniter->runController()
#7 /home/dinxstud/public_html/chandani/system/CodeIgniter.php(318): CodeIgniter\CodeIgniter->handleRequest()
#8 /home/dinxstud/public_html/chandani/public/index.php(38): CodeIgniter\CodeIgniter->run()
#9 {main}
CRITICAL - 2022-04-18 17:12:30 --> Undefined array key "SCRIPT_URL"
#0 /home/dinxstud/public_html/chandani/app/Views/clientFooter.php(60): CodeIgniter\Debug\Exceptions->errorHandler()
#1 /home/dinxstud/public_html/chandani/system/View/View.php(214): include('/home/dinxstud/...')
#2 /home/dinxstud/public_html/chandani/system/View/View.php(217): CodeIgniter\View\View->CodeIgniter\View\{closure}()
#3 /home/dinxstud/public_html/chandani/system/Common.php(1092): CodeIgniter\View\View->render()
#4 /home/dinxstud/public_html/chandani/app/Controllers/Home.php(122): view()
#5 /home/dinxstud/public_html/chandani/system/CodeIgniter.php(803): App\Controllers\Home->index()
#6 /home/dinxstud/public_html/chandani/system/CodeIgniter.php(400): CodeIgniter\CodeIgniter->runController()
#7 /home/dinxstud/public_html/chandani/system/CodeIgniter.php(318): CodeIgniter\CodeIgniter->handleRequest()
#8 /home/dinxstud/public_html/chandani/public/index.php(38): CodeIgniter\CodeIgniter->run()
#9 {main}
CRITICAL - 2022-04-18 17:12:34 --> Undefined array key "SCRIPT_URL"
#0 /home/dinxstud/public_html/chandani/app/Views/clientFooter.php(60): CodeIgniter\Debug\Exceptions->errorHandler()
#1 /home/dinxstud/public_html/chandani/system/View/View.php(214): include('/home/dinxstud/...')
#2 /home/dinxstud/public_html/chandani/system/View/View.php(217): CodeIgniter\View\View->CodeIgniter\View\{closure}()
#3 /home/dinxstud/public_html/chandani/system/Common.php(1092): CodeIgniter\View\View->render()
#4 /home/dinxstud/public_html/chandani/app/Controllers/Home.php(122): view()
#5 /home/dinxstud/public_html/chandani/system/CodeIgniter.php(803): App\Controllers\Home->index()
#6 /home/dinxstud/public_html/chandani/system/CodeIgniter.php(400): CodeIgniter\CodeIgniter->runController()
#7 /home/dinxstud/public_html/chandani/system/CodeIgniter.php(318): CodeIgniter\CodeIgniter->handleRequest()
#8 /home/dinxstud/public_html/chandani/public/index.php(38): CodeIgniter\CodeIgniter->run()
#9 {main}
CRITICAL - 2022-04-18 17:13:25 --> Undefined array key "SCRIPT_URL"
#0 /home/dinxstud/public_html/chandani/app/Views/clientFooter.php(60): CodeIgniter\Debug\Exceptions->errorHandler()
#1 /home/dinxstud/public_html/chandani/system/View/View.php(214): include('/home/dinxstud/...')
#2 /home/dinxstud/public_html/chandani/system/View/View.php(217): CodeIgniter\View\View->CodeIgniter\View\{closure}()
#3 /home/dinxstud/public_html/chandani/system/Common.php(1092): CodeIgniter\View\View->render()
#4 /home/dinxstud/public_html/chandani/app/Controllers/Home.php(122): view()
#5 /home/dinxstud/public_html/chandani/system/CodeIgniter.php(803): App\Controllers\Home->index()
#6 /home/dinxstud/public_html/chandani/system/CodeIgniter.php(400): CodeIgniter\CodeIgniter->runController()
#7 /home/dinxstud/public_html/chandani/system/CodeIgniter.php(318): CodeIgniter\CodeIgniter->handleRequest()
#8 /home/dinxstud/public_html/chandani/public/index.php(38): CodeIgniter\CodeIgniter->run()
#9 {main}
CRITICAL - 2022-04-18 17:13:42 --> Undefined array key "SCRIPT_URL"
#0 /home/dinxstud/public_html/chandani/app/Views/clientFooter.php(60): CodeIgniter\Debug\Exceptions->errorHandler()
#1 /home/dinxstud/public_html/chandani/system/View/View.php(214): include('/home/dinxstud/...')
#2 /home/dinxstud/public_html/chandani/system/View/View.php(217): CodeIgniter\View\View->CodeIgniter\View\{closure}()
#3 /home/dinxstud/public_html/chandani/system/Common.php(1092): CodeIgniter\View\View->render()
#4 /home/dinxstud/public_html/chandani/app/Controllers/Home.php(122): view()
#5 /home/dinxstud/public_html/chandani/system/CodeIgniter.php(803): App\Controllers\Home->index()
#6 /home/dinxstud/public_html/chandani/system/CodeIgniter.php(400): CodeIgniter\CodeIgniter->runController()
#7 /home/dinxstud/public_html/chandani/system/CodeIgniter.php(318): CodeIgniter\CodeIgniter->handleRequest()
#8 /home/dinxstud/public_html/chandani/public/index.php(38): CodeIgniter\CodeIgniter->run()
#9 {main}
CRITICAL - 2022-04-18 17:14:14 --> Undefined array key "SCRIPT_URL"
#0 /home/dinxstud/public_html/chandani/app/Views/clientFooter.php(60): CodeIgniter\Debug\Exceptions->errorHandler()
#1 /home/dinxstud/public_html/chandani/system/View/View.php(214): include('/home/dinxstud/...')
#2 /home/dinxstud/public_html/chandani/system/View/View.php(217): CodeIgniter\View\View->CodeIgniter\View\{closure}()
#3 /home/dinxstud/public_html/chandani/system/Common.php(1092): CodeIgniter\View\View->render()
#4 /home/dinxstud/public_html/chandani/app/Controllers/Home.php(122): view()
#5 /home/dinxstud/public_html/chandani/system/CodeIgniter.php(803): App\Controllers\Home->index()
#6 /home/dinxstud/public_html/chandani/system/CodeIgniter.php(400): CodeIgniter\CodeIgniter->runController()
#7 /home/dinxstud/public_html/chandani/system/CodeIgniter.php(318): CodeIgniter\CodeIgniter->handleRequest()
#8 /home/dinxstud/public_html/chandani/public/index.php(38): CodeIgniter\CodeIgniter->run()
#9 {main}
CRITICAL - 2022-04-18 17:14:56 --> Undefined array key "SCRIPT_URL"
#0 /home/dinxstud/public_html/chandani/app/Views/clientFooter.php(60): CodeIgniter\Debug\Exceptions->errorHandler()
#1 /home/dinxstud/public_html/chandani/system/View/View.php(214): include('/home/dinxstud/...')
#2 /home/dinxstud/public_html/chandani/system/View/View.php(217): CodeIgniter\View\View->CodeIgniter\View\{closure}()
#3 /home/dinxstud/public_html/chandani/system/Common.php(1092): CodeIgniter\View\View->render()
#4 /home/dinxstud/public_html/chandani/app/Controllers/Home.php(122): view()
#5 /home/dinxstud/public_html/chandani/system/CodeIgniter.php(803): App\Controllers\Home->index()
#6 /home/dinxstud/public_html/chandani/system/CodeIgniter.php(400): CodeIgniter\CodeIgniter->runController()
#7 /home/dinxstud/public_html/chandani/system/CodeIgniter.php(318): CodeIgniter\CodeIgniter->handleRequest()
#8 /home/dinxstud/public_html/chandani/public/index.php(38): CodeIgniter\CodeIgniter->run()
#9 {main}
CRITICAL - 2022-04-18 17:15:26 --> Undefined array key "SCRIPT_URL"
#0 /home/dinxstud/public_html/chandani/app/Views/clientFooter.php(60): CodeIgniter\Debug\Exceptions->errorHandler()
#1 /home/dinxstud/public_html/chandani/system/View/View.php(214): include('/home/dinxstud/...')
#2 /home/dinxstud/public_html/chandani/system/View/View.php(217): CodeIgniter\View\View->CodeIgniter\View\{closure}()
#3 /home/dinxstud/public_html/chandani/system/Common.php(1092): CodeIgniter\View\View->render()
#4 /home/dinxstud/public_html/chandani/app/Controllers/Home.php(122): view()
#5 /home/dinxstud/public_html/chandani/system/CodeIgniter.php(803): App\Controllers\Home->index()
#6 /home/dinxstud/public_html/chandani/system/CodeIgniter.php(400): CodeIgniter\CodeIgniter->runController()
#7 /home/dinxstud/public_html/chandani/system/CodeIgniter.php(318): CodeIgniter\CodeIgniter->handleRequest()
#8 /home/dinxstud/public_html/chandani/public/index.php(38): CodeIgniter\CodeIgniter->run()
#9 {main}
CRITICAL - 2022-04-18 17:16:27 --> Undefined array key "SCRIPT_URL"
#0 /home/dinxstud/public_html/chandani/app/Views/clientFooter.php(60): CodeIgniter\Debug\Exceptions->errorHandler()
#1 /home/dinxstud/public_html/chandani/system/View/View.php(214): include('/home/dinxstud/...')
#2 /home/dinxstud/public_html/chandani/system/View/View.php(217): CodeIgniter\View\View->CodeIgniter\View\{closure}()
#3 /home/dinxstud/public_html/chandani/system/Common.php(1092): CodeIgniter\View\View->render()
#4 /home/dinxstud/public_html/chandani/app/Controllers/Home.php(122): view()
#5 /home/dinxstud/public_html/chandani/system/CodeIgniter.php(803): App\Controllers\Home->index()
#6 /home/dinxstud/public_html/chandani/system/CodeIgniter.php(400): CodeIgniter\CodeIgniter->runController()
#7 /home/dinxstud/public_html/chandani/system/CodeIgniter.php(318): CodeIgniter\CodeIgniter->handleRequest()
#8 /home/dinxstud/public_html/chandani/public/index.php(38): CodeIgniter\CodeIgniter->run()
#9 {main}
CRITICAL - 2022-04-18 17:18:02 --> Undefined array key "SCRIPT_URL"
#0 /home/dinxstud/public_html/chandani/app/Views/clientFooter.php(60): CodeIgniter\Debug\Exceptions->errorHandler()
#1 /home/dinxstud/public_html/chandani/system/View/View.php(214): include('/home/dinxstud/...')
#2 /home/dinxstud/public_html/chandani/system/View/View.php(217): CodeIgniter\View\View->CodeIgniter\View\{closure}()
#3 /home/dinxstud/public_html/chandani/system/Common.php(1092): CodeIgniter\View\View->render()
#4 /home/dinxstud/public_html/chandani/app/Controllers/Home.php(122): view()
#5 /home/dinxstud/public_html/chandani/system/CodeIgniter.php(803): App\Controllers\Home->index()
#6 /home/dinxstud/public_html/chandani/system/CodeIgniter.php(400): CodeIgniter\CodeIgniter->runController()
#7 /home/dinxstud/public_html/chandani/system/CodeIgniter.php(318): CodeIgniter\CodeIgniter->handleRequest()
#8 /home/dinxstud/public_html/chandani/public/index.php(38): CodeIgniter\CodeIgniter->run()
#9 {main}
CRITICAL - 2022-04-18 17:19:51 --> Undefined array key "SCRIPT_URL"
#0 /home/dinxstud/public_html/chandani/app/Views/clientFooter.php(60): CodeIgniter\Debug\Exceptions->errorHandler()
#1 /home/dinxstud/public_html/chandani/system/View/View.php(214): include('/home/dinxstud/...')
#2 /home/dinxstud/public_html/chandani/system/View/View.php(217): CodeIgniter\View\View->CodeIgniter\View\{closure}()
#3 /home/dinxstud/public_html/chandani/system/Common.php(1092): CodeIgniter\View\View->render()
#4 /home/dinxstud/public_html/chandani/app/Controllers/Home.php(122): view()
#5 /home/dinxstud/public_html/chandani/system/CodeIgniter.php(803): App\Controllers\Home->index()
#6 /home/dinxstud/public_html/chandani/system/CodeIgniter.php(400): CodeIgniter\CodeIgniter->runController()
#7 /home/dinxstud/public_html/chandani/system/CodeIgniter.php(318): CodeIgniter\CodeIgniter->handleRequest()
#8 /home/dinxstud/public_html/chandani/public/index.php(38): CodeIgniter\CodeIgniter->run()
#9 {main}
CRITICAL - 2022-04-18 17:21:39 --> Undefined array key "SCRIPT_URL"
#0 /home/dinxstud/public_html/chandani/app/Views/clientFooter.php(60): CodeIgniter\Debug\Exceptions->errorHandler()
#1 /home/dinxstud/public_html/chandani/system/View/View.php(214): include('/home/dinxstud/...')
#2 /home/dinxstud/public_html/chandani/system/View/View.php(217): CodeIgniter\View\View->CodeIgniter\View\{closure}()
#3 /home/dinxstud/public_html/chandani/system/Common.php(1092): CodeIgniter\View\View->render()
#4 /home/dinxstud/public_html/chandani/app/Controllers/Home.php(122): view()
#5 /home/dinxstud/public_html/chandani/system/CodeIgniter.php(803): App\Controllers\Home->index()
#6 /home/dinxstud/public_html/chandani/system/CodeIgniter.php(400): CodeIgniter\CodeIgniter->runController()
#7 /home/dinxstud/public_html/chandani/system/CodeIgniter.php(318): CodeIgniter\CodeIgniter->handleRequest()
#8 /home/dinxstud/public_html/chandani/public/index.php(38): CodeIgniter\CodeIgniter->run()
#9 {main}
CRITICAL - 2022-04-18 17:21:53 --> Undefined array key "SCRIPT_URL"
#0 /home/dinxstud/public_html/chandani/app/Views/clientFooter.php(60): CodeIgniter\Debug\Exceptions->errorHandler()
#1 /home/dinxstud/public_html/chandani/system/View/View.php(214): include('/home/dinxstud/...')
#2 /home/dinxstud/public_html/chandani/system/View/View.php(217): CodeIgniter\View\View->CodeIgniter\View\{closure}()
#3 /home/dinxstud/public_html/chandani/system/Common.php(1092): CodeIgniter\View\View->render()
#4 /home/dinxstud/public_html/chandani/app/Controllers/Home.php(122): view()
#5 /home/dinxstud/public_html/chandani/system/CodeIgniter.php(803): App\Controllers\Home->index()
#6 /home/dinxstud/public_html/chandani/system/CodeIgniter.php(400): CodeIgniter\CodeIgniter->runController()
#7 /home/dinxstud/public_html/chandani/system/CodeIgniter.php(318): CodeIgniter\CodeIgniter->handleRequest()
#8 /home/dinxstud/public_html/chandani/public/index.php(38): CodeIgniter\CodeIgniter->run()
#9 {main}
CRITICAL - 2022-04-18 17:21:57 --> Undefined array key "SCRIPT_URL"
#0 /home/dinxstud/public_html/chandani/app/Views/clientFooter.php(60): CodeIgniter\Debug\Exceptions->errorHandler()
#1 /home/dinxstud/public_html/chandani/system/View/View.php(214): include('/home/dinxstud/...')
#2 /home/dinxstud/public_html/chandani/system/View/View.php(217): CodeIgniter\View\View->CodeIgniter\View\{closure}()
#3 /home/dinxstud/public_html/chandani/system/Common.php(1092): CodeIgniter\View\View->render()
#4 /home/dinxstud/public_html/chandani/app/Controllers/Home.php(122): view()
#5 /home/dinxstud/public_html/chandani/system/CodeIgniter.php(803): App\Controllers\Home->index()
#6 /home/dinxstud/public_html/chandani/system/CodeIgniter.php(400): CodeIgniter\CodeIgniter->runController()
#7 /home/dinxstud/public_html/chandani/system/CodeIgniter.php(318): CodeIgniter\CodeIgniter->handleRequest()
#8 /home/dinxstud/public_html/chandani/public/index.php(38): CodeIgniter\CodeIgniter->run()
#9 {main}
CRITICAL - 2022-04-18 17:22:01 --> Undefined array key "SCRIPT_URL"
#0 /home/dinxstud/public_html/chandani/app/Views/clientFooter.php(60): CodeIgniter\Debug\Exceptions->errorHandler()
#1 /home/dinxstud/public_html/chandani/system/View/View.php(214): include('/home/dinxstud/...')
#2 /home/dinxstud/public_html/chandani/system/View/View.php(217): CodeIgniter\View\View->CodeIgniter\View\{closure}()
#3 /home/dinxstud/public_html/chandani/system/Common.php(1092): CodeIgniter\View\View->render()
#4 /home/dinxstud/public_html/chandani/app/Controllers/Home.php(122): view()
#5 /home/dinxstud/public_html/chandani/system/CodeIgniter.php(803): App\Controllers\Home->index()
#6 /home/dinxstud/public_html/chandani/system/CodeIgniter.php(400): CodeIgniter\CodeIgniter->runController()
#7 /home/dinxstud/public_html/chandani/system/CodeIgniter.php(318): CodeIgniter\CodeIgniter->handleRequest()
#8 /home/dinxstud/public_html/chandani/public/index.php(38): CodeIgniter\CodeIgniter->run()
#9 {main}
CRITICAL - 2022-04-18 17:23:01 --> Undefined array key "SCRIPT_URL"
#0 /home/dinxstud/public_html/chandani/app/Views/clientFooter.php(60): CodeIgniter\Debug\Exceptions->errorHandler()
#1 /home/dinxstud/public_html/chandani/system/View/View.php(214): include('/home/dinxstud/...')
#2 /home/dinxstud/public_html/chandani/system/View/View.php(217): CodeIgniter\View\View->CodeIgniter\View\{closure}()
#3 /home/dinxstud/public_html/chandani/system/Common.php(1092): CodeIgniter\View\View->render()
#4 /home/dinxstud/public_html/chandani/app/Controllers/Home.php(122): view()
#5 /home/dinxstud/public_html/chandani/system/CodeIgniter.php(803): App\Controllers\Home->index()
#6 /home/dinxstud/public_html/chandani/system/CodeIgniter.php(400): CodeIgniter\CodeIgniter->runController()
#7 /home/dinxstud/public_html/chandani/system/CodeIgniter.php(318): CodeIgniter\CodeIgniter->handleRequest()
#8 /home/dinxstud/public_html/chandani/public/index.php(38): CodeIgniter\CodeIgniter->run()
#9 {main}
CRITICAL - 2022-04-18 17:23:22 --> Undefined array key "SCRIPT_URL"
#0 /home/dinxstud/public_html/chandani/app/Views/clientFooter.php(60): CodeIgniter\Debug\Exceptions->errorHandler()
#1 /home/dinxstud/public_html/chandani/system/View/View.php(214): include('/home/dinxstud/...')
#2 /home/dinxstud/public_html/chandani/system/View/View.php(217): CodeIgniter\View\View->CodeIgniter\View\{closure}()
#3 /home/dinxstud/public_html/chandani/system/Common.php(1092): CodeIgniter\View\View->render()
#4 /home/dinxstud/public_html/chandani/app/Controllers/Home.php(122): view()
#5 /home/dinxstud/public_html/chandani/system/CodeIgniter.php(803): App\Controllers\Home->index()
#6 /home/dinxstud/public_html/chandani/system/CodeIgniter.php(400): CodeIgniter\CodeIgniter->runController()
#7 /home/dinxstud/public_html/chandani/system/CodeIgniter.php(318): CodeIgniter\CodeIgniter->handleRequest()
#8 /home/dinxstud/public_html/chandani/public/index.php(38): CodeIgniter\CodeIgniter->run()
#9 {main}
CRITICAL - 2022-04-18 17:23:24 --> Undefined array key "SCRIPT_URL"
#0 /home/dinxstud/public_html/chandani/app/Views/clientFooter.php(60): CodeIgniter\Debug\Exceptions->errorHandler()
#1 /home/dinxstud/public_html/chandani/system/View/View.php(214): include('/home/dinxstud/...')
#2 /home/dinxstud/public_html/chandani/system/View/View.php(217): CodeIgniter\View\View->CodeIgniter\View\{closure}()
#3 /home/dinxstud/public_html/chandani/system/Common.php(1092): CodeIgniter\View\View->render()
#4 /home/dinxstud/public_html/chandani/app/Controllers/Home.php(122): view()
#5 /home/dinxstud/public_html/chandani/system/CodeIgniter.php(803): App\Controllers\Home->index()
#6 /home/dinxstud/public_html/chandani/system/CodeIgniter.php(400): CodeIgniter\CodeIgniter->runController()
#7 /home/dinxstud/public_html/chandani/system/CodeIgniter.php(318): CodeIgniter\CodeIgniter->handleRequest()
#8 /home/dinxstud/public_html/chandani/public/index.php(38): CodeIgniter\CodeIgniter->run()
#9 {main}
CRITICAL - 2022-04-18 17:23:57 --> Undefined array key "SCRIPT_URL"
#0 /home/dinxstud/public_html/chandani/app/Views/clientFooter.php(60): CodeIgniter\Debug\Exceptions->errorHandler()
#1 /home/dinxstud/public_html/chandani/system/View/View.php(214): include('/home/dinxstud/...')
#2 /home/dinxstud/public_html/chandani/system/View/View.php(217): CodeIgniter\View\View->CodeIgniter\View\{closure}()
#3 /home/dinxstud/public_html/chandani/system/Common.php(1092): CodeIgniter\View\View->render()
#4 /home/dinxstud/public_html/chandani/app/Controllers/Home.php(122): view()
#5 /home/dinxstud/public_html/chandani/system/CodeIgniter.php(803): App\Controllers\Home->index()
#6 /home/dinxstud/public_html/chandani/system/CodeIgniter.php(400): CodeIgniter\CodeIgniter->runController()
#7 /home/dinxstud/public_html/chandani/system/CodeIgniter.php(318): CodeIgniter\CodeIgniter->handleRequest()
#8 /home/dinxstud/public_html/chandani/public/index.php(38): CodeIgniter\CodeIgniter->run()
#9 {main}
CRITICAL - 2022-04-18 18:15:32 --> Call to undefined method App\Controllers\Home::getTemperature()
#0 /home/dinxstud/public_html/chandani/system/CodeIgniter.php(803): App\Controllers\Home->index()
#1 /home/dinxstud/public_html/chandani/system/CodeIgniter.php(400): CodeIgniter\CodeIgniter->runController()
#2 /home/dinxstud/public_html/chandani/system/CodeIgniter.php(318): CodeIgniter\CodeIgniter->handleRequest()
#3 /home/dinxstud/public_html/chandani/public/index.php(38): CodeIgniter\CodeIgniter->run()
#4 {main}
CRITICAL - 2022-04-18 18:15:57 --> Undefined property: App\Controllers\Home::$load
#0 /home/dinxstud/public_html/chandani/app/Controllers/Home.php(65): CodeIgniter\Debug\Exceptions->errorHandler()
#1 /home/dinxstud/public_html/chandani/system/CodeIgniter.php(803): App\Controllers\Home->index()
#2 /home/dinxstud/public_html/chandani/system/CodeIgniter.php(400): CodeIgniter\CodeIgniter->runController()
#3 /home/dinxstud/public_html/chandani/system/CodeIgniter.php(318): CodeIgniter\CodeIgniter->handleRequest()
#4 /home/dinxstud/public_html/chandani/public/index.php(38): CodeIgniter\CodeIgniter->run()
#5 {main}
CRITICAL - 2022-04-18 18:19:02 --> Undefined variable $weather
#0 /home/dinxstud/public_html/chandani/app/Views/clientDashboard.php(35): CodeIgniter\Debug\Exceptions->errorHandler()
#1 /home/dinxstud/public_html/chandani/system/View/View.php(214): include('/home/dinxstud/...')
#2 /home/dinxstud/public_html/chandani/system/View/View.php(217): CodeIgniter\View\View->CodeIgniter\View\{closure}()
#3 /home/dinxstud/public_html/chandani/system/Common.php(1092): CodeIgniter\View\View->render()
#4 /home/dinxstud/public_html/chandani/app/Controllers/Home.php(69): view()
#5 /home/dinxstud/public_html/chandani/system/CodeIgniter.php(803): App\Controllers\Home->index()
#6 /home/dinxstud/public_html/chandani/system/CodeIgniter.php(400): CodeIgniter\CodeIgniter->runController()
#7 /home/dinxstud/public_html/chandani/system/CodeIgniter.php(318): CodeIgniter\CodeIgniter->handleRequest()
#8 /home/dinxstud/public_html/chandani/public/index.php(38): CodeIgniter\CodeIgniter->run()
#9 {main}
CRITICAL - 2022-04-18 18:19:22 --> Undefined variable $data
#0 /home/dinxstud/public_html/chandani/app/Views/clientDashboard.php(35): CodeIgniter\Debug\Exceptions->errorHandler()
#1 /home/dinxstud/public_html/chandani/system/View/View.php(214): include('/home/dinxstud/...')
#2 /home/dinxstud/public_html/chandani/system/View/View.php(217): CodeIgniter\View\View->CodeIgniter\View\{closure}()
#3 /home/dinxstud/public_html/chandani/system/Common.php(1092): CodeIgniter\View\View->render()
#4 /home/dinxstud/public_html/chandani/app/Controllers/Home.php(69): view()
#5 /home/dinxstud/public_html/chandani/system/CodeIgniter.php(803): App\Controllers\Home->index()
#6 /home/dinxstud/public_html/chandani/system/CodeIgniter.php(400): CodeIgniter\CodeIgniter->runController()
#7 /home/dinxstud/public_html/chandani/system/CodeIgniter.php(318): CodeIgniter\CodeIgniter->handleRequest()
#8 /home/dinxstud/public_html/chandani/public/index.php(38): CodeIgniter\CodeIgniter->run()
#9 {main}
CRITICAL - 2022-04-18 18:19:52 --> Invalid file: weather.php
#0 /home/dinxstud/public_html/chandani/system/View/View.php(198): CodeIgniter\Exceptions\FrameworkException::forInvalidFile()
#1 /home/dinxstud/public_html/chandani/system/View/View.php(432): CodeIgniter\View\View->render()
#2 /home/dinxstud/public_html/chandani/app/Views/clientDashboard.php(35): CodeIgniter\View\View->include()
#3 /home/dinxstud/public_html/chandani/system/View/View.php(214): include('/home/dinxstud/...')
#4 /home/dinxstud/public_html/chandani/system/View/View.php(217): CodeIgniter\View\View->CodeIgniter\View\{closure}()
#5 /home/dinxstud/public_html/chandani/system/Common.php(1092): CodeIgniter\View\View->render()
#6 /home/dinxstud/public_html/chandani/app/Controllers/Home.php(69): view()
#7 /home/dinxstud/public_html/chandani/system/CodeIgniter.php(803): App\Controllers\Home->index()
#8 /home/dinxstud/public_html/chandani/system/CodeIgniter.php(400): CodeIgniter\CodeIgniter->runController()
#9 /home/dinxstud/public_html/chandani/system/CodeIgniter.php(318): CodeIgniter\CodeIgniter->handleRequest()
#10 /home/dinxstud/public_html/chandani/public/index.php(38): CodeIgniter\CodeIgniter->run()
#11 {main}
CRITICAL - 2022-04-18 18:22:52 --> Undefined variable $teamperature
#0 /home/dinxstud/public_html/chandani/app/Views/clientDashboard.php(35): CodeIgniter\Debug\Exceptions->errorHandler()
#1 /home/dinxstud/public_html/chandani/system/View/View.php(214): include('/home/dinxstud/...')
#2 /home/dinxstud/public_html/chandani/system/View/View.php(217): CodeIgniter\View\View->CodeIgniter\View\{closure}()
#3 /home/dinxstud/public_html/chandani/system/Common.php(1092): CodeIgniter\View\View->render()
#4 /home/dinxstud/public_html/chandani/app/Controllers/Home.php(68): view()
#5 /home/dinxstud/public_html/chandani/system/CodeIgniter.php(803): App\Controllers\Home->index()
#6 /home/dinxstud/public_html/chandani/system/CodeIgniter.php(400): CodeIgniter\CodeIgniter->runController()
#7 /home/dinxstud/public_html/chandani/system/CodeIgniter.php(318): CodeIgniter\CodeIgniter->handleRequest()
#8 /home/dinxstud/public_html/chandani/public/index.php(38): CodeIgniter\CodeIgniter->run()
#9 {main}
CRITICAL - 2022-04-18 18:24:24 --> Undefined variable $temperature
#0 /home/dinxstud/public_html/chandani/app/Views/adminHome.php(41): CodeIgniter\Debug\Exceptions->errorHandler()
#1 /home/dinxstud/public_html/chandani/system/View/View.php(214): include('/home/dinxstud/...')
#2 /home/dinxstud/public_html/chandani/system/View/View.php(217): CodeIgniter\View\View->CodeIgniter\View\{closure}()
#3 /home/dinxstud/public_html/chandani/system/Common.php(1092): CodeIgniter\View\View->render()
#4 /home/dinxstud/public_html/chandani/app/Controllers/Administration.php(84): view()
#5 /home/dinxstud/public_html/chandani/system/CodeIgniter.php(803): App\Controllers\Administration->home()
#6 /home/dinxstud/public_html/chandani/system/CodeIgniter.php(400): CodeIgniter\CodeIgniter->runController()
#7 /home/dinxstud/public_html/chandani/system/CodeIgniter.php(318): CodeIgniter\CodeIgniter->handleRequest()
#8 /home/dinxstud/public_html/chandani/public/index.php(38): CodeIgniter\CodeIgniter->run()
#9 {main}
