CRITICAL - 2021-11-13 18:02:34 --> There is no data to update.
#0 /home/dinxstud/public_html/chandani/system/BaseModel.php(846): CodeIgniter\Database\Exceptions\DataException::forEmptyDataset()
#1 /home/dinxstud/public_html/chandani/system/Model.php(646): CodeIgniter\BaseModel->update()
#2 /home/dinxstud/public_html/chandani/app/Controllers/Administration.php(111): CodeIgniter\Model->update()
#3 [internal function]: App\Controllers\Administration->App\Controllers\{closure}()
#4 /home/dinxstud/public_html/chandani/app/Libraries/GroceryCrud.php(1130): call_user_func()
#5 /home/dinxstud/public_html/chandani/app/Libraries/GroceryCrud.php(4570): App\Libraries\grocery_CRUD_Model_Driver->db_update()
#6 /home/dinxstud/public_html/chandani/app/Controllers/Administration.php(116): App\Libraries\GroceryCrud->render()
#7 /home/dinxstud/public_html/chandani/system/CodeIgniter.php(803): App\Controllers\Administration->companyProfile()
#8 /home/dinxstud/public_html/chandani/system/CodeIgniter.php(400): CodeIgniter\CodeIgniter->runController()
#9 /home/dinxstud/public_html/chandani/system/CodeIgniter.php(318): CodeIgniter\CodeIgniter->handleRequest()
#10 /home/dinxstud/public_html/chandani/public/index.php(38): CodeIgniter\CodeIgniter->run()
#11 {main}
ERROR - 2021-11-13 18:11:51 --> Unknown column 'tblcompany_id' in 'where clause'
CRITICAL - 2021-11-13 18:11:51 --> Unknown column 'tblcompany_id' in 'where clause'
#0 /home/dinxstud/public_html/chandani/system/Database/MySQLi/Connection.php(280): mysqli->query()
#1 /home/dinxstud/public_html/chandani/system/Database/BaseConnection.php(663): CodeIgniter\Database\MySQLi\Connection->execute()
#2 /home/dinxstud/public_html/chandani/system/Database/BaseConnection.php(591): CodeIgniter\Database\BaseConnection->simpleQuery()
#3 /home/dinxstud/public_html/chandani/system/Database/BaseBuilder.php(1512): CodeIgniter\Database\BaseConnection->query()
#4 /home/dinxstud/public_html/chandani/app/Models/GroceryCrudModel.php(303): CodeIgniter\Database\BaseBuilder->countAllResults()
#5 /home/dinxstud/public_html/chandani/app/Libraries/GroceryCrud.php(661): App\Models\GroceryCrudModel->get_relation_total_rows()
#6 /home/dinxstud/public_html/chandani/app/Libraries/GroceryCrud.php(2412): App\Libraries\grocery_CRUD_Model_Driver->get_relation_total_rows()
#7 /home/dinxstud/public_html/chandani/app/Libraries/GroceryCrud.php(231): App\Libraries\grocery_CRUD_Layout->get_relation_input()
#8 /home/dinxstud/public_html/chandani/app/Libraries/GroceryCrud.php(2591): App\Libraries\grocery_CRUD_Field_Types->get_field_input()
#9 /home/dinxstud/public_html/chandani/app/Libraries/GroceryCrud.php(1832): App\Libraries\grocery_CRUD_Layout->get_edit_input_fields()
#10 /home/dinxstud/public_html/chandani/app/Libraries/GroceryCrud.php(4532): App\Libraries\grocery_CRUD_Layout->showEditForm()
#11 /home/dinxstud/public_html/chandani/app/Controllers/ManageVenues.php(21): App\Libraries\GroceryCrud->render()
#12 /home/dinxstud/public_html/chandani/system/CodeIgniter.php(803): App\Controllers\ManageVenues->venues()
#13 /home/dinxstud/public_html/chandani/system/CodeIgniter.php(400): CodeIgniter\CodeIgniter->runController()
#14 /home/dinxstud/public_html/chandani/system/CodeIgniter.php(318): CodeIgniter\CodeIgniter->handleRequest()
#15 /home/dinxstud/public_html/chandani/public/index.php(38): CodeIgniter\CodeIgniter->run()
#16 {main}
