CRITICAL - 2022-02-02 17:17:16 --> include(assets/grocery_crud/languages/English.php): Failed to open stream: No such file or directory
#0 /home/dinxstud/public_html/chandani/app/Libraries/GroceryCrud.php(3979): CodeIgniter\Debug\Exceptions->errorHandler()
#1 /home/dinxstud/public_html/chandani/app/Libraries/GroceryCrud.php(3979): include()
#2 /home/dinxstud/public_html/chandani/app/Libraries/GroceryCrud.php(4443): App\Libraries\GroceryCrud->_load_language()
#3 /home/dinxstud/public_html/chandani/app/Libraries/GroceryCrud.php(4467): App\Libraries\GroceryCrud->pre_render()
#4 /home/dinxstud/public_html/chandani/app/Controllers/ManageBuffet.php(44): App\Libraries\GroceryCrud->render()
#5 /home/dinxstud/public_html/chandani/system/CodeIgniter.php(803): App\Controllers\ManageBuffet->buffetPricing()
#6 /home/dinxstud/public_html/chandani/system/CodeIgniter.php(400): CodeIgniter\CodeIgniter->runController()
#7 /home/dinxstud/public_html/chandani/system/CodeIgniter.php(318): CodeIgniter\CodeIgniter->handleRequest()
#8 /home/dinxstud/public_html/chandani/public/index.php(38): CodeIgniter\CodeIgniter->run()
#9 {main}
CRITICAL - 2022-02-02 17:34:35 --> The template does not exist. Please check your files and try again.
#0 /home/dinxstud/public_html/chandani/app/Libraries/GroceryCrud.php(4492): App\Libraries\grocery_CRUD_Layout->set_basic_Layout()
#1 /home/dinxstud/public_html/chandani/app/Controllers/ManageBuffet.php(44): App\Libraries\GroceryCrud->render()
#2 /home/dinxstud/public_html/chandani/system/CodeIgniter.php(803): App\Controllers\ManageBuffet->buffetPricing()
#3 /home/dinxstud/public_html/chandani/system/CodeIgniter.php(400): CodeIgniter\CodeIgniter->runController()
#4 /home/dinxstud/public_html/chandani/system/CodeIgniter.php(318): CodeIgniter\CodeIgniter->handleRequest()
#5 /home/dinxstud/public_html/chandani/public/index.php(38): CodeIgniter\CodeIgniter->run()
#6 {main}
CRITICAL - 2022-02-02 17:56:55 --> include(assets/grocery_crud/themes/bootstrap/config.php): Failed to open stream: No such file or directory
#0 /home/dinxstud/public_html/chandani/app/Libraries/GroceryCrud.php(2731): CodeIgniter\Debug\Exceptions->errorHandler()
#1 /home/dinxstud/public_html/chandani/app/Libraries/GroceryCrud.php(2731): include()
#2 /home/dinxstud/public_html/chandani/app/Libraries/GroceryCrud.php(4490): App\Libraries\grocery_CRUD_Layout->setThemeBasics()
#3 /home/dinxstud/public_html/chandani/app/Controllers/ManageBuffet.php(44): App\Libraries\GroceryCrud->render()
#4 /home/dinxstud/public_html/chandani/system/CodeIgniter.php(803): App\Controllers\ManageBuffet->buffetPricing()
#5 /home/dinxstud/public_html/chandani/system/CodeIgniter.php(400): CodeIgniter\CodeIgniter->runController()
#6 /home/dinxstud/public_html/chandani/system/CodeIgniter.php(318): CodeIgniter\CodeIgniter->handleRequest()
#7 /home/dinxstud/public_html/chandani/public/index.php(38): CodeIgniter\CodeIgniter->run()
#8 {main}
