CRITICAL - 2021-11-10 02:42:13 --> Undefined array key "logo"
#0 /home/dinxstud/public_html/chandani/app/Views/adminHeader.php(37): CodeIgniter\Debug\Exceptions->errorHandler()
#1 /home/dinxstud/public_html/chandani/system/View/View.php(214): include('/home/dinxstud/...')
#2 /home/dinxstud/public_html/chandani/system/View/View.php(217): CodeIgniter\View\View->CodeIgniter\View\{closure}()
#3 /home/dinxstud/public_html/chandani/system/Common.php(1092): CodeIgniter\View\View->render()
#4 /home/dinxstud/public_html/chandani/app/Controllers/Administration.php(99): view()
#5 /home/dinxstud/public_html/chandani/system/CodeIgniter.php(803): App\Controllers\Administration->companyProfile()
#6 /home/dinxstud/public_html/chandani/system/CodeIgniter.php(400): CodeIgniter\CodeIgniter->runController()
#7 /home/dinxstud/public_html/chandani/system/CodeIgniter.php(318): CodeIgniter\CodeIgniter->handleRequest()
#8 /home/dinxstud/public_html/chandani/public/index.php(38): CodeIgniter\CodeIgniter->run()
#9 {main}
CRITICAL - 2021-11-10 03:12:07 --> include(assets/grocery_crud/themes/adminlte-theme-grocerycrud/config.php): Failed to open stream: No such file or directory
#0 /home/dinxstud/public_html/chandani/app/Libraries/GroceryCrud.php(2731): CodeIgniter\Debug\Exceptions->errorHandler()
#1 /home/dinxstud/public_html/chandani/app/Libraries/GroceryCrud.php(2731): include()
#2 /home/dinxstud/public_html/chandani/app/Libraries/GroceryCrud.php(4490): App\Libraries\grocery_CRUD_Layout->setThemeBasics()
#3 /home/dinxstud/public_html/chandani/app/Controllers/Administration.php(98): App\Libraries\GroceryCrud->render()
#4 /home/dinxstud/public_html/chandani/system/CodeIgniter.php(803): App\Controllers\Administration->companyProfile()
#5 /home/dinxstud/public_html/chandani/system/CodeIgniter.php(400): CodeIgniter\CodeIgniter->runController()
#6 /home/dinxstud/public_html/chandani/system/CodeIgniter.php(318): CodeIgniter\CodeIgniter->handleRequest()
#7 /home/dinxstud/public_html/chandani/public/index.php(38): CodeIgniter\CodeIgniter->run()
#8 {main}
CRITICAL - 2021-11-10 03:16:58 --> Class "Grocery_CRUD" not found
#0 /home/dinxstud/public_html/chandani/public/assets/grocery_crud/themes/adminlte-theme-grocerycrud/views/list.php(4): include()
#1 /home/dinxstud/public_html/chandani/app/Libraries/GroceryCrud.php(2801): include('/home/dinxstud/...')
#2 /home/dinxstud/public_html/chandani/app/Libraries/GroceryCrud.php(1562): App\Libraries\grocery_CRUD_Layout->_theme_view()
#3 /home/dinxstud/public_html/chandani/app/Libraries/GroceryCrud.php(4496): App\Libraries\grocery_CRUD_Layout->showList()
#4 /home/dinxstud/public_html/chandani/app/Controllers/Administration.php(98): App\Libraries\GroceryCrud->render()
#5 /home/dinxstud/public_html/chandani/system/CodeIgniter.php(803): App\Controllers\Administration->companyProfile()
#6 /home/dinxstud/public_html/chandani/system/CodeIgniter.php(400): CodeIgniter\CodeIgniter->runController()
#7 /home/dinxstud/public_html/chandani/system/CodeIgniter.php(318): CodeIgniter\CodeIgniter->handleRequest()
#8 /home/dinxstud/public_html/chandani/public/index.php(38): CodeIgniter\CodeIgniter->run()
#9 {main}
CRITICAL - 2021-11-10 03:22:58 --> Class "grocery_CRUD" not found
#0 /home/dinxstud/public_html/chandani/app/Libraries/GroceryCrud.php(2801): include()
#1 /home/dinxstud/public_html/chandani/app/Libraries/GroceryCrud.php(1563): App\Libraries\grocery_CRUD_Layout->_theme_view()
#2 /home/dinxstud/public_html/chandani/app/Libraries/GroceryCrud.php(4496): App\Libraries\grocery_CRUD_Layout->showList()
#3 /home/dinxstud/public_html/chandani/app/Controllers/Administration.php(98): App\Libraries\GroceryCrud->render()
#4 /home/dinxstud/public_html/chandani/system/CodeIgniter.php(803): App\Controllers\Administration->companyProfile()
#5 /home/dinxstud/public_html/chandani/system/CodeIgniter.php(400): CodeIgniter\CodeIgniter->runController()
#6 /home/dinxstud/public_html/chandani/system/CodeIgniter.php(318): CodeIgniter\CodeIgniter->handleRequest()
#7 /home/dinxstud/public_html/chandani/public/index.php(38): CodeIgniter\CodeIgniter->run()
#8 {main}
CRITICAL - 2021-11-10 04:22:26 --> Class "grocery_CRUD" not found
#0 /home/dinxstud/public_html/chandani/app/Libraries/GroceryCrud.php(2801): include()
#1 /home/dinxstud/public_html/chandani/app/Libraries/GroceryCrud.php(1563): App\Libraries\grocery_CRUD_Layout->_theme_view()
#2 /home/dinxstud/public_html/chandani/app/Libraries/GroceryCrud.php(4496): App\Libraries\grocery_CRUD_Layout->showList()
#3 /home/dinxstud/public_html/chandani/app/Controllers/Administration.php(98): App\Libraries\GroceryCrud->render()
#4 /home/dinxstud/public_html/chandani/system/CodeIgniter.php(803): App\Controllers\Administration->companyProfile()
#5 /home/dinxstud/public_html/chandani/system/CodeIgniter.php(400): CodeIgniter\CodeIgniter->runController()
#6 /home/dinxstud/public_html/chandani/system/CodeIgniter.php(318): CodeIgniter\CodeIgniter->handleRequest()
#7 /home/dinxstud/public_html/chandani/public/index.php(38): CodeIgniter\CodeIgniter->run()
#8 {main}
CRITICAL - 2021-11-10 04:22:32 --> Class "grocery_CRUD" not found
#0 /home/dinxstud/public_html/chandani/app/Libraries/GroceryCrud.php(2801): include()
#1 /home/dinxstud/public_html/chandani/app/Libraries/GroceryCrud.php(1563): App\Libraries\grocery_CRUD_Layout->_theme_view()
#2 /home/dinxstud/public_html/chandani/app/Libraries/GroceryCrud.php(4496): App\Libraries\grocery_CRUD_Layout->showList()
#3 /home/dinxstud/public_html/chandani/app/Controllers/Administration.php(98): App\Libraries\GroceryCrud->render()
#4 /home/dinxstud/public_html/chandani/system/CodeIgniter.php(803): App\Controllers\Administration->companyProfile()
#5 /home/dinxstud/public_html/chandani/system/CodeIgniter.php(400): CodeIgniter\CodeIgniter->runController()
#6 /home/dinxstud/public_html/chandani/system/CodeIgniter.php(318): CodeIgniter\CodeIgniter->handleRequest()
#7 /home/dinxstud/public_html/chandani/public/index.php(38): CodeIgniter\CodeIgniter->run()
#8 {main}
CRITICAL - 2021-11-10 04:33:29 --> Class "grocery_CRUD" not found
#0 /home/dinxstud/public_html/chandani/app/Libraries/GroceryCrud.php(2801): include()
#1 /home/dinxstud/public_html/chandani/app/Libraries/GroceryCrud.php(1563): App\Libraries\grocery_CRUD_Layout->_theme_view()
#2 /home/dinxstud/public_html/chandani/app/Libraries/GroceryCrud.php(4496): App\Libraries\grocery_CRUD_Layout->showList()
#3 /home/dinxstud/public_html/chandani/app/Controllers/Administration.php(98): App\Libraries\GroceryCrud->render()
#4 /home/dinxstud/public_html/chandani/system/CodeIgniter.php(803): App\Controllers\Administration->companyProfile()
#5 /home/dinxstud/public_html/chandani/system/CodeIgniter.php(400): CodeIgniter\CodeIgniter->runController()
#6 /home/dinxstud/public_html/chandani/system/CodeIgniter.php(318): CodeIgniter\CodeIgniter->handleRequest()
#7 /home/dinxstud/public_html/chandani/public/index.php(38): CodeIgniter\CodeIgniter->run()
#8 {main}
CRITICAL - 2021-11-10 06:22:39 --> Call to undefined function get_instance()
#0 /home/dinxstud/public_html/chandani/app/Libraries/GroceryCrud.php(2801): include()
#1 /home/dinxstud/public_html/chandani/app/Libraries/GroceryCrud.php(1562): App\Libraries\grocery_CRUD_Layout->_theme_view()
#2 /home/dinxstud/public_html/chandani/app/Libraries/GroceryCrud.php(4496): App\Libraries\grocery_CRUD_Layout->showList()
#3 /home/dinxstud/public_html/chandani/app/Controllers/Administration.php(98): App\Libraries\GroceryCrud->render()
#4 /home/dinxstud/public_html/chandani/system/CodeIgniter.php(803): App\Controllers\Administration->companyProfile()
#5 /home/dinxstud/public_html/chandani/system/CodeIgniter.php(400): CodeIgniter\CodeIgniter->runController()
#6 /home/dinxstud/public_html/chandani/system/CodeIgniter.php(318): CodeIgniter\CodeIgniter->handleRequest()
#7 /home/dinxstud/public_html/chandani/public/index.php(38): CodeIgniter\CodeIgniter->run()
#8 {main}
CRITICAL - 2021-11-10 06:25:03 --> Call to undefined function get_instance()
#0 /home/dinxstud/public_html/chandani/app/Libraries/GroceryCrud.php(2801): include()
#1 /home/dinxstud/public_html/chandani/app/Libraries/GroceryCrud.php(1562): App\Libraries\grocery_CRUD_Layout->_theme_view()
#2 /home/dinxstud/public_html/chandani/app/Libraries/GroceryCrud.php(4496): App\Libraries\grocery_CRUD_Layout->showList()
#3 /home/dinxstud/public_html/chandani/app/Controllers/Administration.php(98): App\Libraries\GroceryCrud->render()
#4 /home/dinxstud/public_html/chandani/system/CodeIgniter.php(803): App\Controllers\Administration->companyProfile()
#5 /home/dinxstud/public_html/chandani/system/CodeIgniter.php(400): CodeIgniter\CodeIgniter->runController()
#6 /home/dinxstud/public_html/chandani/system/CodeIgniter.php(318): CodeIgniter\CodeIgniter->handleRequest()
#7 /home/dinxstud/public_html/chandani/public/index.php(38): CodeIgniter\CodeIgniter->run()
#8 {main}
CRITICAL - 2021-11-10 06:25:06 --> Call to undefined function get_instance()
#0 /home/dinxstud/public_html/chandani/app/Libraries/GroceryCrud.php(2801): include()
#1 /home/dinxstud/public_html/chandani/app/Libraries/GroceryCrud.php(1562): App\Libraries\grocery_CRUD_Layout->_theme_view()
#2 /home/dinxstud/public_html/chandani/app/Libraries/GroceryCrud.php(4496): App\Libraries\grocery_CRUD_Layout->showList()
#3 /home/dinxstud/public_html/chandani/app/Controllers/Administration.php(98): App\Libraries\GroceryCrud->render()
#4 /home/dinxstud/public_html/chandani/system/CodeIgniter.php(803): App\Controllers\Administration->companyProfile()
#5 /home/dinxstud/public_html/chandani/system/CodeIgniter.php(400): CodeIgniter\CodeIgniter->runController()
#6 /home/dinxstud/public_html/chandani/system/CodeIgniter.php(318): CodeIgniter\CodeIgniter->handleRequest()
#7 /home/dinxstud/public_html/chandani/public/index.php(38): CodeIgniter\CodeIgniter->run()
#8 {main}
CRITICAL - 2021-11-10 06:25:09 --> Call to undefined function get_instance()
#0 /home/dinxstud/public_html/chandani/app/Libraries/GroceryCrud.php(2801): include()
#1 /home/dinxstud/public_html/chandani/app/Libraries/GroceryCrud.php(1562): App\Libraries\grocery_CRUD_Layout->_theme_view()
#2 /home/dinxstud/public_html/chandani/app/Libraries/GroceryCrud.php(4496): App\Libraries\grocery_CRUD_Layout->showList()
#3 /home/dinxstud/public_html/chandani/app/Controllers/Administration.php(98): App\Libraries\GroceryCrud->render()
#4 /home/dinxstud/public_html/chandani/system/CodeIgniter.php(803): App\Controllers\Administration->companyProfile()
#5 /home/dinxstud/public_html/chandani/system/CodeIgniter.php(400): CodeIgniter\CodeIgniter->runController()
#6 /home/dinxstud/public_html/chandani/system/CodeIgniter.php(318): CodeIgniter\CodeIgniter->handleRequest()
#7 /home/dinxstud/public_html/chandani/public/index.php(38): CodeIgniter\CodeIgniter->run()
#8 {main}
CRITICAL - 2021-11-10 06:25:10 --> Call to undefined function get_instance()
#0 /home/dinxstud/public_html/chandani/app/Libraries/GroceryCrud.php(2801): include()
#1 /home/dinxstud/public_html/chandani/app/Libraries/GroceryCrud.php(1562): App\Libraries\grocery_CRUD_Layout->_theme_view()
#2 /home/dinxstud/public_html/chandani/app/Libraries/GroceryCrud.php(4496): App\Libraries\grocery_CRUD_Layout->showList()
#3 /home/dinxstud/public_html/chandani/app/Controllers/Administration.php(98): App\Libraries\GroceryCrud->render()
#4 /home/dinxstud/public_html/chandani/system/CodeIgniter.php(803): App\Controllers\Administration->companyProfile()
#5 /home/dinxstud/public_html/chandani/system/CodeIgniter.php(400): CodeIgniter\CodeIgniter->runController()
#6 /home/dinxstud/public_html/chandani/system/CodeIgniter.php(318): CodeIgniter\CodeIgniter->handleRequest()
#7 /home/dinxstud/public_html/chandani/public/index.php(38): CodeIgniter\CodeIgniter->run()
#8 {main}
CRITICAL - 2021-11-10 16:45:34 --> Call to undefined function get_instance()
#0 /home/dinxstud/public_html/chandani/app/Libraries/GroceryCrud.php(2801): include()
#1 /home/dinxstud/public_html/chandani/app/Libraries/GroceryCrud.php(1562): App\Libraries\grocery_CRUD_Layout->_theme_view()
#2 /home/dinxstud/public_html/chandani/app/Libraries/GroceryCrud.php(4496): App\Libraries\grocery_CRUD_Layout->showList()
#3 /home/dinxstud/public_html/chandani/app/Controllers/Administration.php(98): App\Libraries\GroceryCrud->render()
#4 /home/dinxstud/public_html/chandani/system/CodeIgniter.php(803): App\Controllers\Administration->companyProfile()
#5 /home/dinxstud/public_html/chandani/system/CodeIgniter.php(400): CodeIgniter\CodeIgniter->runController()
#6 /home/dinxstud/public_html/chandani/system/CodeIgniter.php(318): CodeIgniter\CodeIgniter->handleRequest()
#7 /home/dinxstud/public_html/chandani/public/index.php(38): CodeIgniter\CodeIgniter->run()
#8 {main}
CRITICAL - 2021-11-10 17:03:27 --> On the state "update" you must have post data
#0 /home/dinxstud/public_html/chandani/app/Libraries/GroceryCrud.php(4471): App\Libraries\grocery_CRUD_States->getStateInfo()
#1 /home/dinxstud/public_html/chandani/app/Controllers/Administration.php(101): App\Libraries\GroceryCrud->render()
#2 /home/dinxstud/public_html/chandani/system/CodeIgniter.php(803): App\Controllers\Administration->companyProfile()
#3 /home/dinxstud/public_html/chandani/system/CodeIgniter.php(400): CodeIgniter\CodeIgniter->runController()
#4 /home/dinxstud/public_html/chandani/system/CodeIgniter.php(318): CodeIgniter\CodeIgniter->handleRequest()
#5 /home/dinxstud/public_html/chandani/public/index.php(38): CodeIgniter\CodeIgniter->run()
#6 {main}
CRITICAL - 2021-11-10 17:12:43 --> On the state "update" you must have post data
#0 /home/dinxstud/public_html/chandani/app/Libraries/GroceryCrud.php(4471): App\Libraries\grocery_CRUD_States->getStateInfo()
#1 /home/dinxstud/public_html/chandani/app/Controllers/Administration.php(101): App\Libraries\GroceryCrud->render()
#2 /home/dinxstud/public_html/chandani/system/CodeIgniter.php(803): App\Controllers\Administration->companyProfile()
#3 /home/dinxstud/public_html/chandani/system/CodeIgniter.php(400): CodeIgniter\CodeIgniter->runController()
#4 /home/dinxstud/public_html/chandani/system/CodeIgniter.php(318): CodeIgniter\CodeIgniter->handleRequest()
#5 /home/dinxstud/public_html/chandani/public/index.php(38): CodeIgniter\CodeIgniter->run()
#6 {main}
CRITICAL - 2021-11-10 17:13:49 --> On the state "edit" the Primary key cannot be null
#0 /home/dinxstud/public_html/chandani/app/Libraries/GroceryCrud.php(4471): App\Libraries\grocery_CRUD_States->getStateInfo()
#1 /home/dinxstud/public_html/chandani/app/Controllers/Administration.php(101): App\Libraries\GroceryCrud->render()
#2 /home/dinxstud/public_html/chandani/system/CodeIgniter.php(803): App\Controllers\Administration->companyProfile()
#3 /home/dinxstud/public_html/chandani/system/CodeIgniter.php(400): CodeIgniter\CodeIgniter->runController()
#4 /home/dinxstud/public_html/chandani/system/CodeIgniter.php(318): CodeIgniter\CodeIgniter->handleRequest()
#5 /home/dinxstud/public_html/chandani/public/index.php(38): CodeIgniter\CodeIgniter->run()
#6 {main}
CRITICAL - 2021-11-10 17:27:03 --> Call to undefined method App\Libraries\GroceryCrud::setFieldUpload()
#0 /home/dinxstud/public_html/chandani/system/CodeIgniter.php(803): App\Controllers\Administration->companyProfile()
#1 /home/dinxstud/public_html/chandani/system/CodeIgniter.php(400): CodeIgniter\CodeIgniter->runController()
#2 /home/dinxstud/public_html/chandani/system/CodeIgniter.php(318): CodeIgniter\CodeIgniter->handleRequest()
#3 /home/dinxstud/public_html/chandani/public/index.php(38): CodeIgniter\CodeIgniter->run()
#4 {main}
CRITICAL - 2021-11-10 17:49:55 --> Too few arguments to function App\Controllers\Administration::log_user_after_update(), 1 passed and exactly 2 expected
#0 [internal function]: App\Controllers\Administration->log_user_after_update()
#1 /home/dinxstud/public_html/chandani/app/Libraries/GroceryCrud.php(1130): call_user_func()
#2 /home/dinxstud/public_html/chandani/app/Libraries/GroceryCrud.php(4570): App\Libraries\grocery_CRUD_Model_Driver->db_update()
#3 /home/dinxstud/public_html/chandani/app/Controllers/Administration.php(104): App\Libraries\GroceryCrud->render()
#4 /home/dinxstud/public_html/chandani/system/CodeIgniter.php(803): App\Controllers\Administration->companyProfile()
#5 /home/dinxstud/public_html/chandani/system/CodeIgniter.php(400): CodeIgniter\CodeIgniter->runController()
#6 /home/dinxstud/public_html/chandani/system/CodeIgniter.php(318): CodeIgniter\CodeIgniter->handleRequest()
#7 /home/dinxstud/public_html/chandani/public/index.php(38): CodeIgniter\CodeIgniter->run()
#8 {main}
CRITICAL - 2021-11-10 17:50:39 --> Too few arguments to function App\Controllers\Administration::log_user_after_update(), 1 passed and exactly 2 expected
#0 [internal function]: App\Controllers\Administration->log_user_after_update()
#1 /home/dinxstud/public_html/chandani/app/Libraries/GroceryCrud.php(1130): call_user_func()
#2 /home/dinxstud/public_html/chandani/app/Libraries/GroceryCrud.php(4570): App\Libraries\grocery_CRUD_Model_Driver->db_update()
#3 /home/dinxstud/public_html/chandani/app/Controllers/Administration.php(104): App\Libraries\GroceryCrud->render()
#4 /home/dinxstud/public_html/chandani/system/CodeIgniter.php(803): App\Controllers\Administration->companyProfile()
#5 /home/dinxstud/public_html/chandani/system/CodeIgniter.php(400): CodeIgniter\CodeIgniter->runController()
#6 /home/dinxstud/public_html/chandani/system/CodeIgniter.php(318): CodeIgniter\CodeIgniter->handleRequest()
#7 /home/dinxstud/public_html/chandani/public/index.php(38): CodeIgniter\CodeIgniter->run()
#8 {main}
CRITICAL - 2021-11-10 17:53:04 --> Too few arguments to function App\Controllers\Administration::log_user_after_update(), 1 passed and exactly 2 expected
#0 [internal function]: App\Controllers\Administration->log_user_after_update()
#1 /home/dinxstud/public_html/chandani/app/Libraries/GroceryCrud.php(1130): call_user_func()
#2 /home/dinxstud/public_html/chandani/app/Libraries/GroceryCrud.php(4570): App\Libraries\grocery_CRUD_Model_Driver->db_update()
#3 /home/dinxstud/public_html/chandani/app/Controllers/Administration.php(104): App\Libraries\GroceryCrud->render()
#4 /home/dinxstud/public_html/chandani/system/CodeIgniter.php(803): App\Controllers\Administration->companyProfile()
#5 /home/dinxstud/public_html/chandani/system/CodeIgniter.php(400): CodeIgniter\CodeIgniter->runController()
#6 /home/dinxstud/public_html/chandani/system/CodeIgniter.php(318): CodeIgniter\CodeIgniter->handleRequest()
#7 /home/dinxstud/public_html/chandani/public/index.php(38): CodeIgniter\CodeIgniter->run()
#8 {main}
CRITICAL - 2021-11-10 17:53:06 --> Too few arguments to function App\Controllers\Administration::log_user_after_update(), 1 passed and exactly 2 expected
#0 [internal function]: App\Controllers\Administration->log_user_after_update()
#1 /home/dinxstud/public_html/chandani/app/Libraries/GroceryCrud.php(1130): call_user_func()
#2 /home/dinxstud/public_html/chandani/app/Libraries/GroceryCrud.php(4570): App\Libraries\grocery_CRUD_Model_Driver->db_update()
#3 /home/dinxstud/public_html/chandani/app/Controllers/Administration.php(104): App\Libraries\GroceryCrud->render()
#4 /home/dinxstud/public_html/chandani/system/CodeIgniter.php(803): App\Controllers\Administration->companyProfile()
#5 /home/dinxstud/public_html/chandani/system/CodeIgniter.php(400): CodeIgniter\CodeIgniter->runController()
#6 /home/dinxstud/public_html/chandani/system/CodeIgniter.php(318): CodeIgniter\CodeIgniter->handleRequest()
#7 /home/dinxstud/public_html/chandani/public/index.php(38): CodeIgniter\CodeIgniter->run()
#8 {main}
CRITICAL - 2021-11-10 17:53:09 --> Too few arguments to function App\Controllers\Administration::log_user_after_update(), 1 passed and exactly 2 expected
#0 [internal function]: App\Controllers\Administration->log_user_after_update()
#1 /home/dinxstud/public_html/chandani/app/Libraries/GroceryCrud.php(1130): call_user_func()
#2 /home/dinxstud/public_html/chandani/app/Libraries/GroceryCrud.php(4570): App\Libraries\grocery_CRUD_Model_Driver->db_update()
#3 /home/dinxstud/public_html/chandani/app/Controllers/Administration.php(104): App\Libraries\GroceryCrud->render()
#4 /home/dinxstud/public_html/chandani/system/CodeIgniter.php(803): App\Controllers\Administration->companyProfile()
#5 /home/dinxstud/public_html/chandani/system/CodeIgniter.php(400): CodeIgniter\CodeIgniter->runController()
#6 /home/dinxstud/public_html/chandani/system/CodeIgniter.php(318): CodeIgniter\CodeIgniter->handleRequest()
#7 /home/dinxstud/public_html/chandani/public/index.php(38): CodeIgniter\CodeIgniter->run()
#8 {main}
CRITICAL - 2021-11-10 17:53:55 --> Too few arguments to function App\Controllers\Administration::log_user_after_update(), 1 passed and exactly 2 expected
#0 [internal function]: App\Controllers\Administration->log_user_after_update()
#1 /home/dinxstud/public_html/chandani/app/Libraries/GroceryCrud.php(1130): call_user_func()
#2 /home/dinxstud/public_html/chandani/app/Libraries/GroceryCrud.php(4570): App\Libraries\grocery_CRUD_Model_Driver->db_update()
#3 /home/dinxstud/public_html/chandani/app/Controllers/Administration.php(104): App\Libraries\GroceryCrud->render()
#4 /home/dinxstud/public_html/chandani/system/CodeIgniter.php(803): App\Controllers\Administration->companyProfile()
#5 /home/dinxstud/public_html/chandani/system/CodeIgniter.php(400): CodeIgniter\CodeIgniter->runController()
#6 /home/dinxstud/public_html/chandani/system/CodeIgniter.php(318): CodeIgniter\CodeIgniter->handleRequest()
#7 /home/dinxstud/public_html/chandani/public/index.php(38): CodeIgniter\CodeIgniter->run()
#8 {main}
CRITICAL - 2021-11-10 17:54:01 --> Too few arguments to function App\Controllers\Administration::log_user_after_update(), 1 passed and exactly 2 expected
#0 [internal function]: App\Controllers\Administration->log_user_after_update()
#1 /home/dinxstud/public_html/chandani/app/Libraries/GroceryCrud.php(1130): call_user_func()
#2 /home/dinxstud/public_html/chandani/app/Libraries/GroceryCrud.php(4570): App\Libraries\grocery_CRUD_Model_Driver->db_update()
#3 /home/dinxstud/public_html/chandani/app/Controllers/Administration.php(104): App\Libraries\GroceryCrud->render()
#4 /home/dinxstud/public_html/chandani/system/CodeIgniter.php(803): App\Controllers\Administration->companyProfile()
#5 /home/dinxstud/public_html/chandani/system/CodeIgniter.php(400): CodeIgniter\CodeIgniter->runController()
#6 /home/dinxstud/public_html/chandani/system/CodeIgniter.php(318): CodeIgniter\CodeIgniter->handleRequest()
#7 /home/dinxstud/public_html/chandani/public/index.php(38): CodeIgniter\CodeIgniter->run()
#8 {main}
CRITICAL - 2021-11-10 17:54:12 --> Too few arguments to function App\Controllers\Administration::log_user_after_update(), 1 passed and exactly 2 expected
#0 [internal function]: App\Controllers\Administration->log_user_after_update()
#1 /home/dinxstud/public_html/chandani/app/Libraries/GroceryCrud.php(1130): call_user_func()
#2 /home/dinxstud/public_html/chandani/app/Libraries/GroceryCrud.php(4570): App\Libraries\grocery_CRUD_Model_Driver->db_update()
#3 /home/dinxstud/public_html/chandani/app/Controllers/Administration.php(104): App\Libraries\GroceryCrud->render()
#4 /home/dinxstud/public_html/chandani/system/CodeIgniter.php(803): App\Controllers\Administration->companyProfile()
#5 /home/dinxstud/public_html/chandani/system/CodeIgniter.php(400): CodeIgniter\CodeIgniter->runController()
#6 /home/dinxstud/public_html/chandani/system/CodeIgniter.php(318): CodeIgniter\CodeIgniter->handleRequest()
#7 /home/dinxstud/public_html/chandani/public/index.php(38): CodeIgniter\CodeIgniter->run()
#8 {main}
CRITICAL - 2021-11-10 17:54:35 --> Too few arguments to function App\Controllers\Administration::log_user_after_update(), 1 passed and exactly 2 expected
#0 [internal function]: App\Controllers\Administration->log_user_after_update()
#1 /home/dinxstud/public_html/chandani/app/Libraries/GroceryCrud.php(1130): call_user_func()
#2 /home/dinxstud/public_html/chandani/app/Libraries/GroceryCrud.php(4570): App\Libraries\grocery_CRUD_Model_Driver->db_update()
#3 /home/dinxstud/public_html/chandani/app/Controllers/Administration.php(104): App\Libraries\GroceryCrud->render()
#4 /home/dinxstud/public_html/chandani/system/CodeIgniter.php(803): App\Controllers\Administration->companyProfile()
#5 /home/dinxstud/public_html/chandani/system/CodeIgniter.php(400): CodeIgniter\CodeIgniter->runController()
#6 /home/dinxstud/public_html/chandani/system/CodeIgniter.php(318): CodeIgniter\CodeIgniter->handleRequest()
#7 /home/dinxstud/public_html/chandani/public/index.php(38): CodeIgniter\CodeIgniter->run()
#8 {main}
CRITICAL - 2021-11-10 18:14:03 --> There is no data to update.
#0 /home/dinxstud/public_html/chandani/system/BaseModel.php(846): CodeIgniter\Database\Exceptions\DataException::forEmptyDataset()
#1 /home/dinxstud/public_html/chandani/system/Model.php(646): CodeIgniter\BaseModel->update()
#2 /home/dinxstud/public_html/chandani/app/Controllers/Administration.php(107): CodeIgniter\Model->update()
#3 [internal function]: App\Controllers\Administration->App\Controllers\{closure}()
#4 /home/dinxstud/public_html/chandani/app/Libraries/GroceryCrud.php(1130): call_user_func()
#5 /home/dinxstud/public_html/chandani/app/Libraries/GroceryCrud.php(4570): App\Libraries\grocery_CRUD_Model_Driver->db_update()
#6 /home/dinxstud/public_html/chandani/app/Controllers/Administration.php(112): App\Libraries\GroceryCrud->render()
#7 /home/dinxstud/public_html/chandani/system/CodeIgniter.php(803): App\Controllers\Administration->companyProfile()
#8 /home/dinxstud/public_html/chandani/system/CodeIgniter.php(400): CodeIgniter\CodeIgniter->runController()
#9 /home/dinxstud/public_html/chandani/system/CodeIgniter.php(318): CodeIgniter\CodeIgniter->handleRequest()
#10 /home/dinxstud/public_html/chandani/public/index.php(38): CodeIgniter\CodeIgniter->run()
#11 {main}
CRITICAL - 2021-11-10 18:15:17 --> There is no data to update.
#0 /home/dinxstud/public_html/chandani/system/BaseModel.php(846): CodeIgniter\Database\Exceptions\DataException::forEmptyDataset()
#1 /home/dinxstud/public_html/chandani/system/Model.php(646): CodeIgniter\BaseModel->update()
#2 /home/dinxstud/public_html/chandani/app/Controllers/Administration.php(107): CodeIgniter\Model->update()
#3 [internal function]: App\Controllers\Administration->App\Controllers\{closure}()
#4 /home/dinxstud/public_html/chandani/app/Libraries/GroceryCrud.php(1130): call_user_func()
#5 /home/dinxstud/public_html/chandani/app/Libraries/GroceryCrud.php(4570): App\Libraries\grocery_CRUD_Model_Driver->db_update()
#6 /home/dinxstud/public_html/chandani/app/Controllers/Administration.php(112): App\Libraries\GroceryCrud->render()
#7 /home/dinxstud/public_html/chandani/system/CodeIgniter.php(803): App\Controllers\Administration->companyProfile()
#8 /home/dinxstud/public_html/chandani/system/CodeIgniter.php(400): CodeIgniter\CodeIgniter->runController()
#9 /home/dinxstud/public_html/chandani/system/CodeIgniter.php(318): CodeIgniter\CodeIgniter->handleRequest()
#10 /home/dinxstud/public_html/chandani/public/index.php(38): CodeIgniter\CodeIgniter->run()
#11 {main}
CRITICAL - 2021-11-10 18:17:57 --> There is no data to update.
#0 /home/dinxstud/public_html/chandani/system/BaseModel.php(846): CodeIgniter\Database\Exceptions\DataException::forEmptyDataset()
#1 /home/dinxstud/public_html/chandani/system/Model.php(646): CodeIgniter\BaseModel->update()
#2 /home/dinxstud/public_html/chandani/app/Controllers/Administration.php(107): CodeIgniter\Model->update()
#3 [internal function]: App\Controllers\Administration->App\Controllers\{closure}()
#4 /home/dinxstud/public_html/chandani/app/Libraries/GroceryCrud.php(1130): call_user_func()
#5 /home/dinxstud/public_html/chandani/app/Libraries/GroceryCrud.php(4570): App\Libraries\grocery_CRUD_Model_Driver->db_update()
#6 /home/dinxstud/public_html/chandani/app/Controllers/Administration.php(112): App\Libraries\GroceryCrud->render()
#7 /home/dinxstud/public_html/chandani/system/CodeIgniter.php(803): App\Controllers\Administration->companyProfile()
#8 /home/dinxstud/public_html/chandani/system/CodeIgniter.php(400): CodeIgniter\CodeIgniter->runController()
#9 /home/dinxstud/public_html/chandani/system/CodeIgniter.php(318): CodeIgniter\CodeIgniter->handleRequest()
#10 /home/dinxstud/public_html/chandani/public/index.php(38): CodeIgniter\CodeIgniter->run()
#11 {main}
CRITICAL - 2021-11-10 18:18:18 --> There is no data to update.
#0 /home/dinxstud/public_html/chandani/system/BaseModel.php(1570): CodeIgniter\Database\Exceptions\DataException::forEmptyDataset()
#1 /home/dinxstud/public_html/chandani/system/BaseModel.php(832): CodeIgniter\BaseModel->transformDataToArray()
#2 /home/dinxstud/public_html/chandani/system/Model.php(646): CodeIgniter\BaseModel->update()
#3 /home/dinxstud/public_html/chandani/app/Controllers/Administration.php(111): CodeIgniter\Model->update()
#4 [internal function]: App\Controllers\Administration->App\Controllers\{closure}()
#5 /home/dinxstud/public_html/chandani/app/Libraries/GroceryCrud.php(1130): call_user_func()
#6 /home/dinxstud/public_html/chandani/app/Libraries/GroceryCrud.php(4570): App\Libraries\grocery_CRUD_Model_Driver->db_update()
#7 /home/dinxstud/public_html/chandani/app/Controllers/Administration.php(116): App\Libraries\GroceryCrud->render()
#8 /home/dinxstud/public_html/chandani/system/CodeIgniter.php(803): App\Controllers\Administration->companyProfile()
#9 /home/dinxstud/public_html/chandani/system/CodeIgniter.php(400): CodeIgniter\CodeIgniter->runController()
#10 /home/dinxstud/public_html/chandani/system/CodeIgniter.php(318): CodeIgniter\CodeIgniter->handleRequest()
#11 /home/dinxstud/public_html/chandani/public/index.php(38): CodeIgniter\CodeIgniter->run()
#12 {main}
CRITICAL - 2021-11-10 18:18:37 --> There is no data to update.
#0 /home/dinxstud/public_html/chandani/system/BaseModel.php(1570): CodeIgniter\Database\Exceptions\DataException::forEmptyDataset()
#1 /home/dinxstud/public_html/chandani/system/BaseModel.php(832): CodeIgniter\BaseModel->transformDataToArray()
#2 /home/dinxstud/public_html/chandani/system/Model.php(646): CodeIgniter\BaseModel->update()
#3 /home/dinxstud/public_html/chandani/app/Controllers/Administration.php(111): CodeIgniter\Model->update()
#4 [internal function]: App\Controllers\Administration->App\Controllers\{closure}()
#5 /home/dinxstud/public_html/chandani/app/Libraries/GroceryCrud.php(1130): call_user_func()
#6 /home/dinxstud/public_html/chandani/app/Libraries/GroceryCrud.php(4570): App\Libraries\grocery_CRUD_Model_Driver->db_update()
#7 /home/dinxstud/public_html/chandani/app/Controllers/Administration.php(116): App\Libraries\GroceryCrud->render()
#8 /home/dinxstud/public_html/chandani/system/CodeIgniter.php(803): App\Controllers\Administration->companyProfile()
#9 /home/dinxstud/public_html/chandani/system/CodeIgniter.php(400): CodeIgniter\CodeIgniter->runController()
#10 /home/dinxstud/public_html/chandani/system/CodeIgniter.php(318): CodeIgniter\CodeIgniter->handleRequest()
#11 /home/dinxstud/public_html/chandani/public/index.php(38): CodeIgniter\CodeIgniter->run()
#12 {main}
CRITICAL - 2021-11-10 18:20:39 --> There is no data to update.
#0 /home/dinxstud/public_html/chandani/system/BaseModel.php(846): CodeIgniter\Database\Exceptions\DataException::forEmptyDataset()
#1 /home/dinxstud/public_html/chandani/system/Model.php(646): CodeIgniter\BaseModel->update()
#2 /home/dinxstud/public_html/chandani/app/Controllers/Administration.php(110): CodeIgniter\Model->update()
#3 [internal function]: App\Controllers\Administration->App\Controllers\{closure}()
#4 /home/dinxstud/public_html/chandani/app/Libraries/GroceryCrud.php(1130): call_user_func()
#5 /home/dinxstud/public_html/chandani/app/Libraries/GroceryCrud.php(4570): App\Libraries\grocery_CRUD_Model_Driver->db_update()
#6 /home/dinxstud/public_html/chandani/app/Controllers/Administration.php(115): App\Libraries\GroceryCrud->render()
#7 /home/dinxstud/public_html/chandani/system/CodeIgniter.php(803): App\Controllers\Administration->companyProfile()
#8 /home/dinxstud/public_html/chandani/system/CodeIgniter.php(400): CodeIgniter\CodeIgniter->runController()
#9 /home/dinxstud/public_html/chandani/system/CodeIgniter.php(318): CodeIgniter\CodeIgniter->handleRequest()
#10 /home/dinxstud/public_html/chandani/public/index.php(38): CodeIgniter\CodeIgniter->run()
#11 {main}
CRITICAL - 2021-11-10 18:25:36 --> There is no data to update.
#0 /home/dinxstud/public_html/chandani/system/BaseModel.php(846): CodeIgniter\Database\Exceptions\DataException::forEmptyDataset()
#1 /home/dinxstud/public_html/chandani/system/Model.php(646): CodeIgniter\BaseModel->update()
#2 /home/dinxstud/public_html/chandani/app/Controllers/Administration.php(113): CodeIgniter\Model->update()
#3 [internal function]: App\Controllers\Administration->App\Controllers\{closure}()
#4 /home/dinxstud/public_html/chandani/app/Libraries/GroceryCrud.php(1130): call_user_func()
#5 /home/dinxstud/public_html/chandani/app/Libraries/GroceryCrud.php(4570): App\Libraries\grocery_CRUD_Model_Driver->db_update()
#6 /home/dinxstud/public_html/chandani/app/Controllers/Administration.php(118): App\Libraries\GroceryCrud->render()
#7 /home/dinxstud/public_html/chandani/system/CodeIgniter.php(803): App\Controllers\Administration->companyProfile()
#8 /home/dinxstud/public_html/chandani/system/CodeIgniter.php(400): CodeIgniter\CodeIgniter->runController()
#9 /home/dinxstud/public_html/chandani/system/CodeIgniter.php(318): CodeIgniter\CodeIgniter->handleRequest()
#10 /home/dinxstud/public_html/chandani/public/index.php(38): CodeIgniter\CodeIgniter->run()
#11 {main}
CRITICAL - 2021-11-10 18:26:30 --> There is no data to update.
#0 /home/dinxstud/public_html/chandani/system/BaseModel.php(846): CodeIgniter\Database\Exceptions\DataException::forEmptyDataset()
#1 /home/dinxstud/public_html/chandani/system/Model.php(646): CodeIgniter\BaseModel->update()
#2 /home/dinxstud/public_html/chandani/app/Controllers/Administration.php(113): CodeIgniter\Model->update()
#3 [internal function]: App\Controllers\Administration->App\Controllers\{closure}()
#4 /home/dinxstud/public_html/chandani/app/Libraries/GroceryCrud.php(1130): call_user_func()
#5 /home/dinxstud/public_html/chandani/app/Libraries/GroceryCrud.php(4570): App\Libraries\grocery_CRUD_Model_Driver->db_update()
#6 /home/dinxstud/public_html/chandani/app/Controllers/Administration.php(118): App\Libraries\GroceryCrud->render()
#7 /home/dinxstud/public_html/chandani/system/CodeIgniter.php(803): App\Controllers\Administration->companyProfile()
#8 /home/dinxstud/public_html/chandani/system/CodeIgniter.php(400): CodeIgniter\CodeIgniter->runController()
#9 /home/dinxstud/public_html/chandani/system/CodeIgniter.php(318): CodeIgniter\CodeIgniter->handleRequest()
#10 /home/dinxstud/public_html/chandani/public/index.php(38): CodeIgniter\CodeIgniter->run()
#11 {main}
