CRITICAL - 2022-07-10 08:54:53 --> A non-numeric value encountered
#0 /home/dinxstud/public_html/chandani/app/Views/weather.php(16): CodeIgniter\Debug\Exceptions->errorHandler()
#1 /home/dinxstud/public_html/chandani/system/View/View.php(214): include('/home/dinxstud/...')
#2 /home/dinxstud/public_html/chandani/system/View/View.php(217): CodeIgniter\View\View->CodeIgniter\View\{closure}()
#3 /home/dinxstud/public_html/chandani/system/View/View.php(432): CodeIgniter\View\View->render()
#4 /home/dinxstud/public_html/chandani/app/Views/adminHome.php(41): CodeIgniter\View\View->include()
#5 /home/dinxstud/public_html/chandani/system/View/View.php(214): include('/home/dinxstud/...')
#6 /home/dinxstud/public_html/chandani/system/View/View.php(217): CodeIgniter\View\View->CodeIgniter\View\{closure}()
#7 /home/dinxstud/public_html/chandani/system/Common.php(1092): CodeIgniter\View\View->render()
#8 /home/dinxstud/public_html/chandani/app/Controllers/Administration.php(221): view()
#9 /home/dinxstud/public_html/chandani/system/CodeIgniter.php(803): App\Controllers\Administration->home()
#10 /home/dinxstud/public_html/chandani/system/CodeIgniter.php(400): CodeIgniter\CodeIgniter->runController()
#11 /home/dinxstud/public_html/chandani/system/CodeIgniter.php(318): CodeIgniter\CodeIgniter->handleRequest()
#12 /home/dinxstud/public_html/chandani/public/index.php(38): CodeIgniter\CodeIgniter->run()
#13 {main}
CRITICAL - 2022-07-10 08:54:57 --> A non-numeric value encountered
#0 /home/dinxstud/public_html/chandani/app/Views/weather.php(16): CodeIgniter\Debug\Exceptions->errorHandler()
#1 /home/dinxstud/public_html/chandani/system/View/View.php(214): include('/home/dinxstud/...')
#2 /home/dinxstud/public_html/chandani/system/View/View.php(217): CodeIgniter\View\View->CodeIgniter\View\{closure}()
#3 /home/dinxstud/public_html/chandani/system/View/View.php(432): CodeIgniter\View\View->render()
#4 /home/dinxstud/public_html/chandani/app/Views/adminHome.php(41): CodeIgniter\View\View->include()
#5 /home/dinxstud/public_html/chandani/system/View/View.php(214): include('/home/dinxstud/...')
#6 /home/dinxstud/public_html/chandani/system/View/View.php(217): CodeIgniter\View\View->CodeIgniter\View\{closure}()
#7 /home/dinxstud/public_html/chandani/system/Common.php(1092): CodeIgniter\View\View->render()
#8 /home/dinxstud/public_html/chandani/app/Controllers/Administration.php(221): view()
#9 /home/dinxstud/public_html/chandani/system/CodeIgniter.php(803): App\Controllers\Administration->home()
#10 /home/dinxstud/public_html/chandani/system/CodeIgniter.php(400): CodeIgniter\CodeIgniter->runController()
#11 /home/dinxstud/public_html/chandani/system/CodeIgniter.php(318): CodeIgniter\CodeIgniter->handleRequest()
#12 /home/dinxstud/public_html/chandani/public/index.php(38): CodeIgniter\CodeIgniter->run()
#13 {main}
CRITICAL - 2022-07-10 08:56:24 --> A non-numeric value encountered
#0 /home/dinxstud/public_html/chandani/app/Views/weather.php(16): CodeIgniter\Debug\Exceptions->errorHandler()
#1 /home/dinxstud/public_html/chandani/system/View/View.php(214): include('/home/dinxstud/...')
#2 /home/dinxstud/public_html/chandani/system/View/View.php(217): CodeIgniter\View\View->CodeIgniter\View\{closure}()
#3 /home/dinxstud/public_html/chandani/system/View/View.php(432): CodeIgniter\View\View->render()
#4 /home/dinxstud/public_html/chandani/app/Views/adminHome.php(41): CodeIgniter\View\View->include()
#5 /home/dinxstud/public_html/chandani/system/View/View.php(214): include('/home/dinxstud/...')
#6 /home/dinxstud/public_html/chandani/system/View/View.php(217): CodeIgniter\View\View->CodeIgniter\View\{closure}()
#7 /home/dinxstud/public_html/chandani/system/Common.php(1092): CodeIgniter\View\View->render()
#8 /home/dinxstud/public_html/chandani/app/Controllers/Administration.php(221): view()
#9 /home/dinxstud/public_html/chandani/system/CodeIgniter.php(803): App\Controllers\Administration->home()
#10 /home/dinxstud/public_html/chandani/system/CodeIgniter.php(400): CodeIgniter\CodeIgniter->runController()
#11 /home/dinxstud/public_html/chandani/system/CodeIgniter.php(318): CodeIgniter\CodeIgniter->handleRequest()
#12 /home/dinxstud/public_html/chandani/public/index.php(38): CodeIgniter\CodeIgniter->run()
#13 {main}
CRITICAL - 2022-07-10 08:58:13 --> A non-numeric value encountered
#0 /home/dinxstud/public_html/chandani/app/Views/weather.php(16): CodeIgniter\Debug\Exceptions->errorHandler()
#1 /home/dinxstud/public_html/chandani/system/View/View.php(214): include('/home/dinxstud/...')
#2 /home/dinxstud/public_html/chandani/system/View/View.php(217): CodeIgniter\View\View->CodeIgniter\View\{closure}()
#3 /home/dinxstud/public_html/chandani/system/View/View.php(432): CodeIgniter\View\View->render()
#4 /home/dinxstud/public_html/chandani/app/Views/adminHome.php(41): CodeIgniter\View\View->include()
#5 /home/dinxstud/public_html/chandani/system/View/View.php(214): include('/home/dinxstud/...')
#6 /home/dinxstud/public_html/chandani/system/View/View.php(217): CodeIgniter\View\View->CodeIgniter\View\{closure}()
#7 /home/dinxstud/public_html/chandani/system/Common.php(1092): CodeIgniter\View\View->render()
#8 /home/dinxstud/public_html/chandani/app/Controllers/Administration.php(221): view()
#9 /home/dinxstud/public_html/chandani/system/CodeIgniter.php(803): App\Controllers\Administration->home()
#10 /home/dinxstud/public_html/chandani/system/CodeIgniter.php(400): CodeIgniter\CodeIgniter->runController()
#11 /home/dinxstud/public_html/chandani/system/CodeIgniter.php(318): CodeIgniter\CodeIgniter->handleRequest()
#12 /home/dinxstud/public_html/chandani/public/index.php(38): CodeIgniter\CodeIgniter->run()
#13 {main}
CRITICAL - 2022-07-10 08:58:40 --> A non-numeric value encountered
#0 /home/dinxstud/public_html/chandani/app/Views/weather.php(16): CodeIgniter\Debug\Exceptions->errorHandler()
#1 /home/dinxstud/public_html/chandani/system/View/View.php(214): include('/home/dinxstud/...')
#2 /home/dinxstud/public_html/chandani/system/View/View.php(217): CodeIgniter\View\View->CodeIgniter\View\{closure}()
#3 /home/dinxstud/public_html/chandani/system/View/View.php(432): CodeIgniter\View\View->render()
#4 /home/dinxstud/public_html/chandani/app/Views/adminHome.php(41): CodeIgniter\View\View->include()
#5 /home/dinxstud/public_html/chandani/system/View/View.php(214): include('/home/dinxstud/...')
#6 /home/dinxstud/public_html/chandani/system/View/View.php(217): CodeIgniter\View\View->CodeIgniter\View\{closure}()
#7 /home/dinxstud/public_html/chandani/system/Common.php(1092): CodeIgniter\View\View->render()
#8 /home/dinxstud/public_html/chandani/app/Controllers/Administration.php(221): view()
#9 /home/dinxstud/public_html/chandani/system/CodeIgniter.php(803): App\Controllers\Administration->home()
#10 /home/dinxstud/public_html/chandani/system/CodeIgniter.php(400): CodeIgniter\CodeIgniter->runController()
#11 /home/dinxstud/public_html/chandani/system/CodeIgniter.php(318): CodeIgniter\CodeIgniter->handleRequest()
#12 /home/dinxstud/public_html/chandani/public/index.php(38): CodeIgniter\CodeIgniter->run()
#13 {main}
CRITICAL - 2022-07-10 08:59:02 --> syntax error, unexpected token ";"
#0 /home/dinxstud/public_html/chandani/system/View/View.php(217): CodeIgniter\View\View->CodeIgniter\View\{closure}()
#1 /home/dinxstud/public_html/chandani/system/View/View.php(432): CodeIgniter\View\View->render()
#2 /home/dinxstud/public_html/chandani/app/Views/adminHome.php(41): CodeIgniter\View\View->include()
#3 /home/dinxstud/public_html/chandani/system/View/View.php(214): include('/home/dinxstud/...')
#4 /home/dinxstud/public_html/chandani/system/View/View.php(217): CodeIgniter\View\View->CodeIgniter\View\{closure}()
#5 /home/dinxstud/public_html/chandani/system/Common.php(1092): CodeIgniter\View\View->render()
#6 /home/dinxstud/public_html/chandani/app/Controllers/Administration.php(221): view()
#7 /home/dinxstud/public_html/chandani/system/CodeIgniter.php(803): App\Controllers\Administration->home()
#8 /home/dinxstud/public_html/chandani/system/CodeIgniter.php(400): CodeIgniter\CodeIgniter->runController()
#9 /home/dinxstud/public_html/chandani/system/CodeIgniter.php(318): CodeIgniter\CodeIgniter->handleRequest()
#10 /home/dinxstud/public_html/chandani/public/index.php(38): CodeIgniter\CodeIgniter->run()
#11 {main}
CRITICAL - 2022-07-10 09:00:51 --> syntax error, unexpected identifier "°"
#0 /home/dinxstud/public_html/chandani/system/View/View.php(217): CodeIgniter\View\View->CodeIgniter\View\{closure}()
#1 /home/dinxstud/public_html/chandani/system/View/View.php(432): CodeIgniter\View\View->render()
#2 /home/dinxstud/public_html/chandani/app/Views/adminHome.php(41): CodeIgniter\View\View->include()
#3 /home/dinxstud/public_html/chandani/system/View/View.php(214): include('/home/dinxstud/...')
#4 /home/dinxstud/public_html/chandani/system/View/View.php(217): CodeIgniter\View\View->CodeIgniter\View\{closure}()
#5 /home/dinxstud/public_html/chandani/system/Common.php(1092): CodeIgniter\View\View->render()
#6 /home/dinxstud/public_html/chandani/app/Controllers/Administration.php(221): view()
#7 /home/dinxstud/public_html/chandani/system/CodeIgniter.php(803): App\Controllers\Administration->home()
#8 /home/dinxstud/public_html/chandani/system/CodeIgniter.php(400): CodeIgniter\CodeIgniter->runController()
#9 /home/dinxstud/public_html/chandani/system/CodeIgniter.php(318): CodeIgniter\CodeIgniter->handleRequest()
#10 /home/dinxstud/public_html/chandani/public/index.php(38): CodeIgniter\CodeIgniter->run()
#11 {main}
CRITICAL - 2022-07-10 09:01:49 --> syntax error, unexpected identifier "°"
#0 /home/dinxstud/public_html/chandani/system/View/View.php(217): CodeIgniter\View\View->CodeIgniter\View\{closure}()
#1 /home/dinxstud/public_html/chandani/system/View/View.php(432): CodeIgniter\View\View->render()
#2 /home/dinxstud/public_html/chandani/app/Views/adminHome.php(41): CodeIgniter\View\View->include()
#3 /home/dinxstud/public_html/chandani/system/View/View.php(214): include('/home/dinxstud/...')
#4 /home/dinxstud/public_html/chandani/system/View/View.php(217): CodeIgniter\View\View->CodeIgniter\View\{closure}()
#5 /home/dinxstud/public_html/chandani/system/Common.php(1092): CodeIgniter\View\View->render()
#6 /home/dinxstud/public_html/chandani/app/Controllers/Administration.php(221): view()
#7 /home/dinxstud/public_html/chandani/system/CodeIgniter.php(803): App\Controllers\Administration->home()
#8 /home/dinxstud/public_html/chandani/system/CodeIgniter.php(400): CodeIgniter\CodeIgniter->runController()
#9 /home/dinxstud/public_html/chandani/system/CodeIgniter.php(318): CodeIgniter\CodeIgniter->handleRequest()
#10 /home/dinxstud/public_html/chandani/public/index.php(38): CodeIgniter\CodeIgniter->run()
#11 {main}
CRITICAL - 2022-07-10 09:01:54 --> syntax error, unexpected identifier "°"
#0 /home/dinxstud/public_html/chandani/system/View/View.php(217): CodeIgniter\View\View->CodeIgniter\View\{closure}()
#1 /home/dinxstud/public_html/chandani/system/View/View.php(432): CodeIgniter\View\View->render()
#2 /home/dinxstud/public_html/chandani/app/Views/adminHome.php(41): CodeIgniter\View\View->include()
#3 /home/dinxstud/public_html/chandani/system/View/View.php(214): include('/home/dinxstud/...')
#4 /home/dinxstud/public_html/chandani/system/View/View.php(217): CodeIgniter\View\View->CodeIgniter\View\{closure}()
#5 /home/dinxstud/public_html/chandani/system/Common.php(1092): CodeIgniter\View\View->render()
#6 /home/dinxstud/public_html/chandani/app/Controllers/Administration.php(221): view()
#7 /home/dinxstud/public_html/chandani/system/CodeIgniter.php(803): App\Controllers\Administration->home()
#8 /home/dinxstud/public_html/chandani/system/CodeIgniter.php(400): CodeIgniter\CodeIgniter->runController()
#9 /home/dinxstud/public_html/chandani/system/CodeIgniter.php(318): CodeIgniter\CodeIgniter->handleRequest()
#10 /home/dinxstud/public_html/chandani/public/index.php(38): CodeIgniter\CodeIgniter->run()
#11 {main}
