CRITICAL - 2021-11-08 17:17:29 --> syntax error, unexpected variable "$this"
#0 /home/dinxstud/public_html/chandani/system/Router/Router.php(160): CodeIgniter\Router\Router->autoRoute()
#1 /home/dinxstud/public_html/chandani/system/CodeIgniter.php(703): CodeIgniter\Router\Router->handle()
#2 /home/dinxstud/public_html/chandani/system/CodeIgniter.php(359): CodeIgniter\CodeIgniter->tryToRouteIt()
#3 /home/dinxstud/public_html/chandani/system/CodeIgniter.php(318): CodeIgniter\CodeIgniter->handleRequest()
#4 /home/dinxstud/public_html/chandani/public/index.php(38): CodeIgniter\CodeIgniter->run()
#5 {main}
CRITICAL - 2021-11-08 17:17:42 --> syntax error, unexpected variable "$this"
#0 /home/dinxstud/public_html/chandani/system/Router/Router.php(160): CodeIgniter\Router\Router->autoRoute()
#1 /home/dinxstud/public_html/chandani/system/CodeIgniter.php(703): CodeIgniter\Router\Router->handle()
#2 /home/dinxstud/public_html/chandani/system/CodeIgniter.php(359): CodeIgniter\CodeIgniter->tryToRouteIt()
#3 /home/dinxstud/public_html/chandani/system/CodeIgniter.php(318): CodeIgniter\CodeIgniter->handleRequest()
#4 /home/dinxstud/public_html/chandani/public/index.php(38): CodeIgniter\CodeIgniter->run()
#5 {main}
CRITICAL - 2021-11-08 17:17:45 --> syntax error, unexpected variable "$this"
#0 /home/dinxstud/public_html/chandani/system/Router/Router.php(160): CodeIgniter\Router\Router->autoRoute()
#1 /home/dinxstud/public_html/chandani/system/CodeIgniter.php(703): CodeIgniter\Router\Router->handle()
#2 /home/dinxstud/public_html/chandani/system/CodeIgniter.php(359): CodeIgniter\CodeIgniter->tryToRouteIt()
#3 /home/dinxstud/public_html/chandani/system/CodeIgniter.php(318): CodeIgniter\CodeIgniter->handleRequest()
#4 /home/dinxstud/public_html/chandani/public/index.php(38): CodeIgniter\CodeIgniter->run()
#5 {main}
CRITICAL - 2021-11-08 17:18:23 --> syntax error, unexpected variable "$this"
#0 /home/dinxstud/public_html/chandani/system/Router/Router.php(160): CodeIgniter\Router\Router->autoRoute()
#1 /home/dinxstud/public_html/chandani/system/CodeIgniter.php(703): CodeIgniter\Router\Router->handle()
#2 /home/dinxstud/public_html/chandani/system/CodeIgniter.php(359): CodeIgniter\CodeIgniter->tryToRouteIt()
#3 /home/dinxstud/public_html/chandani/system/CodeIgniter.php(318): CodeIgniter\CodeIgniter->handleRequest()
#4 /home/dinxstud/public_html/chandani/public/index.php(38): CodeIgniter\CodeIgniter->run()
#5 {main}
CRITICAL - 2021-11-08 17:18:51 --> syntax error, unexpected variable "$this"
#0 /home/dinxstud/public_html/chandani/system/Router/Router.php(160): CodeIgniter\Router\Router->autoRoute()
#1 /home/dinxstud/public_html/chandani/system/CodeIgniter.php(703): CodeIgniter\Router\Router->handle()
#2 /home/dinxstud/public_html/chandani/system/CodeIgniter.php(359): CodeIgniter\CodeIgniter->tryToRouteIt()
#3 /home/dinxstud/public_html/chandani/system/CodeIgniter.php(318): CodeIgniter\CodeIgniter->handleRequest()
#4 /home/dinxstud/public_html/chandani/public/index.php(38): CodeIgniter\CodeIgniter->run()
#5 {main}
CRITICAL - 2021-11-08 17:21:02 --> Undefined property: App\Controllers\administration::$load
#0 /home/dinxstud/public_html/chandani/app/Controllers/Administration.php(9): CodeIgniter\Debug\Exceptions->errorHandler()
#1 /home/dinxstud/public_html/chandani/system/CodeIgniter.php(803): App\Controllers\administration->index()
#2 /home/dinxstud/public_html/chandani/system/CodeIgniter.php(400): CodeIgniter\CodeIgniter->runController()
#3 /home/dinxstud/public_html/chandani/system/CodeIgniter.php(318): CodeIgniter\CodeIgniter->handleRequest()
#4 /home/dinxstud/public_html/chandani/public/index.php(38): CodeIgniter\CodeIgniter->run()
#5 {main}
CRITICAL - 2021-11-08 17:22:35 --> Undefined property: App\Controllers\administration::$load
#0 /home/dinxstud/public_html/chandani/app/Controllers/Administration.php(9): CodeIgniter\Debug\Exceptions->errorHandler()
#1 /home/dinxstud/public_html/chandani/system/CodeIgniter.php(803): App\Controllers\administration->index()
#2 /home/dinxstud/public_html/chandani/system/CodeIgniter.php(400): CodeIgniter\CodeIgniter->runController()
#3 /home/dinxstud/public_html/chandani/system/CodeIgniter.php(318): CodeIgniter\CodeIgniter->handleRequest()
#4 /home/dinxstud/public_html/chandani/public/index.php(38): CodeIgniter\CodeIgniter->run()
#5 {main}
CRITICAL - 2021-11-08 17:23:19 --> Undefined property: App\Controllers\Administration::$load
#0 /home/dinxstud/public_html/chandani/app/Controllers/Administration.php(9): CodeIgniter\Debug\Exceptions->errorHandler()
#1 /home/dinxstud/public_html/chandani/system/CodeIgniter.php(803): App\Controllers\Administration->index()
#2 /home/dinxstud/public_html/chandani/system/CodeIgniter.php(400): CodeIgniter\CodeIgniter->runController()
#3 /home/dinxstud/public_html/chandani/system/CodeIgniter.php(318): CodeIgniter\CodeIgniter->handleRequest()
#4 /home/dinxstud/public_html/chandani/public/index.php(38): CodeIgniter\CodeIgniter->run()
#5 {main}
CRITICAL - 2021-11-08 17:28:14 --> Undefined property: App\Controllers\Administration::$load
#0 /home/dinxstud/public_html/chandani/app/Controllers/Administration.php(9): CodeIgniter\Debug\Exceptions->errorHandler()
#1 /home/dinxstud/public_html/chandani/system/CodeIgniter.php(803): App\Controllers\Administration->index()
#2 /home/dinxstud/public_html/chandani/system/CodeIgniter.php(400): CodeIgniter\CodeIgniter->runController()
#3 /home/dinxstud/public_html/chandani/system/CodeIgniter.php(318): CodeIgniter\CodeIgniter->handleRequest()
#4 /home/dinxstud/public_html/chandani/public/index.php(38): CodeIgniter\CodeIgniter->run()
#5 {main}
CRITICAL - 2021-11-08 17:28:22 --> Undefined property: App\Controllers\Administration::$load
#0 /home/dinxstud/public_html/chandani/app/Controllers/Administration.php(9): CodeIgniter\Debug\Exceptions->errorHandler()
#1 /home/dinxstud/public_html/chandani/system/CodeIgniter.php(803): App\Controllers\Administration->index()
#2 /home/dinxstud/public_html/chandani/system/CodeIgniter.php(400): CodeIgniter\CodeIgniter->runController()
#3 /home/dinxstud/public_html/chandani/system/CodeIgniter.php(318): CodeIgniter\CodeIgniter->handleRequest()
#4 /home/dinxstud/public_html/chandani/public/index.php(38): CodeIgniter\CodeIgniter->run()
#5 {main}
CRITICAL - 2021-11-08 17:29:15 --> Undefined property: App\Controllers\Administration::$load
#0 /home/dinxstud/public_html/chandani/app/Controllers/Administration.php(9): CodeIgniter\Debug\Exceptions->errorHandler()
#1 /home/dinxstud/public_html/chandani/system/CodeIgniter.php(803): App\Controllers\Administration->index()
#2 /home/dinxstud/public_html/chandani/system/CodeIgniter.php(400): CodeIgniter\CodeIgniter->runController()
#3 /home/dinxstud/public_html/chandani/system/CodeIgniter.php(318): CodeIgniter\CodeIgniter->handleRequest()
#4 /home/dinxstud/public_html/chandani/public/index.php(38): CodeIgniter\CodeIgniter->run()
#5 {main}
CRITICAL - 2021-11-08 17:29:18 --> Undefined property: App\Controllers\Administration::$load
#0 /home/dinxstud/public_html/chandani/app/Controllers/Administration.php(9): CodeIgniter\Debug\Exceptions->errorHandler()
#1 /home/dinxstud/public_html/chandani/system/CodeIgniter.php(803): App\Controllers\Administration->index()
#2 /home/dinxstud/public_html/chandani/system/CodeIgniter.php(400): CodeIgniter\CodeIgniter->runController()
#3 /home/dinxstud/public_html/chandani/system/CodeIgniter.php(318): CodeIgniter\CodeIgniter->handleRequest()
#4 /home/dinxstud/public_html/chandani/public/index.php(38): CodeIgniter\CodeIgniter->run()
#5 {main}
CRITICAL - 2021-11-08 17:31:48 --> Undefined property: App\Controllers\Administration::$load
#0 /home/dinxstud/public_html/chandani/app/Controllers/Administration.php(9): CodeIgniter\Debug\Exceptions->errorHandler()
#1 /home/dinxstud/public_html/chandani/system/CodeIgniter.php(803): App\Controllers\Administration->index()
#2 /home/dinxstud/public_html/chandani/system/CodeIgniter.php(400): CodeIgniter\CodeIgniter->runController()
#3 /home/dinxstud/public_html/chandani/system/CodeIgniter.php(318): CodeIgniter\CodeIgniter->handleRequest()
#4 /home/dinxstud/public_html/chandani/public/index.php(38): CodeIgniter\CodeIgniter->run()
#5 {main}
CRITICAL - 2021-11-08 17:57:28 --> Undefined property: App\Controllers\Administration::$load
#0 /home/dinxstud/public_html/chandani/app/Controllers/Administration.php(9): CodeIgniter\Debug\Exceptions->errorHandler()
#1 /home/dinxstud/public_html/chandani/system/CodeIgniter.php(803): App\Controllers\Administration->index()
#2 /home/dinxstud/public_html/chandani/system/CodeIgniter.php(400): CodeIgniter\CodeIgniter->runController()
#3 /home/dinxstud/public_html/chandani/system/CodeIgniter.php(318): CodeIgniter\CodeIgniter->handleRequest()
#4 /home/dinxstud/public_html/chandani/public/index.php(38): CodeIgniter\CodeIgniter->run()
#5 {main}
CRITICAL - 2021-11-08 17:58:58 --> Undefined property: App\Controllers\Administration::$load
#0 /home/dinxstud/public_html/chandani/app/Controllers/Administration.php(9): CodeIgniter\Debug\Exceptions->errorHandler()
#1 /home/dinxstud/public_html/chandani/system/CodeIgniter.php(803): App\Controllers\Administration->index()
#2 /home/dinxstud/public_html/chandani/system/CodeIgniter.php(400): CodeIgniter\CodeIgniter->runController()
#3 /home/dinxstud/public_html/chandani/system/CodeIgniter.php(318): CodeIgniter\CodeIgniter->handleRequest()
#4 /home/dinxstud/public_html/chandani/public/index.php(38): CodeIgniter\CodeIgniter->run()
#5 {main}
CRITICAL - 2021-11-08 18:00:54 --> Undefined property: App\Controllers\Administration::$load
#0 /home/dinxstud/public_html/chandani/app/Controllers/Administration.php(10): CodeIgniter\Debug\Exceptions->errorHandler()
#1 /home/dinxstud/public_html/chandani/system/CodeIgniter.php(803): App\Controllers\Administration->index()
#2 /home/dinxstud/public_html/chandani/system/CodeIgniter.php(400): CodeIgniter\CodeIgniter->runController()
#3 /home/dinxstud/public_html/chandani/system/CodeIgniter.php(318): CodeIgniter\CodeIgniter->handleRequest()
#4 /home/dinxstud/public_html/chandani/public/index.php(38): CodeIgniter\CodeIgniter->run()
#5 {main}
CRITICAL - 2021-11-08 18:01:43 --> Undefined property: App\Controllers\Administration::$load
#0 /home/dinxstud/public_html/chandani/app/Controllers/Administration.php(10): CodeIgniter\Debug\Exceptions->errorHandler()
#1 /home/dinxstud/public_html/chandani/system/CodeIgniter.php(803): App\Controllers\Administration->index()
#2 /home/dinxstud/public_html/chandani/system/CodeIgniter.php(400): CodeIgniter\CodeIgniter->runController()
#3 /home/dinxstud/public_html/chandani/system/CodeIgniter.php(318): CodeIgniter\CodeIgniter->handleRequest()
#4 /home/dinxstud/public_html/chandani/public/index.php(38): CodeIgniter\CodeIgniter->run()
#5 {main}
CRITICAL - 2021-11-08 18:01:46 --> Undefined property: App\Controllers\Administration::$load
#0 /home/dinxstud/public_html/chandani/app/Controllers/Administration.php(10): CodeIgniter\Debug\Exceptions->errorHandler()
#1 /home/dinxstud/public_html/chandani/system/CodeIgniter.php(803): App\Controllers\Administration->index()
#2 /home/dinxstud/public_html/chandani/system/CodeIgniter.php(400): CodeIgniter\CodeIgniter->runController()
#3 /home/dinxstud/public_html/chandani/system/CodeIgniter.php(318): CodeIgniter\CodeIgniter->handleRequest()
#4 /home/dinxstud/public_html/chandani/public/index.php(38): CodeIgniter\CodeIgniter->run()
#5 {main}
CRITICAL - 2021-11-08 18:01:48 --> Undefined property: App\Controllers\Administration::$load
#0 /home/dinxstud/public_html/chandani/app/Controllers/Administration.php(10): CodeIgniter\Debug\Exceptions->errorHandler()
#1 /home/dinxstud/public_html/chandani/system/CodeIgniter.php(803): App\Controllers\Administration->index()
#2 /home/dinxstud/public_html/chandani/system/CodeIgniter.php(400): CodeIgniter\CodeIgniter->runController()
#3 /home/dinxstud/public_html/chandani/system/CodeIgniter.php(318): CodeIgniter\CodeIgniter->handleRequest()
#4 /home/dinxstud/public_html/chandani/public/index.php(38): CodeIgniter\CodeIgniter->run()
#5 {main}
CRITICAL - 2021-11-08 18:01:53 --> Class "App\Controllers\Admin" not found
#0 /home/dinxstud/public_html/chandani/system/CodeIgniter.php(803): App\Controllers\Administration->index()
#1 /home/dinxstud/public_html/chandani/system/CodeIgniter.php(400): CodeIgniter\CodeIgniter->runController()
#2 /home/dinxstud/public_html/chandani/system/CodeIgniter.php(318): CodeIgniter\CodeIgniter->handleRequest()
#3 /home/dinxstud/public_html/chandani/public/index.php(38): CodeIgniter\CodeIgniter->run()
#4 {main}
CRITICAL - 2021-11-08 18:03:13 --> Class "App\Controllers\Admin" not found
#0 /home/dinxstud/public_html/chandani/system/CodeIgniter.php(803): App\Controllers\Administration->index()
#1 /home/dinxstud/public_html/chandani/system/CodeIgniter.php(400): CodeIgniter\CodeIgniter->runController()
#2 /home/dinxstud/public_html/chandani/system/CodeIgniter.php(318): CodeIgniter\CodeIgniter->handleRequest()
#3 /home/dinxstud/public_html/chandani/public/index.php(38): CodeIgniter\CodeIgniter->run()
#4 {main}
CRITICAL - 2021-11-08 18:03:19 --> Class "App\Controllers\Admin" not found
#0 /home/dinxstud/public_html/chandani/system/CodeIgniter.php(803): App\Controllers\Administration->index()
#1 /home/dinxstud/public_html/chandani/system/CodeIgniter.php(400): CodeIgniter\CodeIgniter->runController()
#2 /home/dinxstud/public_html/chandani/system/CodeIgniter.php(318): CodeIgniter\CodeIgniter->handleRequest()
#3 /home/dinxstud/public_html/chandani/public/index.php(38): CodeIgniter\CodeIgniter->run()
#4 {main}
CRITICAL - 2021-11-08 18:03:21 --> Class "App\Controllers\Admin" not found
#0 /home/dinxstud/public_html/chandani/system/CodeIgniter.php(803): App\Controllers\Administration->index()
#1 /home/dinxstud/public_html/chandani/system/CodeIgniter.php(400): CodeIgniter\CodeIgniter->runController()
#2 /home/dinxstud/public_html/chandani/system/CodeIgniter.php(318): CodeIgniter\CodeIgniter->handleRequest()
#3 /home/dinxstud/public_html/chandani/public/index.php(38): CodeIgniter\CodeIgniter->run()
#4 {main}
CRITICAL - 2021-11-08 18:03:23 --> Class "App\Controllers\Admin" not found
#0 /home/dinxstud/public_html/chandani/system/CodeIgniter.php(803): App\Controllers\Administration->index()
#1 /home/dinxstud/public_html/chandani/system/CodeIgniter.php(400): CodeIgniter\CodeIgniter->runController()
#2 /home/dinxstud/public_html/chandani/system/CodeIgniter.php(318): CodeIgniter\CodeIgniter->handleRequest()
#3 /home/dinxstud/public_html/chandani/public/index.php(38): CodeIgniter\CodeIgniter->run()
#4 {main}
CRITICAL - 2021-11-08 18:03:24 --> Class "App\Controllers\Admin" not found
#0 /home/dinxstud/public_html/chandani/system/CodeIgniter.php(803): App\Controllers\Administration->index()
#1 /home/dinxstud/public_html/chandani/system/CodeIgniter.php(400): CodeIgniter\CodeIgniter->runController()
#2 /home/dinxstud/public_html/chandani/system/CodeIgniter.php(318): CodeIgniter\CodeIgniter->handleRequest()
#3 /home/dinxstud/public_html/chandani/public/index.php(38): CodeIgniter\CodeIgniter->run()
#4 {main}
CRITICAL - 2021-11-08 18:03:44 --> Class "App\Controllers\Admin" not found
#0 /home/dinxstud/public_html/chandani/system/CodeIgniter.php(803): App\Controllers\Administration->index()
#1 /home/dinxstud/public_html/chandani/system/CodeIgniter.php(400): CodeIgniter\CodeIgniter->runController()
#2 /home/dinxstud/public_html/chandani/system/CodeIgniter.php(318): CodeIgniter\CodeIgniter->handleRequest()
#3 /home/dinxstud/public_html/chandani/public/index.php(38): CodeIgniter\CodeIgniter->run()
#4 {main}
CRITICAL - 2021-11-08 18:03:49 --> Class "App\Controllers\Admin" not found
#0 /home/dinxstud/public_html/chandani/system/CodeIgniter.php(803): App\Controllers\Administration->index()
#1 /home/dinxstud/public_html/chandani/system/CodeIgniter.php(400): CodeIgniter\CodeIgniter->runController()
#2 /home/dinxstud/public_html/chandani/system/CodeIgniter.php(318): CodeIgniter\CodeIgniter->handleRequest()
#3 /home/dinxstud/public_html/chandani/public/index.php(38): CodeIgniter\CodeIgniter->run()
#4 {main}
CRITICAL - 2021-11-08 18:04:03 --> Class "App\Controllers\AdminModel" not found
#0 /home/dinxstud/public_html/chandani/system/CodeIgniter.php(803): App\Controllers\Administration->index()
#1 /home/dinxstud/public_html/chandani/system/CodeIgniter.php(400): CodeIgniter\CodeIgniter->runController()
#2 /home/dinxstud/public_html/chandani/system/CodeIgniter.php(318): CodeIgniter\CodeIgniter->handleRequest()
#3 /home/dinxstud/public_html/chandani/public/index.php(38): CodeIgniter\CodeIgniter->run()
#4 {main}
CRITICAL - 2021-11-08 18:05:08 --> Class "App\Controllers\AdminModel" not found
#0 /home/dinxstud/public_html/chandani/system/CodeIgniter.php(803): App\Controllers\Administration->index()
#1 /home/dinxstud/public_html/chandani/system/CodeIgniter.php(400): CodeIgniter\CodeIgniter->runController()
#2 /home/dinxstud/public_html/chandani/system/CodeIgniter.php(318): CodeIgniter\CodeIgniter->handleRequest()
#3 /home/dinxstud/public_html/chandani/public/index.php(38): CodeIgniter\CodeIgniter->run()
#4 {main}
CRITICAL - 2021-11-08 18:05:11 --> Class "App\Controllers\AdminModel" not found
#0 /home/dinxstud/public_html/chandani/system/CodeIgniter.php(803): App\Controllers\Administration->index()
#1 /home/dinxstud/public_html/chandani/system/CodeIgniter.php(400): CodeIgniter\CodeIgniter->runController()
#2 /home/dinxstud/public_html/chandani/system/CodeIgniter.php(318): CodeIgniter\CodeIgniter->handleRequest()
#3 /home/dinxstud/public_html/chandani/public/index.php(38): CodeIgniter\CodeIgniter->run()
#4 {main}
CRITICAL - 2021-11-08 18:05:11 --> Class "App\Controllers\AdminModel" not found
#0 /home/dinxstud/public_html/chandani/system/CodeIgniter.php(803): App\Controllers\Administration->index()
#1 /home/dinxstud/public_html/chandani/system/CodeIgniter.php(400): CodeIgniter\CodeIgniter->runController()
#2 /home/dinxstud/public_html/chandani/system/CodeIgniter.php(318): CodeIgniter\CodeIgniter->handleRequest()
#3 /home/dinxstud/public_html/chandani/public/index.php(38): CodeIgniter\CodeIgniter->run()
#4 {main}
CRITICAL - 2021-11-08 18:05:12 --> Class "App\Controllers\AdminModel" not found
#0 /home/dinxstud/public_html/chandani/system/CodeIgniter.php(803): App\Controllers\Administration->index()
#1 /home/dinxstud/public_html/chandani/system/CodeIgniter.php(400): CodeIgniter\CodeIgniter->runController()
#2 /home/dinxstud/public_html/chandani/system/CodeIgniter.php(318): CodeIgniter\CodeIgniter->handleRequest()
#3 /home/dinxstud/public_html/chandani/public/index.php(38): CodeIgniter\CodeIgniter->run()
#4 {main}
CRITICAL - 2021-11-08 18:05:27 --> Class "App\Controllers\AdminModel" not found
#0 /home/dinxstud/public_html/chandani/system/CodeIgniter.php(803): App\Controllers\Administration->index()
#1 /home/dinxstud/public_html/chandani/system/CodeIgniter.php(400): CodeIgniter\CodeIgniter->runController()
#2 /home/dinxstud/public_html/chandani/system/CodeIgniter.php(318): CodeIgniter\CodeIgniter->handleRequest()
#3 /home/dinxstud/public_html/chandani/public/index.php(38): CodeIgniter\CodeIgniter->run()
#4 {main}
CRITICAL - 2021-11-08 18:05:37 --> Class "App\Models\BaseController" not found
#0 /home/dinxstud/public_html/chandani/system/Router/Router.php(491): include_once()
#1 /home/dinxstud/public_html/chandani/system/Router/Router.php(160): CodeIgniter\Router\Router->autoRoute()
#2 /home/dinxstud/public_html/chandani/system/CodeIgniter.php(703): CodeIgniter\Router\Router->handle()
#3 /home/dinxstud/public_html/chandani/system/CodeIgniter.php(359): CodeIgniter\CodeIgniter->tryToRouteIt()
#4 /home/dinxstud/public_html/chandani/system/CodeIgniter.php(318): CodeIgniter\CodeIgniter->handleRequest()
#5 /home/dinxstud/public_html/chandani/public/index.php(38): CodeIgniter\CodeIgniter->run()
#6 {main}
CRITICAL - 2021-11-08 18:05:46 --> Class "App\Models\BaseController" not found
#0 /home/dinxstud/public_html/chandani/system/Router/Router.php(491): include_once()
#1 /home/dinxstud/public_html/chandani/system/Router/Router.php(160): CodeIgniter\Router\Router->autoRoute()
#2 /home/dinxstud/public_html/chandani/system/CodeIgniter.php(703): CodeIgniter\Router\Router->handle()
#3 /home/dinxstud/public_html/chandani/system/CodeIgniter.php(359): CodeIgniter\CodeIgniter->tryToRouteIt()
#4 /home/dinxstud/public_html/chandani/system/CodeIgniter.php(318): CodeIgniter\CodeIgniter->handleRequest()
#5 /home/dinxstud/public_html/chandani/public/index.php(38): CodeIgniter\CodeIgniter->run()
#6 {main}
CRITICAL - 2021-11-08 18:05:48 --> Class "App\Models\BaseController" not found
#0 /home/dinxstud/public_html/chandani/system/Router/Router.php(491): include_once()
#1 /home/dinxstud/public_html/chandani/system/Router/Router.php(160): CodeIgniter\Router\Router->autoRoute()
#2 /home/dinxstud/public_html/chandani/system/CodeIgniter.php(703): CodeIgniter\Router\Router->handle()
#3 /home/dinxstud/public_html/chandani/system/CodeIgniter.php(359): CodeIgniter\CodeIgniter->tryToRouteIt()
#4 /home/dinxstud/public_html/chandani/system/CodeIgniter.php(318): CodeIgniter\CodeIgniter->handleRequest()
#5 /home/dinxstud/public_html/chandani/public/index.php(38): CodeIgniter\CodeIgniter->run()
#6 {main}
CRITICAL - 2021-11-08 18:06:10 --> Class "App\Controllers\AdminModel" not found
#0 /home/dinxstud/public_html/chandani/system/CodeIgniter.php(803): App\Controllers\Administration->index()
#1 /home/dinxstud/public_html/chandani/system/CodeIgniter.php(400): CodeIgniter\CodeIgniter->runController()
#2 /home/dinxstud/public_html/chandani/system/CodeIgniter.php(318): CodeIgniter\CodeIgniter->handleRequest()
#3 /home/dinxstud/public_html/chandani/public/index.php(38): CodeIgniter\CodeIgniter->run()
#4 {main}
CRITICAL - 2021-11-08 18:08:12 --> Class "App\Controllers\AdminModel" not found
#0 /home/dinxstud/public_html/chandani/system/CodeIgniter.php(803): App\Controllers\Administration->index()
#1 /home/dinxstud/public_html/chandani/system/CodeIgniter.php(400): CodeIgniter\CodeIgniter->runController()
#2 /home/dinxstud/public_html/chandani/system/CodeIgniter.php(318): CodeIgniter\CodeIgniter->handleRequest()
#3 /home/dinxstud/public_html/chandani/public/index.php(38): CodeIgniter\CodeIgniter->run()
#4 {main}
CRITICAL - 2021-11-08 18:09:12 --> Class "App\Controllers\AdminModel" not found
#0 /home/dinxstud/public_html/chandani/system/CodeIgniter.php(803): App\Controllers\Administration->index()
#1 /home/dinxstud/public_html/chandani/system/CodeIgniter.php(400): CodeIgniter\CodeIgniter->runController()
#2 /home/dinxstud/public_html/chandani/system/CodeIgniter.php(318): CodeIgniter\CodeIgniter->handleRequest()
#3 /home/dinxstud/public_html/chandani/public/index.php(38): CodeIgniter\CodeIgniter->run()
#4 {main}
CRITICAL - 2021-11-08 18:15:26 --> Class "App\Models\CI_Model" not found
#0 /home/dinxstud/public_html/chandani/system/Autoloader/Autoloader.php(264): include_once()
#1 /home/dinxstud/public_html/chandani/system/Autoloader/Autoloader.php(241): CodeIgniter\Autoloader\Autoloader->includeFile()
#2 /home/dinxstud/public_html/chandani/system/Autoloader/Autoloader.php(219): CodeIgniter\Autoloader\Autoloader->loadInNamespace()
#3 [internal function]: CodeIgniter\Autoloader\Autoloader->loadClass()
#4 /home/dinxstud/public_html/chandani/system/Config/Factories.php(136): class_exists()
#5 /home/dinxstud/public_html/chandani/system/Config/Factories.php(106): CodeIgniter\Config\Factories::locateClass()
#6 /home/dinxstud/public_html/chandani/system/Common.php(776): CodeIgniter\Config\Factories::__callStatic()
#7 /home/dinxstud/public_html/chandani/app/Controllers/Administration.php(10): model()
#8 /home/dinxstud/public_html/chandani/system/CodeIgniter.php(803): App\Controllers\Administration->index()
#9 /home/dinxstud/public_html/chandani/system/CodeIgniter.php(400): CodeIgniter\CodeIgniter->runController()
#10 /home/dinxstud/public_html/chandani/system/CodeIgniter.php(318): CodeIgniter\CodeIgniter->handleRequest()
#11 /home/dinxstud/public_html/chandani/public/index.php(38): CodeIgniter\CodeIgniter->run()
#12 {main}
CRITICAL - 2021-11-08 18:15:59 --> Class "App\Models\CI_Model" not found
#0 /home/dinxstud/public_html/chandani/system/Autoloader/Autoloader.php(264): include_once()
#1 /home/dinxstud/public_html/chandani/system/Autoloader/Autoloader.php(241): CodeIgniter\Autoloader\Autoloader->includeFile()
#2 /home/dinxstud/public_html/chandani/system/Autoloader/Autoloader.php(219): CodeIgniter\Autoloader\Autoloader->loadInNamespace()
#3 [internal function]: CodeIgniter\Autoloader\Autoloader->loadClass()
#4 /home/dinxstud/public_html/chandani/system/Config/Factories.php(136): class_exists()
#5 /home/dinxstud/public_html/chandani/system/Config/Factories.php(106): CodeIgniter\Config\Factories::locateClass()
#6 /home/dinxstud/public_html/chandani/system/Common.php(776): CodeIgniter\Config\Factories::__callStatic()
#7 /home/dinxstud/public_html/chandani/app/Controllers/Administration.php(10): model()
#8 /home/dinxstud/public_html/chandani/system/CodeIgniter.php(803): App\Controllers\Administration->index()
#9 /home/dinxstud/public_html/chandani/system/CodeIgniter.php(400): CodeIgniter\CodeIgniter->runController()
#10 /home/dinxstud/public_html/chandani/system/CodeIgniter.php(318): CodeIgniter\CodeIgniter->handleRequest()
#11 /home/dinxstud/public_html/chandani/public/index.php(38): CodeIgniter\CodeIgniter->run()
#12 {main}
CRITICAL - 2021-11-08 18:16:08 --> Class "App\Models\CI_Model" not found
#0 /home/dinxstud/public_html/chandani/system/Autoloader/Autoloader.php(264): include_once()
#1 /home/dinxstud/public_html/chandani/system/Autoloader/Autoloader.php(241): CodeIgniter\Autoloader\Autoloader->includeFile()
#2 /home/dinxstud/public_html/chandani/system/Autoloader/Autoloader.php(219): CodeIgniter\Autoloader\Autoloader->loadInNamespace()
#3 [internal function]: CodeIgniter\Autoloader\Autoloader->loadClass()
#4 /home/dinxstud/public_html/chandani/system/Config/Factories.php(136): class_exists()
#5 /home/dinxstud/public_html/chandani/system/Config/Factories.php(106): CodeIgniter\Config\Factories::locateClass()
#6 /home/dinxstud/public_html/chandani/system/Common.php(776): CodeIgniter\Config\Factories::__callStatic()
#7 /home/dinxstud/public_html/chandani/app/Controllers/Administration.php(9): model()
#8 /home/dinxstud/public_html/chandani/system/CodeIgniter.php(803): App\Controllers\Administration->index()
#9 /home/dinxstud/public_html/chandani/system/CodeIgniter.php(400): CodeIgniter\CodeIgniter->runController()
#10 /home/dinxstud/public_html/chandani/system/CodeIgniter.php(318): CodeIgniter\CodeIgniter->handleRequest()
#11 /home/dinxstud/public_html/chandani/public/index.php(38): CodeIgniter\CodeIgniter->run()
#12 {main}
CRITICAL - 2021-11-08 18:17:28 --> Class "CI_Model" not found
#0 /home/dinxstud/public_html/chandani/system/Autoloader/Autoloader.php(264): include_once()
#1 /home/dinxstud/public_html/chandani/system/Autoloader/Autoloader.php(241): CodeIgniter\Autoloader\Autoloader->includeFile()
#2 /home/dinxstud/public_html/chandani/system/Autoloader/Autoloader.php(219): CodeIgniter\Autoloader\Autoloader->loadInNamespace()
#3 [internal function]: CodeIgniter\Autoloader\Autoloader->loadClass()
#4 /home/dinxstud/public_html/chandani/system/Config/Factories.php(136): class_exists()
#5 /home/dinxstud/public_html/chandani/system/Config/Factories.php(106): CodeIgniter\Config\Factories::locateClass()
#6 /home/dinxstud/public_html/chandani/system/Common.php(776): CodeIgniter\Config\Factories::__callStatic()
#7 /home/dinxstud/public_html/chandani/app/Controllers/Administration.php(9): model()
#8 /home/dinxstud/public_html/chandani/system/CodeIgniter.php(803): App\Controllers\Administration->index()
#9 /home/dinxstud/public_html/chandani/system/CodeIgniter.php(400): CodeIgniter\CodeIgniter->runController()
#10 /home/dinxstud/public_html/chandani/system/CodeIgniter.php(318): CodeIgniter\CodeIgniter->handleRequest()
#11 /home/dinxstud/public_html/chandani/public/index.php(38): CodeIgniter\CodeIgniter->run()
#12 {main}
CRITICAL - 2021-11-08 18:18:08 --> Class "App\Models\CI_Model" not found
#0 /home/dinxstud/public_html/chandani/system/Autoloader/Autoloader.php(264): include_once()
#1 /home/dinxstud/public_html/chandani/system/Autoloader/Autoloader.php(241): CodeIgniter\Autoloader\Autoloader->includeFile()
#2 /home/dinxstud/public_html/chandani/system/Autoloader/Autoloader.php(219): CodeIgniter\Autoloader\Autoloader->loadInNamespace()
#3 [internal function]: CodeIgniter\Autoloader\Autoloader->loadClass()
#4 /home/dinxstud/public_html/chandani/system/Config/Factories.php(136): class_exists()
#5 /home/dinxstud/public_html/chandani/system/Config/Factories.php(106): CodeIgniter\Config\Factories::locateClass()
#6 /home/dinxstud/public_html/chandani/system/Common.php(776): CodeIgniter\Config\Factories::__callStatic()
#7 /home/dinxstud/public_html/chandani/app/Controllers/Administration.php(9): model()
#8 /home/dinxstud/public_html/chandani/system/CodeIgniter.php(803): App\Controllers\Administration->index()
#9 /home/dinxstud/public_html/chandani/system/CodeIgniter.php(400): CodeIgniter\CodeIgniter->runController()
#10 /home/dinxstud/public_html/chandani/system/CodeIgniter.php(318): CodeIgniter\CodeIgniter->handleRequest()
#11 /home/dinxstud/public_html/chandani/public/index.php(38): CodeIgniter\CodeIgniter->run()
#12 {main}
CRITICAL - 2021-11-08 18:18:09 --> Class "App\Models\CI_Model" not found
#0 /home/dinxstud/public_html/chandani/system/Autoloader/Autoloader.php(264): include_once()
#1 /home/dinxstud/public_html/chandani/system/Autoloader/Autoloader.php(241): CodeIgniter\Autoloader\Autoloader->includeFile()
#2 /home/dinxstud/public_html/chandani/system/Autoloader/Autoloader.php(219): CodeIgniter\Autoloader\Autoloader->loadInNamespace()
#3 [internal function]: CodeIgniter\Autoloader\Autoloader->loadClass()
#4 /home/dinxstud/public_html/chandani/system/Config/Factories.php(136): class_exists()
#5 /home/dinxstud/public_html/chandani/system/Config/Factories.php(106): CodeIgniter\Config\Factories::locateClass()
#6 /home/dinxstud/public_html/chandani/system/Common.php(776): CodeIgniter\Config\Factories::__callStatic()
#7 /home/dinxstud/public_html/chandani/app/Controllers/Administration.php(9): model()
#8 /home/dinxstud/public_html/chandani/system/CodeIgniter.php(803): App\Controllers\Administration->index()
#9 /home/dinxstud/public_html/chandani/system/CodeIgniter.php(400): CodeIgniter\CodeIgniter->runController()
#10 /home/dinxstud/public_html/chandani/system/CodeIgniter.php(318): CodeIgniter\CodeIgniter->handleRequest()
#11 /home/dinxstud/public_html/chandani/public/index.php(38): CodeIgniter\CodeIgniter->run()
#12 {main}
CRITICAL - 2021-11-08 18:18:16 --> Class "App\Models\CI_Model" not found
#0 /home/dinxstud/public_html/chandani/system/Autoloader/Autoloader.php(264): include_once()
#1 /home/dinxstud/public_html/chandani/system/Autoloader/Autoloader.php(241): CodeIgniter\Autoloader\Autoloader->includeFile()
#2 /home/dinxstud/public_html/chandani/system/Autoloader/Autoloader.php(219): CodeIgniter\Autoloader\Autoloader->loadInNamespace()
#3 [internal function]: CodeIgniter\Autoloader\Autoloader->loadClass()
#4 /home/dinxstud/public_html/chandani/system/Config/Factories.php(136): class_exists()
#5 /home/dinxstud/public_html/chandani/system/Config/Factories.php(106): CodeIgniter\Config\Factories::locateClass()
#6 /home/dinxstud/public_html/chandani/system/Common.php(776): CodeIgniter\Config\Factories::__callStatic()
#7 /home/dinxstud/public_html/chandani/app/Controllers/Administration.php(9): model()
#8 /home/dinxstud/public_html/chandani/system/CodeIgniter.php(803): App\Controllers\Administration->index()
#9 /home/dinxstud/public_html/chandani/system/CodeIgniter.php(400): CodeIgniter\CodeIgniter->runController()
#10 /home/dinxstud/public_html/chandani/system/CodeIgniter.php(318): CodeIgniter\CodeIgniter->handleRequest()
#11 /home/dinxstud/public_html/chandani/public/index.php(38): CodeIgniter\CodeIgniter->run()
#12 {main}
CRITICAL - 2021-11-08 18:18:17 --> Class "App\Models\CI_Model" not found
#0 /home/dinxstud/public_html/chandani/system/Autoloader/Autoloader.php(264): include_once()
#1 /home/dinxstud/public_html/chandani/system/Autoloader/Autoloader.php(241): CodeIgniter\Autoloader\Autoloader->includeFile()
#2 /home/dinxstud/public_html/chandani/system/Autoloader/Autoloader.php(219): CodeIgniter\Autoloader\Autoloader->loadInNamespace()
#3 [internal function]: CodeIgniter\Autoloader\Autoloader->loadClass()
#4 /home/dinxstud/public_html/chandani/system/Config/Factories.php(136): class_exists()
#5 /home/dinxstud/public_html/chandani/system/Config/Factories.php(106): CodeIgniter\Config\Factories::locateClass()
#6 /home/dinxstud/public_html/chandani/system/Common.php(776): CodeIgniter\Config\Factories::__callStatic()
#7 /home/dinxstud/public_html/chandani/app/Controllers/Administration.php(9): model()
#8 /home/dinxstud/public_html/chandani/system/CodeIgniter.php(803): App\Controllers\Administration->index()
#9 /home/dinxstud/public_html/chandani/system/CodeIgniter.php(400): CodeIgniter\CodeIgniter->runController()
#10 /home/dinxstud/public_html/chandani/system/CodeIgniter.php(318): CodeIgniter\CodeIgniter->handleRequest()
#11 /home/dinxstud/public_html/chandani/public/index.php(38): CodeIgniter\CodeIgniter->run()
#12 {main}
ERROR - 2021-11-08 18:29:05 --> Unknown column 'tblcompanies.deleted_at' in 'where clause'
CRITICAL - 2021-11-08 18:29:05 --> Unknown column 'tblcompanies.deleted_at' in 'where clause'
#0 /home/dinxstud/public_html/chandani/system/Database/MySQLi/Connection.php(280): mysqli->query()
#1 /home/dinxstud/public_html/chandani/system/Database/BaseConnection.php(663): CodeIgniter\Database\MySQLi\Connection->execute()
#2 /home/dinxstud/public_html/chandani/system/Database/BaseConnection.php(591): CodeIgniter\Database\BaseConnection->simpleQuery()
#3 /home/dinxstud/public_html/chandani/system/Database/BaseBuilder.php(1428): CodeIgniter\Database\BaseConnection->query()
#4 /home/dinxstud/public_html/chandani/system/Model.php(142): CodeIgniter\Database\BaseBuilder->get()
#5 /home/dinxstud/public_html/chandani/system/BaseModel.php(523): CodeIgniter\Model->doFind()
#6 /home/dinxstud/public_html/chandani/app/Controllers/Administration.php(14): CodeIgniter\BaseModel->find()
#7 /home/dinxstud/public_html/chandani/system/CodeIgniter.php(803): App\Controllers\Administration->index()
#8 /home/dinxstud/public_html/chandani/system/CodeIgniter.php(400): CodeIgniter\CodeIgniter->runController()
#9 /home/dinxstud/public_html/chandani/system/CodeIgniter.php(318): CodeIgniter\CodeIgniter->handleRequest()
#10 /home/dinxstud/public_html/chandani/public/index.php(38): CodeIgniter\CodeIgniter->run()
#11 {main}
CRITICAL - 2021-11-08 19:28:48 --> Call to undefined function form_open()
#0 /home/dinxstud/public_html/chandani/system/View/View.php(214): include()
#1 /home/dinxstud/public_html/chandani/system/View/View.php(217): CodeIgniter\View\View->CodeIgniter\View\{closure}()
#2 /home/dinxstud/public_html/chandani/system/Common.php(1092): CodeIgniter\View\View->render()
#3 /home/dinxstud/public_html/chandani/app/Controllers/Administration.php(19): view()
#4 /home/dinxstud/public_html/chandani/system/CodeIgniter.php(803): App\Controllers\Administration->index()
#5 /home/dinxstud/public_html/chandani/system/CodeIgniter.php(400): CodeIgniter\CodeIgniter->runController()
#6 /home/dinxstud/public_html/chandani/system/CodeIgniter.php(318): CodeIgniter\CodeIgniter->handleRequest()
#7 /home/dinxstud/public_html/chandani/public/index.php(38): CodeIgniter\CodeIgniter->run()
#8 {main}
CRITICAL - 2021-11-08 19:29:25 --> Call to undefined function form_open()
#0 /home/dinxstud/public_html/chandani/system/View/View.php(214): include()
#1 /home/dinxstud/public_html/chandani/system/View/View.php(217): CodeIgniter\View\View->CodeIgniter\View\{closure}()
#2 /home/dinxstud/public_html/chandani/system/Common.php(1092): CodeIgniter\View\View->render()
#3 /home/dinxstud/public_html/chandani/app/Controllers/Administration.php(19): view()
#4 /home/dinxstud/public_html/chandani/system/CodeIgniter.php(803): App\Controllers\Administration->index()
#5 /home/dinxstud/public_html/chandani/system/CodeIgniter.php(400): CodeIgniter\CodeIgniter->runController()
#6 /home/dinxstud/public_html/chandani/system/CodeIgniter.php(318): CodeIgniter\CodeIgniter->handleRequest()
#7 /home/dinxstud/public_html/chandani/public/index.php(38): CodeIgniter\CodeIgniter->run()
#8 {main}
CRITICAL - 2021-11-08 19:29:27 --> Call to undefined function form_open()
#0 /home/dinxstud/public_html/chandani/system/View/View.php(214): include()
#1 /home/dinxstud/public_html/chandani/system/View/View.php(217): CodeIgniter\View\View->CodeIgniter\View\{closure}()
#2 /home/dinxstud/public_html/chandani/system/Common.php(1092): CodeIgniter\View\View->render()
#3 /home/dinxstud/public_html/chandani/app/Controllers/Administration.php(19): view()
#4 /home/dinxstud/public_html/chandani/system/CodeIgniter.php(803): App\Controllers\Administration->index()
#5 /home/dinxstud/public_html/chandani/system/CodeIgniter.php(400): CodeIgniter\CodeIgniter->runController()
#6 /home/dinxstud/public_html/chandani/system/CodeIgniter.php(318): CodeIgniter\CodeIgniter->handleRequest()
#7 /home/dinxstud/public_html/chandani/public/index.php(38): CodeIgniter\CodeIgniter->run()
#8 {main}
CRITICAL - 2021-11-08 19:52:12 --> Undefined property: App\Controllers\Administration::$input
#0 /home/dinxstud/public_html/chandani/app/Controllers/Administration.php(10): CodeIgniter\Debug\Exceptions->errorHandler()
#1 /home/dinxstud/public_html/chandani/system/CodeIgniter.php(803): App\Controllers\Administration->index()
#2 /home/dinxstud/public_html/chandani/system/CodeIgniter.php(400): CodeIgniter\CodeIgniter->runController()
#3 /home/dinxstud/public_html/chandani/system/CodeIgniter.php(318): CodeIgniter\CodeIgniter->handleRequest()
#4 /home/dinxstud/public_html/chandani/public/index.php(38): CodeIgniter\CodeIgniter->run()
#5 {main}
CRITICAL - 2021-11-08 19:57:18 --> Call to undefined function img()
#0 /home/dinxstud/public_html/chandani/system/View/View.php(214): include()
#1 /home/dinxstud/public_html/chandani/system/View/View.php(217): CodeIgniter\View\View->CodeIgniter\View\{closure}()
#2 /home/dinxstud/public_html/chandani/system/Common.php(1092): CodeIgniter\View\View->render()
#3 /home/dinxstud/public_html/chandani/app/Controllers/Administration.php(20): view()
#4 /home/dinxstud/public_html/chandani/system/CodeIgniter.php(803): App\Controllers\Administration->index()
#5 /home/dinxstud/public_html/chandani/system/CodeIgniter.php(400): CodeIgniter\CodeIgniter->runController()
#6 /home/dinxstud/public_html/chandani/system/CodeIgniter.php(318): CodeIgniter\CodeIgniter->handleRequest()
#7 /home/dinxstud/public_html/chandani/public/index.php(38): CodeIgniter\CodeIgniter->run()
#8 {main}
