CRITICAL - 2022-08-31 14:04:34 --> Too few arguments to function App\Libraries\GCalendar::__construct(), 0 passed in /home/dinxstud/public_html/chandani/app/Controllers/Events.php on line 13 and exactly 1 expected
#0 /home/dinxstud/public_html/chandani/app/Controllers/Events.php(13): App\Libraries\GCalendar->__construct()
#1 /home/dinxstud/public_html/chandani/system/CodeIgniter.php(803): App\Controllers\Events->new()
#2 /home/dinxstud/public_html/chandani/system/CodeIgniter.php(400): CodeIgniter\CodeIgniter->runController()
#3 /home/dinxstud/public_html/chandani/system/CodeIgniter.php(318): CodeIgniter\CodeIgniter->handleRequest()
#4 /home/dinxstud/public_html/chandani/public/index.php(38): CodeIgniter\CodeIgniter->run()
#5 {main}
CRITICAL - 2022-08-31 14:06:57 --> Call to undefined method App\Libraries\GCalendar::isAuthenticated()
#0 /home/dinxstud/public_html/chandani/system/CodeIgniter.php(803): App\Controllers\Events->new()
#1 /home/dinxstud/public_html/chandani/system/CodeIgniter.php(400): CodeIgniter\CodeIgniter->runController()
#2 /home/dinxstud/public_html/chandani/system/CodeIgniter.php(318): CodeIgniter\CodeIgniter->handleRequest()
#3 /home/dinxstud/public_html/chandani/public/index.php(38): CodeIgniter\CodeIgniter->run()
#4 {main}
CRITICAL - 2022-08-31 14:10:51 --> Call to undefined method App\Libraries\GCalendar::isAuthenticated()
#0 /home/dinxstud/public_html/chandani/system/CodeIgniter.php(803): App\Controllers\Events->new()
#1 /home/dinxstud/public_html/chandani/system/CodeIgniter.php(400): CodeIgniter\CodeIgniter->runController()
#2 /home/dinxstud/public_html/chandani/system/CodeIgniter.php(318): CodeIgniter\CodeIgniter->handleRequest()
#3 /home/dinxstud/public_html/chandani/public/index.php(38): CodeIgniter\CodeIgniter->run()
#4 {main}
CRITICAL - 2022-08-31 14:14:41 --> Call to undefined method App\Libraries\GCalendar::isAuthenticated()
#0 /home/dinxstud/public_html/chandani/system/CodeIgniter.php(803): App\Controllers\Events->new()
#1 /home/dinxstud/public_html/chandani/system/CodeIgniter.php(400): CodeIgniter\CodeIgniter->runController()
#2 /home/dinxstud/public_html/chandani/system/CodeIgniter.php(318): CodeIgniter\CodeIgniter->handleRequest()
#3 /home/dinxstud/public_html/chandani/public/index.php(38): CodeIgniter\CodeIgniter->run()
#4 {main}
CRITICAL - 2022-08-31 14:17:10 --> Required parameter $details follows optional parameter $quick
#0 /home/dinxstud/public_html/chandani/system/Autoloader/Autoloader.php(264): CodeIgniter\Debug\Exceptions->errorHandler()
#1 /home/dinxstud/public_html/chandani/system/Autoloader/Autoloader.php(264): include_once()
#2 /home/dinxstud/public_html/chandani/system/Autoloader/Autoloader.php(241): CodeIgniter\Autoloader\Autoloader->includeFile()
#3 /home/dinxstud/public_html/chandani/system/Autoloader/Autoloader.php(219): CodeIgniter\Autoloader\Autoloader->loadInNamespace()
#4 /home/dinxstud/public_html/chandani/app/Controllers/Events.php(13): CodeIgniter\Autoloader\Autoloader->loadClass()
#5 /home/dinxstud/public_html/chandani/system/CodeIgniter.php(803): App\Controllers\Events->new()
#6 /home/dinxstud/public_html/chandani/system/CodeIgniter.php(400): CodeIgniter\CodeIgniter->runController()
#7 /home/dinxstud/public_html/chandani/system/CodeIgniter.php(318): CodeIgniter\CodeIgniter->handleRequest()
#8 /home/dinxstud/public_html/chandani/public/index.php(38): CodeIgniter\CodeIgniter->run()
#9 {main}
CRITICAL - 2022-08-31 14:20:09 --> Required parameter $details follows optional parameter $quick
#0 /home/dinxstud/public_html/chandani/system/Autoloader/Autoloader.php(264): CodeIgniter\Debug\Exceptions->errorHandler()
#1 /home/dinxstud/public_html/chandani/system/Autoloader/Autoloader.php(264): include_once()
#2 /home/dinxstud/public_html/chandani/system/Autoloader/Autoloader.php(241): CodeIgniter\Autoloader\Autoloader->includeFile()
#3 /home/dinxstud/public_html/chandani/system/Autoloader/Autoloader.php(219): CodeIgniter\Autoloader\Autoloader->loadInNamespace()
#4 /home/dinxstud/public_html/chandani/app/Controllers/Events.php(13): CodeIgniter\Autoloader\Autoloader->loadClass()
#5 /home/dinxstud/public_html/chandani/system/CodeIgniter.php(803): App\Controllers\Events->new()
#6 /home/dinxstud/public_html/chandani/system/CodeIgniter.php(400): CodeIgniter\CodeIgniter->runController()
#7 /home/dinxstud/public_html/chandani/system/CodeIgniter.php(318): CodeIgniter\CodeIgniter->handleRequest()
#8 /home/dinxstud/public_html/chandani/public/index.php(38): CodeIgniter\CodeIgniter->run()
#9 {main}
CRITICAL - 2022-08-31 14:29:31 --> Class "App\Controllers\GCalendar" not found
#0 /home/dinxstud/public_html/chandani/system/CodeIgniter.php(803): App\Controllers\Events->new()
#1 /home/dinxstud/public_html/chandani/system/CodeIgniter.php(400): CodeIgniter\CodeIgniter->runController()
#2 /home/dinxstud/public_html/chandani/system/CodeIgniter.php(318): CodeIgniter\CodeIgniter->handleRequest()
#3 /home/dinxstud/public_html/chandani/public/index.php(38): CodeIgniter\CodeIgniter->run()
#4 {main}
CRITICAL - 2022-08-31 14:29:49 --> Required parameter $details follows optional parameter $quick
#0 /home/dinxstud/public_html/chandani/system/Autoloader/Autoloader.php(264): CodeIgniter\Debug\Exceptions->errorHandler()
#1 /home/dinxstud/public_html/chandani/system/Autoloader/Autoloader.php(264): include_once()
#2 /home/dinxstud/public_html/chandani/system/Autoloader/Autoloader.php(241): CodeIgniter\Autoloader\Autoloader->includeFile()
#3 /home/dinxstud/public_html/chandani/system/Autoloader/Autoloader.php(219): CodeIgniter\Autoloader\Autoloader->loadInNamespace()
#4 /home/dinxstud/public_html/chandani/app/Controllers/Events.php(13): CodeIgniter\Autoloader\Autoloader->loadClass()
#5 /home/dinxstud/public_html/chandani/system/CodeIgniter.php(803): App\Controllers\Events->new()
#6 /home/dinxstud/public_html/chandani/system/CodeIgniter.php(400): CodeIgniter\CodeIgniter->runController()
#7 /home/dinxstud/public_html/chandani/system/CodeIgniter.php(318): CodeIgniter\CodeIgniter->handleRequest()
#8 /home/dinxstud/public_html/chandani/public/index.php(38): CodeIgniter\CodeIgniter->run()
#9 {main}
CRITICAL - 2022-08-31 14:43:11 --> Required parameter $details follows optional parameter $quick
#0 /home/dinxstud/public_html/chandani/system/Autoloader/Autoloader.php(264): CodeIgniter\Debug\Exceptions->errorHandler()
#1 /home/dinxstud/public_html/chandani/system/Autoloader/Autoloader.php(264): include_once()
#2 /home/dinxstud/public_html/chandani/system/Autoloader/Autoloader.php(241): CodeIgniter\Autoloader\Autoloader->includeFile()
#3 /home/dinxstud/public_html/chandani/system/Autoloader/Autoloader.php(219): CodeIgniter\Autoloader\Autoloader->loadInNamespace()
#4 /home/dinxstud/public_html/chandani/app/Controllers/Events.php(39): CodeIgniter\Autoloader\Autoloader->loadClass()
#5 /home/dinxstud/public_html/chandani/system/CodeIgniter.php(803): App\Controllers\Events->new()
#6 /home/dinxstud/public_html/chandani/system/CodeIgniter.php(400): CodeIgniter\CodeIgniter->runController()
#7 /home/dinxstud/public_html/chandani/system/CodeIgniter.php(318): CodeIgniter\CodeIgniter->handleRequest()
#8 /home/dinxstud/public_html/chandani/public/index.php(38): CodeIgniter\CodeIgniter->run()
#9 {main}
CRITICAL - 2022-08-31 14:46:51 --> Required parameter $details follows optional parameter $quick
#0 /home/dinxstud/public_html/chandani/system/Autoloader/Autoloader.php(264): CodeIgniter\Debug\Exceptions->errorHandler()
#1 /home/dinxstud/public_html/chandani/system/Autoloader/Autoloader.php(264): include_once()
#2 /home/dinxstud/public_html/chandani/system/Autoloader/Autoloader.php(241): CodeIgniter\Autoloader\Autoloader->includeFile()
#3 /home/dinxstud/public_html/chandani/system/Autoloader/Autoloader.php(219): CodeIgniter\Autoloader\Autoloader->loadInNamespace()
#4 /home/dinxstud/public_html/chandani/app/Controllers/Events.php(40): CodeIgniter\Autoloader\Autoloader->loadClass()
#5 /home/dinxstud/public_html/chandani/system/CodeIgniter.php(803): App\Controllers\Events->new()
#6 /home/dinxstud/public_html/chandani/system/CodeIgniter.php(400): CodeIgniter\CodeIgniter->runController()
#7 /home/dinxstud/public_html/chandani/system/CodeIgniter.php(318): CodeIgniter\CodeIgniter->handleRequest()
#8 /home/dinxstud/public_html/chandani/public/index.php(38): CodeIgniter\CodeIgniter->run()
#9 {main}
CRITICAL - 2022-08-31 14:49:14 --> Required parameter $details follows optional parameter $quick
#0 /home/dinxstud/public_html/chandani/system/Autoloader/Autoloader.php(264): CodeIgniter\Debug\Exceptions->errorHandler()
#1 /home/dinxstud/public_html/chandani/system/Autoloader/Autoloader.php(264): include_once()
#2 /home/dinxstud/public_html/chandani/system/Autoloader/Autoloader.php(241): CodeIgniter\Autoloader\Autoloader->includeFile()
#3 /home/dinxstud/public_html/chandani/system/Autoloader/Autoloader.php(219): CodeIgniter\Autoloader\Autoloader->loadInNamespace()
#4 /home/dinxstud/public_html/chandani/app/Controllers/Events.php(40): CodeIgniter\Autoloader\Autoloader->loadClass()
#5 /home/dinxstud/public_html/chandani/system/CodeIgniter.php(803): App\Controllers\Events->new()
#6 /home/dinxstud/public_html/chandani/system/CodeIgniter.php(400): CodeIgniter\CodeIgniter->runController()
#7 /home/dinxstud/public_html/chandani/system/CodeIgniter.php(318): CodeIgniter\CodeIgniter->handleRequest()
#8 /home/dinxstud/public_html/chandani/public/index.php(38): CodeIgniter\CodeIgniter->run()
#9 {main}
CRITICAL - 2022-08-31 14:49:56 --> Required parameter $details follows optional parameter $quick
#0 /home/dinxstud/public_html/chandani/system/Autoloader/Autoloader.php(264): CodeIgniter\Debug\Exceptions->errorHandler()
#1 /home/dinxstud/public_html/chandani/system/Autoloader/Autoloader.php(264): include_once()
#2 /home/dinxstud/public_html/chandani/system/Autoloader/Autoloader.php(241): CodeIgniter\Autoloader\Autoloader->includeFile()
#3 /home/dinxstud/public_html/chandani/system/Autoloader/Autoloader.php(219): CodeIgniter\Autoloader\Autoloader->loadInNamespace()
#4 /home/dinxstud/public_html/chandani/app/Controllers/Events.php(40): CodeIgniter\Autoloader\Autoloader->loadClass()
#5 /home/dinxstud/public_html/chandani/system/CodeIgniter.php(803): App\Controllers\Events->new()
#6 /home/dinxstud/public_html/chandani/system/CodeIgniter.php(400): CodeIgniter\CodeIgniter->runController()
#7 /home/dinxstud/public_html/chandani/system/CodeIgniter.php(318): CodeIgniter\CodeIgniter->handleRequest()
#8 /home/dinxstud/public_html/chandani/public/index.php(38): CodeIgniter\CodeIgniter->run()
#9 {main}
CRITICAL - 2022-08-31 22:25:46 --> Undefined property: App\Libraries\GCalendar1::$authenticate
#0 /home/dinxstud/public_html/chandani/app/Libraries/GCalendar1.php(119): CodeIgniter\Debug\Exceptions->errorHandler()
#1 /home/dinxstud/public_html/chandani/app/Controllers/Events.php(41): App\Libraries\GCalendar1->isAuthenticated()
#2 /home/dinxstud/public_html/chandani/system/CodeIgniter.php(803): App\Controllers\Events->new()
#3 /home/dinxstud/public_html/chandani/system/CodeIgniter.php(400): CodeIgniter\CodeIgniter->runController()
#4 /home/dinxstud/public_html/chandani/system/CodeIgniter.php(318): CodeIgniter\CodeIgniter->handleRequest()
#5 /home/dinxstud/public_html/chandani/public/index.php(38): CodeIgniter\CodeIgniter->run()
#6 {main}
